3.166945471723632277e-01 1.163666237973504658e-01
1.023820513041644592e-01 9.627701580110523127e-02
9.025022772526959669e-02 8.812296856194734573e-02
8.395450821191799418e-02 8.573725322882334854e-02
8.013469429414082912e-02 8.478953534116347168e-02
7.721407712641649435e-02 8.383012594034273957e-02
7.527478050622271599e-02 8.283683968087036942e-02
7.380734887201248484e-02 8.152791619714763738e-02
7.291065201890177538e-02 8.041888992819520854e-02
7.145966974473218214e-02 7.908890686101383016e-02
7.056425565217690210e-02 7.811372147666083288e-02
6.973228548517132475e-02 7.723805411822265432e-02
6.901759867238380086e-02 7.564895299987660360e-02
6.915795402147056903e-02 7.597668551736408427e-02
6.857627659195625336e-02 7.614145821167363215e-02
6.798562670989734269e-02 7.569124404754903890e-02
6.730039919749265798e-02 7.496481678552097128e-02
6.663897236604697516e-02 7.411185155312220718e-02
6.622884030703728164e-02 7.369691816469033097e-02
6.537488203995474312e-02 7.258593280696207239e-02
6.464807923156314085e-02 7.208362666683064413e-02
6.349599357444520031e-02 7.068664114922285080e-02
6.242824290742779447e-02 7.006110002597172592e-02
6.131632662400966771e-02 6.880209998538096283e-02
5.998823846258768272e-02 6.718641664418908976e-02
5.838845289743891526e-02 6.515785461912552978e-02
5.636949846861747521e-02 6.733024844692812871e-02
5.456941782087996323e-02 6.374043764339552831e-02
5.268919066435134857e-02 6.269250209960672282e-02
5.103046489629622234e-02 6.249393895268440247e-02
4.961360371444464845e-02 6.110914486149946617e-02
4.845601060177858604e-02 6.065550549990601087e-02
4.727858560523245240e-02 6.033284672432475543e-02
4.617669021074728014e-02 6.035911395317978406e-02
4.499606147590207161e-02 6.032298608786530042e-02
4.396282407318855001e-02 6.115212177650795888e-02
4.342809004322966543e-02 6.117136253871851420e-02
4.227701843738919385e-02 6.128681016465028358e-02
4.147980177048139760e-02 6.218660012301471807e-02
4.051362715161791611e-02 6.480690666163961555e-02
3.931848639508754573e-02 6.481281709339883901e-02
3.874973025422815548e-02 6.690432876348495483e-02
3.840414680563276895e-02 6.806652325515945290e-02
3.725331870089398922e-02 7.330740279414588167e-02
3.658109279235870204e-02 7.317592721018525981e-02
3.577674433543551191e-02 7.503247700838579226e-02
3.533758065186259206e-02 7.678464841511514760e-02
3.438047359402223585e-02 7.860897476267483808e-02
3.397742760787922367e-02 7.677988221661911916e-02
3.304245473430832830e-02 8.318966849603587344e-02
3.260541597108652240e-02 7.684060563850733661e-02
3.210566220407533311e-02 8.688096846971246623e-02
3.197250803137516306e-02 7.062388071790337563e-02
3.253396039987664634e-02 7.392089456940691139e-02
3.216031672171794364e-02 8.099825473295317602e-02
3.203956433003995324e-02 7.210385726971758891e-02
3.152055737403471058e-02 8.737498946073982142e-02
3.071968505590608883e-02 8.844964490789505862e-02
3.041194401760926452e-02 9.620134253054857254e-02
2.963155655690082740e-02 1.015667333785030546e-01
2.924100564304375760e-02 9.715162978197137977e-02
2.899612990071679178e-02 1.026267292391922770e-01
2.985796706591982777e-02 8.773746382859018422e-02
2.942445459094171142e-02 7.817639167317086413e-02
2.894026623675372695e-02 8.754659475137789582e-02
2.879455963308672969e-02 7.381159351724717044e-02
2.822415772882267554e-02 7.467098658283551071e-02
2.780416798948242077e-02 1.058781902409262066e-01
2.790983270842400249e-02 1.130051366053521633e-01
2.802486963024953398e-02 8.369289095410042956e-02
2.780558730521034971e-02 9.922364752532707166e-02
2.771842622527534786e-02 7.783931555847327377e-02
2.672889556667608357e-02 7.749461667198273562e-02
2.605905045652989055e-02 7.936036193536387395e-02
2.566464199321117495e-02 7.998664227003852989e-02
2.522846576814517100e-02 8.929391603709922742e-02
2.533820379105192200e-02 8.346736715692612552e-02
2.519808168148213179e-02 6.784447639559705590e-02
2.526726219064851300e-02 8.217472867626282595e-02
2.471089129699621106e-02 6.109575601294636726e-02
2.450723137717875783e-02 5.955571034509274386e-02
2.437700002408790811e-02 6.346980761736631393e-02
2.416111288376425123e-02 8.038402234928475332e-02
2.454849774665312720e-02 8.553175333266456459e-02
2.386630599091692576e-02 9.274091535351342008e-02
2.325687096908506807e-02 8.222335023391577624e-02
2.303985944699223423e-02 7.415530380482475425e-02
2.314208392280994384e-02 1.072537077383862586e-01
2.313336726028199578e-02 7.060985681083467580e-02
2.355926939309006818e-02 1.014596516680386362e-01
2.362162857202858290e-02 9.419847667838136818e-02
2.307434670240959135e-02 8.608564936245481636e-02
2.288044408168189367e-02 8.980229057164655637e-02
2.241468045110927773e-02 8.757281008486945961e-02
2.171778388423618172e-02 1.010980934629009814e-01
2.134853122449230020e-02 1.049554089808629603e-01
2.122993270934718513e-02 1.037741894316342173e-01
2.114868677141735348e-02 8.809440381204088066e-02
2.120248660751868422e-02 9.023653964201609756e-02
2.088625921027326138e-02 1.017601401545107365e-01
