1.877756331237108722e-01 9.749495969326407718e-02
8.651371614447211922e-02 8.465404001375038956e-02
7.951172655524034460e-02 8.192909709005444241e-02
7.605998987347130369e-02 7.947966401223782729e-02
7.412597741477372493e-02 7.829710240993234538e-02
7.263892916281049217e-02 7.680199067625734233e-02
7.168447802494454235e-02 7.564736599171603681e-02
7.059442646407741717e-02 7.478364012031643582e-02
7.015201039763728497e-02 7.419384891788165237e-02
6.902172417584352682e-02 7.360255966583888199e-02
6.832336103997943555e-02 7.311153004842775582e-02
6.777138270937450859e-02 7.268388997073527147e-02
6.701099695410669965e-02 7.195099132756392624e-02
6.633724676960003896e-02 7.131283074893333962e-02
6.556301343640903723e-02 7.075618897323254775e-02
6.474429686606777978e-02 6.995397985533431673e-02
6.383920318969502072e-02 6.914877291354867839e-02
6.263697882962783459e-02 6.866940649019347143e-02
6.108212455864844154e-02 6.765935990821432544e-02
5.785797810469701236e-02 6.725511575738589432e-02
5.485320291519770602e-02 6.580637554051699256e-02
5.231359694153070450e-02 6.651829686705712508e-02
5.000822286583422871e-02 6.667333565376422355e-02
4.775552750315244926e-02 6.561674570871724177e-02
4.582105314631650800e-02 6.706149034478046944e-02
4.431380640064191967e-02 7.036916445940732956e-02
4.251268784311122706e-02 7.140238383026034641e-02
4.114278255227377806e-02 7.668948014853177453e-02
3.947933630760365464e-02 8.821094819103125761e-02
3.829066564018527435e-02 1.031495099887251854e-01
3.733373856043246258e-02 9.765249504535286618e-02
3.618057971683943941e-02 1.146162727985669122e-01
3.566545605606482455e-02 1.145064461010473766e-01
3.545924500236666277e-02 1.221578044264956808e-01
3.589410960439562426e-02 8.655610497764966438e-02
3.426684983210956381e-02 1.107378188106748762e-01
3.283335928941463755e-02 1.160267771187203922e-01
3.182212456424788477e-02 1.069391838930271316e-01
3.122357576820484343e-02 9.884039081495117618e-02
3.104073507900584686e-02 1.079844617526288381e-01
3.113058726189703307e-02 8.382990556182684516e-02
3.051240579035829556e-02 9.162350812995875837e-02
2.947318108706939443e-02 1.046702462696918745e-01
2.936524841972301333e-02 9.589720037938267994e-02
2.962879791318219491e-02 6.660467110298297355e-02
2.894328018968425273e-02 1.013086566149636603e-01
2.811182397455582946e-02 1.138918844431086874e-01
2.774136798736465126e-02 9.485419491236959932e-02
2.732800757247439566e-02 8.223406287531058456e-02
2.663693160984695329e-02 7.468789926281681202e-02
2.642908197547483296e-02 7.104369901396610787e-02
2.590661467908601454e-02 8.867396852346481895e-02
2.568029361299988683e-02 8.413651813235548116e-02
2.580592599773128340e-02 7.054004528456264689e-02
2.625539730590715007e-02 8.981467328137821005e-02
2.539341186733568012e-02 1.134113903260893230e-01
2.489448469927216592e-02 8.372842382501673175e-02
2.411282918703689174e-02 9.484360801676909591e-02
2.349581310480106100e-02 8.412116220979778958e-02
2.291977902442762088e-02 9.792266741257023288e-02
2.282076745627190442e-02 1.449227562795082636e-01
2.304463071854618433e-02 1.063745731004962225e-01
2.325696049719988209e-02 1.246948308414883022e-01
2.319121299826396032e-02 6.356533295992347621e-02
2.292728367284303792e-02 1.205508200520718498e-01
2.222685027693405840e-02 1.022040066136806064e-01
2.145495434950401084e-02 9.855516741259230662e-02
2.143339599990020869e-02 1.160328502732294598e-01
2.094461257395342085e-02 1.007853496681760802e-01
2.058169940804563045e-02 1.079114161224828811e-01
2.078614439020251212e-02 1.276294091647421913e-01
2.065508844088611434e-02 9.731263067159387492e-02
2.030154161071934943e-02 9.585238379184846114e-02
2.015912586376373758e-02 1.040698740700328750e-01
1.990913795648006565e-02 7.843442526818425464e-02
1.971843177490542262e-02 1.126730330633344407e-01
1.969115807943621482e-02 8.739249877355716178e-02
1.949549278687322251e-02 9.995557557515523384e-02
1.988406750710484255e-02 9.159600200062548159e-02
1.922151725076714363e-02 8.959487565206708526e-02
1.884761318939215391e-02 9.209271596261749127e-02
1.839804803343050507e-02 8.157037308922519825e-02
1.830031737927498986e-02 8.558323572355287789e-02
1.807466092826117213e-02 7.932727877050638199e-02
1.843837638313662597e-02 9.564980643766897439e-02
1.819443126678527492e-02 9.016470697329000139e-02
1.798090241031675973e-02 1.067694843643241520e-01
1.793904491601799531e-02 8.715573467176269962e-02
1.746386014932115385e-02 1.140993308896819797e-01
1.797072442695195685e-02 1.078808372840285301e-01
1.777294138635743606e-02 7.099142460221494200e-02
1.707724795574549342e-02 9.581109381246345758e-02
1.667208988995601618e-02 8.013440513362486695e-02
1.659250902428435759e-02 1.062606449963317962e-01
1.708904354988287008e-02 1.286156523144907360e-01
1.722579980761236931e-02 6.948401085618469142e-02
1.702145312257807505e-02 1.021193543587017999e-01
1.606167333836599001e-02 1.147950787649110460e-01
1.595461542048014561e-02 9.223055782624417498e-02
1.564445418241335387e-02 8.554980207096647693e-02
