2.054989308618554167e-01 1.005664474710270262e-01
9.355206339339899868e-02 9.371812800290407752e-02
8.918324534637414591e-02 9.119199823450159503e-02
8.531267959170224513e-02 8.895262523933693266e-02
8.169537667578798124e-02 8.742904952830737875e-02
7.915807242043376712e-02 8.480129239183885337e-02
7.698911581400448567e-02 8.229543813676745700e-02
7.571587067218572831e-02 8.090304114200451424e-02
7.455860621227723695e-02 7.949705677175963880e-02
7.368432090625287589e-02 7.883964396185344503e-02
7.222374006197219976e-02 7.767805933124488638e-02
7.074618353167684559e-02 7.519718749379669664e-02
6.889295904344416854e-02 7.402539805129722261e-02
6.669962535635000356e-02 7.240528785796077060e-02
6.461869402054121192e-02 7.640856256087620590e-02
6.300016183678697201e-02 7.379183828554770896e-02
6.129349459992433635e-02 7.246664766636159993e-02
5.961392884241129009e-02 7.008965161663514853e-02
5.811255591035616175e-02 6.786165634791056778e-02
5.698033957931447624e-02 6.639651878288498066e-02
5.557714678665123115e-02 6.417203770467529156e-02
5.439717728811187258e-02 6.350535161241337156e-02
5.305682256726956814e-02 6.303142714831563853e-02
5.149462829699846117e-02 6.319442018866539001e-02
5.016137044346792584e-02 6.355271823014374544e-02
4.910381834923736172e-02 6.315035704109403514e-02
4.775094093633740211e-02 6.489040474924775981e-02
4.657252015530820993e-02 6.368453724792709492e-02
4.524213531834444385e-02 6.687491873486174632e-02
4.404267946606486850e-02 6.975286219407010602e-02
4.299881868821576331e-02 7.409216608438226603e-02
4.175131624503954780e-02 7.274751485911784554e-02
4.094987477334897930e-02 7.777493691968696832e-02
4.001719172574519368e-02 7.801696996170061349e-02
3.960332480766545760e-02 7.977922457373803899e-02
3.850807276614979374e-02 8.837078339247791958e-02
3.790691062596028560e-02 7.943915185966977932e-02
3.738308462079584227e-02 7.778981365953330229e-02
3.731685925873253623e-02 8.055857806983920955e-02
3.593811353411131837e-02 7.233914253474385547e-02
3.535093192571425735e-02 8.065265127354198649e-02
3.477287465873045436e-02 9.390165311870751763e-02
3.499062930241348540e-02 1.022484964794582729e-01
3.459536668284213246e-02 8.512233670249029494e-02
3.381403524436178004e-02 9.757070343389555311e-02
3.246618413207370824e-02 8.292270707035506727e-02
3.223018188832130898e-02 8.360182369748751785e-02
3.223189333173620552e-02 7.302815356740245678e-02
3.212799955863596124e-02 9.096756187716016628e-02
3.060539140426591503e-02 9.105343557894229889e-02
3.001863704009996234e-02 9.358017274213058234e-02
2.934671068049179987e-02 7.783065101614704273e-02
2.854557807095409530e-02 8.529098983854055405e-02
2.803966986977048451e-02 7.439776123673827457e-02
2.821537380000743028e-02 1.024189729381490693e-01
2.765493191271354081e-02 8.245612694709389401e-02
2.737264932186259450e-02 8.028009689102570678e-02
2.624920361894902271e-02 8.407555216992343428e-02
2.561851358987633429e-02 8.794176202543356469e-02
2.568747231933644209e-02 7.885698329105421400e-02
2.615168551929537497e-02 8.226195646932830952e-02
2.567485871353769600e-02 7.284636795520782471e-02
2.455345866444513109e-02 8.650569521166660836e-02
2.423523005090532853e-02 1.127834363530079570e-01
2.384109898258333915e-02 1.346719249807022123e-01
2.357283350443694497e-02 1.524901494245838318e-01
2.355283366069500436e-02 9.173014146034363936e-02
2.368923698786676302e-02 8.607387553072637365e-02
2.268496041027147705e-02 9.710890223720559933e-02
2.231083993186674594e-02 1.005104510803465495e-01
2.165897937521822983e-02 9.349978435784578323e-02
2.158877905458211899e-02 8.661407073614774133e-02
2.184042478608709537e-02 9.591672883403522254e-02
2.159602039804061138e-02 1.708243436490496092e-01
2.129911132179564126e-02 1.000231364396987205e-01
2.055900442088401392e-02 1.133583729258841877e-01
2.054718319644651889e-02 1.144757121111507764e-01
2.034804598822038957e-02 1.288273363132719507e-01
2.027941900456884522e-02 9.704616331253890227e-02
1.975344818623024634e-02 1.099532218649983406e-01
1.920313060064080674e-02 1.299073841008875074e-01
1.900358669312171220e-02 1.166382557540028148e-01
1.911555044920888041e-02 9.549741591844293498e-02
1.915972066922037517e-02 1.090499571076145868e-01
1.894226633258375841e-02 1.021818972227198086e-01
1.817040957559687420e-02 1.271551302116778193e-01
1.802504293306359667e-02 1.309680723481708164e-01
1.790341950964364354e-02 1.220996985211968422e-01
1.756792030925673209e-02 1.161115862843063173e-01
1.765929781207133467e-02 1.137683143908226890e-01
1.758041504270783234e-02 1.113207546511182089e-01
1.716300037432068326e-02 1.167710958807556682e-01
1.705556649267976274e-02 1.143540821762548537e-01
1.673484850879304250e-02 1.207654564813883252e-01
1.674900483434671461e-02 1.082473638708944669e-01
1.662704040678748135e-02 1.222718801280414658e-01
1.717791589813655317e-02 1.296095347238911399e-01
1.648743557781586974e-02 1.095324793692540183e-01
1.571560042107674610e-02 1.250916132703423500e-01
1.562853535917413383e-02 1.125006830250775414e-01
