2.269444919486598156e-01 1.085700438254409428e-01
9.275710489600896835e-02 9.792698009146584559e-02
8.650951491805111693e-02 9.594790451228618622e-02
8.312057247158230466e-02 9.309918474819925405e-02
8.131296691916338470e-02 8.855095712674988795e-02
7.946190309551794118e-02 8.874648167855209158e-02
7.811277882173293940e-02 8.729958865377637767e-02
7.667970553994542249e-02 8.543295951353178930e-02
7.609816011404846314e-02 8.455736666089957998e-02
7.522771827785706966e-02 8.372441555062930252e-02
7.436874272619806159e-02 8.224764994035164978e-02
7.387654559414197353e-02 8.210926647815439128e-02
7.328217759410418641e-02 8.125198611782656621e-02
7.273267657019016896e-02 8.030360388673013494e-02
7.219684245519158994e-02 8.018025176392661046e-02
7.174097488793294841e-02 8.011254243966606237e-02
7.123682658165329806e-02 7.956373494946294977e-02
7.060335014333449233e-02 7.898159221642547800e-02
7.004496697109283132e-02 7.805084644092454005e-02
6.992367284781322856e-02 7.798190032028490259e-02
6.894704336073340101e-02 7.770673506375816442e-02
6.829346965135234260e-02 7.707468358178932999e-02
6.768010746369637620e-02 7.659234768814510153e-02
6.714261678706218150e-02 7.680027962972720001e-02
6.641306515737641081e-02 7.569650488181246806e-02
6.559620409204465485e-02 7.489474252280262090e-02
6.493719843238955625e-02 7.529521371341413305e-02
6.382372843601354095e-02 7.246627710345718287e-02
6.268679544829376671e-02 6.753662290672461654e-02
5.898459936583005936e-02 6.623438435296218063e-02
5.795722315655794238e-02 6.587715633213520050e-02
5.461729621151235198e-02 6.401832857065731242e-02
5.282814234563308620e-02 6.324986699554654979e-02
5.137355513757140002e-02 6.268452459739314031e-02
4.980813500630419666e-02 6.217025623967250419e-02
4.837031010538339615e-02 6.166328303515911102e-02
4.692889661414594016e-02 6.151925844864712667e-02
4.544560085959369056e-02 6.186101192401514959e-02
4.402155041830932425e-02 6.379090394410821818e-02
4.285487413360941633e-02 6.781998214622338150e-02
4.191306561640486400e-02 7.399943553739124491e-02
4.273376765479219852e-02 7.787263838367329549e-02
4.099704150860083995e-02 8.200748047480981018e-02
3.958177220689632764e-02 8.613192621204587840e-02
3.839384963758653291e-02 8.362987383993135404e-02
3.716378645096882899e-02 9.147871973820859148e-02
3.635802599544659536e-02 9.496537502855062485e-02
3.507108977859521581e-02 1.013433804425100532e-01
3.432362094782746842e-02 1.038703592494130135e-01
3.368647992838083582e-02 9.218302307029564713e-02
3.351360481663993168e-02 1.049018347014983449e-01
3.305695621046896709e-02 1.018742587831285296e-01
3.228096902745253294e-02 1.157303232596152420e-01
3.190788891586679443e-02 1.145116961043741999e-01
3.202848161411721295e-02 1.345195485175483818e-01
3.233398167166586651e-02 1.304839580940703458e-01
3.130122274444324670e-02 1.312551058621870270e-01
3.104663722887180885e-02 1.169726454342405048e-01
3.017786681856505712e-02 1.343369939261012669e-01
3.038426288460358698e-02 1.031114018729163556e-01
2.958724251664357138e-02 1.265064979282518320e-01
2.955918689826276397e-02 1.421812994198666802e-01
2.916987387679244662e-02 1.559642831174035960e-01
2.979608563274690342e-02 1.260738308644956951e-01
2.985261848605260532e-02 1.318288636911246481e-01
2.939439374419701434e-02 1.174075311670700755e-01
2.917317542667705044e-02 9.800849120236104772e-02
2.778703132757871785e-02 1.081243979020251184e-01
2.724716174927335754e-02 9.336686480997337390e-02
2.651120530634482400e-02 1.105047983324362187e-01
2.627361194718992599e-02 9.689296124916937925e-02
2.638844967672101735e-02 1.257334656289054164e-01
2.651673120094417968e-02 9.812588498203290988e-02
2.646367774322265498e-02 9.945899682740370895e-02
2.768092266306644567e-02 1.125011434778571129e-01
2.647733751957009538e-02 1.499027211943434468e-01
2.608835647768545374e-02 1.231223933088282790e-01
2.602557539826304278e-02 1.522700585838821230e-01
2.647277733549566539e-02 1.088410717849102316e-01
2.656759534644462586e-02 9.746074360898798750e-02
2.480566843480962180e-02 1.202788870885140304e-01
2.408775093499571085e-02 1.237045018416312037e-01
2.371101756296234084e-02 1.127747353166341782e-01
2.372507663534545452e-02 1.250850251461896601e-01
2.356895282239903147e-02 1.142915192370613370e-01
2.395044068703654910e-02 7.635372463199827098e-02
2.424345416777835480e-02 9.939732987226711225e-02
2.346331286016942533e-02 1.143840458244085312e-01
2.335779705913964416e-02 1.100842632974187579e-01
2.284521171425628328e-02 1.269801769198642960e-01
2.288278049459998784e-02 1.143714793336888108e-01
2.282174337632590644e-02 9.004339099758201792e-02
2.287959105267030335e-02 9.139827592298388481e-02
2.370894134396732411e-02 1.363926593524714403e-01
2.349124569729788350e-02 1.210024773867593856e-01
2.323418135595757897e-02 1.112840883433818817e-01
2.336737021758425459e-02 1.043265493483179207e-01
2.177337451167858998e-02 1.182781045532061009e-01
2.098334106480384889e-02 1.458378716682394438e-01
2.071890432001432386e-02 1.538281182034147987e-01
