2.839223435256890138e-01 1.114086732268333435e-01
1.050613992847502232e-01 9.757282584905624390e-02
9.329187985899489721e-02 8.725422527641057968e-02
8.671621325274192493e-02 8.324834859619538452e-02
8.255311098426233729e-02 8.025001113613446091e-02
7.963330362555245956e-02 7.688570488244295120e-02
7.533978249574470321e-02 7.619482371956110001e-02
7.086720248294431368e-02 7.228149815152089264e-02
6.767545106582516234e-02 7.021736105283100937e-02
6.540246273196020921e-02 6.936820068707068299e-02
6.352571679040962260e-02 6.753032747656106949e-02
6.197921091928904752e-02 6.656122114509344101e-02
6.014482600636086862e-02 6.488539247463147308e-02
5.862107250276346604e-02 6.304797468086083267e-02
5.691108267840951085e-02 6.193864935388167930e-02
5.515338513502027890e-02 6.164891179651021957e-02
5.344366750593275428e-02 6.195210137714942528e-02
5.159617456889083187e-02 6.153422671680649353e-02
4.979021967453665237e-02 6.240702467039227486e-02
4.817998388695508838e-02 6.466277393822868202e-02
4.666094963308856786e-02 6.784852951144178246e-02
4.520916871639878154e-02 6.539478494475285675e-02
4.357222980971253018e-02 6.630811281502246857e-02
4.224560266295664807e-02 6.890633469447493553e-02
4.062919819803345600e-02 7.217907952144742012e-02
3.921005047511223057e-02 6.897333652401964332e-02
3.895016739599753419e-02 6.881693735097844933e-02
3.912357041384851436e-02 7.658194440106551315e-02
3.832214991941094995e-02 7.093905378133058548e-02
3.746014280342171987e-02 7.538315948719780113e-02
3.699294929013609290e-02 7.688263415669401024e-02
3.702758141890774568e-02 7.032921925807993080e-02
3.631562113675267101e-02 7.503705161313216354e-02
3.555573096910361747e-02 8.261665670822064544e-02
3.420125997657779554e-02 8.782000994930665161e-02
3.309641960672601163e-02 8.262526011094450951e-02
3.199406051575098137e-02 8.123912181084354256e-02
3.133382725659324824e-02 8.167532815908391808e-02
3.084425392918028683e-02 8.553923635433118011e-02
3.041975604381065568e-02 7.895583876719076966e-02
3.095620661313364108e-02 9.528021762768427994e-02
3.140619288057868580e-02 9.072799468412995338e-02
3.145717112564070522e-02 9.266984416171908379e-02
3.080046523449032903e-02 5.926027738799651695e-02
2.994816547508763124e-02 6.535429973155260086e-02
2.906897541427941670e-02 7.670034406085808609e-02
2.794074720085793287e-02 7.416599616408348083e-02
2.706330144496331414e-02 7.897127109269301559e-02
2.765975521909895887e-02 7.527147357662518357e-02
2.801002526038521082e-02 7.806460838764905930e-02
2.860917366207252344e-02 7.229772303253412247e-02
2.668142955490323057e-02 9.070422329629461433e-02
2.601189146002451380e-02 6.911426285902659561e-02
2.574797581643039485e-02 8.564026545112331246e-02
2.588034104176818728e-02 7.184310893838603829e-02
2.635567249773546755e-02 7.883615869407852028e-02
2.491052714609649429e-02 1.042246197660764012e-01
2.442738613611910095e-02 1.014934082049876451e-01
2.407052880965259919e-02 1.041022137117882523e-01
2.393535316683525344e-02 9.196766326203942299e-02
2.335105482543017169e-02 9.884361239771048691e-02
2.338388761462167204e-02 1.076390490246315751e-01
2.312099214556605220e-02 1.029480334060887542e-01
2.299362783818397274e-02 1.096027178379396644e-01
2.278650139978285333e-02 1.035153232514858246e-01
2.328998793382197618e-02 1.038838420063257217e-01
2.312375422496738483e-02 1.721368835618098669e-01
2.235367344584055990e-02 1.597325010225176811e-01
2.199081468211790125e-02 9.464298856134216453e-02
2.156358860097392499e-02 9.804358814532558586e-02
2.107227519750162065e-02 1.639244112496574812e-01
2.104033592027113736e-02 1.186676053330302238e-01
2.285786180453764846e-02 7.276184841369588707e-02
2.345410841354710410e-02 8.507233035440246727e-02
2.155711228396137158e-02 9.516524445886413719e-02
2.082015849043463568e-02 9.919373349597056244e-02
1.959658115371238837e-02 1.489580584069093161e-01
1.929918524191909582e-02 1.312034622145195895e-01
2.150589457935069004e-02 1.069631571881473064e-01
2.047053141367816478e-02 7.475139596499502659e-02
1.949169303880744428e-02 8.553044482444722985e-02
1.947001054298219333e-02 6.969172398870189522e-02
1.966399434536998669e-02 9.096931526437401772e-02
1.891207384340854933e-02 9.354005552207429741e-02
1.869216961461270948e-02 9.851178433746099472e-02
1.843951364605535964e-02 7.947265744830171730e-02
1.852849655416469177e-02 8.140601807584364746e-02
1.950455992211869161e-02 7.900020557766158913e-02
1.926099928772770017e-02 8.051442991321285103e-02
1.834499934379574607e-02 7.952493180831272934e-02
1.743203190664305985e-02 9.604217531159520149e-02
1.762804465752831548e-02 9.780299725631873275e-02
1.759173472677249064e-02 1.101601778840025220e-01
1.776843742727366934e-02 1.221784693188965321e-01
2.009467757713092814e-02 6.861461140215396881e-02
2.112636561397203058e-02 8.528822241351008415e-02
1.823749619151660353e-02 8.493515864635507728e-02
1.694507445046288321e-02 9.636936709284782410e-02
1.657075975577585250e-02 8.037882034356395866e-02
1.644515208385581573e-02 8.474381578465302323e-02
