1.492597718109808236e-01 9.473953354689809703e-02
8.591724663397402872e-02 8.532879563669364120e-02
7.899302787079316712e-02 7.634842499262756155e-02
7.361840942829120382e-02 7.445528875622484111e-02
7.052905104933231140e-02 7.196372871597607468e-02
6.751094228489612492e-02 7.243008911609649658e-02
6.497623259580231903e-02 7.308769515819019125e-02
6.257316121089506744e-02 7.235196129315429880e-02
6.064505638872704635e-02 7.375701206425826217e-02
5.874219133208195137e-02 7.450880482792854309e-02
5.679467354514976946e-02 7.185687993963559006e-02
5.458996154186201988e-02 6.969968871110016062e-02
5.241085824791372194e-02 7.259796290761894033e-02
5.012734220703927296e-02 7.479607976145213888e-02
4.811412882347538417e-02 7.721140442623032618e-02
4.651036405769305715e-02 7.914474296073119308e-02
4.442449643208486176e-02 8.010661684804493143e-02
4.283585070397674666e-02 8.198314801686340525e-02
4.124437054861488511e-02 9.105310195850001287e-02
3.972351287181178497e-02 8.683722476578420446e-02
3.902308073280969652e-02 8.418977891819344472e-02
3.837584072678554281e-02 9.458112551106347132e-02
3.785227846384533329e-02 1.058118668281369801e-01
3.679698263484287857e-02 1.011650518824656758e-01
3.596674969487982654e-02 9.465430283712016057e-02
3.523701398512273097e-02 8.577615374492274236e-02
3.462640543248716313e-02 8.510923385620117188e-02
3.433196152355975916e-02 9.858161004053221654e-02
3.414663293292912599e-02 1.071456381016307469e-01
3.302077903427425715e-02 9.466211508131688879e-02
3.229952702578914314e-02 9.350205161091354467e-02
3.131656661606961600e-02 8.479394536051484965e-02
3.058277151729093743e-02 9.071593348764711573e-02
3.008672051374020745e-02 9.255590186350876047e-02
3.056985908755805587e-02 1.011199165756503787e-01
2.961142218626308664e-02 9.355226138399706792e-02
2.966648832955435383e-02 1.662454721000459490e-01
2.925471624556353484e-02 9.021257474604579829e-02
2.878069940091269874e-02 1.027056738320324125e-01
2.839134147625446691e-02 1.170086495371328444e-01
2.783489905343186632e-02 1.019636634737253189e-01
2.766814568398020743e-02 1.062532575387093725e-01
2.662751133689974722e-02 1.149196082519160361e-01
2.659411047873034076e-02 1.056693110408054442e-01
2.709504342978684074e-02 1.040958286159568424e-01
2.649868304303627797e-02 8.794480417337682820e-02
2.554041068486082033e-02 1.036096807155344190e-01
2.529877433704772610e-02 1.011016665854387875e-01
2.493836874581449245e-02 9.033521771844890691e-02
2.457128019011541736e-02 9.404201474454668142e-02
2.394744613571319486e-02 9.241994273745351984e-02
2.340386875117636892e-02 8.976618428197172261e-02
2.317864685773667749e-02 1.107403470410241036e-01
2.275752989817562272e-02 1.114869277096456890e-01
2.247311556484641107e-02 1.097501360086931138e-01
2.273844329382830598e-02 1.070671171570817676e-01
2.343491717181130779e-02 1.190848624747660456e-01
2.166130812270793821e-02 9.404364052332109258e-02
2.136505037031280474e-02 1.047311343459619432e-01
2.157075465770393052e-02 9.069954096857044124e-02
2.093924794202231196e-02 8.974139485508203506e-02
2.060648739504499297e-02 1.368590828238261947e-01
2.018082230370794525e-02 1.398273173512684098e-01
1.973389888398076678e-02 1.002785401004883947e-01
1.981996178979099354e-02 1.015977179631590843e-01
1.951938395566360160e-02 1.509900523556603202e-01
1.913009572592450427e-02 1.155406718866692634e-01
1.947377195460646068e-02 1.146051031019952593e-01
1.873640834952030806e-02 1.188203205044070926e-01
1.823496802831144417e-02 1.168953332429130826e-01
1.828085147014750847e-02 1.234756861295965014e-01
1.796399372747183032e-02 1.190107832145359812e-01
1.789352078581364983e-02 1.178604344733887310e-01
1.811308081534395917e-02 9.666462822092904139e-02
1.785497255604411374e-02 9.501309599727392197e-02
1.784334739393789518e-02 1.431713355705142021e-01
1.719470430029238286e-02 1.285929163503977957e-01
1.681515725795179605e-02 1.471203557319111233e-01
1.713477992982702022e-02 1.044973289180133047e-01
1.755860624683460575e-02 1.553474642957250185e-01
1.657580642211364461e-02 1.158594818164904866e-01
1.591698567731290870e-02 1.208765235626035328e-01
1.603426571132812034e-02 1.231951859469215121e-01
1.595934214755680841e-02 1.208326911760701089e-01
1.598863164530840014e-02 9.854994352079099462e-02
1.614595103509178925e-02 1.422339798882603645e-01
1.563964047700136528e-02 1.105470310689674468e-01
1.539484410058343522e-02 1.480746456525391941e-01
1.519838848427634663e-02 1.221854737442400751e-01
1.524065844373913813e-02 1.207281813646356311e-01
1.529323368530145083e-02 1.023943782266643343e-01
1.516282923303817129e-02 1.193342625887857528e-01
1.458926778381342167e-02 1.323124859482049942e-01
1.467876283289122619e-02 1.190578728500339689e-01
1.449547740687593539e-02 1.334991242943538436e-01
1.437942805601571603e-02 1.129787867474887075e-01
1.469516167909330935e-02 1.286066816084914799e-01
1.424151131640968328e-02 1.253505412282215348e-01
1.408453291467565149e-02 1.572824507537815275e-01
1.491593266269419273e-02 1.590040464782052632e-01
