1.332091241941283644e-01 9.300314833720525753e-02
7.936462780469627498e-02 8.312134072184562683e-02
7.139742576280992681e-02 7.683469528953233707e-02
6.702133220437753169e-02 7.265652293960253583e-02
6.386227899734554792e-02 6.943582048018773212e-02
6.061887558834832407e-02 6.505293125907579688e-02
5.811352807021383238e-02 6.446118776996929978e-02
5.499992433391760749e-02 6.150366589426994185e-02
5.218211796054500473e-02 6.293195672333240509e-02
4.955665303759597407e-02 6.626447401940822879e-02
4.749673389513312666e-02 6.555359562238056992e-02
4.507665371780760627e-02 6.999814063310623447e-02
4.291744615535059842e-02 7.256124454240003852e-02
4.093904451926073940e-02 7.489765435457229614e-02
3.897929827918846651e-02 8.664122695724169043e-02
3.710809663053976637e-02 9.258381550510724756e-02
3.587199842031492392e-02 9.934354697664578293e-02
3.474470500335204159e-02 1.045114561915397589e-01
3.392519469208053057e-02 9.456115116675695154e-02
3.283208549138533217e-02 9.635596026976903095e-02
3.159406513719859727e-02 1.036027724544207190e-01
3.058612147461997263e-02 1.109399157265822111e-01
3.020671082985850256e-02 9.001386761665344793e-02
2.943904589612090367e-02 9.078478763500849591e-02
2.851882599000083937e-02 1.109470181167125646e-01
2.814630471931939618e-02 9.520661768813927506e-02
2.769665370147194119e-02 1.161061935126781464e-01
2.703671666802437423e-02 1.178906408449014037e-01
2.659460242712896952e-02 9.746844594677289697e-02
2.605852754407842961e-02 9.687264660994211740e-02
2.518625755607190736e-02 1.009206616630156789e-01
2.441264937952624184e-02 1.210020065307617215e-01
2.382305443273527445e-02 1.028498195111751529e-01
2.322379098068833719e-02 9.585348702967166901e-02
2.248038972046172840e-02 9.908230764170487814e-02
2.175929119284643679e-02 1.049343891441822108e-01
2.169344620946260169e-02 9.987445088724294928e-02
2.142911850481458991e-02 9.465736870964368277e-02
2.118175291137671876e-02 9.929414292176565182e-02
2.051973815965042747e-02 9.730143671234449398e-02
2.027493523340226714e-02 1.114879876375198392e-01
1.972014327872205833e-02 1.064575771490732792e-01
1.909849911306552364e-02 1.042169926067193358e-01
1.857768699613680449e-02 1.125055094559987423e-01
1.808867517259399663e-02 1.134780239313840922e-01
1.767100301252580094e-02 1.140406991044680268e-01
1.715752271195632866e-02 1.153720070918401036e-01
1.699544957830040337e-02 9.769035987555980960e-02
1.715316792223691572e-02 1.100829181571801457e-01
1.659433580611935008e-02 1.025277987122535650e-01
1.648876746909238439e-02 1.074099175631999942e-01
1.623892603702754150e-02 9.002877113719781610e-02
1.589054677916165031e-02 1.055079806596040670e-01
1.558789472835379018e-02 1.038291318962971388e-01
1.540263869875427120e-02 1.067042450110117641e-01
1.519936818348769682e-02 1.035604006300369917e-01
1.487554395214863920e-02 1.024690104027589227e-01
1.442276614575544250e-02 1.215606859574715343e-01
1.429276058503814277e-02 1.097344100475311224e-01
1.405856572425786058e-02 1.201745888839165360e-01
1.384158755772920898e-02 1.130166015277306174e-01
1.358226071218803996e-02 1.151479487617810549e-01
1.343982341547795244e-02 1.049010805785655920e-01
1.333261259974083054e-02 1.070867593089739472e-01
1.326561552911337261e-02 1.100623451173305539e-01
1.359392101007500346e-02 9.244298587242762155e-02
1.326340951223782018e-02 1.102822485069433894e-01
1.293843684653399502e-02 1.051117151975631686e-01
1.253371774948660970e-02 1.056384791930516515e-01
1.233069739264378191e-02 1.045563341428836224e-01
1.223325235412665510e-02 1.093313169976075500e-01
1.199293343414904560e-02 1.111575176318486541e-01
1.194129035887241640e-02 1.136617002387841496e-01
1.169513734659117718e-02 1.193204626441001920e-01
1.162584422353396714e-02 1.210425677398840605e-01
1.143170223999144704e-02 1.120332146684328706e-01
1.137488890488288877e-02 1.048430313666661590e-01
1.130038557844860285e-02 1.043511760731538202e-01
1.111710801331825503e-02 1.234241418540477780e-01
1.107871235915321509e-02 1.166128317515055385e-01
1.096892050015138564e-02 1.153573852032423047e-01
1.087268923925075424e-02 1.297112196683883611e-01
1.067482035481214994e-02 1.243486352264881190e-01
1.039500125883254140e-02 1.246900573372840826e-01
1.030748817511571366e-02 1.292181640863418468e-01
1.020041150993413609e-02 1.271812101205190004e-01
1.022070707278727175e-02 1.261345372845729118e-01
1.012567466634000345e-02 1.280118749787410026e-01
9.931234326202457996e-03 1.371607194344202640e-01
9.850776136315842618e-03 1.319831618418296215e-01
9.680339777741901741e-03 1.344295300543308369e-01
9.527548142200843381e-03 1.354284840325514494e-01
9.539925954783664772e-03 1.230616568277279471e-01
9.566973610480348014e-03 1.286581173539161627e-01
9.478311074182444590e-03 1.357907904932896259e-01
9.562302533142785083e-03 1.174542140215635300e-01
9.508278882064138959e-03 1.407490784923235705e-01
9.326112087321373340e-03 1.375234454870223888e-01
9.449445198314558245e-03 1.261939309537410681e-01
9.406446363959621720e-03 1.290390528738498688e-01
