1.303519810634580500e-01 1.039405112465222741e-01
7.958994623113191391e-02 9.183051884174346646e-02
7.479729479330293751e-02 8.274820670485497076e-02
7.173851499574605828e-02 7.701747268438338678e-02
6.883689469287983254e-02 7.368022650480270108e-02
6.558470210087213870e-02 7.218609129389126633e-02
6.266573640745151663e-02 7.129670679569244385e-02
5.981959781774350698e-02 6.973365818460781906e-02
5.713778734429957734e-02 6.895335788528124399e-02
5.468025199543131987e-02 6.823587417602539062e-02
5.196743038968677786e-02 6.435238247116406574e-02
4.909177680620165768e-02 6.137331823507944512e-02
4.558348315032689085e-02 6.155213564634322981e-02
4.266183395451157712e-02 6.458931316932042810e-02
4.007403809425719859e-02 6.600502543151379187e-02
3.734468682513140264e-02 7.371122092008590421e-02
3.536195120034498623e-02 7.827949610849221918e-02
3.357150724144322695e-02 7.998175906638303745e-02
3.252420901057965358e-02 7.515090505282083500e-02
3.126046703081203360e-02 7.300110322733720236e-02
3.024277314164956418e-02 7.672149824599425183e-02
2.917644998357234523e-02 7.916437772413094376e-02
2.819580191737441899e-02 7.563659138977527063e-02
2.751592380043707542e-02 7.840869004527727115e-02
2.645185168467141176e-02 7.377377226948737821e-02
2.548893701405438236e-02 7.421362549066543024e-02
2.451212263920090478e-02 7.519267747799555923e-02
2.361979702059803510e-02 7.679043834408123825e-02
2.362583837868494421e-02 8.600887780388195847e-02
2.259324100782034161e-02 7.385394163429737091e-02
2.183235295364214373e-02 7.712003042300542843e-02
2.119333080448317086e-02 8.406560185054938461e-02
2.063645279195391521e-02 8.978333820899327133e-02
2.026249409394793172e-02 8.519239711264768589e-02
1.948224803049598483e-02 8.872362126906713220e-02
1.888708449548119270e-02 8.436234071850776117e-02
1.846802234928163894e-02 8.038130141794681827e-02
1.792893978114280112e-02 8.996600011984506873e-02
1.779235753288679889e-02 8.626739854613939273e-02
1.762609799174173070e-02 7.891093865036964694e-02
1.749414243037995115e-02 8.470994817713896341e-02
1.684074383730327362e-02 8.676612290243307379e-02
1.642972082523495511e-02 8.905844005445638645e-02
1.619702021136844305e-02 9.286058048407236365e-02
1.590931436222973311e-02 9.823586232960224152e-02
1.559822789101491559e-02 1.044867069770892415e-01
1.527520850118089212e-02 9.903955260912576664e-02
1.523275790584572263e-02 8.651540912687778750e-02
1.516646623910008172e-02 9.263587221503258307e-02
1.478903684831941838e-02 1.099743393560250609e-01
1.455145019037497496e-02 9.930058171351750784e-02
1.452169524790924114e-02 9.979141491154829013e-02
1.422217644697598878e-02 9.664116712907949713e-02
1.411531810062763639e-02 9.844326873620351526e-02
1.386102546356244095e-02 1.073883020629485402e-01
1.349124301427699103e-02 1.074223713328441021e-01
1.335474764471472620e-02 1.207877300679683630e-01
1.297185345136217353e-02 1.212797320137421336e-01
1.278433243133591038e-02 1.045157320797443362e-01
1.270703754931438827e-02 1.086346329500277874e-01
1.301985539542733876e-02 9.791033864021300714e-02
1.293440728836011029e-02 1.078324471910794558e-01
1.234831118122919555e-02 1.103676193704207775e-01
1.229653733896100484e-02 9.746942669153213501e-02
1.217133336495519053e-02 1.024964916209379767e-01
1.189237524522468448e-02 1.119047008454799597e-01
1.167751344463355788e-02 1.088933737327655166e-01
1.156518821221326314e-02 1.273301215221484539e-01
1.146853797841799333e-02 1.112850140780210495e-01
1.123509543522318958e-02 1.387295631070931679e-01
1.103142285095661500e-02 1.265222358206908038e-01
1.081929975980224293e-02 1.336050705363353019e-01
1.063731776881276722e-02 1.251180067658424488e-01
1.045538420826820462e-02 1.257292672991752736e-01
1.031705149133025669e-02 1.333466226855913872e-01
1.023268605204762441e-02 1.219053848336140305e-01
1.014505305525771096e-02 1.110780917108058902e-01
1.001839152020379993e-02 1.243676171948512460e-01
9.923190074810161673e-03 1.364050023257732391e-01
9.841662900673857697e-03 1.212491604189078059e-01
9.582888777534874503e-03 1.219920262694358798e-01
9.360169714737825997e-03 1.287781089544296209e-01
9.363244690945701429e-03 1.344614611317714037e-01
9.390137019359983891e-03 1.329230539500713404e-01
9.298984991814317896e-03 1.358566792060931505e-01
9.148214861826356806e-03 1.240126300603151266e-01
9.204569913538252976e-03 1.378206230700015911e-01
9.081224695908609104e-03 1.427969358861446436e-01
8.963951128858038339e-03 1.393360654513041141e-01
8.725174098903909839e-03 1.453469187021255438e-01
8.513794246610948552e-03 1.512696215262015753e-01
8.588600795132300333e-03 1.525270471970240349e-01
9.178841787359217838e-03 1.305353934566179930e-01
8.868203002404706492e-03 1.343259935577710562e-01
8.598467399718231000e-03 1.457849137485027202e-01
8.374096081830543353e-03 1.347710291544596262e-01
8.292754121129199824e-03 1.406618453562259730e-01
8.094526083725527704e-03 1.359199809531370928e-01
7.860600706590918293e-03 1.286076312263806642e-01
7.840833310583722113e-03 1.338932294398546274e-01
