1.900978092927225749e-01 9.558266463379065658e-02
8.115634421796300013e-02 8.209551684558391571e-02
7.377869402448278269e-02 7.748160387078921463e-02
7.128491366368740201e-02 7.495803789546091889e-02
6.937751386227995753e-02 7.327787267665068771e-02
6.779577038900623520e-02 7.240742103507120941e-02
6.544611539670028288e-02 7.052540282408396866e-02
6.117570927085051735e-02 6.775210642566283081e-02
5.878658668506284157e-02 6.654497049748897552e-02
5.618222386489600539e-02 6.512404046952724457e-02
5.393187391441748441e-02 6.355819695939619873e-02
5.216716507146524490e-02 6.328909657895565033e-02
5.047354266199088196e-02 6.173152631769577431e-02
4.898940272044476768e-02 6.145077198743820190e-02
4.743326246890044312e-02 5.976535845547914505e-02
4.580915970511214436e-02 6.036203106244405342e-02
4.426901032173529565e-02 6.093913223594427109e-02
4.290541698398112058e-02 6.444572998831669952e-02
4.154063235470201870e-02 6.778647005558013916e-02
4.035244619495473306e-02 7.019174781938393448e-02
3.982049546767632564e-02 7.100191184629996155e-02
3.872356141462575396e-02 8.071403267482916977e-02
3.894096814897344411e-02 6.263403532405693863e-02
3.718338057745334407e-02 6.158620972807208466e-02
3.709011213572392662e-02 6.200077229489883018e-02
3.624162375168918371e-02 6.264149645964305069e-02
3.561814277172954679e-02 6.349983873466651108e-02
3.457142321966848175e-02 6.296571592489878799e-02
3.425308788834183216e-02 6.180684020121892525e-02
3.495922304289198618e-02 5.898815750454863144e-02
3.329676399169879258e-02 6.126079273720582558e-02
3.290441309827445149e-02 6.004182311395803856e-02
3.236229719085142315e-02 6.506216914082567360e-02
3.197675705400057633e-02 6.193974458922942711e-02
3.141755546811361710e-02 6.325648895775277947e-02
3.074419344937818696e-02 7.102767238393425941e-02
3.053779539727973988e-02 6.376391494025786255e-02
3.075178638154770633e-02 6.217728244761625694e-02
3.038012092326616148e-02 6.721162594233949517e-02
3.002432637663861315e-02 5.833039944991469383e-02
2.947209228566566308e-02 6.505652486036221649e-02
2.934087485854708702e-02 6.340474247311551903e-02
2.938677000455818325e-02 6.821743119508028030e-02
3.002249055845273087e-02 6.330543911705414917e-02
3.005875590755495777e-02 6.508896034210920334e-02
2.944974722557289551e-02 5.783332635958989693e-02
2.973194790971573839e-02 6.226158421486616135e-02
2.859488561706140936e-02 7.131626534586150978e-02
2.788730949802367340e-02 9.005187933022777702e-02
2.752395551705862781e-02 6.164607871323823929e-02
2.761879209753905634e-02 6.933485778669516708e-02
2.703407681330518772e-02 7.261889226113756035e-02
2.700305006975784600e-02 6.154225037122765946e-02
2.704163274706103057e-02 7.839608782281477783e-02
2.716197570796709260e-02 6.105375864232579636e-02
2.713843221981944789e-02 6.264951142172019150e-02
2.749242308159726908e-02 6.938445537040631439e-02
2.672522255425276508e-02 6.031924299895763397e-02
2.627254973252325654e-02 6.909192027524113655e-02
2.569377557428683539e-02 7.708159461617469788e-02
2.574116016499871512e-02 8.873437422638137673e-02
2.557878662983692139e-02 6.800332572311162949e-02
2.555407852551705092e-02 8.097044145688414574e-02
2.496484397953852713e-02 6.820820349579055641e-02
2.526117657679458062e-02 6.857494947810967301e-02
2.578283696662807961e-02 5.986038191864887642e-02
2.539948613902683755e-02 6.784009747207164764e-02
2.514682831459267090e-02 6.548013662298519943e-02
2.521663249556928277e-02 6.844387389719486237e-02
2.466340252566476265e-02 6.681087147444486618e-02
2.407225696532445600e-02 6.542340060696005821e-02
2.382905368942247679e-02 7.158942877625425194e-02
2.417484306470426073e-02 5.689246905967593193e-02
2.428252510130838454e-02 6.330730005477865074e-02
2.421903054414013823e-02 6.376837069789569046e-02
2.402864880101798425e-02 6.454507928962509300e-02
2.309918905835772057e-02 6.156476028263568878e-02
2.236065838139417519e-02 5.777186279495557381e-02
2.232980839691536476e-02 5.950171515966454910e-02
2.273898810787169586e-02 6.918967111657063629e-02
2.247600629113527884e-02 9.192589375500877236e-02
2.249018253412011017e-02 7.045305085678894852e-02
2.260463472542374730e-02 7.076756423339247704e-02
2.202260574098503093e-02 6.346930113310615684e-02
2.135910454671829939e-02 6.605320811892549659e-02
2.112266690697694321e-02 6.472046812996268272e-02
2.112379737014254133e-02 6.282652541995048523e-02
2.118963686489435186e-02 6.034409192701181007e-02
2.079712019875905663e-02 7.551795182128746842e-02
2.090945176314562559e-02 6.895106068501870300e-02
2.093648133788604537e-02 6.832960216949383880e-02
2.133968579691163450e-02 6.638966749111811783e-02
2.106647038301669508e-02 6.903291027992963791e-02
2.086002401043769369e-02 6.827783926079671051e-02
2.049151870562846561e-02 7.088080669442813064e-02
2.002110368258125037e-02 7.753001339733600616e-02
1.986224190223702044e-02 7.599579418698947098e-02
2.006685318761006892e-02 8.317427244037389755e-02
2.028823109495258778e-02 9.292797790840268135e-02
2.024382956699619790e-02 9.670840250328183174e-02
