2.149876899699249000e-01 nan
8.685570648621494805e-02 nan
7.919027991365731878e-02 nan
7.531657231199305469e-02 nan
7.349846767625067834e-02 nan
7.191597134238336686e-02 nan
7.111901011908562664e-02 nan
6.992366860007367957e-02 nan
6.872540999703653786e-02 nan
6.817759831276971882e-02 nan
6.652939697818421871e-02 nan
6.493222969016287927e-02 nan
6.344412548876390834e-02 nan
6.219485164733558336e-02 nan
6.038162132679689154e-02 nan
5.853308469238804879e-02 nan
5.682435593136200142e-02 nan
5.510438088804665152e-02 nan
5.279406353763145543e-02 nan
5.188628398563440575e-02 nan
5.011377250775694847e-02 nan
4.828836204393244236e-02 nan
4.648770598081371913e-02 nan
4.500949791087428126e-02 nan
4.374508406376329678e-02 nan
4.247631884475306513e-02 nan
4.089105651123312729e-02 nan
3.979907873109346517e-02 nan
3.856817141129839643e-02 nan
3.767787694658448344e-02 nan
3.682634858528106847e-02 nan
3.656011891392309254e-02 nan
3.627163296133825016e-02 nan
3.449203135025483147e-02 nan
3.316042304788602291e-02 nan
3.251205246736545151e-02 nan
3.186269383877515793e-02 nan
3.173680407017832883e-02 nan
3.169119558808189407e-02 nan
3.084695372423838441e-02 nan
3.054818705791925368e-02 nan
3.104263491269837125e-02 nan
3.066219898826647028e-02 nan
2.958432658541402388e-02 nan
2.874110108127862773e-02 nan
2.831443314576839385e-02 nan
2.858082320336706797e-02 nan
2.814160753893325123e-02 nan
2.737707062340455008e-02 nan
2.669074685914759812e-02 nan
2.726288892828473281e-02 nan
2.751034699811986256e-02 nan
2.742361856295113740e-02 nan
2.682366656571081448e-02 nan
2.612087648452782185e-02 nan
2.583647896706058392e-02 nan
2.532325365308036105e-02 nan
2.572178703494279114e-02 nan
2.561729640427340762e-02 nan
2.529514021319678035e-02 nan
2.428844739489893420e-02 nan
2.367931405627509561e-02 nan
2.327364526984350077e-02 nan
2.342194972400803502e-02 nan
2.403751002034036285e-02 nan
2.340909928117492628e-02 nan
2.301895402360525783e-02 nan
2.243627092755604013e-02 nan
2.217323045961831426e-02 nan
2.159603108742796929e-02 nan
2.120917636855709776e-02 nan
2.169971479523200020e-02 nan
2.189486440293854363e-02 nan
2.135019669899853104e-02 nan
2.123591841891317097e-02 nan
2.091629548202745756e-02 nan
2.067731897539754407e-02 nan
2.010231643699382162e-02 nan
2.027670785546211926e-02 nan
1.972552991426754221e-02 nan
1.957022015959387906e-02 nan
2.019234999117055368e-02 nan
2.109545755495385519e-02 nan
2.018897659883539183e-02 nan
1.960875375321271055e-02 nan
1.929092699116686377e-02 nan
1.898954648286013333e-02 nan
1.903092062736793169e-02 nan
1.872334855029404721e-02 nan
1.913904134047831121e-02 nan
1.831305796059030239e-02 nan
1.751264019744334585e-02 nan
1.749895744184713428e-02 nan
1.754406403051689267e-02 nan
1.759387862090611848e-02 nan
1.731705581542195352e-02 nan
1.737701948788925727e-02 nan
1.796700966135576089e-02 nan
1.830677559071152219e-02 nan
1.712912221995704920e-02 nan
