1.833498866925405979e-01 9.325215406715869904e-02
7.696073463316573104e-02 8.226756968845923279e-02
7.047837996465522448e-02 7.856855945040781830e-02
6.772401700944227776e-02 7.646850217133760452e-02
6.517878465007903577e-02 7.213708447913329269e-02
6.101750332840480406e-02 6.751267549892266129e-02
5.794632276736719906e-02 6.628344611575205658e-02
5.490350068091999491e-02 6.650954267630974914e-02
5.224898320536107421e-02 6.680115374426047470e-02
4.994285654623147747e-02 6.699908711016178131e-02
4.728172888957657416e-02 6.941208429634571075e-02
4.546831977596983015e-02 7.018120959401130676e-02
4.430629008687859277e-02 7.094491024812062119e-02
4.309546038898270925e-02 7.302825059741735458e-02
4.156180910852759480e-02 6.857482468088467453e-02
4.040290164587975741e-02 7.178906910121440887e-02
3.890648168013539215e-02 7.282929805417855118e-02
3.734451024468208452e-02 7.259819253037373687e-02
3.619872711512238384e-02 7.727045441667239334e-02
3.595150279444317420e-02 8.031084512670834397e-02
3.553996556221918762e-02 8.240658200035493042e-02
3.457297387446255088e-02 8.416248609622319077e-02
3.395343425163869361e-02 9.126162901520729065e-02
3.332136657771243154e-02 8.520646734784047271e-02
3.250134999181555212e-02 8.987413750340540741e-02
3.201299260890241166e-02 9.064390261967976425e-02
3.169566876157511870e-02 9.002243541181087494e-02
3.074802891459576040e-02 9.165256874014933441e-02
3.004783574156030118e-02 9.709810341397921707e-02
3.028423449587683280e-02 8.654971451809008454e-02
3.059903025453867068e-02 8.016491277764241363e-02
2.974852187786424657e-02 1.050137899195154462e-01
2.950684156073907216e-02 7.952036848291754723e-02
2.922001471309814205e-02 1.017478021482626643e-01
2.835292459822931141e-02 8.665219228714704514e-02
2.783724734678777804e-02 9.653509004662434723e-02
2.718532188838824332e-02 1.017326787114143372e-01
2.686616411800821225e-02 1.116483804459373202e-01
2.682305475816043963e-02 9.774117854734261368e-02
2.677540563393470893e-02 8.751608136420448159e-02
2.610236975136970977e-02 9.542298611874382164e-02
2.593278110319705357e-02 8.801833943774302338e-02
2.546284927412607521e-02 8.130520287280280922e-02
2.468388833018929363e-02 9.838514899214108322e-02
2.469769448345137189e-02 9.302270164092381333e-02
2.439229219047309508e-02 9.378598971913258697e-02
2.424173663792655170e-02 8.181640319526195526e-02
2.358417946108898322e-02 9.521735506132245064e-02
2.312091056279145032e-02 9.430622790629665519e-02
2.280338917490701278e-02 9.558609221130609512e-02
2.233703581204767724e-02 9.829991264268755913e-02
2.243880537165285696e-02 9.045383163417379524e-02
2.214627966912853171e-02 9.878996666520833969e-02
2.189180702729107489e-02 1.107685887254774570e-01
2.185109501087301523e-02 1.184282023459672928e-01
2.180275969548410922e-02 1.073026843369007111e-01
2.164247313915037066e-02 8.798165681461493637e-02
2.190907527205296010e-02 9.983433689922094345e-02
2.126154804678070595e-02 7.441804728781183098e-02
2.063791665957893928e-02 1.136478027328848839e-01
2.063022201425980529e-02 9.082831628620624542e-02
1.994133496055985888e-02 9.927401443322499131e-02
1.991892561890444904e-02 9.604591596871614456e-02
1.978846554249135206e-02 1.187738336933155808e-01
1.995006212991727243e-02 1.077381259140868935e-01
1.978592272593401521e-02 1.197426896542310715e-01
1.934482811728145679e-02 1.200392243141929355e-01
1.931941716899272452e-02 1.265290187050898962e-01
1.936369996279651423e-02 1.208031844968597140e-01
1.904745927205049247e-02 9.323271332929532196e-02
1.833617143322129051e-02 9.891086832309763099e-02
1.866890132416386405e-02 1.066382150165736675e-01
1.836319139692932367e-02 9.705540087694923546e-02
1.804029379381126910e-02 1.113482210785150528e-01
1.827628429177715480e-02 1.102850278839468956e-01
1.817270826689119240e-02 1.307115412006775446e-01
1.778235779614945750e-02 1.000472626959284100e-01
1.808602900276783457e-02 9.422311217834551667e-02
1.863512502533795287e-02 1.096859378740191460e-01
1.767790670842365325e-02 1.220698286779224873e-01
1.681795488463628044e-02 1.279943572978178568e-01
1.676267526534840763e-02 1.083721867762506008e-01
1.635541737236645768e-02 1.203438237619896684e-01
1.672891131196127881e-02 7.850055086115996505e-02
1.688252052232666264e-02 1.304041637728611536e-01
1.610340988046901275e-02 1.040817682320872989e-01
1.595997308965685715e-02 1.114698637587328706e-01
1.596796071173103501e-02 9.455989642689625885e-02
1.663300908186884572e-02 1.045489615450302806e-01
1.679168577538803220e-02 8.682042158519227837e-02
1.611201285633670141e-02 1.184066977972785678e-01
1.516878255778317253e-02 1.173425579133133140e-01
1.492678303255288129e-02 1.438904860988259315e-01
1.500643797484118268e-02 1.462905441100398607e-01
1.487569135294274265e-02 1.171733848750591278e-01
1.482382188767714624e-02 1.175391160262127671e-01
1.472835969937921936e-02 1.416271616083880358e-01
1.481340730801051359e-02 1.384493599956234389e-01
1.463172833305285449e-02 1.444551857809225626e-01
1.463882042349554449e-02 1.027880188388129029e-01
