2.069061145231854693e-01 1.169234657039244923e-01
9.086220016384996545e-02 1.136294121129645257e-01
8.643444350398168941e-02 1.088910862389537992e-01
8.402604120215628747e-02 1.045573415855566707e-01
8.179279721183020657e-02 1.000993558102183933e-01
7.635153684106360528e-02 9.296856510142485763e-02
7.133824079547350372e-02 8.481174034790860128e-02
6.947210793406134732e-02 8.017268952810102656e-02
6.824224008951426668e-02 7.930246916496092036e-02
6.737309546641460922e-02 7.713653830190499161e-02
6.667019494968216831e-02 7.664187573310402013e-02
6.564504957031004617e-02 7.438201943619383860e-02
6.510322401300072670e-02 7.476668753143814183e-02
6.418521884578938519e-02 7.331484194017118261e-02
6.332991919025959815e-02 7.240227144211530685e-02
6.240335796823406889e-02 7.165837929480606272e-02
6.161267476201784388e-02 7.027585152536630630e-02
6.050999722693387733e-02 6.854293526460726593e-02
5.887523657506013586e-02 6.749460732357369375e-02
5.717222160296287631e-02 6.485818574825923111e-02
5.519008295746838377e-02 6.621491991811329081e-02
5.360413693096034715e-02 6.369120756992036059e-02
5.159337025862641146e-02 6.123213242325517558e-02
4.953233836355006026e-02 6.060319554267658282e-02
4.783749763808417543e-02 6.071833717740244413e-02
4.643161911176654083e-02 6.178229478084378695e-02
4.519400312905994671e-02 6.412746565830376722e-02
4.408171220409979468e-02 6.785788149055507756e-02
4.300875162773924731e-02 7.205451548927360728e-02
4.202955718174940236e-02 7.686616982229882433e-02
4.105258825030631831e-02 7.812024637435872887e-02
4.010784327870280108e-02 8.115626887107889320e-02
3.920878636900607811e-02 8.186720942871437978e-02
3.841589767735723721e-02 8.331381446785396383e-02
3.759364692335266656e-02 9.166096994239422702e-02
3.687543515399915872e-02 9.233391807518070982e-02
3.630207425619407652e-02 8.185896199817459251e-02
3.648240295261508115e-02 8.861970311651627685e-02
3.504197326454720068e-02 8.271219415797127772e-02
3.403819848147288801e-02 8.165366161200734996e-02
3.309255876442099287e-02 8.484493221880660963e-02
3.249665529455807861e-02 9.661954004938404228e-02
3.214210753113303648e-02 9.574263672240906908e-02
3.155162252724261207e-02 8.055379562493827916e-02
3.089340077997071790e-02 1.101864099295602889e-01
3.051845689883410373e-02 1.157873054552409353e-01
3.083313976005628426e-02 7.435223993120922137e-02
2.992886002175509930e-02 1.069764726691775913e-01
2.940529399755887827e-02 1.109225872076219921e-01
2.947718914450577973e-02 9.260752362509568070e-02
3.066535109495062764e-02 7.201133958167499349e-02
2.963661655738222822e-02 7.807435560971498489e-02
2.892147538127241499e-02 1.177935251552197637e-01
2.909249733713251129e-02 7.073108044763405655e-02
2.815644054889406347e-02 7.972191155163778353e-02
2.766113788764015119e-02 9.241438620827263639e-02
2.741814300520118569e-02 1.034437438162664619e-01
2.740941925269619814e-02 1.137503592504395394e-01
2.694864225255825044e-02 7.653740317457252695e-02
2.693191309539010730e-02 9.800236573856738187e-02
2.669795106233256721e-02 1.028645665177868457e-01
2.638613945725033078e-02 6.492944998252722644e-02
2.589844268599025487e-02 7.910514747103054856e-02
2.539478587100237050e-02 8.355244838943083618e-02
2.500352481800335869e-02 7.920840636102689791e-02
2.463045058113227589e-02 1.307954824426107998e-01
2.511726246249475908e-02 8.454497267181675102e-02
2.476043024997613001e-02 9.715770216037829254e-02
2.471328780577495415e-02 7.145586770234836627e-02
2.406503797917649429e-02 7.565778504229253576e-02
2.354822868606211775e-02 1.038661038296090217e-01
2.324291505771348271e-02 6.945391930639743805e-02
2.317510168749566460e-02 8.524408579493562843e-02
2.296323798278846265e-02 8.289226113508145477e-02
2.286111109992262219e-02 1.422811791611214571e-01
2.371363518986760108e-02 6.579880504351523496e-02
2.387709302044041873e-02 1.207488238190611157e-01
2.288795796665930860e-02 1.076917934438420682e-01
2.213331244931351915e-02 9.704105307658512924e-02
2.192114690523140272e-02 9.204990308110912178e-02
2.150920789870547009e-02 1.048907619487080278e-01
2.139873806069173337e-02 1.070325701083573999e-01
2.119224888227153047e-02 1.015608583370016665e-01
2.119637056390141425e-02 9.688237055929170560e-02
2.058960882117744778e-02 1.007404664220909324e-01
2.047999150676244051e-02 8.448602036676472471e-02
2.101502961638133590e-02 1.277429727940923576e-01
2.073556733056448539e-02 1.203073729864425068e-01
2.050866584418477648e-02 1.218582908105519114e-01
1.976164802057078090e-02 1.518953569854299135e-01
1.977542883478014199e-02 1.148868657959004197e-01
1.990463810109692477e-02 1.353865278263886862e-01
1.957246182463699691e-02 1.189988475913802829e-01
1.904719001783921131e-02 1.459641206699112959e-01
1.924420895747749535e-02 1.300238980911672115e-01
1.910378566301405151e-02 1.227399079749981609e-01
1.890060476527163219e-02 1.334905740287568865e-01
1.885476409991430902e-02 1.549287618448337012e-01
1.898230574513989910e-02 1.037370915938582716e-01
1.870904213652332601e-02 1.301984928755296478e-01
