3.304216604853092432e-01 1.331033539026975632e-01
1.036894543659548362e-01 8.996616490185260773e-02
8.305259121495277286e-02 7.976631944378216599e-02
7.544022161773471236e-02 7.396538897107045318e-02
6.995443113927923839e-02 6.942996475845575333e-02
6.549411011469918886e-02 6.738610410441954468e-02
6.233878932936593592e-02 6.698797922581434250e-02
5.997773595587458512e-02 6.489989844461281632e-02
5.795314817061258256e-02 6.398035803188879822e-02
5.586331535325667064e-02 6.369137391448020935e-02
5.386379679535017312e-02 6.292460206896066666e-02
5.202826142830904027e-02 6.107682952036460472e-02
5.055368339188050231e-02 6.004615779966115952e-02
4.888286919679579040e-02 6.409731693565845490e-02
4.729259820914892554e-02 6.641388901819784973e-02
4.559075061318486333e-02 7.009139160315196182e-02
4.385470595687281092e-02 6.910190731287002563e-02
4.262722953395961523e-02 7.064033548037211563e-02
4.223632673343080679e-02 7.563405577093362808e-02
4.107365632148156365e-02 7.986998589088518952e-02
4.125276729356237848e-02 7.766067267705996369e-02
4.130419319343948265e-02 7.504106871783733368e-02
3.956201696378547350e-02 8.237895540272195671e-02
3.838722310353850226e-02 7.644466062386830185e-02
3.809777890375360548e-02 7.524744172890980576e-02
3.672555998660797377e-02 8.322624117136001587e-02
3.617199469455192884e-02 9.125405829399824142e-02
3.615830784262872438e-02 8.274771676709254120e-02
3.552942248440325856e-02 7.744211951891581680e-02
3.475308002427567045e-02 7.379428825030724670e-02
3.422739691382577221e-02 1.051053140933315005e-01
3.378422982276006042e-02 7.589393295347690582e-02
3.300947175621120333e-02 9.237851947546005249e-02
3.357066063015440305e-02 9.852999976525704529e-02
3.223018369063475330e-02 7.407195617755253647e-02
3.204436091771132450e-02 8.213609146575133468e-02
3.191321319900453091e-02 7.401251311724384163e-02
3.226735946711499492e-02 8.002961101010441780e-02
3.180014675071592828e-02 6.851531394446890022e-02
3.113638963496182660e-02 8.387006120756268501e-02
3.044970649521971245e-02 7.133735902607440948e-02
3.030507911949656755e-02 8.518283627927303314e-02
3.049097080758318007e-02 8.753669261932373047e-02
3.070215085727097740e-02 6.194552872329950333e-02
2.962365502567398598e-02 7.068269544591505860e-02
2.894657888438899318e-02 8.486375336845715378e-02
2.851282694745202462e-02 9.085565370817978714e-02
2.829103048641754339e-02 9.263047731171052124e-02
2.808856997411524753e-02 8.684758655726909637e-02
2.795430589304847072e-02 8.791298915942509506e-02
2.843981225390073905e-02 6.346397877981264923e-02
2.863077585704537978e-02 7.017060089856386185e-02
2.821119838979008546e-02 6.898250725741188194e-02
2.768147102459658782e-02 7.128132274374365807e-02
2.770674080306360920e-02 5.950964816535512375e-02
2.683594817468939672e-02 6.875774264335632324e-02
2.620347336930937618e-02 7.925892062485218048e-02
2.593698465741824111e-02 9.000679617747664452e-02
2.571853026097943584e-02 6.684389089544613693e-02
2.628132555265585979e-02 8.586031912515561249e-02
2.516585470956944973e-02 8.358651337524254654e-02
2.512929273693454216e-02 8.852842791626851227e-02
2.533220455353689740e-02 1.030457210727035999e-01
2.479889255211970012e-02 1.010385494058330808e-01
2.455955091593137185e-02 8.089848499124248360e-02
2.392003006236844212e-02 8.669596149896581505e-02
2.333444537226717075e-02 7.990069904675085877e-02
2.328053855629594673e-02 9.811532249053318833e-02
2.348149965008244217e-02 9.257120282078783180e-02
2.351204328087353260e-02 6.771891191601753235e-02
2.264580480905986279e-02 8.610147408520181511e-02
2.214445378414766838e-02 8.028653947015602921e-02
2.201933140303333203e-02 8.164541066313783790e-02
2.187107202900183747e-02 8.385528717190027237e-02
2.198004509257369191e-02 7.172542794918020104e-02
2.239781996874181877e-02 6.850925879552960396e-02
2.266204529604333093e-02 7.353576909129817818e-02
2.212467386798803309e-02 8.881959676121671532e-02
2.082088852279581279e-02 8.136057077596585418e-02
2.061628415465874622e-02 9.129709098488092422e-02
2.034293053682546815e-02 8.775016153231263161e-02
2.003944802996810923e-02 9.323735659321148728e-02
2.004291893654438009e-02 9.585529752075672150e-02
1.979830597938839892e-02 7.852414421116311882e-02
1.996193458813480884e-02 7.910752513756354187e-02
1.984998431370788366e-02 7.798032524685065414e-02
1.981505940310917049e-02 7.376946384708087112e-02
1.991974069401188790e-02 7.275739948575694893e-02
1.933742172712850024e-02 7.664660286779205467e-02
1.961095702866915216e-02 7.643881347030401230e-02
1.929412133921327641e-02 8.227608927215139534e-02
1.900912201313605110e-02 8.707177887360255386e-02
2.089603310505058070e-02 6.227030760298172402e-02
2.002854621156963458e-02 9.915221001332004402e-02
1.939247698837154657e-02 9.250254199529688026e-02
1.869415741976956924e-02 7.656990534936387871e-02
1.779637497384101152e-02 7.719139490897457268e-02
1.737990467619627416e-02 7.482835122694571350e-02
1.697672717950068563e-02 8.412722203259666298e-02
1.698061366440988332e-02 7.602239369104306366e-02
1.753425865764404734e-02 8.532412924493353035e-02
1.760675554938051154e-02 8.270535944029688835e-02
1.784866883793066045e-02 7.537480971465508606e-02
1.785031022222409447e-02 7.137839434047539566e-02
1.761148144290674081e-02 6.841269461438059807e-02
1.741945415567390174e-02 8.720966925223667954e-02
1.654253250697280964e-02 8.256391358251373436e-02
1.605735721369815419e-02 8.247761940583586693e-02
1.625111520149593453e-02 9.429742908105254173e-02
1.683478198978010168e-02 7.483110126728813316e-02
1.661577536507921268e-02 8.736366902788479660e-02
1.624489707606953035e-02 7.671101360271374847e-02
1.638178301834349732e-02 7.047174917533993721e-02
1.661554800054101597e-02 6.474109149227540161e-02
1.626172849534859161e-02 6.646054082860548828e-02
1.601965758992835581e-02 8.023468730971217155e-02
1.567777485158944328e-02 7.627367895717422630e-02
1.519980497095127503e-02 7.005751893545190956e-02
1.512961490702447072e-02 7.920512386287252571e-02
1.526303344330382124e-02 8.286087742696206238e-02
1.548078858028274253e-02 7.315556456645329331e-02
1.552776977430682555e-02 8.042987963805596496e-02
1.541948613986849487e-02 7.349164721866448258e-02
1.614749337394916565e-02 7.079671230167150497e-02
1.512139994342443124e-02 1.012982546041409221e-01
1.478350224639397338e-02 9.777870541438460350e-02
1.458668559221117621e-02 9.491501453643043373e-02
1.476669216360680312e-02 9.152854932472109795e-02
1.493597542460964496e-02 8.248296566307544708e-02
1.488899892510109867e-02 7.668172537038724090e-02
1.530399631308175176e-02 6.844486389309167862e-02
1.473585864242036268e-02 6.862954205522935058e-02
1.394086105743596454e-02 7.806490470344822075e-02
1.371541408128863077e-02 7.241238219042618607e-02
1.356028576332772573e-02 8.234112399319808151e-02
1.353611354716122150e-02 9.000248710314433243e-02
1.351934358569641809e-02 9.035077551379799843e-02
1.346824623557717378e-02 8.048538397997617722e-02
1.347822188480952109e-02 8.423750335350632668e-02
1.437792401398033972e-02 6.955643789842724800e-02
1.450814174076672271e-02 7.753192788610856201e-02
1.351584518615286425e-02 8.232844326024253701e-02
1.289270245497179876e-02 9.195408861463268135e-02
1.274508581940777749e-02 8.404904495303829048e-02
1.266777000476627772e-02 1.172610119295616898e-01
1.264061708393138424e-02 7.623647976045806740e-02
1.284986556247743120e-02 7.026596181094646454e-02
1.289256081813513165e-02 7.036971564715106819e-02
1.284195799759567554e-02 8.829422233005364273e-02
1.239662961547024697e-02 7.315470666314165260e-02
1.238479443858269378e-02 7.527045486494898796e-02
1.242059774474825636e-02 9.644172604506213997e-02
1.226167544603434453e-02 1.016841779152552333e-01
1.217190612670640548e-02 7.654176512733101845e-02
1.217932845628278901e-02 9.605648570383588936e-02
1.219783461284498771e-02 8.695571807523568009e-02
1.220001013906196058e-02 8.042233266557256843e-02
1.235517124011896103e-02 1.134849973022937775e-01
1.244509194945093468e-02 8.759860321879386902e-02
1.191831714349127387e-02 9.162853394324581291e-02
1.163850708723847965e-02 7.940876561527450417e-02
1.168873888267160828e-02 8.542787625143925812e-02
1.152725819075956643e-02 8.043603723247845505e-02
1.185986343202679281e-02 8.511357040454943512e-02
1.194632095338906720e-02 8.010084057847659256e-02
1.158855489974971488e-02 7.890462006131808426e-02
1.162401028112833301e-02 8.401626845200856064e-02
1.146127833161762928e-02 9.005202570309241150e-02
1.134004108716062283e-02 9.894037324314315651e-02
1.135981611387674138e-02 8.594682424639661644e-02
1.126576811115820483e-02 8.055191409463684227e-02
1.118099755001102785e-02 8.263291030501325463e-02
1.097547129164774815e-02 7.908723006645838882e-02
1.086453351647008285e-02 9.518209705129265785e-02
1.085397163081134458e-02 9.195786931862433289e-02
1.094461379905751174e-02 9.715623625864584778e-02
1.076675423889334252e-02 7.934462372213602066e-02
1.056197253976363763e-02 8.501706986377637054e-02
1.049519320516738817e-02 8.095727923015753891e-02
1.068637445623185113e-02 8.144065861900647019e-02
1.067659692015758728e-02 7.118136187394459580e-02
1.062411424801359972e-02 8.894761543100078438e-02
1.040895116315115020e-02 1.002532917385299954e-01
1.034158983925725743e-02 1.142422620517512116e-01
1.040117889114785567e-02 8.799769667287667130e-02
1.004148408063947236e-02 8.988975966349244118e-02
1.024109072750434279e-02 1.058982244382302013e-01
1.008825984561469331e-02 9.566182736307382584e-02
1.020689327933089162e-02 9.653974541773398255e-02
1.003299214265330856e-02 9.373594013353188370e-02
9.887495549899243813e-03 7.873248308897018433e-02
1.000928457590838025e-02 7.464988700424630974e-02
9.869004800092688948e-03 1.092754282678167072e-01
9.654599870690469196e-03 1.164301785950859341e-01
9.828987081269842385e-03 9.812513645738363266e-02
9.875515741864652683e-03 8.878254083295662735e-02
9.580778839949215947e-03 8.956473693251609802e-02
9.171440998406344899e-03 8.872019670282800530e-02
9.186896540192064642e-03 9.195308076838652755e-02
9.424456796570963163e-03 9.961482215051849221e-02
