2.611889000300590680e-01 1.277802371316485996e-01
1.113748365059131495e-01 1.030734200030565262e-01
9.318712762579685338e-02 9.387456791268454503e-02
8.392266175005494433e-02 8.829930300513903763e-02
7.981187913839410397e-02 8.572248741984367371e-02
7.796155512560068446e-02 8.444401476946142293e-02
7.706325653395275366e-02 8.450551776008473348e-02
7.638005641993225736e-02 8.408724847767087840e-02
7.580968867078786977e-02 8.374944970839554026e-02
7.528432770972935673e-02 8.295624403076039266e-02
7.476562451253213060e-02 8.280073375337654307e-02
7.426392062135585281e-02 8.176722170578108739e-02
7.373971596541928353e-02 8.162402454763650894e-02
7.307883230515005435e-02 8.035157983087831690e-02
7.210107023895877265e-02 7.751514441851112269e-02
7.022166722340554557e-02 7.469123674349652242e-02
6.715370636297071649e-02 7.117293050719632197e-02
6.494654625336207521e-02 7.001219772630268290e-02
6.324606916935342216e-02 6.875537915362252284e-02
6.166179327112508712e-02 6.819716437409321930e-02
6.020043311050025242e-02 6.687683094706800557e-02
5.876191486263784153e-02 6.641368547247515630e-02
5.747751938179135323e-02 6.583013457970486593e-02
5.604324960036248526e-02 6.509713021417458390e-02
5.459678905062013976e-02 6.563710359235604141e-02
5.323000340836077371e-02 6.616535182628366374e-02
5.195616824529701583e-02 6.761186952806180761e-02
5.081359042627055234e-02 7.020062880797518778e-02
4.974645249568289407e-02 7.463951336426867533e-02
4.868622592695784346e-02 7.763846942947970342e-02
4.765083100192430560e-02 8.228403236716985703e-02
4.678583550607649105e-02 8.537050005462434865e-02
4.614195942583425997e-02 9.071148414578703023e-02
4.500478908147027141e-02 9.781602438953188039e-02
4.402029331455507150e-02 9.823052988698084687e-02
4.345292925107770154e-02 1.043416342387596812e-01
4.193973678118753656e-02 9.952640585187408351e-02
4.176456728813851549e-02 1.041633970000677700e-01
4.094384248913606611e-02 1.046763736651175614e-01
4.021105158892346321e-02 1.064737682334250812e-01
4.023866167451005393e-02 1.099027070320314770e-01
4.003151825333877561e-02 1.062109415005478563e-01
3.941929579439868575e-02 1.056023528799414635e-01
3.744639733965259010e-02 1.076055667363107204e-01
3.677564265672117472e-02 1.234049465921190081e-01
3.626012245034117287e-02 1.058264571345514660e-01
3.619287921138471253e-02 1.245373537143071446e-01
3.544931504137178307e-02 9.832451368371646072e-02
3.576309365368016829e-02 1.298850901010963621e-01
3.534361197068015131e-02 9.838895023696953013e-02
