3.128387155806327535e-01 1.091664317581388655e-01
9.255183062220855017e-02 9.107293747365474701e-02
8.108805210852040868e-02 8.673754893243312836e-02
7.581248590949832278e-02 8.276515329877535965e-02
7.260652596880567966e-02 7.910621683630678080e-02
7.050482808930300105e-02 7.879355363547801971e-02
6.888147352672205348e-02 7.684670098953777506e-02
6.762657664352800246e-02 7.577717521538336609e-02
6.691447848726700398e-02 7.544829830941227056e-02
6.606853280852480192e-02 7.480033528473642446e-02
6.530472339789678005e-02 7.408927381038665771e-02
6.496101716056285058e-02 7.324372314744526102e-02
6.453498849849693964e-02 7.295741637547810410e-02
6.372565742036918890e-02 7.270290485272805359e-02
6.306991190081689957e-02 7.243691788365443085e-02
6.248997666350588481e-02 7.214988136870993662e-02
6.182190499881782403e-02 7.158027278880278732e-02
6.102876658778547125e-02 7.125180587172508240e-02
5.974501533229358008e-02 7.105586274216572906e-02
5.816677273478268462e-02 7.132852408621045970e-02
5.805908247442325559e-02 6.619559901042117167e-02
5.419286279144083784e-02 6.506665940913888835e-02
5.243041012549727597e-02 6.364172283146116160e-02
5.089984517317355794e-02 6.281258600453536178e-02
5.043533476205860899e-02 6.124183142350779485e-02
4.924184820478463842e-02 6.216482569773992134e-02
4.831380749734618535e-02 6.223752308222982310e-02
4.699583356155127845e-02 6.259762971765464590e-02
4.597672754785091243e-02 6.269640837692552759e-02
4.490612586960196495e-02 6.265099377681811188e-02
4.381141555495560169e-02 6.266716624506646349e-02
4.263404999269036072e-02 6.407880658904711868e-02
4.148020416430038548e-02 6.474991297970215942e-02
4.044460188938168305e-02 6.749553062642614509e-02
3.934237057706568147e-02 6.987455440685153008e-02
3.841116923623059259e-02 7.300317680670155573e-02
3.739790634888156412e-02 7.570056436169478320e-02
3.657462167633106914e-02 7.592041981923910998e-02
3.579956454667830579e-02 7.960607515027125214e-02
3.491498598624474814e-02 8.393322283195124578e-02
3.428929448184534629e-02 8.691837250565488671e-02
3.411371146737620513e-02 8.610226772725582123e-02
3.403557645066118686e-02 8.954752883356478788e-02
3.306484546103492100e-02 1.036183765778938975e-01
3.400594623554951956e-02 6.925209559914138890e-02
3.384926097706050796e-02 1.033497574842638378e-01
3.242632972712560652e-02 1.084961881343689261e-01
3.156957486871539431e-02 1.209997967299487887e-01
3.107329352372666803e-02 1.177567942067980766e-01
3.135432398071649057e-02 9.879369195550680161e-02
