2.239767873841451429e-01 1.116922432901682610e-01
9.705804093793882203e-02 9.945357108005771496e-02
8.972779397163690995e-02 9.164864273258933880e-02
8.449966397621040681e-02 8.684573170763475181e-02
8.161145394168249634e-02 8.429658109391177656e-02
7.974019006076382698e-02 8.426779177453783132e-02
7.798101301721441225e-02 8.191611866156260635e-02
7.611689913442463984e-02 8.067010274087940691e-02
7.267851736850855504e-02 7.709488100199787808e-02
6.991463220428402459e-02 7.457896653148862742e-02
6.765124614433787320e-02 7.288919133996521471e-02
6.617400357575435599e-02 7.111191308056866167e-02
6.418237230187751052e-02 7.189666962733974598e-02
6.267427322946912682e-02 7.378178724536189892e-02
6.123933510673118530e-02 7.263935143472971534e-02
5.965662556056811755e-02 7.122950745677505968e-02
5.830880716761074195e-02 7.038674206921348431e-02
5.736327921305366812e-02 7.142715390633654071e-02
5.602560636428434437e-02 7.214482887475578976e-02
5.490339915003112498e-02 7.444530618549496936e-02
5.371072310272876488e-02 7.793055633427919959e-02
5.242852094333346619e-02 7.891119951037345315e-02
5.140667934939870815e-02 7.868015900668171025e-02
5.020035405045118054e-02 7.631304066766191052e-02
4.915458680607560221e-02 7.721135703225930069e-02
4.800742167252593229e-02 7.596612280165707110e-02
4.707532990118110106e-02 7.344834982521003530e-02
4.578673355357070623e-02 7.918319113000675535e-02
4.480643197894096375e-02 8.215968521242891787e-02
4.387717430926556250e-02 9.063127974945085763e-02
4.284795092009916623e-02 8.961592042059809970e-02
4.209759669772129842e-02 1.014223158773448763e-01
4.086061555710507331e-02 9.735114551666709803e-02
3.989022894671595543e-02 1.139221001002523603e-01
3.899945922165624218e-02 9.319740837370907305e-02
3.828164772698428725e-02 9.804183175718342302e-02
3.738618135543131382e-02 9.076298469746554853e-02
3.634723184660561962e-02 1.090080542489886284e-01
3.577747049824735875e-02 8.314028202935501433e-02
3.488656593206512779e-02 9.601611964818504430e-02
3.415611376266593224e-02 7.879812387680565355e-02
3.425420529769385158e-02 8.739039777881568716e-02
3.392392259310719055e-02 1.176316229005654607e-01
3.343844490988952256e-02 8.525089847130908061e-02
3.273044541720452477e-02 9.458067413005563639e-02
3.211367142772892508e-02 8.266726753639953851e-02
3.194320981951082050e-02 8.800219544382006931e-02
3.158693898628216201e-02 8.674598305865570402e-02
3.099009483802791023e-02 9.836396968199147273e-02
3.036725519384007518e-02 8.658603730577009439e-02
