2.008550266576249466e-01 1.035874720524858489e-01
9.013909128744428123e-02 9.316657069656583690e-02
7.968555563470212932e-02 8.359502455978481961e-02
7.549931304302157087e-02 8.086043106461013319e-02
7.354747140174353048e-02 8.057308886890057753e-02
7.194575556076882039e-02 7.994943125932305050e-02
7.088407565559434742e-02 7.794628823520960426e-02
6.979864335626484451e-02 7.735024972094430018e-02
6.954700166995568533e-02 7.586068901474829484e-02
6.831233795898837557e-02 7.493126751096160221e-02
6.711033839596117212e-02 7.428977942025219439e-02
6.615131014079703164e-02 7.206108993678181363e-02
6.420909608827858606e-02 7.070277941723664139e-02
6.171988187039770951e-02 7.208540959766616962e-02
5.886021151578402222e-02 6.579566753848835325e-02
5.677256379579383172e-02 6.261363639323799801e-02
5.431657100126632137e-02 6.222349557059782266e-02
5.271584865432686617e-02 6.151115687357054662e-02
5.109871964053652044e-02 6.189798163595022773e-02
4.958392744429591242e-02 6.346669358511765335e-02
4.825761836643020081e-02 6.431535251990512514e-02
4.691538099971849507e-02 6.546117261879974558e-02
4.550135268155879043e-02 6.695827641696841526e-02
4.392977150883979609e-02 7.120910666331096983e-02
4.267191970190865880e-02 7.492421808894034196e-02
4.148077675921282154e-02 8.030194106201331283e-02
4.044647419037736280e-02 8.619480659426362323e-02
3.914987745626670457e-02 8.980080354268904497e-02
3.801965599925052897e-02 8.240951539051753760e-02
3.684915798504238837e-02 8.036410349800630903e-02
3.605847321715720949e-02 8.356209740870529368e-02
3.488218359558320492e-02 9.198408470385605051e-02
3.343722497385630960e-02 9.123926678741420271e-02
3.254802173715296704e-02 8.758988545310718299e-02
3.192125138925100414e-02 9.416843943849757814e-02
3.164775378252493443e-02 9.467378541551253746e-02
3.105293958811316396e-02 8.685073856678274251e-02
2.995356683225590400e-02 8.082853405977841188e-02
2.963690450452874034e-02 7.621972114537600707e-02
2.914121201095299860e-02 7.732170202803832770e-02
2.937208481579716216e-02 8.084599849664503290e-02
2.864578886835919200e-02 7.399781431174939916e-02
2.773078870429558987e-02 8.231468098583044624e-02
2.731316451861606417e-02 7.382965336243312027e-02
2.693981795412738259e-02 7.671450378580225993e-02
2.678524713766405191e-02 6.616560262800366687e-02
2.655824589376466413e-02 9.227641251076150464e-02
2.561584561003175248e-02 9.278657904791610955e-02
2.507204803206571769e-02 1.140978394628122949e-01
2.474049959384752931e-02 7.044430673812274168e-02
