2.141958236975898544e-01 9.603729409476120804e-02
8.165535131512685618e-02 8.191995695233345032e-02
7.396171351374927760e-02 7.810216086606185104e-02
7.099999711567232807e-02 7.629148103296756744e-02
6.881348699937726854e-02 7.210574888934691284e-02
6.342808658603665828e-02 6.986392755061388016e-02
5.974917355275084774e-02 7.015703090776999329e-02
5.644301871422591904e-02 7.227042907228072022e-02
5.387346774101430674e-02 7.369442470371723175e-02
5.115476494308474759e-02 7.280343429495890473e-02
4.915127780851583084e-02 7.133354370792706345e-02
4.744162024431970021e-02 6.888651847839355469e-02
4.555242821617528498e-02 6.634949706494808197e-02
4.408575465014680922e-02 6.830965820699930191e-02
4.246918086590634883e-02 6.895715650171041489e-02
4.137024309399515987e-02 6.703542980055014755e-02
4.038820476920972069e-02 7.429472915828227997e-02
3.940667347646816671e-02 6.696446177860100601e-02
4.017626012805416286e-02 6.590215908363461494e-02
3.916989701128630041e-02 6.422651683290798996e-02
4.021091328197440307e-02 6.734709814190864563e-02
3.818512772924678028e-02 6.599242985248565674e-02
3.754732367950816552e-02 6.782410480082035065e-02
3.712519087157277464e-02 7.553690268347661163e-02
3.687788852013994256e-02 7.154837902635335922e-02
3.599374819287033678e-02 7.541798893362283707e-02
3.553645670154066682e-02 7.513358133534590866e-02
3.457020635467542707e-02 7.370991601298253204e-02
3.516253385541224380e-02 7.415484342103202675e-02
3.412269355274390181e-02 7.648026663810014725e-02
3.392151251521914601e-02 7.230652946357925270e-02
3.292552415324851572e-02 6.877185932050149109e-02
3.184808949604197442e-02 7.298010556648175384e-02
3.183412719734533131e-02 7.208487919221322204e-02
3.216496378529903194e-02 6.507360422983765602e-02
3.202139824726293882e-02 7.857769510398308899e-02
3.154461841683748463e-02 6.775560043752193451e-02
3.107668962437919527e-02 8.425542960564295913e-02
3.116205899683801780e-02 7.945515339573223923e-02
3.034897436669399540e-02 9.410206275060772896e-02
2.993446357039258182e-02 8.415335960065324639e-02
2.960839666166277875e-02 9.715243227158983086e-02
2.966751881095385998e-02 7.197217720871169899e-02
3.046490491887684365e-02 6.907530842969815399e-02
2.986123172436342538e-02 7.816997775807976723e-02
2.941367233464451184e-02 8.528593430916468765e-02
2.888347757547054043e-02 7.158807944506406784e-02
2.803432630905665010e-02 7.498858760421474312e-02
2.794400192418157458e-02 8.085361775010824203e-02
2.741604517376440217e-02 7.953747827559709549e-02
2.687981724197608183e-02 8.907498636593420838e-02
2.677547999083735794e-02 9.681642179687817429e-02
2.701858470357174774e-02 1.078896874872346673e-01
2.688212811860234142e-02 1.003372169410188947e-01
2.661341398705316733e-02 1.265006403749187880e-01
2.657341218802558233e-02 1.519860074234505587e-01
2.681875202349971732e-02 1.136989092143873420e-01
2.647692742919939210e-02 1.055835885927081108e-01
2.565121314715767403e-02 1.087642782367765903e-01
2.563528361903546701e-02 9.294282443200548027e-02
2.570133939721123278e-02 1.101465889563163075e-01
2.457671596257145902e-02 1.238656227166454044e-01
2.386548583190021763e-02 1.348976812635858946e-01
2.372999732155179481e-02 9.458852497239907120e-02
2.379143978523220321e-02 1.046032318845391273e-01
2.368657753889470696e-02 1.140646801019708362e-01
2.377431137422316224e-02 9.473291784524917603e-02
2.415453614991937975e-02 8.183342078700661659e-02
2.355451269216055771e-02 7.321780718242128227e-02
2.314076930566062729e-02 8.309329720214009285e-02
2.306917506854894509e-02 1.097523379139602184e-01
2.273392553040541261e-02 1.349276816472411156e-01
2.212303080108709782e-02 8.899392311771710251e-02
2.179225877490501007e-02 9.583594261979062889e-02
2.165007176078033099e-02 1.133977547287940979e-01
2.221284344315875570e-02 9.245190800478060578e-02
2.261915567959117343e-02 9.088107058778405190e-02
2.194690302036009580e-02 1.004514340311288834e-01
2.147607998191487441e-02 1.083625998968879428e-01
2.119776045329608768e-02 1.674531993145743913e-01
2.095636687929157416e-02 1.615921009021500654e-01
2.091875541305472652e-02 1.087113092653453350e-01
2.131315488314126233e-02 1.080927170502642837e-01
2.119031183010097047e-02 8.535407809540629387e-02
2.035395288298469732e-02 1.138250061000386920e-01
2.000596011896769305e-02 9.464429225772619247e-02
2.003057460777114829e-02 1.032263267164428983e-01
1.982787169575648059e-02 1.065475631815691743e-01
1.971230518376064847e-02 1.394578303831318922e-01
1.963235093632626285e-02 1.523381591153641634e-01
1.985265180836756627e-02 1.120619578287005424e-01
1.987696837953313589e-02 1.311219828203320503e-01
1.931603216609462798e-02 1.183179290965199471e-01
1.919707800748996288e-02 1.698183266756435328e-01
1.936647427528230200e-02 1.717784081896146231e-01
1.929542983389394631e-02 1.122406974124411788e-01
1.928774695599798361e-02 1.292565258530279093e-01
1.885502619078642875e-02 1.594173087117572718e-01
1.860208704601973295e-02 1.483556920041640692e-01
1.885877547347051750e-02 1.278280300709108419e-01
1.914380695589623302e-02 1.291089206933975220e-01
1.915923123069237372e-02 8.626456884667277336e-02
1.876029023375405322e-02 9.563854305694501068e-02
1.845304395591969987e-02 1.058208835311233997e-01
1.812550045419917405e-02 1.447078278288245201e-01
1.804659196153976172e-02 1.653985769177476473e-01
1.822359336074441671e-02 1.365570866813262396e-01
1.857547230780298014e-02 1.065403590910136700e-01
1.802871092276777526e-02 1.453691219600538320e-01
1.760278215637257199e-02 1.699105647082130022e-01
1.749217073936665257e-02 1.176022351719439030e-01
1.787238966451611122e-02 1.410301268721620149e-01
1.824204680959282468e-02 9.503609252472718094e-02
1.852726273855931013e-02 1.394130950793623924e-01
1.822952287905134708e-02 1.607428772064546652e-01
1.830393735720061213e-02 1.538913948461413383e-01
1.788655722914480120e-02 1.100489165013035092e-01
1.743882144855465194e-02 1.109059482502440658e-01
1.698027879573664814e-02 1.264750842625896043e-01
1.710413543095942041e-02 1.042351871728897095e-01
1.717325607395925671e-02 1.390235316939651966e-01
1.728106326786368191e-02 1.586045577811698026e-01
1.755082940000520994e-02 1.197633234163125310e-01
1.710399392407474170e-02 1.466343815748890334e-01
1.683336925330073536e-02 1.301518276644249850e-01
1.681603569683597088e-02 9.678977122530341148e-02
1.719457282397766212e-02 1.106878064262370315e-01
1.683165455307421635e-02 1.468760133720934391e-01
1.650288691717135062e-02 1.554297225860258036e-01
1.629460717518922339e-02 1.343162511475384235e-01
1.643750240327790380e-02 1.050134877053399834e-01
1.652609125770585288e-02 1.107183879551788125e-01
1.651758026618640324e-02 1.474757418036460876e-01
1.649922771016568840e-02 1.679021678864955902e-01
1.652831906387798935e-02 1.363207092508673668e-01
1.603000144796381046e-02 1.107776847978432927e-01
1.612001146612212360e-02 1.071745290731390271e-01
1.583581868569951256e-02 1.208913635152081695e-01
1.591580602621962826e-02 1.085390605342884812e-01
1.580700587324234893e-02 1.112958407029509544e-01
1.600014347566811393e-02 1.300748173768321581e-01
1.593595963014766276e-02 9.768699171642462875e-02
1.558587721922586461e-02 1.268413647388418608e-01
1.571039263792552501e-02 1.471893494017422199e-01
1.617596018517953108e-02 1.032837374756733623e-01
1.600529830821595043e-02 1.364466020216544562e-01
1.582580521637790352e-02 1.393270789024730616e-01
1.568181335595761339e-02 9.255008399486541748e-02
1.518404239593723441e-02 1.066712726218004975e-01
1.514839320741377324e-02 9.218530775979161263e-02
1.534156536623878901e-02 1.118286214768886566e-01
1.544793592874220585e-02 9.497959818691015244e-02
1.541801202138019453e-02 9.916850241521994735e-02
1.558791510056877633e-02 9.667292051017284393e-02
1.558042862073539918e-02 9.261152939870953560e-02
1.580504061340159624e-02 1.105193564047416005e-01
1.598734882535672933e-02 9.727006188283364441e-02
1.531384582631289959e-02 1.325573328261574202e-01
1.481051398793148746e-02 1.058799830886224952e-01
1.477156940788073962e-02 1.066624750383198261e-01
1.489272996577499161e-02 1.075585268748303208e-01
1.487868800177238882e-02 1.050256422410408702e-01
1.463258564255611772e-02 1.331034147491057806e-01
1.484914785413461377e-02 1.224702202404538837e-01
1.485249622952366372e-02 1.057479617496331487e-01
1.477568229893222451e-02 1.316595914152761393e-01
1.457757277544154649e-02 1.571927421415845461e-01
1.466458714648344840e-02 1.358936050285895758e-01
1.486174003518901318e-02 9.164400709172089432e-02
1.439556307199974135e-02 9.808799376090367172e-02
1.413463091959656949e-02 9.279683573792378570e-02
1.385948941758617312e-02 9.862741610656182434e-02
1.389373363426150108e-02 1.052141825978954587e-01
1.399083305109660551e-02 1.101861822729309354e-01
1.434339428060623159e-02 1.181980574813981805e-01
1.418710324972824628e-02 1.494170379204054766e-01
1.406239597451721529e-02 1.111441906541585922e-01
1.351703785841764684e-02 1.154393240188558850e-01
1.327604094322575902e-02 1.243733077620466504e-01
1.357675325951192453e-02 1.246331382232407775e-01
1.391696148121534561e-02 1.319792134066422873e-01
1.391781911627541085e-02 1.424958564651509219e-01
1.409186150737886528e-02 1.266997999822100096e-01
1.391014495057725335e-02 1.507977390040954047e-01
1.393956731907416979e-02 1.418118001893162727e-01
1.386875398375830327e-02 1.608599660297234946e-01
1.379996811399821117e-02 1.102852841528753486e-01
1.356694102625709102e-02 1.103112753480672836e-01
1.326455596934592550e-02 1.328684113298853331e-01
1.302888053049723258e-02 1.294052709514895982e-01
1.376370695449390287e-02 1.271315296180546284e-01
1.390224011062622840e-02 1.160453649548192773e-01
1.331134153892784243e-02 1.174922930076718330e-01
1.298111311747519175e-02 1.469455282203853130e-01
1.288376383342628578e-02 1.640854480986793928e-01
1.293491737424331059e-02 1.531234301316241331e-01
1.310220016856937682e-02 1.689427063489953584e-01
1.329052441775105745e-02 1.038464941084384918e-01
1.337148737146107678e-02 1.143450642315049920e-01
1.360517329411841010e-02 1.094629415310919285e-01
