5.927118937983069102e-01 3.232745031515757428e-01
1.833630099589395046e-01 1.442844259242216653e-01
1.270988316296838005e-01 1.217911162724097524e-01
1.123813071049923062e-01 1.111864888419707570e-01
1.044198444849529922e-01 1.051659105966488567e-01
9.932413351787038047e-02 1.009529630343119350e-01
9.529980564446643987e-02 9.736954979598522186e-02
9.189087927861269711e-02 9.429132286459207535e-02
8.888364178236833613e-02 9.147815965116024017e-02
8.618501198023210963e-02 8.894504234194755554e-02
8.377669453837496838e-02 8.663842175155878067e-02
8.168978153099847039e-02 8.452446386218070984e-02
7.990109602119339904e-02 8.283786568790674210e-02
7.841580473752908509e-02 8.143071085214614868e-02
7.713035493006192844e-02 8.019622725745041703e-02
7.602453862078660529e-02 7.918758069475491379e-02
7.507486567767553132e-02 7.832083789010842179e-02
7.424958533239225944e-02 7.759763269374768402e-02
7.347764011992272137e-02 7.692736107856035233e-02
7.282158715087314049e-02 7.640043521920840408e-02
7.222088837866173783e-02 7.589208924522002075e-02
7.170532935104051431e-02 7.546983845531940460e-02
7.121919742027341127e-02 7.511907722800970078e-02
7.077477672029026945e-02 7.478051042805115844e-02
7.034236740667459964e-02 7.448289760698874329e-02
6.997817670276691715e-02 7.421285752207040787e-02
6.962485979636047484e-02 7.392858403424422409e-02
6.930649977957092922e-02 7.369921387483675812e-02
6.899930288755269647e-02 7.344877813011407852e-02
6.869500419558134674e-02 7.324380582819382812e-02
6.841266546181815067e-02 7.303343961636225845e-02
6.814957086300087175e-02 7.284683299561341141e-02
6.790232229544672371e-02 7.263713143765926361e-02
6.765080192451213004e-02 7.245243961612383987e-02
6.741653848439455032e-02 7.229285718252261017e-02
6.718851124521257878e-02 7.215322957684595917e-02
6.696137872546217840e-02 7.198044906059901382e-02
6.673338539291952254e-02 7.180760055780410767e-02
6.650921970952389239e-02 7.165462709963321686e-02
6.629643075947844189e-02 7.149567734450101852e-02
6.606488536263621647e-02 7.134555031855900620e-02
6.585236792560926478e-02 7.122261077165603638e-02
6.563687438231914639e-02 7.103892508894205093e-02
6.540560421295636695e-02 7.090646463135878708e-02
6.525646940653406780e-02 7.072347092131774093e-02
6.496088940996763705e-02 7.057200496395428513e-02
6.472557470159129300e-02 7.041719400634367798e-02
6.449821002261582614e-02 7.026928539077441360e-02
6.425713473757685423e-02 7.009881331274907257e-02
6.402902928895728984e-02 6.994384154677391052e-02
6.377538606567784152e-02 6.976816647996504639e-02
6.351766186268177627e-02 6.958768796175718307e-02
6.325973589298163058e-02 6.946295841286580230e-02
6.298165441880565485e-02 6.928163021802902222e-02
6.270014669009765784e-02 6.913083201895157959e-02
6.241231364587884745e-02 6.897404820968706940e-02
6.211664790807421704e-02 6.879405366877715255e-02
6.180498344000688593e-02 6.862002735336621140e-02
6.148529996510681411e-02 6.845685373991727829e-02
6.115295293979173402e-02 6.828970120598872040e-02
6.081196527148401837e-02 6.808822105328242447e-02
6.045079304360199968e-02 6.784787991394598816e-02
6.010101861753609082e-02 6.771169075121481751e-02
5.974118287545130551e-02 6.750478067745764588e-02
5.936036322828988632e-02 6.730029080063104630e-02
5.899191647768020630e-02 6.713893109311659668e-02
5.862872725417620640e-02 6.705626783271630142e-02
5.825882808435275256e-02 6.692803682138522003e-02
5.790545951661675572e-02 6.682698459674914215e-02
5.756131100988145372e-02 6.678435796250899170e-02
5.722709613050832450e-02 6.675511722763378952e-02
5.689197938434432944e-02 6.664367578923702240e-02
5.657954422518784304e-02 6.662871843824784424e-02
5.627912780551543037e-02 6.676400794337193634e-02
5.599360536718957920e-02 6.667044572532176971e-02
5.570928972799244622e-02 6.662385848661263321e-02
5.544617679511565367e-02 6.663898006081581116e-02
5.519498462875395417e-02 6.668457450966040756e-02
5.493882708901236256e-02 6.656758735577265884e-02
5.468507812813271085e-02 6.647806086887915467e-02
5.444240663200616837e-02 6.647591572254896164e-02
5.421092546393358608e-02 6.638307341684897278e-02
5.397840885467133920e-02 6.652884464710950851e-02
5.374557243356870712e-02 6.644037086516618729e-02
5.351777965484490196e-02 6.643011607229709625e-02
5.329606438943639696e-02 6.636907905340194702e-02
5.306352091260081033e-02 6.634500250220298767e-02
5.284159235266405741e-02 6.628508058687050675e-02
5.261876591113071044e-02 6.623994838446378708e-02
5.238138053696169555e-02 6.633440622438986634e-02
5.216028783362099130e-02 6.615885564436514710e-02
5.193110854299955864e-02 6.610707876582939957e-02
5.170185573745605251e-02 6.612314842641353607e-02
5.147141462928334077e-02 6.606318801641464233e-02
5.123099816833124459e-02 6.596140563488006592e-02
5.099562216051962277e-02 6.601417126754920150e-02
5.075384420342743397e-02 6.591493512193362381e-02
5.051888012717109522e-02 6.582190841436386108e-02
5.027576168825806380e-02 6.572121257583300735e-02
5.003893466363119186e-02 6.572874418149392273e-02
4.979518924969746768e-02 6.562105255822341110e-02
4.954939644220610062e-02 6.559187546372413635e-02
4.929682000020389060e-02 6.556046009063720703e-02
4.905377003515875439e-02 6.544933747500181198e-02
4.882524244833823940e-02 6.553994460652272369e-02
4.858985005033224225e-02 6.554075144231319427e-02
4.834203562850868802e-02 6.556214236964781616e-02
4.808861434156464637e-02 6.548090061793725158e-02
4.785822742878524660e-02 6.547571563472349976e-02
4.765082793418577711e-02 6.545017256091038849e-02
4.742164290943291088e-02 6.556056315700213577e-02
4.718100393819080890e-02 6.561565833787123825e-02
4.694283696238037845e-02 6.551201641559600830e-02
4.671723951672225594e-02 6.556657173981268738e-02
4.647079895272157590e-02 6.544887367635965347e-02
4.624446828004925847e-02 6.558107150097687577e-02
4.600958520719825029e-02 6.534725955377022888e-02
4.577812746838601232e-02 6.540177327891190384e-02
4.553834422556466560e-02 6.534131988883018494e-02
4.532879084716875950e-02 6.532392899195353653e-02
4.510084763277581732e-02 6.536436422417561676e-02
4.486935599273893932e-02 6.540895563860733841e-02
4.464367226979067127e-02 6.539261154830455780e-02
4.442558298970377545e-02 6.536512511471907760e-02
4.421729650240131815e-02 6.539905257523059845e-02
4.399166943310478528e-02 6.525987976541121338e-02
4.377537160613682171e-02 6.512441641340653564e-02
4.355800690042764545e-02 6.504525849595665932e-02
4.335979481097743810e-02 6.513236137107014656e-02
4.313071138701986273e-02 6.514134785781304504e-02
4.297434360460312963e-02 6.503338118394215439e-02
4.271390847861766815e-02 6.521892112990219925e-02
4.256990015355133911e-02 6.507755334799487923e-02
4.230933304507891735e-02 6.531767314299941063e-02
4.215731154477526943e-02 6.515117175877094269e-02
4.190885528467248877e-02 6.529482454061508179e-02
4.171185275583073199e-02 6.538337112093965675e-02
4.155689675014379719e-02 6.515798034767310287e-02
4.134129942394793034e-02 6.541580396393935348e-02
4.115001716499411960e-02 6.528504394615690376e-02
4.099090259283954402e-02 6.539428032313783501e-02
4.078423993142191867e-02 6.549776904284954071e-02
4.059390113472418488e-02 6.542117008939385414e-02
4.042766941711306572e-02 6.565379040936629440e-02
4.026692954086980025e-02 6.525888821731011535e-02
4.007794307328240574e-02 6.558118465666969155e-02
3.989304622721880078e-02 6.575201777741312981e-02
3.973636920780463516e-02 6.568549697597821091e-02
3.955052446487337947e-02 6.578184586639206077e-02
3.937738712032347321e-02 6.591828058784206246e-02
3.923329340055758258e-02 6.601048912853002548e-02
3.907072102261144320e-02 6.587383088966210221e-02
3.892900594401844938e-02 6.593623477965593338e-02
3.877657099605300028e-02 6.600983720272779465e-02
3.862066866916626096e-02 6.612819588432709839e-02
3.845449691356787880e-02 6.668707666297753189e-02
3.835767183214599391e-02 6.629497976973652840e-02
3.817128575255358119e-02 6.693729944527149200e-02
3.802758271177841126e-02 6.644605022544662620e-02
3.791844039657261273e-02 6.673912424594163895e-02
3.773979530778041880e-02 6.665801225850979950e-02
3.761363805943103433e-02 6.700518882522980835e-02
3.745778668996726374e-02 6.711459672078490257e-02
3.733628650661557913e-02 6.727078029265005921e-02
3.720235151271227697e-02 6.726046946520607139e-02
3.706924393123318950e-02 6.752659923707445000e-02
3.694530369085801541e-02 6.736808596178889275e-02
3.680703149794405799e-02 6.771305855363607407e-02
3.669656949594270190e-02 6.762785635267694329e-02
3.656375200790894925e-02 6.834344007074832916e-02
3.646589200239801903e-02 6.785484341283638809e-02
3.633571336273277302e-02 6.855399999767541885e-02
3.621859586970924139e-02 6.846555400018890236e-02
3.610106344269805451e-02 6.863948640724022721e-02
3.601039748173207045e-02 6.816374665747086670e-02
3.590539273491865496e-02 6.902866841604311798e-02
3.577097980197259386e-02 6.876715691760182381e-02
3.567315110406123896e-02 6.910998979583382607e-02
3.558245339420039455e-02 6.914696283638477325e-02
3.547964831760023335e-02 6.931483171259363030e-02
3.538769021424530148e-02 6.918880032996337082e-02
3.528654971159994602e-02 6.955826406677563523e-02
3.517904317515447438e-02 6.937036740904052590e-02
3.507137818121199707e-02 6.990521354600787163e-02
3.499548803462625146e-02 6.981101306155323982e-02
3.486792834713881711e-02 6.992586919416983460e-02
3.479453878542191486e-02 6.995551086341340874e-02
3.467705666336642206e-02 7.038738516469796036e-02
3.460556525347191492e-02 7.035512880732615326e-02
3.451936069583563804e-02 7.087827598055203293e-02
3.441519525746793151e-02 7.072034105658531189e-02
3.434830098033904433e-02 7.125438656657934189e-02
3.425155585458458662e-02 7.013989224409063195e-02
3.417880994235273501e-02 7.142707379534840584e-02
3.408980383916736245e-02 7.052942086011171341e-02
3.403410207491021355e-02 7.184449986865122650e-02
3.392274973123485943e-02 7.070736695701877739e-02
3.385872538147364358e-02 7.248345762491226196e-02
3.372380378666918477e-02 7.226511618743340637e-02
3.365972320560019215e-02 7.302224185938636924e-02
