4.191831323522620112e-01 1.707683102124267216e-01
1.389214512324187800e-01 1.196082010865211487e-01
1.104868210216120999e-01 1.044225266410244851e-01
9.659884599741638822e-02 9.458837078677283239e-02
8.664301044602946977e-02 8.674194601674874161e-02
7.876159720940560660e-02 8.194696903228759766e-02
7.324171322965766784e-02 7.922448528309662674e-02
6.993967653592912670e-02 7.862103585567739583e-02
6.771012159382425177e-02 7.887850929465559102e-02
6.602612251370418295e-02 7.215765801568825577e-02
6.167018161405150162e-02 7.190740315450562525e-02
5.919408673284257127e-02 7.301761396229267120e-02
5.616938814566266314e-02 7.145039964881208516e-02
5.411912531523806191e-02 7.554698487122853134e-02
5.300684180110692978e-02 7.711474638846185781e-02
5.258130697851500640e-02 7.278301835887962534e-02
5.092093014589896965e-02 7.034300453960895538e-02
4.881927760590503568e-02 6.985888464583291102e-02
4.663969872791955823e-02 7.147729976309670497e-02
4.471010419471961594e-02 7.329772019551859807e-02
4.341545292153591029e-02 7.615987418426407862e-02
4.222958395257592201e-02 8.048859652545717336e-02
4.169490255370009169e-02 8.453193596667712972e-02
4.102580571865162978e-02 8.801683431698216487e-02
4.057614913028551040e-02 9.481683518323633098e-02
4.027911875306106060e-02 9.219125534097354080e-02
4.019966441002197077e-02 9.287512343790796376e-02
4.029107432267287764e-02 9.493400187542040680e-02
3.880243653022661526e-02 9.129252139892843343e-02
3.794779119695105424e-02 8.970087704559166764e-02
3.758306066482895724e-02 9.756417055096891500e-02
3.668277616408176234e-02 9.654322163098388865e-02
3.791260883984405583e-02 9.956886495153109695e-02
3.755145367780109850e-02 9.928939139677418757e-02
3.812028889021858852e-02 8.827695643736256648e-02
3.584784301702023668e-02 9.369680958075655985e-02
3.410304728441122118e-02 9.583313204348087311e-02
3.248332434038563726e-02 9.509139942626158859e-02
3.173290852389139272e-02 9.628047204265992309e-02
3.108915994398114141e-02 9.866691701528099157e-02
3.067353613129476103e-02 1.012099482533004580e-01
3.026890279384466045e-02 1.035911463614967165e-01
3.013175409060062440e-02 1.024784854509764309e-01
3.052219575293725617e-02 1.065881720019711404e-01
3.050470614533235328e-02 1.162478598869509105e-01
3.533130661561721675e-02 9.713089000433683395e-02
3.271385026732232665e-02 1.031495223028792291e-01
3.066268085683809472e-02 1.189661146038108464e-01
2.999335309922149945e-02 1.180930423239866939e-01
2.964934965073153655e-02 1.311328872624370756e-01
2.940822920262268353e-02 1.303540963886512527e-01
2.882851100890192891e-02 1.373093349652158013e-01
2.867480513935045591e-02 1.406366811651322546e-01
2.854175756049410692e-02 1.343827849874893732e-01
2.878152052644731076e-02 1.235447321087121964e-01
2.898148320070127043e-02 1.028338182303640547e-01
3.167469939784851168e-02 9.015064458880159282e-02
3.517762872549455577e-02 1.185593966187702269e-01
2.938203581767838066e-02 1.263008346367213430e-01
2.813533705477489280e-02 1.385109004461103077e-01
2.745795042095024521e-02 1.441734738440977326e-01
2.704506912041546376e-02 1.501227127802040873e-01
2.693042036986387222e-02 1.605931307292646770e-01
2.658858538673418426e-02 1.691272513320048743e-01
2.629157036497462019e-02 1.675647309877806301e-01
2.631693610512628873e-02 1.730096466425392332e-01
2.637781100574789969e-02 1.903907431082593193e-01
3.243610352027889027e-02 1.347090772663553648e-01
2.881641290150582790e-02 1.549806057785948210e-01
2.800843426844150386e-02 1.526069530389375095e-01
2.595491581823585955e-02 1.584619270223710241e-01
2.514063427224755287e-02 1.764976114241613159e-01
2.463945463049884224e-02 1.791202728119161425e-01
2.433708138059733836e-02 1.961158301888240585e-01
2.418568383947741762e-02 1.967774639940924053e-01
2.439878219397874706e-02 1.672109837333361215e-01
2.448710942322887898e-02 1.720504274384843102e-01
2.456840093633750471e-02 1.548447843848003158e-01
2.485352442826984851e-02 1.526161229444874534e-01
2.456507831244025136e-02 1.422169730067253113e-01
2.459478523105201181e-02 1.325183378325568428e-01
2.460658309481492806e-02 1.280124680035644169e-01
2.757816921306274413e-02 9.923572207076682139e-02
2.683488123414174906e-02 1.125663411286142168e-01
2.388216034940830040e-02 1.224842446131838708e-01
2.434117139725968521e-02 1.332095472349060783e-01
2.429635960199847539e-02 1.371966783578197069e-01
2.380827729158648681e-02 1.408877424481842222e-01
2.347395234037099807e-02 1.509074306943350430e-01
2.410409386019881153e-02 1.409407015889883041e-01
2.291436374709918816e-02 1.490555500818623313e-01
2.222086719191837534e-02 1.427684514265921412e-01
2.237667859441078155e-02 1.618530220455593471e-01
2.195659281526942189e-02 1.621596429290043107e-01
2.858528653841193104e-02 1.078304091675413995e-01
2.380940201124403383e-02 1.364878005244665737e-01
2.187621408346586069e-02 1.444236211892631350e-01
2.293313644462969397e-02 1.663529510713285808e-01
2.167890357739496454e-02 1.624662059669693404e-01
2.126149067700636164e-02 1.740267585135168438e-01
2.103021530230052630e-02 1.773319108825590906e-01
2.077403311935685157e-02 1.962636206299066544e-01
2.110403768218508530e-02 2.035052085088359108e-01
2.187528879745159055e-02 1.341197344784935408e-01
2.259527709584955787e-02 1.702580715840061598e-01
2.299779402546402868e-02 1.851884575767649421e-01
2.162068673386806361e-02 1.867094629754622870e-01
2.040229671316720964e-02 1.904675392434000969e-01
1.987513468214651552e-02 1.921269002680977278e-01
1.944127613564998469e-02 1.820279392931196394e-01
1.929443102988709705e-02 1.732746023270818891e-01
1.937216108596724606e-02 1.595398449442452793e-01
2.004577568164322282e-02 1.641632940413223496e-01
2.054553884422270424e-02 1.452653545679317704e-01
2.143259361250008169e-02 1.516806995496153831e-01
1.960707835784954167e-02 1.484401880039109001e-01
1.884395006771494643e-02 1.535214860406186876e-01
1.884253555056979862e-02 1.564444608779417267e-01
1.887968170638309670e-02 1.387674959583414802e-01
1.951074520716579788e-02 1.494629070576694307e-01
1.984835262751070625e-02 1.254148961355288916e-01
2.056920824845026238e-02 1.408167382081349783e-01
2.221798500409576799e-02 1.144589302647444906e-01
2.537349016950806585e-02 1.267590411007404327e-01
1.959932111090094409e-02 1.323804351397686596e-01
1.852081096503974469e-02 1.453597832264171830e-01
1.790078593099989415e-02 1.737304415760768661e-01
1.736476918023715718e-02 1.899406101761592636e-01
1.714785591835473952e-02 1.961412202152940931e-01
1.702788938688704762e-02 2.144948435533377828e-01
1.706277866984104094e-02 2.119139110048612051e-01
1.743908215416368340e-02 2.267909490813811713e-01
1.813882560378349273e-02 1.995813022885057630e-01
2.054798398621198591e-02 1.200731449450055804e-01
2.085071745351320394e-02 1.492632171139121056e-01
1.771110419479266992e-02 1.666143676266074181e-01
1.724039260354801734e-02 1.692764779759777793e-01
1.753609751283032037e-02 1.686583449029260273e-01
1.761564558723986706e-02 1.623399878541628427e-01
1.754519706819115607e-02 1.478632075919045219e-01
1.764377335472622904e-02 1.438055436851249924e-01
1.751730876986119095e-02 1.439492664196425076e-01
1.735232369519951884e-02 1.529499577979246683e-01
1.749215846052166318e-02 1.530549381342199144e-01
1.889318902692871047e-02 1.337490433620082131e-01
1.849298814890860954e-02 1.351841783357990989e-01
1.731112160685858298e-02 1.511081629950139227e-01
1.648038731626711925e-02 1.452507632267144022e-01
1.652851867739383793e-02 1.529005354063378563e-01
1.655657963100366434e-02 1.604845994669530096e-01
1.677129572972927904e-02 1.584561568581395741e-01
1.789331152785296822e-02 1.869901178611649284e-01
1.918694518347520764e-02 1.662582199399670058e-01
2.031645062947418784e-02 1.478775508908761749e-01
1.825642797573492210e-02 1.461969502270221710e-01
1.674315285096626346e-02 1.859163388402925721e-01
1.581261157080894597e-02 1.933410542292727241e-01
1.539758100492379968e-02 2.035945469720495948e-01
1.535530263989618588e-02 2.025460263507233849e-01
1.525867071922686752e-02 2.011588777725895338e-01
1.539770403888258282e-02 1.936369412061240969e-01
1.546075523024561214e-02 1.796644876400629587e-01
1.546536156021785513e-02 1.735620096118913880e-01
1.570204436983458837e-02 1.800324869238668080e-01
1.628661495860575167e-02 1.621622351101703052e-01
1.580639723290848397e-02 1.620911625731322470e-01
1.522907343829368702e-02 1.792139862146642504e-01
1.528177050896352418e-02 1.741588607223497620e-01
1.561325134584543896e-02 1.785037565148538952e-01
1.582007313419769509e-02 1.751452986564901171e-01
1.629631536467591318e-02 1.547400717520051594e-01
1.616408892271177164e-02 1.654998297906584148e-01
1.593218515513510070e-02 1.589803753627671012e-01
1.686718088018185346e-02 1.256376814304126510e-01
1.743895685720461830e-02 1.542295567277404966e-01
1.481919781100459257e-02 1.724418210279610453e-01
1.428025703672773997e-02 1.994104750661386261e-01
1.390179336105087232e-02 2.066107763805323239e-01
1.389436389989696582e-02 2.089560138475563822e-01
1.406821071613216512e-02 1.869450872763991356e-01
1.457056886425650739e-02 1.619103606790304184e-01
1.525486769472680394e-02 1.478169274826844626e-01
1.490188177061698739e-02 1.545166162153085165e-01
1.477017650301227537e-02 1.698091462668445406e-01
1.438279900552205150e-02 1.928872400894761086e-01
1.398432115376813459e-02 2.144143613469269571e-01
1.372631509197739554e-02 2.236997888733943396e-01
1.407442972768188985e-02 2.026448200146357126e-01
1.567536518091290632e-02 1.766841488165987739e-01
1.463793504063221756e-02 1.563509882738192969e-01
1.409675237132100058e-02 1.730469288304448128e-01
1.349590358426567237e-02 1.868822184494799976e-01
1.347944620860422500e-02 1.908637211761540775e-01
1.367301815870876694e-02 2.016152666053838138e-01
1.391270892444725418e-02 2.161938353545135860e-01
1.415569022888454008e-02 2.143654976454046068e-01
1.420536767634585779e-02 2.137845605611801147e-01
1.385168299908045610e-02 2.248598833878835135e-01
1.383754944644595766e-02 2.090467825118038359e-01
1.401584661883733575e-02 1.677580774865216617e-01
