2.915963343821647569e-01 1.093815560970041456e-01
9.604506698868624237e-02 9.388603746063178823e-02
8.643746821255218760e-02 8.729608563913239527e-02
8.038297724887365214e-02 8.016963944666916086e-02
7.549405393258827590e-02 7.680713882048924301e-02
7.244708843347502647e-02 7.483646108044518519e-02
6.964147997247736865e-02 7.109748965336216975e-02
6.703503452604864243e-02 6.970932645102341507e-02
6.468001812151293051e-02 6.831967147688071396e-02
6.236303069560629464e-02 6.708784111671978190e-02
6.064029400259619840e-02 6.620978232887056447e-02
5.869218445860031191e-02 6.467032618820667267e-02
5.720197430970828945e-02 6.298849814467960551e-02
5.541267464073693083e-02 6.263408354587024496e-02
5.400874028436657842e-02 6.181742602752314519e-02
5.260323105016496276e-02 6.117495646079381538e-02
5.142547645628815778e-02 6.228515495442681765e-02
5.012830610318881608e-02 6.163981587936481071e-02
4.869703608905760067e-02 6.393918726179334544e-02
4.732056358465697860e-02 6.545079602963393972e-02
4.612831948552190142e-02 6.822800191326273966e-02
4.486990691639664713e-02 7.117805195351441239e-02
4.374393332386162375e-02 7.486556273781591608e-02
4.257315565354940351e-02 7.854475660456551600e-02
4.165977656432404835e-02 7.873970104588402796e-02
4.135253470073022714e-02 6.896283291280269623e-02
4.048692743952681666e-02 7.561812498089340306e-02
3.999883714472738522e-02 7.700687450253301813e-02
3.940503613841606079e-02 8.131642432676421117e-02
3.926167550792054178e-02 8.055805559787485026e-02
3.966367383283085635e-02 8.235187456011772156e-02
3.866742720554878360e-02 8.372706588771608449e-02
3.846605289045993553e-02 8.398477526174651098e-02
3.832606915611683207e-02 8.021602479534016561e-02
3.793519591094880739e-02 8.174498958720101405e-02
3.732041480224125574e-02 8.188660639441674993e-02
3.749798158774288875e-02 7.988978436009751272e-02
3.716206033827691713e-02 7.935463761289913986e-02
3.618769658297845554e-02 7.684954659392435883e-02
3.592586684858471713e-02 8.303654763019746587e-02
3.544405066953381506e-02 7.802326180454757787e-02
3.480612942608209831e-02 7.717328942898246669e-02
3.499635930241244697e-02 7.660949633767207001e-02
3.409609451844561323e-02 8.000972370306651260e-02
3.296589406161773428e-02 7.892518976910246897e-02
3.235388199639756268e-02 7.763618199775616791e-02
3.163029119463228733e-02 7.717016691135035467e-02
3.112418752549806628e-02 7.598430901351901912e-02
3.079869070590087604e-02 7.359610528995592926e-02
3.095158744353528404e-02 7.329315257569153641e-02
3.023329515169124668e-02 7.768581838657458161e-02
2.979499670086292393e-02 7.487655555208523606e-02
2.963475445171863398e-02 8.133147946662372396e-02
2.954213822646657023e-02 8.314876030716630839e-02
2.928407159747510591e-02 8.122533394230736781e-02
2.864416660286667887e-02 8.511022002332740977e-02
2.969631113725282670e-02 7.622056257807546809e-02
2.949396201704697004e-02 7.753005354768699453e-02
2.868264835191572729e-02 8.984791197710567667e-02
2.854339493347740619e-02 8.141107205301523209e-02
2.886458008163949457e-02 8.338014036417007446e-02
2.870907499909219202e-02 8.279308128274148748e-02
2.768765710771265570e-02 8.021045703854826070e-02
2.778926920486477978e-02 7.927367505100038625e-02
2.779509002206529203e-02 8.235584954834646032e-02
2.831784378532774607e-02 8.614780184709364130e-02
2.755982582116635674e-02 9.090147539973258972e-02
2.782478521964171919e-02 7.511601597070693970e-02
3.364402595225993858e-02 7.417312626623445704e-02
2.712179239975606379e-02 9.039388255526621674e-02
2.595534867311759600e-02 1.033980900214778037e-01
2.520390846993683306e-02 1.071722215662399974e-01
2.457955646010615350e-02 1.156449405890372095e-01
2.416296496919197179e-02 1.187432318304975781e-01
2.394430322867886415e-02 1.173855275329616366e-01
2.400952443571352513e-02 1.188884815201163292e-01
2.405944642065683398e-02 1.205257264276345525e-01
2.414016588591039181e-02 1.302902211124698229e-01
2.453227052692233054e-02 1.359057936610447159e-01
3.009594126786218835e-02 7.714913588845068171e-02
2.698843996608402823e-02 1.046802967579828353e-01
2.443290513758434104e-02 1.115461422337426095e-01
2.398894723822794436e-02 1.043834833221303077e-01
2.319109531846351782e-02 1.049016374680731001e-01
2.280267863534390926e-02 1.023711684263414745e-01
2.277024103919180267e-02 1.076219498904214950e-01
2.321698326367612267e-02 1.084864357900288401e-01
2.323634691377420361e-02 1.133696424464384761e-01
2.287280735582476743e-02 1.118786821348799615e-01
2.298228139421198274e-02 9.901634810699357081e-02
2.250840857897589906e-02 1.025282067971097083e-01
2.217954260342550055e-02 1.068937391456630526e-01
2.182995886314751180e-02 1.151430508535769281e-01
2.193085935034948253e-02 1.140822989659176917e-01
2.457766496667229683e-02 8.169542025360795878e-02
2.632701869417981497e-02 8.658742107864883519e-02
2.337602805914130305e-02 9.894395712763071060e-02
2.165132328277317650e-02 1.047200925855173020e-01
2.061470968239918072e-02 1.082595531932181721e-01
2.018534013910627811e-02 1.146425651386380196e-01
1.994365984687536397e-02 1.165037389016813640e-01
1.985654672721355596e-02 1.196099816718035336e-01
1.983395733915996328e-02 1.241907019995980854e-01
1.994078116854879762e-02 1.189907379448413849e-01
2.060821932944946130e-02 1.132700204228361401e-01
2.168488252067529709e-02 1.084330197837617693e-01
2.106745140740602651e-02 1.077684729049603191e-01
2.036744728684425354e-02 1.137330010015931425e-01
2.014017132644700669e-02 9.952844648311535980e-02
1.968577812516653092e-02 1.083425681831108184e-01
1.945235196319295215e-02 1.136057384105192275e-01
2.001827513151688623e-02 8.295066571897929952e-02
2.595023322487022971e-02 9.993558884080913640e-02
2.115380471549564712e-02 9.419766420291529607e-02
1.937059127930097421e-02 1.016601238192783446e-01
1.878013475457342499e-02 1.077767677812112718e-01
1.846038347973329163e-02 1.165028429693645839e-01
1.811884609959656112e-02 1.298689060947961216e-01
1.809618621496710683e-02 1.261637055625518256e-01
1.808043100257835864e-02 1.287947074613637333e-01
1.827507095252413685e-02 1.182350687061746869e-01
1.964542485784920994e-02 1.266880452425943604e-01
1.904179356288073985e-02 1.309633126689327964e-01
1.872997245433308602e-02 1.265228985705309506e-01
1.852802922040587552e-02 1.138799101528194246e-01
1.848592324943349949e-02 1.260951785370707512e-01
1.830605557472331571e-02 1.214146859322984967e-01
1.847281360078784768e-02 1.233820191894968304e-01
2.093019060472526074e-02 1.065935953002837000e-01
1.819519812195766195e-02 1.156230147721038909e-01
1.706657793497802847e-02 1.269880418355266161e-01
1.654403086002098275e-02 1.278993206926518078e-01
1.650528342281354713e-02 1.349121091059512501e-01
1.667908459572439370e-02 1.255862164414591198e-01
1.717810593431860766e-02 1.131265318642060008e-01
1.888816032797189029e-02 1.265588182335098677e-01
1.727979920134402672e-02 1.217559819213218097e-01
1.686611887998878956e-02 1.182210277765989304e-01
1.695926257454585806e-02 1.189640788361430168e-01
1.720871606546385893e-02 1.129656584105557804e-01
1.913904437863427066e-02 7.952963933348655701e-02
2.214725366112117386e-02 7.798214101543028687e-02
1.905533344848308469e-02 9.419533765564362671e-02
1.722671161121802283e-02 1.066207564953300657e-01
1.641614532109531704e-02 1.122445597623785291e-01
1.589819190387682310e-02 1.219303272664546967e-01
1.576287439092993736e-02 1.286832976879345170e-01
1.562712289302087276e-02 1.213221915273202806e-01
1.569782394245721260e-02 1.246898744462264924e-01
1.624930220110932383e-02 1.623597250630458289e-01
1.810117014797359147e-02 1.166956930731733594e-01
1.619387701403622246e-02 1.407557456857628231e-01
1.576133278516552924e-02 1.471749477916293736e-01
1.578395431804493348e-02 1.498749878050552597e-01
1.554864752333520381e-02 1.453957743942737579e-01
1.550195265913427607e-02 1.473951374904977074e-01
1.585871039991971349e-02 1.264072447601291838e-01
1.605792083527620220e-02 1.354568725865748224e-01
1.620204203262379933e-02 1.199652548465463819e-01
1.599328386279322625e-02 1.202734780187408176e-01
1.564978615085526117e-02 1.061485748117168698e-01
1.587954652495682240e-02 1.058271535568767185e-01
1.715098767791215992e-02 1.102098793619208927e-01
1.706410196848304542e-02 1.158524858247902689e-01
1.606826115933406018e-02 1.289677364337775411e-01
1.537047730327197742e-02 1.401143909121553011e-01
1.480623185861764876e-02 1.438418495365315075e-01
1.450903888326138258e-02 1.431424168662892571e-01
1.463901543444613186e-02 1.371327922162082491e-01
1.477611912471219618e-02 1.279135640296671095e-01
1.486794367750606839e-02 1.281920602131220999e-01
1.489312577958604861e-02 1.161011204951339360e-01
1.492220273513982995e-02 1.323093624992502937e-01
1.472300182312454367e-02 1.308555735482109794e-01
1.483993301247587236e-02 1.424192911427882013e-01
1.534630174794029966e-02 1.373279167132245293e-01
1.650343210970210694e-02 1.260687581573923521e-01
2.298464672923905897e-02 9.367557159728473470e-02
1.573237841778503052e-02 1.116317055291599636e-01
1.429279292536127059e-02 1.231577090091175442e-01
1.365401056061339886e-02 1.318775588232609930e-01
1.331813073228681199e-02 1.322610022293196907e-01
1.309285186821731138e-02 1.354355082536737032e-01
1.299877005640599076e-02 1.288300636741850080e-01
1.319108566371496837e-02 1.327508373392952690e-01
1.425304637211034266e-02 1.232257951050996780e-01
1.425472197191017358e-02 1.275243793303767748e-01
1.381544218534921757e-02 1.329014297160837355e-01
1.422457099131240431e-02 1.261275069167216711e-01
1.398652506901360178e-02 1.395168000211318426e-01
1.377777417939974117e-02 1.326188815550671807e-01
1.369482473606561772e-02 1.332587361749675570e-01
1.364241599491456715e-02 1.435340429759687786e-01
1.438467502139690463e-02 1.367546363423267908e-01
1.381375815821584384e-02 1.405263067119651432e-01
1.332997866883510463e-02 1.405456509027216139e-01
1.320565449323777771e-02 1.572964877511064119e-01
1.320539025033301735e-02 1.605405502228273162e-01
1.348984510376595100e-02 1.456303390570812817e-01
1.497358899767987570e-02 1.282344027939769926e-01
1.590718500736373886e-02 1.441204984568887348e-01
1.398900202077972381e-02 1.519497913411921863e-01
1.324414246908684270e-02 1.537345105575190773e-01
1.301473868931302992e-02 1.423839416561855087e-01
1.320143997180843465e-02 1.418824455597334500e-01
1.318996071122677596e-02 1.394790727645158768e-01
1.316973696485525258e-02 1.287131664446658497e-01
1.308399135326375994e-02 1.240513001879056248e-01
1.301292905004740492e-02 1.279808717469374246e-01
1.307116958267259821e-02 1.369155715737077894e-01
1.361989277051534573e-02 1.126796519383788109e-01
1.414117148634409793e-02 1.158876889902684393e-01
1.501761247381204478e-02 1.006834656000137329e-01
1.501384555509813722e-02 1.170984069920248394e-01
1.375048153000179608e-02 1.245089644152257147e-01
1.268599753654221264e-02 1.450082783897717886e-01
1.223251702570606232e-02 1.457060244348314104e-01
1.210068572857757839e-02 1.498541372517744608e-01
1.324565138486100482e-02 1.443287584309776717e-01
1.263297664671681961e-02 1.390038644894957542e-01
1.241210123478639349e-02 1.360179435254799118e-01
1.247433325412069909e-02 1.378606945897142000e-01
1.248074544979850022e-02 1.257316441171699162e-01
1.237614804356381576e-02 1.337320652479926653e-01
1.203326561783508476e-02 1.316455928608775139e-01
1.201751867377358167e-02 1.434065629210737047e-01
1.225867333379006274e-02 1.581119082661138764e-01
1.320322013244305467e-02 1.336044112427366981e-01
1.305123377398292525e-02 1.363027351390984354e-01
1.202705287567635076e-02 1.316302636017402106e-01
1.149741884196040821e-02 1.405179948649472599e-01
1.143454624589805221e-02 1.492346993957956724e-01
1.160394234253411642e-02 1.572664233131541023e-01
1.204459201658099159e-02 1.319262208417057991e-01
1.255814674333101399e-02 1.205041182951794715e-01
1.276280010891396761e-02 1.297995932400226593e-01
1.238998886277308496e-02 1.199204644395245462e-01
1.201976029054693286e-02 1.391063551935884657e-01
1.179715962910161432e-02 1.326942870186434975e-01
1.157599165978864114e-02 1.285304780014687176e-01
1.174145436380058527e-02 1.363218813720676603e-01
1.156140985705594523e-02 1.455093829168213615e-01
1.175172287664126396e-02 1.441489269749985924e-01
1.199196519545938158e-02 1.351170727155274753e-01
1.714653983746269178e-02 1.035617114976048470e-01
1.340095674698581728e-02 1.245037244839800744e-01
1.163194682619466368e-02 1.367681373117698440e-01
1.093586410747886435e-02 1.472995296741525240e-01
1.068328972763904310e-02 1.529420239643918267e-01
1.059369602320125135e-02 1.575108841061592102e-01
1.055466717892757957e-02 1.578329379359880991e-01
1.064392208496517563e-02 1.651533475766579218e-01
1.093762209241437404e-02 1.569532591642605057e-01
1.141463881131352456e-02 1.648872602317068281e-01
1.131305046572645204e-02 1.482971794903278351e-01
1.156176518217274379e-02 1.331803142610523405e-01
1.204442251587241157e-02 1.285969158634543419e-01
1.171652323043927829e-02 1.353699911592735061e-01
1.169765211369206206e-02 1.486763914840089074e-01
1.215002281738944943e-02 1.498142648488283157e-01
1.205233077336920547e-02 1.552691960500346413e-01
1.183101820486892955e-02 1.363640030225118094e-01
1.153527382369403005e-02 1.283447177459796362e-01
1.156815119576072581e-02 1.337179554005464011e-01
1.169646930846771765e-02 1.366126793954107466e-01
1.160680823505106513e-02 1.283361628237697782e-01
1.127046300240269923e-02 1.350787251980768433e-01
1.130088201508198595e-02 1.388398621024357071e-01
1.107706821512249168e-02 1.396606396883726120e-01
1.090380415979136722e-02 1.529164602980017662e-01
1.090479151788735501e-02 1.449530033601654777e-01
1.131019626017205557e-02 1.298112849601441021e-01
1.184419198699931605e-02 1.308886559887064704e-01
1.129368761065983884e-02 1.424486184906628428e-01
1.560366818420134624e-02 1.029594634763068561e-01
1.414345934271539831e-02 1.151961555911435037e-01
1.122790324308614238e-02 1.293860225834780331e-01
1.035154111706083901e-02 1.425338761053151493e-01
9.980083927341804745e-03 1.521747308886713390e-01
9.767917231883763152e-03 1.571534962082902498e-01
9.753390032196098888e-03 1.669621962226099376e-01
9.747700033164241953e-03 1.623698838262094268e-01
1.050148517029677979e-02 1.739132925868034363e-01
1.061014522991438405e-02 1.570280632004141808e-01
1.082900635864040423e-02 1.460400582808587255e-01
1.056714462139075883e-02 1.598954415983623867e-01
1.037469592013555257e-02 1.530218028152982301e-01
1.031632235887028869e-02 1.526732725194758777e-01
1.050428189933527191e-02 1.461305687617924509e-01
1.079601095137527021e-02 1.340326646135913125e-01
1.117897183043745947e-02 1.497757163726621266e-01
1.125387712836083826e-02 1.428589096499813804e-01
1.048037755053217793e-02 1.427854398886362619e-01
1.019521501261695488e-02 1.505067014238900547e-01
1.020310187099001710e-02 1.645913103388415566e-01
1.020710146985948086e-02 1.695060843808783302e-01
1.042755735220342143e-02 1.546024115135272436e-01
1.052056523976938399e-02 1.423243530508544741e-01
1.077415442474686201e-02 1.484743167335788316e-01
1.029843967777063600e-02 1.500667113189896040e-01
1.001727239728519153e-02 1.514786841968695230e-01
1.028496063053153595e-02 1.322503206837508383e-01
1.048403052987939739e-02 1.441767730025781402e-01
1.003087470421522125e-02 1.578051193306843347e-01
1.177886599339771946e-02 1.380591405969527063e-01
1.103968282014404154e-02 1.496407033668624154e-01
9.897014286607594413e-03 1.652360556440221062e-01
9.432197199203073978e-03 1.627078966961966744e-01
9.331010101737863618e-03 1.629183712518877392e-01
9.525482691881224234e-03 1.649707897255817957e-01
9.684841588661983330e-03 1.643949732598331270e-01
9.848982985869685416e-03 1.544404412723249798e-01
1.011885259947853041e-02 1.495349281984898748e-01
1.042936834444223825e-02 1.656139286028014412e-01
1.011820547509847609e-02 1.733057749354177113e-01
9.783433595524601220e-03 1.686159571011861258e-01
9.723917183625261154e-03 1.687525492161512375e-01
9.475267144408440825e-03 1.739054572665029164e-01
9.391472371090657870e-03 1.630344088706705274e-01
9.774340363503320611e-03 1.652811882603499594e-01
1.017923461040481925e-02 1.612628429300255184e-01
1.037924783304333687e-02 1.528830436161822681e-01
9.688014486838677011e-03 1.507651473705967360e-01
9.070273764181608842e-03 1.613503312692046165e-01
9.742659305097399469e-03 1.747522676984469003e-01
9.391549315939589498e-03 1.663036008055011339e-01
9.421238476955673055e-03 1.596775162551138105e-01
9.583950342281108772e-03 1.720556471910741625e-01
9.593476883487821183e-03 1.577329104766249657e-01
9.884493374379306474e-03 1.392933577299118042e-01
9.881475574064364428e-03 1.387977674603462219e-01
1.315467475442124931e-02 1.000364288273784819e-01
1.296541827912555886e-02 1.206392859005265827e-01
1.020647622020233632e-02 1.290527991950511932e-01
9.177248066052703934e-03 1.479899785998794737e-01
8.734349531927941557e-03 1.585546901656521568e-01
8.509817570107193474e-03 1.726515829149219694e-01
8.389520315487482630e-03 1.782805795470873422e-01
8.340733749053736920e-03 1.847257593439685097e-01
8.455656678983715369e-03 1.764715059349934168e-01
8.671333559039162003e-03 1.806476823985576630e-01
9.229707856742075042e-03 1.783372335549857912e-01
1.013969509896436166e-02 1.298840010745657692e-01
1.191169119201509682e-02 1.548311913179026833e-01
1.010933418604885968e-02 1.621111743152141571e-01
9.353420242848919236e-03 1.664919594509733924e-01
9.194330185958434973e-03 1.605327375647094545e-01
9.201648304375207102e-03 1.542263529780838194e-01
9.326071200165443262e-03 1.409053256114324026e-01
9.592156685468537086e-03 1.372018659280406228e-01
9.352240416153175667e-03 1.450008554384112358e-01
9.186645455817441311e-03 1.528659258037805557e-01
9.389556169214590547e-03 1.472226172271701994e-01
9.483581167509460771e-03 1.640845971802870340e-01
9.367836446206017492e-03 1.653911218874984379e-01
9.269568651755591068e-03 1.617420123269160681e-01
9.253290371128880185e-03 1.592668390108479270e-01
9.030797883652423932e-03 1.664631402947836514e-01
8.787063836324505647e-03 1.659777751192450523e-01
8.893278707102759278e-03 1.586097189121776219e-01
9.116070854716093463e-03 1.546738968334264164e-01
8.848133254171599779e-03 1.631916717936595373e-01
9.032835651518458450e-03 1.592962634232309160e-01
9.225004619532605962e-03 1.565824643605285282e-01
8.949903035877136703e-03 1.499311615609460469e-01
8.587595952742891475e-03 1.446326599559850101e-01
8.857985401934966724e-03 1.582840064333544960e-01
8.761243367987888581e-03 1.646227817982435226e-01
9.346959533215296739e-03 1.621600032473603792e-01
9.159998014205840422e-03 1.486454262501663570e-01
8.814974581516097155e-03 1.601897701621055603e-01
8.532999120311947350e-03 1.584534566435548963e-01
8.576712708795307394e-03 1.501414639254411154e-01
8.826470221165658159e-03 1.573216753701368875e-01
8.615419370826424283e-03 1.787819947219557171e-01
8.657201907381688669e-03 1.777805232753356390e-01
8.645979715965507184e-03 1.598420521865288324e-01
8.679147799805988703e-03 1.507042963057756424e-01
8.506084989654126571e-03 1.485611752917369299e-01
8.611075450927473465e-03 1.523326165560218992e-01
8.357017780881284552e-03 1.906052047593725929e-01
8.429583218857282165e-03 1.914288332271907034e-01
8.439264142397427323e-03 1.816864100595315390e-01
8.373578715069992379e-03 1.693742672602335519e-01
8.567583870721935668e-03 1.567111969408061800e-01
8.212733646093799827e-03 1.683803581529193516e-01
8.005744385782902553e-03 1.791350361373689470e-01
8.182208397334850628e-03 1.871859437475601740e-01
8.572622310233915174e-03 1.674711393813292093e-01
8.542562499869524317e-03 1.717937803930706386e-01
8.218908499324375713e-03 1.757633545332484837e-01
7.907950068063034771e-03 1.730263564321729841e-01
7.870152940485262635e-03 1.776554336150487357e-01
8.151511450173197504e-03 1.580392914927667980e-01
8.166016577799781878e-03 1.509599000629451571e-01
8.717656524556621073e-03 1.423969970395167761e-01
8.452071105527533129e-03 1.555517423484060469e-01
8.159953408034109276e-03 1.664150160633855458e-01
7.926622317626891290e-03 1.759950214376052313e-01
8.101010780281773724e-03 1.708962863518131980e-01
