6.640919945316343942e-02 6.000949628651142120e-02
5.800534442930323220e-02 5.355678498744964600e-02
5.443770244217863846e-02 5.050821788609027863e-02
5.177096936215714457e-02 4.699357599020004272e-02
4.969936249232510123e-02 4.446848668158054352e-02
4.797571856619381458e-02 4.271911270916461945e-02
4.626146239432983587e-02 4.084280692040920258e-02
4.477829980186936315e-02 3.921655938029289246e-02
4.346991005558066556e-02 3.821604885160923004e-02
4.213781191444978397e-02 3.703227266669273376e-02
4.091345148569926898e-02 3.641409240663051605e-02
3.975910409467249551e-02 3.512475267052650452e-02
3.870060121095398459e-02 3.393776714801788330e-02
3.781996753702803610e-02 3.337187133729457855e-02
3.710888750374135431e-02 3.269689343869686127e-02
3.624226411849987284e-02 3.177244961261749268e-02
3.545343227934364544e-02 3.127741813659667969e-02
3.479519500624297934e-02 3.030102420598268509e-02
3.427175463676997852e-02 3.027831204235553741e-02
3.394149692456533557e-02 2.985799126327037811e-02
3.357539746751327103e-02 2.979939244687557220e-02
3.319066873660719841e-02 2.952729351818561554e-02
3.323460051153854372e-02 2.927892096340656281e-02
3.334348775423699729e-02 2.959151100367307663e-02
3.278094347816232906e-02 2.976982668042182922e-02
3.412811471739920360e-02 3.137746267020702362e-02
3.374325631686100196e-02 3.033113107085227966e-02
3.201964467468603609e-02 2.848416846245527267e-02
3.109831884844092495e-02 2.831281349062919617e-02
3.053557897191040357e-02 2.763443347066640854e-02
3.062125595808937867e-02 2.787395939230918884e-02
3.001722232892927583e-02 2.700173575431108475e-02
2.943228895026372624e-02 2.658153511583805084e-02
2.944630562759390641e-02 2.641466539353132248e-02
2.911476090141549428e-02 2.637467253953218460e-02
2.889865132548460197e-02 2.577476948499679565e-02
2.880639995152993807e-02 2.675626426935195923e-02
2.960264649832757347e-02 2.653662022203207016e-02
2.972404381669149082e-02 2.674207277595996857e-02
2.885906491428613663e-02 2.618184406310319901e-02
2.867198835990232564e-02 2.672224491834640503e-02
2.860424164455474885e-02 2.556061185896396637e-02
3.042993103949035230e-02 2.801394369453191757e-02
2.909759505901758289e-02 2.644657436758279800e-02
2.829758664479524455e-02 2.551638334989547729e-02
2.792201821533281739e-02 2.606253419071435928e-02
2.784460238408206431e-02 2.576498873531818390e-02
2.756867855900853315e-02 2.535018883645534515e-02
2.752220982163235824e-02 2.486708946526050568e-02
2.734029498632724667e-02 2.516535669565200806e-02
2.713262773595932070e-02 2.470938954502344131e-02
2.719238331177976226e-02 2.474116906523704529e-02
2.805318649313071760e-02 2.453443314880132675e-02
2.777956055318255360e-02 2.586629800498485565e-02
2.699742145927214176e-02 2.460123784840106964e-02
2.726707086194215743e-02 2.407416328787803650e-02
2.607270105878209052e-02 2.354417368769645691e-02
2.575431162741307831e-02 2.332208119332790375e-02
2.525443161792326197e-02 2.304495591670274734e-02
2.486091875471174717e-02 2.283542789518833160e-02
2.498790530328888829e-02 2.314378600567579269e-02
2.487404231640805499e-02 2.306680940091609955e-02
2.510320333332368564e-02 2.296854741871356964e-02
2.480650209344741758e-02 2.247923891991376877e-02
2.478098623999735323e-02 2.197037544101476669e-02
2.522812060239474838e-02 2.305516507476568222e-02
2.480853442670550441e-02 2.240560203790664673e-02
2.450937333675782745e-02 2.220482565462589264e-02
2.476516167814956856e-02 2.280882932245731354e-02
2.441372045474808281e-02 2.173869498074054718e-02
2.429413768780849456e-02 2.182601019740104675e-02
2.469254504866534583e-02 2.235413901507854462e-02
2.412565344399431738e-02 2.203106414526700974e-02
2.366902803570577335e-02 2.181540429592132568e-02
2.329992108251445135e-02 2.109412383288145065e-02
2.318481334326107438e-02 2.099021524190902710e-02
2.295009393199551329e-02 2.077858429402112961e-02
2.273685578256845474e-02 2.045278623700141907e-02
2.267912424896366755e-02 2.049193810671567917e-02
2.330157669579110621e-02 2.110078744590282440e-02
2.276793608396518453e-02 2.038112189620733261e-02
2.243653217489581173e-02 2.022992447018623352e-02
2.244367559508579635e-02 1.992118824273347855e-02
2.217578816386621063e-02 1.959191076457500458e-02
2.200462741822731272e-02 1.957395020872354507e-02
2.206284927613124530e-02 2.017380483448505402e-02
2.189836873695617803e-02 1.949877198785543442e-02
2.176386098627273655e-02 1.961023267358541489e-02
2.178067439690050539e-02 1.934290863573551178e-02
2.145755140497008356e-02 1.930659357458353043e-02
2.152381982745193989e-02 1.922559924423694611e-02
2.179158439223722807e-02 1.950565632432699203e-02
2.196456386321565118e-02 2.015434298664331436e-02
2.214662386558768209e-02 1.985699590295553207e-02
2.167876295904378955e-02 1.957118790596723557e-02
2.707277480285705598e-02 2.260829135775566101e-02
2.372947937763500437e-02 2.145526465028524399e-02
2.092110445132342941e-02 1.904852781444787979e-02
2.033252727876349100e-02 1.859750133007764816e-02
1.989004665008950457e-02 1.814089249819517136e-02
