1.055314561808330387e-01 7.576183105508486892e-02
7.185326499213290363e-02 7.050145044922828674e-02
6.697184955833737630e-02 6.721377745270729065e-02
6.280656664999489935e-02 6.248158216476440430e-02
5.970911060864999426e-02 5.990526970061990641e-02
5.682905821216754222e-02 5.811848491430282593e-02
5.440455605086635948e-02 5.827155109081003093e-02
5.251730633691346906e-02 5.847599440150790667e-02
5.086504627204674334e-02 5.903609469532966614e-02
4.923455554204500539e-02 6.013456049064794945e-02
4.789915600624995717e-02 5.862164311110973358e-02
4.640488015635439029e-02 5.818808471990956355e-02
4.505945481946767306e-02 5.760639140175448369e-02
4.359043322596320436e-02 5.922390603356891131e-02
4.236979908082724733e-02 6.172059466027551150e-02
4.144476792241287566e-02 6.102619216673903918e-02
4.020639746336311660e-02 6.189709136055575323e-02
3.887081020265605730e-02 6.353953811857435130e-02
3.815308677522859238e-02 6.358734290632936381e-02
3.719533486689281798e-02 6.750360959106022074e-02
3.608807184065245671e-02 6.960989700423346471e-02
3.534103333533597513e-02 7.074539591040876485e-02
3.367739255829691608e-02 7.110585965630081273e-02
3.260807213382947017e-02 7.586964799298180628e-02
3.218557089434679469e-02 8.084967339204417180e-02
3.134727313247608060e-02 7.851185773809750412e-02
3.019032721280884984e-02 8.472304873996311381e-02
2.966527415513310964e-02 8.598214367197619390e-02
2.892118120022739089e-02 8.805793875621424627e-02
2.838287428466269857e-02 8.982795290648937225e-02
2.758976174102020784e-02 9.234212804585695267e-02
2.683987000690227914e-02 9.093507224073012207e-02
2.651810726317448477e-02 9.361391887068748474e-02
2.623106224360171462e-02 9.126521522800128128e-02
2.568958953971315837e-02 9.201587798694770004e-02
2.546754946678543574e-02 8.874709469576676224e-02
2.517490266023461251e-02 8.864154708054330922e-02
2.487531147813954596e-02 9.470451292064455129e-02
2.419815567081673099e-02 8.794946068276961182e-02
2.377020048755561915e-02 9.027138559354676295e-02
2.359991720110950209e-02 9.424232753614585067e-02
2.310472718445675047e-02 9.772503024174107600e-02
2.270028951986715476e-02 9.843574733369880869e-02
2.211184248118093498e-02 1.078884491903914361e-01
2.180330310446566139e-02 1.070796158164739609e-01
2.172042552960991302e-02 1.059200875461101532e-01
2.152147973609361276e-02 1.225202611337105479e-01
2.091732297927459058e-02 1.283322665840387344e-01
2.119847486903928685e-02 1.094714694966872487e-01
2.079866250065473196e-02 1.041455848349465280e-01
2.048563193581899936e-02 1.165742230498128529e-01
2.011323818128661969e-02 1.118972723682721410e-01
2.022378737290533857e-02 1.071660063332981472e-01
1.987536634082860687e-02 1.097953923874431248e-01
1.950928844285303512e-02 1.100371587607595625e-01
1.934680492405181640e-02 1.191155070232020469e-01
1.936419785133472113e-02 1.192454182439380284e-01
1.892071353684262811e-02 9.587408829894331075e-02
1.866187093726442633e-02 1.011695458243290630e-01
1.900186712855503335e-02 8.964014405177699041e-02
1.873406234724500283e-02 1.036582878894276027e-01
1.832495712461252799e-02 1.122794072661134901e-01
1.828909301004047125e-02 1.070973235699865522e-01
1.817356125589808524e-02 1.084658412469757943e-01
1.801559053492974780e-02 1.018736238280932155e-01
1.750680629558656887e-02 1.196017673032151313e-01
1.744591959442648096e-02 1.092138321449359212e-01
1.731037790011576843e-02 1.183608151558372679e-01
1.733861720318171512e-02 1.366185728046629133e-01
1.732299832188963565e-02 1.333342883735895157e-01
1.693711100535172029e-02 1.070562923947970119e-01
1.671345898483092562e-02 1.401007701125409899e-01
1.676707513056831592e-02 1.264280910707182293e-01
1.655692111973355515e-02 1.397859822544786634e-01
1.677079091882106160e-02 1.412331269433101111e-01
1.672797471760938820e-02 1.345168594270944595e-01
1.639641793345373785e-02 1.212688829335901441e-01
1.622480001751091042e-02 1.226848577045732136e-01
1.620799843486913500e-02 1.319760984430710382e-01
1.605973676002274073e-02 1.214359193626377287e-01
1.574174191483780974e-02 1.452121792568100700e-01
1.587511054301687582e-02 1.404829145305686589e-01
1.566957007398889559e-02 1.427559614595439730e-01
1.532641736642889087e-02 1.210618546853462901e-01
1.599701067216966963e-02 1.135179543246825490e-01
1.579292516964222667e-02 1.142712440341711044e-01
1.570849679481442496e-02 1.267271654473410836e-01
1.544705961738160327e-02 1.394331258618169422e-01
1.531461001812987714e-02 1.227380130439996719e-01
1.549975371756780185e-02 1.164898477080795469e-01
1.518648618177276081e-02 1.300925591753588906e-01
1.498213794997635753e-02 1.397312180035644169e-01
1.488884831414315733e-02 1.140240732994344530e-01
1.456219244112328705e-02 1.454502350340286798e-01
1.457371796330823172e-02 1.324904753516117639e-01
1.438160971156321466e-02 1.401606028278668814e-01
1.495131844256217084e-02 1.218375907176070805e-01
1.448825189045903003e-02 1.209761343068546657e-01
1.439482266035089879e-02 1.221348032769229708e-01
1.455237986676099701e-02 1.133364701850546746e-01
1.444653865745919481e-02 1.145619698282745180e-01
1.417505484201180693e-02 1.156307347118854523e-01
1.414123695978811504e-02 1.250493739628129597e-01
1.390174133357652449e-02 1.089359583954016414e-01
1.405797867583323014e-02 1.207669338004456611e-01
1.384649554393405611e-02 1.186669518550236974e-01
1.380149184960902282e-02 1.160247005108329954e-01
1.400948482413200830e-02 1.157957880447308269e-01
1.389356433320222683e-02 1.027696383082204457e-01
1.347521933508332749e-02 1.395294581436448689e-01
1.322527706615505595e-02 1.401526625785562696e-01
1.334213693195582945e-02 1.264166306290361586e-01
1.331387454505661601e-02 1.380458333426051731e-01
1.360312364503317266e-02 1.178170043147272472e-01
1.350323782265526983e-02 1.295223598264985676e-01
1.318660934291954190e-02 1.218842661215199380e-01
1.333233705774797620e-02 1.381121880064407892e-01
1.330305612007178645e-02 1.248480654839012327e-01
1.322426456116647213e-02 1.396938415451182136e-01
1.322211770599185550e-02 1.181337539520528612e-01
1.350390638401769740e-02 1.170629130469428153e-01
1.347808244144089659e-02 1.209504295968347187e-01
1.296771049539263351e-02 1.306066711743672781e-01
1.310092558785212920e-02 1.051649695469273477e-01
1.287885207083734954e-02 1.383619217409027824e-01
1.279333272070540609e-02 1.086028077536159153e-01
1.272490645576139674e-02 1.317438566022449131e-01
1.295590218856014497e-02 1.157584728466139884e-01
1.286920312956747921e-02 1.202443954017427263e-01
1.333422254372531972e-02 1.313145748443073635e-01
1.250448602259280305e-02 1.309977577378352576e-01
1.266029573043777993e-02 1.306931568930546350e-01
1.260295976379250185e-02 1.231125388294458389e-01
1.271095856545280921e-02 1.392380431708362398e-01
1.234456732901328090e-02 1.420046022782723016e-01
1.212527224395567975e-02 1.546550233744912739e-01
1.306784776776718539e-02 1.025343489729695912e-01
1.286327606280016252e-02 1.138758665571610179e-01
1.223514392821504343e-02 1.409101660052935190e-01
1.224200167159390958e-02 1.175566315650939941e-01
1.272676180507722674e-02 1.210836391482088270e-01
1.287754540396967781e-02 1.141341636992163067e-01
1.261927916458240040e-02 1.157488286909129915e-01
1.230467321863208674e-02 1.361664125902785072e-01
1.305328861846232619e-02 1.207218356430530548e-01
1.251385468048823481e-02 1.111998934712674914e-01
1.209912371937170439e-02 1.440235986891719999e-01
1.231733468769125733e-02 1.333555421895450954e-01
1.220575708335613734e-02 1.190842116872469630e-01
1.194293534774068175e-02 1.384360018289751415e-01
1.180166456369471061e-02 1.438173225356472740e-01
1.182556476697658836e-02 1.530652215911282310e-01
1.185214663410892426e-02 1.641213022586372194e-01
1.183120526086607095e-02 1.568994795282681876e-01
1.152509198679278236e-02 1.912532647450765066e-01
1.149332388900447567e-02 1.704755988385942278e-01
1.152789502260767422e-02 1.766182538121938705e-01
1.142897495239920090e-02 1.552763744774791899e-01
1.171493505357719227e-02 1.933644629187054043e-01
1.146541845206761924e-02 1.768835226280821571e-01
1.136662632229783372e-02 1.653632115986612139e-01
1.144750847228484698e-02 1.814656429406669436e-01
1.166077155612287898e-02 1.479542125016450882e-01
1.151129713436263059e-02 1.796400176568163642e-01
1.171001862252804906e-02 1.365087696661551886e-01
1.141494754190761074e-02 1.581810783180925550e-01
1.160896918712736592e-02 1.516840321322282248e-01
1.194300079515688354e-02 1.344804356081618080e-01
1.139228434441043325e-02 1.623348856551779518e-01
1.139365841432974334e-02 1.533588690476285210e-01
1.152051673852838576e-02 1.710814020286003656e-01
1.126370079187407475e-02 1.563051864504814148e-01
1.127244626092383829e-02 1.516970569888750620e-01
1.106663855934152119e-02 1.778648880620797568e-01
1.133280975684500952e-02 1.586628276854753494e-01
1.132299552758686198e-02 1.258048560056421461e-01
1.125393325663588164e-02 1.368739010973109016e-01
1.146413906235096460e-02 1.244257748540904818e-01
1.111993335596308391e-02 1.517430616335736504e-01
1.120920322941449526e-02 1.530415862798690796e-01
1.105601783797837724e-02 1.403667862630552654e-01
1.109379522073673276e-02 1.732669582383500329e-01
1.111631171268645697e-02 1.436644039220280056e-01
1.102596203483285214e-02 1.514529842469427290e-01
1.104060868444905509e-02 1.421164015514982948e-01
1.094845692545262650e-02 1.675848087502850303e-01
1.095012296488077040e-02 1.457892023026943207e-01
1.114338534960818486e-02 1.541516333818435669e-01
1.110883166718228642e-02 1.605757984022299356e-01
1.087494585622855378e-02 1.733742381135622568e-01
1.113496670983088119e-02 1.771625265893009005e-01
1.076353132018225030e-02 1.980055117358764105e-01
1.068667608868838041e-02 1.747568456663025627e-01
1.080889204740372901e-02 1.748002496444516773e-01
1.076925872154041626e-02 1.985485057036081857e-01
1.060296969873474743e-02 1.933770742681291399e-01
1.085514879200562104e-02 1.813390768236584072e-01
1.099128831117376047e-02 1.900835440804561072e-01
1.116031907286828100e-02 1.906789810293250675e-01
1.115771133227395039e-02 1.616304690639177866e-01
