1.134348440247141127e-01 8.232379746105936147e-02
7.511872268845970479e-02 7.359825861122873403e-02
7.245272496522109362e-02 7.285160095327430918e-02
7.046151093616173644e-02 7.004390222330887650e-02
6.801649871494287736e-02 6.884638385640250158e-02
6.362281426431505571e-02 6.494382582604885101e-02
6.065570291442175938e-02 6.410251247386138107e-02
5.791659035712359155e-02 6.309480965137481689e-02
5.563165771403932869e-02 6.388726085424423218e-02
5.435379037474531716e-02 6.315884387327565241e-02
5.247088152691873481e-02 6.391930352482530497e-02
5.087437270761929059e-02 6.330374855962064840e-02
4.964098181836761048e-02 6.383299931055969045e-02
4.815881691941219234e-02 6.392644656201203202e-02
4.675506940016871393e-02 6.489165748159091140e-02
4.583900237013018020e-02 6.635591139396031235e-02
4.419295168084251546e-02 6.643088182641400385e-02
4.299721743237620852e-02 7.024486445718342020e-02
4.224376384891963265e-02 7.007652376261022664e-02
4.114233280959864875e-02 7.069837736586730148e-02
4.019879756923159381e-02 7.112945636941327143e-02
3.944272006865651159e-02 7.597153695921103622e-02
3.869822389603311957e-02 7.381476565367645071e-02
3.758253923539692926e-02 7.346496172249317169e-02
3.695852862627480029e-02 7.969440581897895004e-02
3.684631325313972999e-02 7.468914137118393137e-02
3.571648585630914086e-02 7.518892880115243815e-02
3.512426834303613438e-02 7.987107377913263417e-02
3.437741797245145309e-02 7.699504763715797617e-02
3.356658530325015710e-02 8.025216145647896815e-02
3.303584756047608928e-02 8.049331584738360357e-02
3.213100507287535573e-02 8.010927691227859304e-02
3.150100988947324848e-02 8.341558256910906743e-02
3.096162818790587634e-02 8.564645548661549423e-02
3.036160788042622377e-02 8.476654295292165853e-02
2.988171175868076235e-02 8.332162329720126104e-02
2.958090394040630358e-02 8.302562932173411514e-02
2.939198347332894895e-02 8.525396366086271382e-02
2.890354208979467945e-02 8.551303111016750336e-02
2.822694040331383616e-02 8.810658877094586228e-02
2.789431474336263872e-02 8.792432045771016169e-02
2.810880933212479837e-02 8.861162430710262106e-02
2.717121164749823278e-02 8.994606157971753169e-02
2.670089529147674431e-02 9.071262925863265991e-02
2.667175037776899765e-02 9.200410855313141678e-02
2.640077090709530908e-02 1.008905230296982675e-01
2.597518459817099376e-02 1.020183104814754577e-01
2.534406531197056639e-02 1.011485378775331678e-01
2.492296802896506666e-02 1.035197154722279911e-01
2.456876306441551847e-02 9.873056059910191584e-02
2.459777162880712534e-02 1.033625430944893064e-01
2.392518716439324608e-02 1.020653678311242013e-01
2.393991811502899081e-02 9.444065309233135030e-02
2.385972374132114965e-02 9.589095682733589365e-02
2.357145776613463889e-02 1.026641039384735971e-01
2.309453927550268043e-02 1.066155584736002832e-01
2.324607235197795677e-02 1.077609476115968523e-01
2.287707950189194622e-02 1.030555624100897016e-01
2.287560988551694610e-02 1.039655440383487339e-01
2.236062195033736155e-02 1.039833707941903024e-01
2.214124658129866877e-02 1.036299109045002165e-01
2.216378369745306345e-02 1.095383574979172797e-01
2.170083645449163989e-02 1.077938479267888661e-01
2.143382654942731225e-02 1.156283770170476732e-01
2.132249798302016108e-02 1.157090305868122282e-01
2.089285545076652317e-02 1.199276381068759556e-01
2.132815142054246896e-02 1.066992082115676699e-01
2.081727912333392744e-02 1.242408953193161192e-01
2.062988952814972382e-02 1.219454848517974171e-01
2.045914567524294639e-02 1.160983143167363257e-01
2.017530123087978716e-02 1.300503040353457040e-01
1.987258179588394930e-02 1.134911866651640983e-01
1.994565330640738279e-02 1.256765810151894980e-01
1.993461908598437998e-02 1.333376905984348659e-01
1.976328883443133691e-02 1.365687418729066849e-01
1.950654726261575808e-02 1.491914793021149044e-01
1.966365393983745408e-02 1.105429838514990215e-01
1.968845087449005646e-02 1.378025220086177283e-01
1.940780645520312833e-02 1.404455689092477255e-01
1.919716511587082203e-02 1.376194239904483252e-01
1.893787069233868886e-02 1.449830366505516777e-01
1.886510927508380786e-02 1.407906533115440006e-01
1.863594705615631911e-02 1.564589664340019226e-01
1.856483772540904256e-02 1.440416576547755012e-01
1.850367713756518456e-02 1.386866172154744559e-01
1.890998816555857984e-02 1.455843694921996889e-01
1.857753175999817680e-02 1.484936568886041641e-01
1.860228069793864666e-02 1.437644116166565122e-01
1.812716255298573234e-02 1.565034184604883194e-01
1.803285834626521672e-02 1.394674517214298248e-01
1.783208745461699329e-02 1.534493395851718178e-01
1.779232959961518645e-02 1.500886281331380301e-01
1.766288381333016091e-02 1.526192018969191322e-01
1.763090884385865378e-02 1.341811410254902248e-01
1.782186262591597958e-02 1.338888897250095911e-01
1.772729907448903144e-02 1.271630554563469295e-01
1.779114265052594152e-02 1.325209612647692270e-01
1.771567526227998957e-02 1.310992981824609938e-01
1.733550671663142834e-02 1.420994703140523729e-01
1.715909200365564255e-02 1.348102769503990717e-01
1.717023209340272361e-02 1.367040437956651144e-01
1.689646423962800140e-02 1.471385697109831581e-01
1.688195910561277047e-02 1.644614436146285830e-01
1.704946039452755191e-02 1.347682368424203692e-01
1.689803498589842468e-02 1.322787490983804159e-01
1.653318305531084956e-02 1.392108059177795953e-01
1.684830111510127876e-02 1.520942145337661200e-01
1.704537213734555468e-02 1.456847795181804295e-01
1.704179106835783039e-02 1.339864031308227177e-01
1.659144451051412783e-02 1.411398088352547875e-01
1.679738182091812873e-02 1.378100870384110221e-01
1.652098130822802699e-02 1.665395452744430904e-01
1.605462453046972715e-02 1.741924759828382130e-01
1.652013986656343872e-02 1.569138467311859131e-01
1.633105764394565326e-02 1.606248815854390555e-01
1.604305710586741845e-02 1.742934017545647030e-01
1.587119929911758043e-02 1.542481268859571819e-01
1.596978076873725727e-02 1.620439522796207066e-01
1.567004475770026120e-02 1.636212577836381188e-01
1.583169152599577661e-02 1.328678861674335299e-01
1.572119086323972223e-02 1.449732730786005563e-01
1.608756135172415003e-02 1.367079928103420439e-01
1.587213669587456827e-02 1.490379100044568472e-01
1.566432981928848195e-02 1.621932581894927616e-01
1.566361440975044816e-02 1.486258266700638542e-01
1.553366700522374431e-02 1.674781007071336203e-01
1.560287658485765699e-02 1.446939671619070777e-01
1.552851598594352789e-02 1.531668007373809814e-01
1.528019167608732874e-02 1.695412041412459603e-01
1.516062491814742196e-02 1.897813650882906322e-01
1.548408269191282015e-02 1.571973229034079322e-01
1.560550421638209895e-02 1.411429266962740126e-01
1.538543670974876210e-02 1.552364704095655079e-01
1.526957444730214775e-02 1.805195059213373365e-01
1.492942894862896684e-02 1.886531164248784476e-01
1.513970630646615211e-02 1.754931654367181959e-01
1.501539701120776539e-02 1.601800117641687393e-01
1.497310732597318533e-02 1.832353793498542605e-01
1.481341518205211982e-02 1.897286069062021074e-01
1.476106369807347017e-02 1.988548077642917633e-01
1.463292795422721677e-02 1.880765666978226891e-01
1.467891736523952405e-02 1.881815054350429173e-01
1.468682701356814960e-02 1.433840211894777117e-01
1.462870371566774887e-02 1.873987735145621891e-01
1.446727516434375034e-02 2.032783840679460163e-01
1.428499223088951567e-02 1.853573655502663842e-01
1.427502463958831881e-02 1.735685900267627535e-01
1.432232878135888260e-02 1.938954819407728014e-01
1.438662161524369675e-02 1.896620953662527809e-01
1.475001389456049618e-02 1.942342902637190227e-01
1.429197950855586562e-02 1.878346134391095934e-01
1.414352007389136669e-02 1.682105383111370811e-01
1.431130808522561304e-02 1.950152470833725338e-01
1.431306569346764423e-02 1.604350453449620018e-01
1.424821578576683859e-02 1.915814334319697609e-01
1.412463839836910866e-02 1.923050420979658670e-01
1.415010892816372448e-02 1.755347150481409435e-01
1.400243883031587061e-02 2.109679685284694128e-01
1.377513215685929535e-02 1.988139976229932604e-01
1.385708397885640659e-02 1.768250597847832450e-01
1.407316544238000969e-02 1.950284811771578197e-01
1.411984497998326239e-02 2.150685700277487344e-01
1.378039830497738635e-02 2.051172024673885708e-01
1.392124552157616643e-02 2.136311150259441738e-01
1.375304932026495501e-02 2.040829608837763376e-01
1.394085275275231371e-02 2.281094706720775966e-01
1.369298921911731200e-02 2.285434806512461892e-01
1.354457238690011389e-02 2.296200229061974296e-01
1.372120088856947431e-02 2.108319778409269152e-01
1.420697083907784992e-02 2.061230736888117199e-01
1.363630543559471615e-02 2.090105776571565266e-01
1.346822697016206161e-02 2.349505991571479435e-01
1.359770679420496328e-02 2.155968743479914074e-01
1.328854839794519488e-02 2.510667577799823302e-01
1.353748013621302107e-02 2.168960033191574821e-01
1.350583033011544705e-02 1.789283512367142448e-01
1.364732982152580716e-02 1.959661841392517090e-01
1.353123958096688097e-02 2.087690037571721668e-01
1.317211206386251915e-02 2.270283976362811318e-01
1.316596017095139105e-02 2.113013097809420815e-01
1.331672834339400237e-02 2.052378505468368530e-01
1.321311156398889339e-02 2.216353486809465589e-01
1.337234967419446106e-02 2.190830486102236518e-01
1.355359666626824652e-02 1.813350468873977661e-01
1.346647505798922312e-02 2.107877927935785656e-01
1.328238861612138916e-02 1.736007179650995436e-01
1.316398314230628544e-02 1.936367930223544531e-01
1.311617698406846062e-02 2.017560967554648810e-01
1.281236000860685315e-02 2.164495237585571108e-01
1.272091117798259882e-02 2.301864334278636570e-01
1.258554492250834461e-02 2.277918724964062280e-01
1.272934845651545362e-02 2.244890311525927773e-01
1.266866115800188361e-02 2.180017003168662482e-01
1.247519539594385204e-02 2.144675776362419128e-01
1.253475204436203111e-02 2.234453223645687103e-01
1.261275692235269523e-02 2.390123539500766392e-01
1.275226156316258512e-02 2.191579892403549557e-01
1.251432289865352446e-02 2.522036553257041569e-01
1.275619852869597226e-02 2.247893545362684431e-01
1.251032412202642691e-02 2.009305051631397609e-01
