1.033652853712863501e-01 8.549154632621341898e-02
7.443678534279267456e-02 7.358507708542877390e-02
6.959485523289114794e-02 7.663360962437258672e-02
6.367868099577451979e-02 7.940394617617130280e-02
6.014224501966491249e-02 8.148506490720643092e-02
5.611151885203411599e-02 8.142755573822392512e-02
5.227093748858092220e-02 7.491647079586982727e-02
4.865586628278005532e-02 7.635051757097244263e-02
4.607904585962357968e-02 6.854726601805952169e-02
4.338496661890767908e-02 6.864267070260313131e-02
4.143452973576353116e-02 6.210477919214301562e-02
3.979721112835516578e-02 6.468788596491019394e-02
3.845050789196256119e-02 7.748945988714694977e-02
3.709585548897190860e-02 9.240241369439496089e-02
3.598451173847268952e-02 1.073846423791514487e-01
3.517108443486541974e-02 8.375777531829145528e-02
3.380928908965012691e-02 1.042822909851868901e-01
3.283786788304540738e-02 1.038983689828051477e-01
3.274478938674735967e-02 9.206231455836030864e-02
3.180095878509214130e-02 9.684055029518073843e-02
3.108022630411556159e-02 9.398000894321335841e-02
3.046906163264823109e-02 8.889560297959381296e-02
2.968104400367256590e-02 9.507829758028189804e-02
2.901111011950836815e-02 8.114988605181376602e-02
2.839281238408236652e-02 8.826947895189125870e-02
2.778409698024975061e-02 8.838022210531765177e-02
2.713109096498001610e-02 8.423101757135656453e-02
2.657245073161784363e-02 8.671787774397267390e-02
2.610086135654255887e-02 8.386375289410352707e-02
2.547864139773807143e-02 8.980832538670963094e-02
2.653703647897563689e-02 8.849169417387908743e-02
2.770020047153490261e-02 8.108326140791177750e-02
2.537348434897859079e-02 7.897306626869572688e-02
2.418351253187965219e-02 9.685441199690103531e-02
2.368192875126520769e-02 9.597335486776298330e-02
2.302812734913134082e-02 8.623343726827038813e-02
2.255562077772356802e-02 9.116721080823077250e-02
2.214338449236929324e-02 9.301826854546864365e-02
2.170158604896301954e-02 9.684814698994159698e-02
2.133628951903334195e-02 9.635129115647739217e-02
2.163540140883732019e-02 9.270070876098340795e-02
2.155408656250162869e-02 1.092476904806163607e-01
2.083495537238384820e-02 1.062001798094974608e-01
2.031588787070998103e-02 1.005684101126260166e-01
1.995205777158725810e-02 1.032671703853541012e-01
1.959102023799896147e-02 1.092937665267123132e-01
1.933130673729110266e-02 1.071772322886520024e-01
1.917099911005925097e-02 1.137647916459375019e-01
1.898844404301295793e-02 1.151085676004489217e-01
1.888733397865463570e-02 1.090946768720944676e-01
1.969430312406407826e-02 1.042929366230964661e-01
2.282442770424162812e-02 8.557658435569868993e-02
1.975679128857639813e-02 9.227286641382509425e-02
1.854843236965021333e-02 1.018340422047509103e-01
1.804166679517592992e-02 1.060372763830754461e-01
1.782337699593726163e-02 1.073213412115971294e-01
1.760548517170430413e-02 1.052862420264217558e-01
1.736418213113211095e-02 1.108907549124625025e-01
1.722078353741085185e-02 1.127954195770952406e-01
1.711203295092015089e-02 1.187948914658692179e-01
1.827717140625511119e-02 8.605984029256635859e-02
1.830893281205534656e-02 1.058555782462159839e-01
1.731205111576766820e-02 9.860116636587513972e-02
1.679282156254611677e-02 1.048080795961949530e-01
1.640450127415237977e-02 1.040269722127252217e-01
1.651987223365397259e-02 1.075661759823560715e-01
1.632553097478216253e-02 1.121416068118479548e-01
1.603662999045402798e-02 1.128758182749152184e-01
1.630805969075962286e-02 9.686769358813762665e-02
1.796933048242907449e-02 8.532334605438841868e-02
1.604732490694566610e-02 1.001753913652565775e-01
1.539276628194251838e-02 1.043946974807315464e-01
1.521500691674967758e-02 1.183107816096809206e-01
1.518310155949983108e-02 1.241461342821518626e-01
1.519068799098022282e-02 1.164072293581234069e-01
1.526831714100416494e-02 1.184518544210328012e-01
1.597022668059112568e-02 1.027014880544609432e-01
1.624972213791282122e-02 1.015117345377802849e-01
1.489509611612477302e-02 1.069184343020121303e-01
1.454239879080332885e-02 1.217976287007331848e-01
1.435846751991174883e-02 1.215452062379982767e-01
1.565437132955956739e-02 9.865600367387135361e-02
1.500440643469961970e-02 1.270923616571558723e-01
1.416109791567371143e-02 1.331904345295495395e-01
1.393795611464127004e-02 1.218770304694771767e-01
1.386942883243129365e-02 1.285332918374074707e-01
1.384621062536053882e-02 1.230045373861988339e-01
1.382199682724071475e-02 1.226664654289682660e-01
1.373328285185786840e-02 1.210549952876236735e-01
1.387612607220766944e-02 1.190477073606517611e-01
1.370350098863482545e-02 1.197102739372187252e-01
1.340592872387847030e-02 1.269910922273993492e-01
1.522716235159328468e-02 1.128191418117946987e-01
1.434152255157042886e-02 1.348639770100514002e-01
1.320832116139874710e-02 1.254747573079334488e-01
1.287284084147114968e-02 1.282208231795165243e-01
1.280284781357731577e-02 1.281428796549638205e-01
1.270777266377931362e-02 1.357674263417720795e-01
1.272377808097034484e-02 1.358404706956611863e-01
1.298273809805959231e-02 1.260581790573067074e-01
1.297826961258320352e-02 1.256705631191531725e-01
1.545126397707840236e-02 1.131901152225004287e-01
1.291338400288231415e-02 1.265065521001815796e-01
1.224432566510305284e-02 1.364353751349780264e-01
1.213898773402603999e-02 1.373460226588779087e-01
1.208660368084987086e-02 1.363105255489548140e-01
1.213243133608513102e-02 1.320376129200061255e-01
1.205348333651938206e-02 1.329829078167676926e-01
1.200745673743701218e-02 1.396994315501716433e-01
1.184642880116740758e-02 1.476385017029113178e-01
1.213836366354726325e-02 1.454860964376065435e-01
1.193378996023552324e-02 1.372165600251820383e-01
1.189226143374921656e-02 1.313633130242427283e-01
1.178890986560192713e-02 1.398797339449326105e-01
1.158031830798391532e-02 1.404184610065486727e-01
1.148614795557677606e-02 1.488274282051457176e-01
1.147618179580544955e-02 1.516978082557519369e-01
1.146668150909320796e-02 1.476580444723367691e-01
1.146462182367667323e-02 1.503891915910773869e-01
1.222312185220984435e-02 1.767286167790492468e-01
1.259769414380245735e-02 1.174142828418148904e-01
1.177457656379603604e-02 1.408241750258538427e-01
1.124988501651091356e-02 1.468950599018070402e-01
1.104101179060204378e-02 1.547427560306257610e-01
1.168640221744052590e-02 1.426947861909866333e-01
1.117149735121832597e-02 1.480676674594481879e-01
1.091680811941472297e-02 1.554037265272604218e-01
1.085569501861104527e-02 1.539351720776822863e-01
1.079336554758492973e-02 1.515800561755895615e-01
1.073189088338853507e-02 1.454941047769453821e-01
1.070007078249738189e-02 1.550291256151265507e-01
1.060677332778998949e-02 1.435748658453424864e-01
1.053076539339111578e-02 1.448399692566858521e-01
1.053274125433375542e-02 1.430588078995545798e-01
1.046788795438038586e-02 1.498678218987253008e-01
1.051076222779002110e-02 1.453674384910199346e-01
1.047084705297914725e-02 1.458313685531417436e-01
1.045443675643101950e-02 1.447978809268938294e-01
1.040071647636009282e-02 1.387939887742201395e-01
1.036720799873261205e-02 1.559399747186236973e-01
1.031494017123013758e-02 1.495525047389997253e-01
1.031246141833915692e-02 1.450184521575768881e-01
1.018004207618674641e-02 1.458457954641845522e-01
1.018291068021056657e-02 1.406212342489096823e-01
1.019905053982530022e-02 1.396081626622213134e-01
1.035009553997656186e-02 1.337290854296750431e-01
1.044606511496249703e-02 1.300074300832218532e-01
1.061710261983978693e-02 1.114706239766544704e-01
1.055859491712701423e-02 1.323936952071057549e-01
1.015268942486491008e-02 1.383606609370973406e-01
9.866617655483779503e-03 1.356951987577809104e-01
9.742290365539975697e-03 1.335747672451866874e-01
9.759275316274004797e-03 1.312759392377403078e-01
9.786831378526001518e-03 1.309178373258974848e-01
9.736404622780969742e-03 1.282299777699841270e-01
9.708507386972271835e-03 1.284687142405245008e-01
9.615340875603667695e-03 1.310111625740925378e-01
9.767149579786976385e-03 1.438999198791053591e-01
1.000430894865582399e-02 1.437768147637446814e-01
1.004879945691303927e-02 1.462655795945061454e-01
9.617579012812963596e-03 1.573295777456628075e-01
9.445829706089533401e-03 1.505212856249676934e-01
9.486432766851333673e-03 1.517909065716796513e-01
9.401585860722093055e-03 1.451977447917064123e-01
9.349933222652701340e-03 1.579828289233976002e-01
9.314641615799893956e-03 1.489529605540964308e-01
9.323445935279311980e-03 1.465661422246032353e-01
9.319031190380787713e-03 1.498644515458080473e-01
9.195207392681405134e-03 1.412608766307433539e-01
9.127867061808531829e-03 1.395050419701470146e-01
9.157840555890583989e-03 1.385995180656512671e-01
9.092546884103951468e-03 1.552955286784304390e-01
9.054808858124258411e-03 1.619691474156247368e-01
9.044727857240733929e-03 1.532342206272813978e-01
8.994510471257684617e-03 1.580604217532608213e-01
8.920317784763827362e-03 1.482118931081559954e-01
8.864241877804525382e-03 1.591821675085359211e-01
9.045576189887875873e-03 1.494086767650312786e-01
8.893828258051810279e-03 1.495951205078098478e-01
8.845009209377108564e-03 1.584521939771043053e-01
8.880061069758972761e-03 1.579004451632499695e-01
8.763656566748621868e-03 1.614278778433799744e-01
8.737788174459444959e-03 1.510630918459759942e-01
8.750425940105025988e-03 1.749770966255002613e-01
8.810866207671843794e-03 1.553644506881634302e-01
8.936912046269347709e-03 1.573399236011836233e-01
8.857669688906043629e-03 1.649218526565366383e-01
8.673965916978346180e-03 1.630955083916584558e-01
8.640477185708289598e-03 1.648401030235820408e-01
8.593761151073485427e-03 1.606470575142237844e-01
8.573280866030694169e-03 1.684419475495815277e-01
8.497638617830569757e-03 1.622966039511892500e-01
8.426406155638509893e-03 1.696782432910468874e-01
8.462972625497562629e-03 1.673066769209173021e-01
8.452759628331788302e-03 1.695296573970052900e-01
8.390022843164710378e-03 1.775771331869893666e-01
8.433784048590711041e-03 1.737296972423791885e-01
8.452436556174548060e-03 1.643507389558686027e-01
8.462575488824139111e-03 1.658710373772515068e-01
8.449066422285315958e-03 1.729561635810467901e-01
