1.250908838270792522e-01 8.563704747292730235e-02
7.691112962244760209e-02 8.504391606483194255e-02
7.433770494952010588e-02 8.253357228305605031e-02
7.245735697849554902e-02 7.814076191021336604e-02
7.047601422196542176e-02 7.487126005192597245e-02
6.761193433132900443e-02 8.222555969324377156e-02
6.203342460917415230e-02 9.235440029038323451e-02
5.822018564705229438e-02 8.860757222606076289e-02
5.472015150977919268e-02 8.143620689709980820e-02
5.165528096788661594e-02 7.789286039769649506e-02
4.848827495158278961e-02 7.464609895315435506e-02
4.606389932758439554e-02 6.736782524320814036e-02
4.379640061245489158e-02 6.316233860949675705e-02
4.172926269447037317e-02 5.671472350756327080e-02
4.020378537612354086e-02 5.656606517732143402e-02
3.849784624800691585e-02 5.658213877015643573e-02
3.712447715461314468e-02 5.764419502682156110e-02
3.577270877511596475e-02 5.822269390854570292e-02
3.474584995765178652e-02 6.015108525753021240e-02
3.381584068888995182e-02 5.697761796828773595e-02
3.285724222678994277e-02 5.681312208374341560e-02
3.238681597423141711e-02 5.479270819988515950e-02
3.142392235226944275e-02 5.429580828381909419e-02
3.048019381987718268e-02 5.938338684952921415e-02
2.967013994741018665e-02 5.365295749571588613e-02
2.911749986266316120e-02 5.201605841931369878e-02
2.857112797659564288e-02 5.445435301711162163e-02
2.795256714845772636e-02 5.208323233657412982e-02
2.725733536635373960e-02 5.571910749293036008e-02
2.679214549200737913e-02 5.439313159634669853e-02
2.634123103679877204e-02 5.427842173311445140e-02
2.674125002770934637e-02 5.275891079670853162e-02
2.602678850696353921e-02 5.262028984725475311e-02
2.504055183574867630e-02 5.432596181829770637e-02
2.450414511992225070e-02 5.619574224369393300e-02
2.411906442692980310e-02 5.687126186158922292e-02
2.400528449102350137e-02 5.550528690218925476e-02
2.363219090412764511e-02 5.590363322860664869e-02
2.378161275230264785e-02 6.418692465457651042e-02
2.326409005710469019e-02 6.072009861883190251e-02
2.263116006189540980e-02 6.078787572267982386e-02
2.223470927158378158e-02 5.858985169066323329e-02
2.177894426811660678e-02 6.387788605772787287e-02
2.154675846738642389e-02 5.788584695094161486e-02
2.132455681803696948e-02 6.047668514980210352e-02
2.129880904799281993e-02 6.440968304458591365e-02
2.118039914388853209e-02 6.043476156062550092e-02
2.131511301121189958e-02 6.851414725598362065e-02
2.161708045646745097e-02 6.545694731175899506e-02
2.051058253491054931e-02 6.114549438158670830e-02
1.989885985025969389e-02 7.522426856060822342e-02
1.954801738966347249e-02 6.947786143670479919e-02
1.932775029298334363e-02 7.561306189745664597e-02
1.913406203829350061e-02 6.916672167264753535e-02
1.906169287796980263e-02 6.525497831818130590e-02
1.917110928722346938e-02 5.947171431034803391e-02
1.931127404928495092e-02 7.568997631056441355e-02
1.880059920973523035e-02 8.331760019063949585e-02
1.824286100535078142e-02 8.084085749255286169e-02
1.800584596178562632e-02 7.666758758326371048e-02
1.790688339312280705e-02 7.211444433778524399e-02
1.771717752818381675e-02 7.897513038996192836e-02
1.763175708517182236e-02 8.378210684491528559e-02
1.755813623629926684e-02 7.893118024286296941e-02
1.724023911680806764e-02 8.301428270836670731e-02
1.691727631354356109e-02 8.847701653010314748e-02
1.677023139815376346e-02 9.865865380399757578e-02
1.666436269567007217e-02 1.079018157389428911e-01
1.655110567822348083e-02 9.675119403335782908e-02
1.651250692112825671e-02 8.861345611512660980e-02
1.647373968882039422e-02 9.069772230254279088e-02
1.630935761523887376e-02 9.867560791058672953e-02
1.606036870805660141e-02 9.608239049298895884e-02
1.588548197031467921e-02 9.493042828722132731e-02
2.052561120164194536e-02 8.292287277678649093e-02
1.656281856708304370e-02 8.262720776514874410e-02
1.561903939000330865e-02 8.739851373765203379e-02
1.533538876851449004e-02 8.431560691032144450e-02
1.515570655015554755e-02 8.450144032637278702e-02
1.510403226853757226e-02 8.588451985269784927e-02
1.497428347754133256e-02 8.706216648634937383e-02
1.493059302885104203e-02 8.864644107719261978e-02
1.498351433152064066e-02 8.846526665406094503e-02
1.494084139486085740e-02 8.747607376426458359e-02
1.475325534408874172e-02 9.107539254344171331e-02
1.455399909575386466e-02 9.504178218129608058e-02
1.465512607594463695e-02 8.835068945255544759e-02
1.454734377117214254e-02 9.127689152956008911e-02
1.436218518867418692e-02 9.313365630805492401e-02
1.470258729191633272e-02 1.042537099371353831e-01
1.414490728643798614e-02 1.043399628251791000e-01
1.382928531014973768e-02 1.069044135510921478e-01
1.367460993178684810e-02 1.056515034288167953e-01
1.366997319813136220e-02 1.125785809838109608e-01
1.363828228748729075e-02 1.129961251798603239e-01
1.356946932539018248e-02 1.203082694361607280e-01
1.355661379423738280e-02 1.163448983182509694e-01
1.338036085975382976e-02 1.098864064034488497e-01
1.322967947883781255e-02 1.215068807618485541e-01
1.305369686901311846e-02 1.193885300308465958e-01
1.296872232188338130e-02 1.164532798445886974e-01
1.290369326094017825e-02 1.234962203436427708e-01
1.287387876191206822e-02 1.217401127020518031e-01
1.286340073106916407e-02 1.164974201884534655e-01
1.277661687404398061e-02 1.263865880254242124e-01
1.267029487253905004e-02 1.189564598931206613e-01
1.259462773263723273e-02 1.285010416888528462e-01
1.260745874428610518e-02 1.189989787009027300e-01
1.254047315728157828e-02 1.228527561244037447e-01
1.384787569466099967e-02 7.118163382013638352e-02
1.433510932353480351e-02 1.157698875500096231e-01
1.236653041056209705e-02 1.285626715463068781e-01
1.206957518451514007e-02 1.169163088003794398e-01
1.193094680041294382e-02 1.133110092745886893e-01
1.188567391387565508e-02 1.282519944426086245e-01
1.184469912976321773e-02 1.150479164595405307e-01
1.177439629396033818e-02 1.309028596927722388e-01
1.170491584497636468e-02 1.264101427255405197e-01
1.168925669463067446e-02 1.399482958432700930e-01
1.156805237382271812e-02 1.252581252613001461e-01
1.150172933043128350e-02 1.253519343833128519e-01
1.152336636673643999e-02 1.333201362027062187e-01
1.142095975796464900e-02 1.226299623441365061e-01
1.146769404223915712e-02 1.280173353022999172e-01
1.308607077876738217e-02 7.980607543140649796e-02
1.425662879738388844e-02 9.554270499696333740e-02
1.166231516023200597e-02 1.158480285149481592e-01
1.115924782593870866e-02 1.275361805326408748e-01
1.103870551612008526e-02 1.301380272747741929e-01
1.097760324158641478e-02 1.383689455687999725e-01
1.091781068000302612e-02 1.302897874265909195e-01
1.094351443712887270e-02 1.382156320744090672e-01
1.092374465620898558e-02 1.267934201492203483e-01
1.087859998896294027e-02 1.335147610969013576e-01
1.078006703116953652e-02 1.721612637241681509e-01
1.073375314439086597e-02 1.224217825672692661e-01
1.077023909223262174e-02 1.331343137555652256e-01
1.071806715132206725e-02 1.179077505237526302e-01
1.073801643780633239e-02 1.242315396666526794e-01
1.055336859570797300e-02 1.288184884728656998e-01
1.052854069635438677e-02 1.326340215487612495e-01
1.045980222385501680e-02 1.239277391384045329e-01
1.052264950337073943e-02 1.179860552979840188e-01
1.049235029294197201e-02 1.283216294315126238e-01
1.031894136998211774e-02 1.166118764215045567e-01
1.029932385994825582e-02 1.134387627243995667e-01
1.027455063154864186e-02 1.090550300561719532e-01
1.019970390011511012e-02 1.125762924138042631e-01
1.020425146259178184e-02 1.236727680597040357e-01
1.029543976968616201e-02 1.215662074585755620e-01
1.023243924738210901e-02 1.242481821941004844e-01
1.012287777446293710e-02 1.183995741109053340e-01
1.008537542313901400e-02 1.176497317436668577e-01
1.008342813955510203e-02 1.279305174118942623e-01
1.004104895282506398e-02 1.375257246610191164e-01
1.001131139911911813e-02 1.250590460581911811e-01
1.001394343951894986e-02 1.102651273831725121e-01
1.054492848156288881e-02 1.233009623570574670e-01
1.002916691877322672e-02 1.225647181272506714e-01
9.755890727364003798e-03 1.339343047390381403e-01
9.704761817692628134e-03 1.380176246166229248e-01
9.819829326579196382e-03 1.335738187448846093e-01
1.019130519977430073e-02 1.498916693445709047e-01
9.884656062307086918e-03 1.435611299756500425e-01
9.699082590035745452e-03 1.414060048345062437e-01
9.565462077550431624e-03 1.450410977833800907e-01
9.489931437216237234e-03 1.503805027653773718e-01
9.505914505386566654e-03 1.496916862411631355e-01
9.635476939942369187e-03 1.441709463381105061e-01
9.652526998666220714e-03 1.563502692927916937e-01
9.562137541673487381e-03 1.464647478941414060e-01
9.533025444664128961e-03 1.681225384689039593e-01
9.365392525157913844e-03 1.653450255592664175e-01
9.299217231975815540e-03 1.606180688573254356e-01
9.210015579322694199e-03 1.750590540468692780e-01
9.240455134100719961e-03 1.708068406830231256e-01
9.299552922299874486e-03 1.758317088501321068e-01
1.086348237512856606e-02 1.331024848752551670e-01
1.050552904141623806e-02 1.368792479236920767e-01
9.385966149615919407e-03 1.670564390305015745e-01
9.091722788558931692e-03 1.775719479968150549e-01
9.004033846772140082e-03 1.757028061482641401e-01
9.028204606242129157e-03 1.774051119056012926e-01
8.990774948478342729e-03 1.666787053561872844e-01
8.941734185403523924e-03 1.608575698402192888e-01
8.934855075317389705e-03 1.706962837941116695e-01
1.004829537206257395e-02 1.457652244716882706e-01
9.652711538128494473e-03 1.455558695726924534e-01
8.969363580435150626e-03 1.676885649147960844e-01
8.772841475954151064e-03 1.613608745651112786e-01
8.727745794950477268e-03 1.640996521131860009e-01
8.773079920797684228e-03 1.727077780912319727e-01
8.739040218406296523e-03 1.685106485254234676e-01
8.839252697918147453e-03 1.692158480485280447e-01
8.847792095166812087e-03 1.704163483033577509e-01
8.776142299662692894e-03 1.680567268696096239e-01
8.706643284682744413e-03 1.723401962469021387e-01
8.702854424046837026e-03 1.750307238350311823e-01
8.701252772821098380e-03 1.743708846883641472e-01
8.693732855424126521e-03 1.806196762869755335e-01
