9.855133662855904142e-02 7.445863510171572830e-02
6.887219023296412002e-02 6.319016694194740102e-02
6.289610711524520892e-02 6.641266639861795329e-02
5.854832502157707869e-02 6.925723411970668986e-02
5.482855095524280520e-02 7.371756744881470536e-02
5.138637355577987953e-02 7.342237296203772690e-02
4.793409151507813798e-02 6.344175545705689478e-02
4.507500549628800507e-02 6.422278140154150106e-02
4.237458028838159835e-02 6.472180576788054418e-02
4.004822757399860433e-02 6.388986069295141124e-02
3.812071070220791197e-02 6.196380199657545995e-02
3.587088559099238516e-02 5.974595579836103343e-02
3.451412573799384625e-02 5.568930113481150579e-02
3.318097020737917346e-02 5.120595585968759633e-02
3.144682996113201678e-02 5.316162512948115898e-02
3.008926870742419102e-02 5.363300090862645197e-02
2.886356641699340531e-02 5.051514827128913976e-02
2.780831267212979449e-02 5.021308641880750656e-02
2.674120084744143616e-02 4.833365262796481682e-02
2.576065837354512764e-02 4.954674653708934784e-02
2.485439442315827765e-02 4.884382730556859065e-02
2.398826686638914560e-02 4.581264830711814784e-02
2.334037982400627778e-02 4.985545347962114238e-02
2.262887747402727093e-02 4.763509985059499741e-02
2.182711098566499780e-02 4.892420365164677071e-02
2.136431017401249632e-02 5.276629639168580604e-02
2.067898924280775833e-02 5.588170963649948669e-02
2.021826336011706832e-02 5.483724135491582774e-02
1.998533297905592462e-02 5.540277053498559451e-02
1.931012050760720633e-02 5.454342750211556984e-02
1.880563326545317201e-02 5.704715289175510406e-02
1.834198312002907963e-02 5.773792995346917201e-02
1.837568741946716058e-02 6.018218568836649490e-02
1.776918578075199762e-02 6.123138343294461799e-02
1.712177830868461328e-02 6.077669571257299924e-02
1.673342896094432222e-02 6.251773962544070196e-02
1.658204765999841263e-02 6.335143713901440765e-02
1.628446881493697540e-02 6.545934184557861135e-02
1.821051868188906797e-02 5.937421208040581655e-02
1.684689180138975242e-02 6.061477245142062736e-02
1.592419579472748731e-02 6.797560842500792455e-02
1.539369738505532402e-02 7.393758330080243968e-02
1.500468699420552492e-02 7.671792329185539439e-02
1.467929866871932852e-02 7.764049215863148834e-02
1.451924466315043620e-02 7.525601062095826910e-02
1.428310118395100664e-02 7.769489459072549675e-02
1.418374819852358769e-02 7.889179766385091830e-02
1.394761323491565744e-02 8.186676586046814919e-02
1.394088032259795107e-02 8.567351501228080701e-02
1.363120401326408000e-02 8.036311560620863770e-02
1.347169863714124845e-02 8.270527738043004229e-02
1.321087238933451972e-02 8.823165256116125010e-02
1.317456931706775455e-02 9.573410399672058202e-02
1.302505747771943133e-02 8.770656151076157425e-02
1.351874375269119903e-02 5.756797682907846547e-02
1.411462240361199653e-02 7.653996969262759353e-02
1.271843066158878655e-02 8.939476528515417908e-02
1.227930512071522852e-02 8.854527016066843226e-02
1.211002254179523695e-02 9.508305218898588373e-02
1.208483563983108779e-02 8.655077187965314056e-02
1.214401055684850850e-02 9.010679678370554779e-02
1.338601012466233108e-02 6.441637345900137757e-02
1.259933532086935509e-02 6.877001457744175150e-02
1.209770044753407520e-02 7.505602632752722547e-02
1.171199557853188841e-02 8.422418652723233368e-02
1.142016935235124105e-02 9.336469984716838644e-02
1.124200061989599937e-02 9.615439523218406725e-02
1.115731017465790287e-02 9.260813239961862564e-02
1.107357396853981754e-02 1.072215397531787601e-01
1.098259282180077782e-02 1.098468614121278081e-01
1.085807132341603740e-02 1.096541001978847685e-01
1.078543467818649654e-02 1.070954676510559173e-01
1.065330044579374143e-02 1.086034195290671439e-01
1.059512408522177325e-02 1.049883059329456692e-01
1.074225844460921855e-02 9.801300014886590861e-02
1.058119151145465835e-02 1.026362210719121842e-01
1.044304702100646957e-02 1.024567291347516923e-01
1.029567091408227324e-02 1.013795890741878147e-01
1.025191008759760922e-02 1.055465751431054477e-01
1.013982496711773700e-02 1.053637990521060080e-01
9.980073136327659994e-03 1.076174558450778279e-01
9.998357295658727786e-03 1.078735941814051719e-01
9.916032687902859646e-03 1.085152667429712114e-01
9.791626975558341897e-03 1.047545440701974778e-01
9.678731008164956004e-03 1.071658382813135829e-01
9.603701868119112264e-03 1.161393768464525494e-01
9.637922381843076411e-03 1.088379703255163283e-01
9.573150995093761620e-03 1.096151992678642273e-01
9.558724205750721362e-03 1.091887761528293338e-01
9.415282925346685206e-03 1.222632512864139376e-01
9.311240192216903994e-03 1.245180998618404117e-01
9.193858662142222193e-03 1.292762888802422294e-01
9.300684612088201339e-03 1.220908426783151035e-01
9.197865782340617150e-03 1.175988979844583421e-01
9.015380432928639040e-03 1.141827141659127326e-01
8.865279546958712911e-03 1.223863726481795311e-01
8.821079896231053680e-03 1.143029299047258196e-01
8.845048891621777598e-03 1.150992784856094270e-01
8.837763041426329597e-03 1.134980777278542519e-01
8.860758315995184708e-03 1.162473052326175871e-01
8.751703375724249889e-03 1.222895069254769235e-01
8.610481214241079428e-03 1.075795588807927222e-01
8.508634571922087109e-03 1.206592354509565534e-01
8.508192155130654341e-03 1.200733911246061325e-01
8.509233873029905040e-03 1.212929159195886702e-01
8.452604635054533980e-03 1.229165633105569477e-01
8.410656693977364151e-03 1.168220040077964511e-01
8.428209605726140127e-03 1.291942719577087173e-01
8.355841548981833219e-03 1.252158109305633316e-01
8.288712767582213231e-03 1.216223905276921091e-01
8.225599798488400505e-03 1.143427297679914384e-01
8.169261794499447712e-03 1.154302535578608513e-01
8.168120834549577949e-03 1.178176742460992632e-01
8.072078820957794693e-03 1.182037765781084743e-01
8.031247868448707083e-03 1.185146732669737635e-01
8.013904460386857623e-03 1.136051302568780036e-01
8.234802372654241934e-03 1.010464868611759548e-01
8.199520968705249768e-03 1.055460110720660982e-01
7.961702549511119956e-03 1.236990242161684628e-01
7.820486128699353015e-03 1.227704705670475960e-01
7.795798628235130201e-03 1.213109932012028103e-01
7.757598655847302779e-03 1.291657595170868644e-01
7.693486653880700701e-03 1.307669163992007666e-01
7.752022412567724681e-03 1.291238925316267605e-01
7.708997997702326556e-03 1.170633246915207953e-01
7.593226801851060172e-03 1.219237172562215032e-01
7.519542301836521642e-03 1.213391334232356844e-01
7.492664410179950343e-03 1.214369965924157052e-01
7.460227805924245573e-03 1.243254944889081864e-01
7.415606043887384979e-03 1.250033782174189978e-01
7.362569481176059298e-03 1.232183585978216533e-01
7.304547045321196225e-03 1.232279031020071802e-01
7.282550494722280117e-03 1.279822398597995348e-01
7.276469271471988805e-03 1.255409103921718006e-01
7.308671954518555433e-03 1.245133300415343647e-01
7.262151181859691045e-03 1.219428232353594599e-01
7.252245806503049286e-03 1.226675714262657757e-01
7.181340558499351399e-03 1.221955450665619669e-01
7.323611290000068934e-03 1.200176394648022060e-01
7.296323643739872564e-03 1.214185925200581551e-01
7.074282651675327729e-03 1.269791644687453813e-01
7.013732790203984664e-03 1.236633128590053921e-01
6.934486655494750615e-03 1.190625480893585386e-01
6.966633911538448742e-03 1.226868486652771678e-01
7.065223383705881120e-03 1.215276348715027127e-01
6.938120615252149452e-03 1.313083028006884756e-01
6.881098324840895925e-03 1.274434480195244246e-01
6.868933651601513007e-03 1.355520528223779497e-01
6.861328998875398932e-03 1.245233805643187613e-01
6.801870297091611520e-03 1.377754655356208391e-01
6.844606364810294427e-03 1.275513037625286283e-01
6.815082767854797191e-03 1.286222664639353752e-01
6.790003799752907312e-03 1.256357188233070965e-01
6.680477581569466833e-03 1.299437221346629867e-01
6.608661480744395730e-03 1.268430853055583230e-01
6.585675936674498417e-03 1.329718523969252997e-01
6.728861550989795499e-03 1.172707615834143458e-01
6.691710655688690862e-03 1.237988558908303532e-01
6.532703401857790047e-03 1.289860507887270746e-01
6.470908026700286989e-03 1.288831396442320643e-01
6.562020565225549530e-03 1.253265832654303913e-01
6.529217814197063423e-03 1.184795994518531709e-01
6.415162820355281396e-03 1.230121676085723786e-01
6.450709541743750337e-03 1.144859937744008155e-01
6.476466132555539629e-03 1.185769248339864912e-01
6.398018386013374151e-03 1.166802904465132351e-01
6.354156416027836873e-03 1.153410793178611393e-01
6.348915717967244798e-03 1.192909655057721729e-01
6.344635982425577032e-03 1.258812381161583671e-01
6.340884045736554057e-03 1.266204968301786193e-01
6.294040426238519184e-03 1.318907813272542362e-01
6.178426790302921946e-03 1.330045801070001421e-01
6.226135329975144260e-03 1.319767355711923829e-01
6.225472017949942871e-03 1.250395264683498153e-01
6.194263105661649768e-03 1.263153000424305505e-01
6.186171158806542426e-03 1.210257110910283179e-01
6.163106365006311427e-03 1.275025530614786740e-01
6.171584388428572217e-03 1.252671658164924984e-01
6.109666971800227671e-03 1.211483537529905591e-01
6.060230486427161355e-03 1.261685170854131288e-01
6.063903896485898365e-03 1.309597080366479149e-01
6.075497167478353250e-03 1.306403149954146747e-01
5.999500302887025849e-03 1.298844690124193735e-01
5.933042810624086436e-03 1.364658735692501068e-01
5.930743833395228301e-03 1.299616292946868534e-01
6.010711316598534026e-03 1.345275361090898514e-01
5.969620268776297360e-03 1.276211168410049668e-01
5.969924908211811029e-03 1.267196723363465671e-01
5.899353745089166122e-03 1.289569037035107613e-01
5.871620280438621248e-03 1.213229649389783588e-01
5.965399861393015646e-03 1.225071313480536189e-01
5.898748274856603288e-03 1.195852175975839343e-01
6.022567055576170773e-03 1.270234065337313423e-01
5.948072742958027126e-03 1.232185297542148228e-01
5.833608419889948007e-03 1.250168417269984789e-01
5.783229802353724233e-03 1.339664366096258163e-01
5.809441623746462724e-03 1.303484426397416296e-01
5.758823583548986630e-03 1.332950925247536889e-01
5.777981131973135287e-03 1.327175444198979148e-01
5.757867057352966840e-03 1.329356502327654066e-01
