4.695791487650173290e-01 1.924716408054033823e-01
1.241401242455694720e-01 1.002874486148357391e-01
9.269449146600758360e-02 9.249171366294224594e-02
8.570146229027247875e-02 8.844150437249077845e-02
8.172004145183940638e-02 8.529539758132563543e-02
7.891410775482654572e-02 8.337015596528847550e-02
7.683658456747852195e-02 8.093641243047183798e-02
7.513515333213456604e-02 7.897130586206912994e-02
7.322179603322249986e-02 7.590104598138067149e-02
7.024678426635701245e-02 7.331939352055390213e-02
6.693750295061164091e-02 7.040703193181091502e-02
6.416805356559229789e-02 6.906947741905848648e-02
6.190601625002738889e-02 6.822612364259031392e-02
5.987353306036533040e-02 6.747152345875899460e-02
5.810718990226344111e-02 6.842455764611561631e-02
5.656974130060251488e-02 6.974453334179189778e-02
5.509388474066082703e-02 7.229618231455485489e-02
5.389263998807930500e-02 7.554772185782591964e-02
5.266584438930561191e-02 7.838482451107767202e-02
5.155879820174560230e-02 8.063508145925071813e-02
5.037156232382829918e-02 8.167984357310666133e-02
4.929998504543086496e-02 8.072451305472189143e-02
4.826441015366737114e-02 8.053161503954066325e-02
4.712058822965112942e-02 7.986788793156544830e-02
4.594098394963799792e-02 7.831659447401762009e-02
4.465524945408105850e-02 7.883634418249130249e-02
4.352505309734402972e-02 8.006354669729869034e-02
4.229592313853705599e-02 8.326168730854988098e-02
4.130201943491289968e-02 8.370138032154904317e-02
4.033810411375469973e-02 8.823383827176359273e-02
3.975863144846587816e-02 8.078035753634241201e-02
3.946313536839514413e-02 8.922198414802551270e-02
3.965000829818408901e-02 9.101468003872367762e-02
3.981531398916026560e-02 9.531988545010487701e-02
3.728000545965098889e-02 9.760815815793143224e-02
3.652547587208995056e-02 9.997303152663840342e-02
3.587639813379543685e-02 9.474232492761479330e-02
3.534213837417887749e-02 1.027353644991914478e-01
3.486401926180938277e-02 1.067314738821652231e-01
3.449378391477938427e-02 9.963167603645059489e-02
3.976004545735876972e-02 6.907212123688724614e-02
3.955287570360957461e-02 9.234132524579763412e-02
3.640412950388541985e-02 9.523917103393210459e-02
3.485933737261447812e-02 1.033525118190381231e-01
3.390767781927091218e-02 1.107969994967182431e-01
3.344126999173767378e-02 1.054022121760580244e-01
3.314240331329950523e-02 1.090044410278399739e-01
3.305437399369732382e-02 1.147385469327370372e-01
3.389662614364812726e-02 1.054068089773257527e-01
3.463470872786895277e-02 8.761052176770237065e-02
3.382772319132416883e-02 1.260322889106141320e-01
3.417612263001501560e-02 1.303680374597509795e-01
3.494755656844595465e-02 1.258489010441634359e-01
4.234324021991796305e-02 1.017464611472354979e-01
3.448084755459936840e-02 1.197809615275925998e-01
3.320477194175487645e-02 1.295990767992205028e-01
3.322565050727528668e-02 1.340631992659634952e-01
3.280496285524128752e-02 1.406109134356180734e-01
3.279340751014831606e-02 1.414360965912540846e-01
3.278174552862055113e-02 1.449651781262623063e-01
3.337496273196870200e-02 1.264746164282163077e-01
3.445452651031678803e-02 1.340055551586879501e-01
3.352148796817878279e-02 1.211597979482677279e-01
3.357270323080805557e-02 1.102226326862971034e-01
3.385746986150923316e-02 1.068954020738601685e-01
3.322241475192330012e-02 1.266247225511405172e-01
3.239390503887722844e-02 1.425894828927185831e-01
3.194076466237807943e-02 1.426864705151981716e-01
3.152423726235765999e-02 1.506278666978081160e-01
3.380544272410433704e-02 1.291986408953865462e-01
3.625666012237893643e-02 1.021010101669364567e-01
3.218524752570906672e-02 1.116277991483608928e-01
3.055136023293726286e-02 1.203838053883777709e-01
2.978677523504124833e-02 1.205540919262501898e-01
2.929938497112655194e-02 1.253501998467577705e-01
2.903165610893288645e-02 1.361050505398048172e-01
2.873986306963715459e-02 1.368902429110473995e-01
2.865960162201124095e-02 1.446636542677879333e-01
2.871395732139850679e-02 1.347794306154052324e-01
2.874214499166644066e-02 1.457547547502650032e-01
2.860162028951979130e-02 1.271040606208973522e-01
2.932658769394748052e-02 1.360361344284481411e-01
2.934005667410063967e-02 1.148363847492469697e-01
2.862432022669875176e-02 1.401067224020759172e-01
2.931563211491376719e-02 1.322842535252372331e-01
2.895271577645184072e-02 1.397928578986061821e-01
2.852099487648868115e-02 1.435435191831654911e-01
3.653581525630703736e-02 8.660701103508472443e-02
3.291326458565890789e-02 8.382098314662773941e-02
3.013469045981764793e-02 1.120240333386593456e-01
2.850839564940187837e-02 1.152909139378203301e-01
2.875198954262021128e-02 1.176506014954712687e-01
2.864517222113180384e-02 1.231191685009333792e-01
2.784566710157910380e-02 1.296753483927912121e-01
2.732657805857498581e-02 1.359369119422303429e-01
2.705240406936443298e-02 1.475780347569121131e-01
2.707053188279998079e-02 1.625202097412612734e-01
2.730246341969000054e-02 1.379657286322779064e-01
2.836051853600798575e-02 1.343504749238491058e-01
2.987239844302033362e-02 1.162536008697417078e-01
3.038790484140740586e-02 9.761302762975294922e-02
2.895059292318254152e-02 1.222380203091436024e-01
2.824825697533059343e-02 1.144627863541245461e-01
2.744140390238565541e-02 1.310118265036079588e-01
2.708416983553367519e-02 1.254338915977213087e-01
2.669076553954765479e-02 1.258138699664009819e-01
2.638003380583008733e-02 1.308995282484425315e-01
2.637605608168353336e-02 1.296879400809606009e-01
2.654980998145552509e-02 1.271039313740200405e-01
2.678776815783505058e-02 1.350659835669729414e-01
2.692947188596718153e-02 1.135598958159486499e-01
3.032426754148994860e-02 1.439497367375426884e-01
2.803460539818355274e-02 1.372868182758490152e-01
2.737936811953237820e-02 1.451509353808230762e-01
2.651730517675055313e-02 1.488730535945958500e-01
2.626502558180108388e-02 1.369947029484642753e-01
2.615311602698412036e-02 1.095447940751910210e-01
2.879729067407003212e-02 1.299775602916876382e-01
2.616292191101465131e-02 1.574336646331681022e-01
2.657516783943808525e-02 1.356869459980064030e-01
2.712782303143928750e-02 1.109885001141164007e-01
2.793023346855146027e-02 1.428024478049741974e-01
2.753502800606372897e-02 1.491009572313891640e-01
2.984616939523598161e-02 1.371878246880239849e-01
2.627916239974338944e-02 1.683041774150398073e-01
2.464868700722368591e-02 1.791698868489927654e-01
2.429807006108869807e-02 1.851266161021259127e-01
2.374234504248129082e-02 1.979698250070214272e-01
2.369881112401078446e-02 1.965056458074185552e-01
2.368905179475138886e-02 1.980607748652497835e-01
2.341932951608990607e-02 2.043227108402384529e-01
2.341719503264601612e-02 1.842910991981625557e-01
2.398880658012519582e-02 1.900137005787756739e-01
2.444252345665562376e-02 1.635217278574903899e-01
2.401464817500332388e-02 1.505416439225276404e-01
2.635297181493625324e-02 1.518839427994357338e-01
2.386912744401431530e-02 1.824173351956738243e-01
2.305467179181372103e-02 2.192346697880162010e-01
2.312477370269778315e-02 2.257079656960235825e-01
2.366185754469436742e-02 1.837882670677370434e-01
2.362517136853279145e-02 1.599683120018906002e-01
2.360546299279099591e-02 1.575377334116233596e-01
2.420972822029597918e-02 1.584610522000325927e-01
2.485043485648930073e-02 1.547516624753673964e-01
2.841729747994643784e-02 1.244564345106482506e-01
2.653603294364562798e-02 1.118025755923655329e-01
2.396288043932943979e-02 1.374204959720373154e-01
2.283004562302333451e-02 1.538920394248432522e-01
2.239761636706023851e-02 1.632527754538589115e-01
2.215214999585707681e-02 1.750964386802580652e-01
2.211938451453134696e-02 1.769870223684443244e-01
2.206069551317429989e-02 1.851027479602230796e-01
2.219382710982023207e-02 1.907785373429457254e-01
2.254947846778100617e-02 1.872295525131953964e-01
2.323814563839355501e-02 1.700984824241863480e-01
2.294351807341161315e-02 1.814893240936928387e-01
2.299396284265307552e-02 1.700886511761281195e-01
2.440610332073779934e-02 1.477957979465524263e-01
2.570209743614058559e-02 1.321088368487026987e-01
2.571785544249706110e-02 1.254590474483039675e-01
2.264702838005089314e-02 1.408939253952768145e-01
2.151983916168896324e-02 1.576463941277729264e-01
2.099055135281892651e-02 1.754332729097869692e-01
2.084974528335761801e-02 1.864726945964826355e-01
2.104164957545879427e-02 1.843236953847938175e-01
2.157138472014084180e-02 1.950567206367850304e-01
2.238212806377105554e-02 1.823304739470283098e-01
2.359123647826292039e-02 1.507125328191452618e-01
2.303760291486069839e-02 2.005689690510431833e-01
2.327468547197740142e-02 1.587792494230800266e-01
2.219292290917620342e-02 1.595278953512509756e-01
2.129555383424569862e-02 1.631427171329657144e-01
2.085588929220670573e-02 1.772761076895726928e-01
2.104740806787115670e-02 1.735375075497561093e-01
2.078904216348125347e-02 1.736265130134092560e-01
2.146145441035580970e-02 1.989504762200845489e-01
2.281576567102314504e-02 1.900464810637964019e-01
2.540860058194616827e-02 1.708900726710756712e-01
2.209440639197099432e-02 1.692840009927749634e-01
2.103154521390068754e-02 1.782628173629442758e-01
2.066742606097605323e-02 1.855029778348075142e-01
2.054831726908138562e-02 1.904388986941840944e-01
2.050667729160589314e-02 1.972540020942687988e-01
2.032674652547007688e-02 2.033619501938422613e-01
2.014667732164081987e-02 2.090365899105866843e-01
2.028383916277983617e-02 1.926248248459564438e-01
2.176970860739125060e-02 1.458581067207786741e-01
2.637244387893233205e-02 1.553321661841538248e-01
2.082876920722788461e-02 1.725890633339683122e-01
1.996475169094415539e-02 1.984075076050228481e-01
2.001631002952685562e-02 2.007254174807005520e-01
2.066332944555253348e-02 2.058829456153843107e-01
2.162506737428285600e-02 1.907639406207534971e-01
2.173959186141629155e-02 1.839537193170852070e-01
2.182336772292307187e-02 1.554306195014052983e-01
2.131907256581343571e-02 1.462625525891780853e-01
2.154680569201889578e-02 1.496452282493313246e-01
2.145595860485805320e-02 1.595019896825154715e-01
2.070913458152151554e-02 2.027372590576609068e-01
1.989539731407492795e-02 2.167285931193166371e-01
