6.845004176948128460e-01 3.620968494150373918e-01
1.439011659836623713e-01 1.078852365414301601e-01
9.568908367669437531e-02 9.649599571194913961e-02
8.687640692493538153e-02 9.048418535126580287e-02
8.208464910616962429e-02 8.700643769568866537e-02
7.893244254334670640e-02 8.457568888035085775e-02
7.665304242201693985e-02 8.274938000573052455e-02
7.496447293314992266e-02 8.152989422281582688e-02
7.327455643382740913e-02 8.040187362995412923e-02
7.192612532526254654e-02 7.899781150950326014e-02
7.002894246451012161e-02 7.583255920973089315e-02
6.836330443166377391e-02 7.450232137408521749e-02
6.531990953244087850e-02 7.270970278316074564e-02
6.257802447894723896e-02 7.246146289010842179e-02
6.009824814774641227e-02 7.226929379006226395e-02
5.771763696585122810e-02 7.488674349668952845e-02
5.572832832340060549e-02 7.559349977721770142e-02
5.392813451997027080e-02 7.799126704533894394e-02
5.235741537336895818e-02 7.760533762888775777e-02
5.082662601205634179e-02 7.245522913419538691e-02
4.925196091985193508e-02 6.923271870861451294e-02
4.810075073434812165e-02 6.790673173964023590e-02
4.684399217140020055e-02 6.627596697459618713e-02
4.599866243760760559e-02 6.349487012873093750e-02
4.463472876061753275e-02 6.443927664723661519e-02
4.365524768874776140e-02 6.282625088675154734e-02
4.289950940349116643e-02 6.603323295712471008e-02
4.161081407446323710e-02 6.821605428639385127e-02
4.113789912449514197e-02 6.399959211962090444e-02
4.082881553643723932e-02 6.426523356801933096e-02
3.959204289471594113e-02 6.990236519939369009e-02
3.852854247727408726e-02 7.123956073903375819e-02
3.769494785086774380e-02 7.310477188891834066e-02
3.685575879247086906e-02 7.672782935616043187e-02
3.618225248008057754e-02 7.614150301863749359e-02
3.655058736685753984e-02 7.375016560157139633e-02
3.621156220665065067e-02 6.779888510290119075e-02
3.789962498789153228e-02 7.985886662370628164e-02
3.517152408206063174e-02 7.684552597088946391e-02
3.482016429259646162e-02 8.143296454929643824e-02
3.458608534732243028e-02 8.289576414972543716e-02
3.501665243515517806e-02 7.161713929639922094e-02
3.676191759977217449e-02 7.871540335731373739e-02
3.443053528303053473e-02 7.648821640759706497e-02
3.360955943580626326e-02 8.939265294207467127e-02
3.302570772016557438e-02 9.596713166683912277e-02
3.249243730338426811e-02 8.750475674039787100e-02
3.219766743344867899e-02 1.030663441245754514e-01
3.252313360458285174e-02 9.725866425368520640e-02
3.232655704884630776e-02 1.061299008627732549e-01
3.233041932874518298e-02 1.017517859323157220e-01
3.155303568715547846e-02 8.387866223023997259e-02
3.305544273178206982e-02 8.258680988930994227e-02
3.370474261322581322e-02 9.768731788628631785e-02
3.157655877719928866e-02 1.187256517716580029e-01
3.141370189671472551e-02 1.038592341873380842e-01
3.114623419100009949e-02 1.145691516705685253e-01
3.090657925846554757e-02 1.107283252187901135e-01
3.017837147614577803e-02 9.647457022219896317e-02
2.994378796983055910e-02 1.027998780417773428e-01
2.933086547432694341e-02 9.364762571122911550e-02
2.875152665258544349e-02 9.282688258422745753e-02
2.825809975449995390e-02 8.167542951802413131e-02
2.979433926094959481e-02 9.837010896040333796e-02
2.869672406033226680e-02 1.116731805312964620e-01
2.813197516200200907e-02 1.169068886277576241e-01
2.748413276063596186e-02 1.067248909837669735e-01
2.697573144488581848e-02 1.202587181081374440e-01
2.697479246729394403e-02 1.244361617912848744e-01
2.680494320556157939e-02 1.290004971540636425e-01
2.668824988394612185e-02 1.381313436561160679e-01
2.696018178788263733e-02 1.155901794425315265e-01
2.715403665561319860e-02 1.231218937577472777e-01
2.672850893151651128e-02 1.244199283214078994e-01
3.965027990932690205e-02 6.213938869122001551e-02
3.363321535289287567e-02 6.842765688068336294e-02
2.755233794791487820e-02 9.004673196209801722e-02
2.655364574705500538e-02 9.311934043135908223e-02
2.593983200992025853e-02 1.013000625082188244e-01
2.552769825475790025e-02 1.049023496711419673e-01
2.508129050001138560e-02 1.087225512084033785e-01
2.460447916897331652e-02 1.141400213042895045e-01
2.426483671226334349e-02 1.174613882063163667e-01
2.407544515686245792e-02 1.133942698749403205e-01
2.448637192364691226e-02 1.078658674119247346e-01
2.520505284390798378e-02 1.018553527279032617e-01
2.544733954638969675e-02 9.730420675542619802e-02
2.536843662013913217e-02 9.109904720551437185e-02
2.512855376344083277e-02 8.054161102821429108e-02
3.168636402569529470e-02 7.072803264276848745e-02
2.612862611053193632e-02 8.127272827550768852e-02
2.417600440520157115e-02 9.295279796545703743e-02
2.342210085948974452e-02 9.503317334585720255e-02
2.317049139656308238e-02 9.284826042130589485e-02
2.314900232637982433e-02 9.620329810099469137e-02
2.306159773682494099e-02 1.025724614866905804e-01
2.325317036451363117e-02 1.009012375337382111e-01
2.361045839128697935e-02 1.097820415678951445e-01
2.461352777417476559e-02 9.918291432162125443e-02
2.478087872902794489e-02 9.788745351963573649e-02
2.588539834066135026e-02 9.839207570378978585e-02
2.586137641380291050e-02 1.080454886994428043e-01
2.417302094740656979e-02 1.248157313093543053e-01
2.298303720223285676e-02 1.448590251513653393e-01
2.202858066572466883e-02 1.698465904013978234e-01
2.180706096881228351e-02 1.797470082011487780e-01
2.153490266262939740e-02 1.852189663590656510e-01
2.148815275669643116e-02 2.282125261715716724e-01
2.188255127928242366e-02 1.917674326234393711e-01
2.232415714051301861e-02 1.784862495130962734e-01
2.482363238658119933e-02 7.672129571437835693e-02
3.252430240873519646e-02 7.661392291386921738e-02
2.437510192053528660e-02 1.010598000138998032e-01
2.252571540316793824e-02 1.264238069868749981e-01
2.175985922378192647e-02 1.414770323576198807e-01
2.124745214198965962e-02 1.534107764148049946e-01
2.098225348447336006e-02 1.501169979779256591e-01
2.084020847772679805e-02 1.568460864946246147e-01
2.090758176111593564e-02 1.463674321356746855e-01
2.124216136658882079e-02 1.290673926058742704e-01
2.182691016734191608e-02 1.078006723481747808e-01
2.222179091626369507e-02 1.144686082584990411e-01
2.638418838472628147e-02 1.125164284991721358e-01
2.162729617685261313e-02 1.325465585622522535e-01
2.070243459013177204e-02 1.407600913403762588e-01
2.044895364584900857e-02 1.396882072505023775e-01
2.037104222605504514e-02 1.378052770677540007e-01
2.031071821409391118e-02 1.496562156826257706e-01
2.032250018290630150e-02 1.667003484649790535e-01
2.099178413996790823e-02 1.759517719555232229e-01
2.473198367487184843e-02 9.704518411308526993e-02
2.292454244409937794e-02 1.059356487045685496e-01
2.128322717801826858e-02 1.114288746482796078e-01
2.050083066427671463e-02 1.209951506720648856e-01
2.017240163802010156e-02 1.308364552549189930e-01
1.996587534866681862e-02 1.400040966562098865e-01
1.983026826254478264e-02 1.318624201748106184e-01
1.981766262409708976e-02 1.331925734670625916e-01
2.036948417449687895e-02 1.289559337827894392e-01
2.122645636611595471e-02 1.124219814729359446e-01
2.250368762534202607e-02 1.035857632135351453e-01
2.071103814239727212e-02 1.189537156994144168e-01
2.061140450944260946e-02 1.281408313661813736e-01
2.079329452840838338e-02 1.227112971246242523e-01
2.184070529779646302e-02 9.932495425972673320e-02
2.130617394975227452e-02 8.212422688181202080e-02
2.064318780605567741e-02 8.372526119152705337e-02
1.991671277777996157e-02 9.095743402010864065e-02
1.938509021703971671e-02 9.644378168094489001e-02
1.924139987563759646e-02 1.074646523015366645e-01
1.901917839877125677e-02 1.070083754344118981e-01
1.972188661442842578e-02 1.122062999962104707e-01
1.996617965263927999e-02 1.156697246349520092e-01
2.098950317765517840e-02 9.130619476652807043e-02
3.120443480452749635e-02 6.439100454250971939e-02
2.535087011027626833e-02 6.911577129115660523e-02
2.134837646309922440e-02 9.628348606121209241e-02
1.980175414667805639e-02 1.129430217875374703e-01
1.917460067311256566e-02 1.285940253486236029e-01
1.867421883408252811e-02 1.444541087581051597e-01
1.833729787797826194e-02 1.615147123941116925e-01
1.808809563971874174e-02 1.759554986945456867e-01
1.791407175577904368e-02 1.850668077046672411e-01
1.785826877259263229e-02 1.928279175319605465e-01
1.799477624036826054e-02 1.856718202018075581e-01
1.829769291415265370e-02 1.727914992305967512e-01
1.846433541078756554e-02 1.467322468136747771e-01
1.916710019861234474e-02 1.349525212620695525e-01
1.931999621503963788e-02 1.654924040453301659e-01
2.090864112350817108e-02 9.688815453814135503e-02
1.914796341074312749e-02 1.209432851109239759e-01
1.849902365015955799e-02 1.394127599067158108e-01
1.824556398432610957e-02 1.566158293022049675e-01
1.829971424758252557e-02 1.479575840963257560e-01
1.833378334768207343e-02 1.321778422635462580e-01
1.875560356463055675e-02 1.146028205338451567e-01
2.089587047627967931e-02 9.305937008725272130e-02
2.360140810516185919e-02 9.283946547657251358e-02
1.970909187774650892e-02 9.339120766768853332e-02
1.910489627228277587e-02 1.035589979340632710e-01
1.846575068889140525e-02 1.099364901375439463e-01
1.804575045513579640e-02 1.178362328145239057e-01
1.766901449925016229e-02 1.246123244572016897e-01
1.743904895592117421e-02 1.332049642999967032e-01
1.726312018510681168e-02 1.396663049235939980e-01
1.725108022290486320e-02 1.308975140046742258e-01
1.757444349322013696e-02 1.094670862787299748e-01
1.782592189520960935e-02 9.226413412640492584e-02
2.093117722741714287e-02 9.498707308537429617e-02
1.905529940693934457e-02 9.769278464631901693e-02
1.796449177966612243e-02 9.358167710403601791e-02
1.730446341992696729e-02 9.690688457340002060e-02
1.704408864422542191e-02 1.079002921469509602e-01
1.685600837681260761e-02 1.130646166081229892e-01
1.706073603524667359e-02 1.058926989013950076e-01
1.734377823417961040e-02 1.164900772273540497e-01
1.920293622491199906e-02 1.015311258120669274e-01
1.787986690405665366e-02 1.295792983017033939e-01
1.737979067512220033e-02 1.293032730205191383e-01
1.707063965135958289e-02 1.410599855913056144e-01
