3.910858093238458455e-01 2.486330303880903425e-01
2.147634649058667577e-01 1.913952239685588474e-01
1.708311843799381613e-01 1.607716927925745554e-01
1.455436022270743535e-01 1.420039070977104911e-01
1.290719163399643987e-01 1.291839252743456068e-01
1.174176046851931610e-01 1.200420500503645987e-01
1.088292959668650806e-01 1.133139212098386583e-01
1.024085820266386337e-01 1.082934592333104906e-01
9.742858690186971538e-02 1.041600975311464672e-01
9.340031358708696108e-02 1.010464351210329237e-01
9.008036617462228390e-02 9.834340980483426142e-02
8.723571989685297012e-02 9.614608147078090861e-02
8.481866755045769368e-02 9.428182037340269994e-02
8.268631485904134881e-02 9.265840819312466670e-02
8.080816857244182971e-02 9.138997520009677078e-02
7.903604232138250474e-02 9.078291058540344238e-02
7.742853417265706251e-02 9.006304894056585408e-02
7.601347524763607533e-02 8.895980877180893753e-02
7.437084390350230667e-02 8.707730306519402552e-02
7.081428560905339564e-02 9.269820691810713720e-02
6.768426657995073314e-02 8.496524393558502197e-02
6.464387382176227381e-02 9.056375258498722269e-02
6.301421443818182311e-02 8.725384043322668981e-02
6.044477881954574139e-02 8.700281402303113032e-02
5.858064488303370287e-02 8.691849497457344864e-02
5.742879386809540687e-02 8.426826157503658488e-02
5.595617636856509147e-02 8.900905214250087738e-02
5.436772248912148664e-02 8.428352636595566605e-02
5.280657937159625309e-02 8.981801424589422322e-02
5.353961838409304619e-02 8.706124871969223022e-02
5.116391934954175186e-02 8.242995933526092722e-02
4.957550352939018440e-02 8.282443922426965810e-02
4.838159533853574751e-02 8.418901388843853806e-02
4.744117264067981149e-02 8.970094948179191396e-02
4.671791737626602298e-02 9.570604976680543996e-02
4.580491480258543080e-02 9.460579955743418645e-02
4.528198695582587308e-02 9.276777216129833414e-02
4.446727899471070861e-02 9.661565410594145920e-02
4.397112476389582886e-02 9.644529865019851878e-02
4.347020804473176320e-02 9.674502805703216746e-02
4.316899977715277226e-02 9.820013327731026698e-02
4.320784571875885965e-02 1.006335357411040216e-01
4.301605521269687843e-02 1.015118401911523638e-01
4.273538974045616723e-02 1.044017893986569495e-01
4.235742618216246924e-02 9.989340458479192830e-02
4.335507794805779774e-02 1.041382998228073120e-01
4.134282147193827500e-02 1.145234112110402880e-01
4.110813312368785666e-02 1.137367312072051911e-01
4.074311159869156013e-02 1.127634588629007339e-01
4.024913539065093360e-02 1.140150155665145965e-01
4.106404444929666331e-02 1.081930560370286259e-01
3.973180818848493639e-02 1.178504444865716844e-01
3.881874184192317390e-02 1.151877236035135088e-01
3.833205353968390655e-02 1.107296486281686421e-01
3.808657778427004814e-02 1.124180397018790245e-01
3.963444458048154956e-02 1.044647463907798085e-01
3.968976999110564868e-02 9.844835092210107996e-02
3.725799452513456345e-02 1.060372446146276293e-01
3.654252786598190944e-02 1.064592587451140132e-01
3.617077115241710411e-02 1.080123862872521129e-01
3.569688662750328256e-02 1.122651563750372977e-01
3.536541284084683545e-02 1.102189295407798586e-01
3.509692317329165395e-02 1.182169020175933838e-01
3.474737168857600783e-02 9.620381105277273082e-02
3.469087881967425346e-02 1.209262775050269217e-01
3.704358527164270526e-02 1.259698551148176193e-01
3.533177386696745997e-02 1.139787836000323296e-01
3.444124506105009781e-02 1.156846411112281980e-01
3.395912105717310142e-02 1.264104843139648438e-01
3.422799081791464554e-02 1.259160143219762440e-01
3.478723924561608061e-02 1.116027654045158024e-01
3.449436031827112642e-02 1.204276885837316513e-01
3.380885171681279056e-02 1.324668781210978918e-01
3.357650897261209300e-02 1.337933774209684734e-01
3.346567794044569971e-02 1.244086673897173700e-01
3.378493759054236600e-02 1.418876773160364924e-01
3.435351176005674301e-02 1.431009033694863319e-01
4.025852727908187101e-02 1.079406206392579670e-01
3.474764119288543257e-02 9.815549912552039291e-02
3.344419868890105563e-02 1.096352093542615619e-01
3.274113605389507992e-02 1.155960306318269820e-01
3.245404166192179807e-02 1.246681702840659323e-01
3.224846605983812398e-02 1.192488655861881075e-01
3.209375149411398953e-02 1.214767279517319498e-01
3.220821675140320139e-02 1.324393554694122677e-01
3.228913197611889968e-02 1.229137279507186709e-01
3.231497422405859438e-02 1.472096789835227737e-01
3.201858660138053037e-02 1.281261059145132608e-01
3.213220637109948097e-02 1.377383578154775801e-01
3.339374040412466937e-02 1.345997229218482971e-01
3.276292743479333053e-02 1.395446232830484801e-01
3.208644453027263005e-02 1.336328089237213135e-01
3.159205095910626315e-02 1.703817840251657667e-01
3.139880372824647298e-02 1.583806159388687906e-01
3.187334394400439391e-02 1.970022896097766152e-01
3.221316016619888561e-02 1.571050594664282207e-01
3.229941151718177667e-02 1.358836620218223934e-01
3.200043476663711611e-02 1.589538620577918282e-01
3.219479005556644124e-02 1.818085779539412861e-01
3.198864989028107897e-02 1.523610415558020181e-01
3.187148845413836223e-02 1.667271032929420471e-01
3.119082907896216297e-02 1.965631693601608276e-01
3.097213935334144561e-02 1.955337308140264740e-01
3.118991050528498524e-02 1.992047402179903393e-01
3.139942086574325913e-02 1.838144539958900814e-01
3.130073113957556469e-02 1.660076097274819917e-01
3.167497827217164580e-02 1.854507072518269128e-01
3.131269536935156472e-02 1.730124179480804214e-01
3.059775482227162710e-02 1.733182275460826149e-01
3.094015975778059355e-02 1.568833508839209967e-01
3.035551581599908733e-02 1.501527967759304638e-01
3.014333418388737487e-02 1.667399001825186911e-01
3.014690578324584133e-02 1.830626030762990408e-01
2.985323705460603619e-02 1.730995625257492065e-01
2.975664845463342825e-02 1.772966590813464527e-01
2.975180270377455680e-02 1.651268888057934037e-01
3.302130335941910744e-02 9.000428983320792053e-02
3.883239348623447607e-02 1.251985461761554175e-01
3.114769360186850009e-02 1.409730198275711832e-01
2.971309718176177311e-02 1.682733532248271713e-01
2.905249687070708339e-02 1.992294558634360724e-01
2.871946518581996663e-02 1.948101716116070747e-01
2.838589374839169122e-02 2.160591979821523123e-01
2.824147332391542531e-02 2.059675641357898712e-01
2.800994686691499203e-02 2.182322157960799036e-01
2.814938708367507522e-02 1.855880353185865583e-01
2.802744517443565495e-02 1.943523936594525880e-01
2.807644800078578154e-02 1.808200615147749490e-01
2.814116436851824346e-02 2.097418289631605148e-01
2.860611873088268406e-02 1.832328185232149353e-01
2.886420892119952869e-02 1.591567686862415676e-01
2.846634569691448846e-02 2.008344813560446196e-01
2.999170478887674268e-02 1.282610700776179724e-01
3.135866494622172040e-02 1.643935229836238632e-01
2.894668301522004827e-02 1.710496238536304836e-01
2.768881797858673000e-02 1.848707708219687051e-01
2.715807122450957997e-02 2.072757923354705267e-01
2.708424069555249308e-02 2.337868862474958009e-01
2.707499636496167247e-02 2.194216046482324600e-01
2.712407998922394467e-02 2.115743224405580158e-01
2.713307768969637490e-02 1.982847407667173156e-01
2.721845448903012499e-02 1.969847558066248894e-01
2.705747106044394112e-02 1.910211979928943815e-01
2.750985145500702000e-02 1.786207131420572691e-01
2.745608058076624489e-02 1.944582179809609956e-01
2.773271352847720209e-02 1.658020451044042998e-01
2.765141319619809565e-02 1.613243164287673226e-01
2.857732237316668034e-02 1.916204198367065792e-01
3.605967545427563731e-02 1.106986467623048420e-01
2.804276863362912750e-02 1.240643630218174753e-01
2.709207495265617688e-02 1.458098510694172678e-01
2.635864659621402900e-02 1.680275987212856703e-01
2.591647803442688816e-02 1.904062511813309488e-01
2.563514546264053853e-02 2.025759237714939709e-01
2.549458147458186913e-02 2.224957506275839214e-01
2.551274492246348793e-02 2.179941233868400163e-01
2.555826663539358806e-02 2.308858193250166169e-01
2.597628841063052973e-02 2.083302357544501715e-01
2.679129971600160282e-02 2.144607626315620241e-01
2.685883696895183595e-02 2.103125235686699457e-01
2.632123704931539632e-02 1.820657084592514630e-01
2.772892662324011326e-02 1.756948832836416063e-01
2.737040987533585421e-02 1.565145299666457768e-01
2.699316557065197658e-02 1.366371180241306715e-01
2.642736089892867152e-02 1.655974809287322769e-01
2.597293069177284558e-02 1.930961486779981251e-01
2.521605262669121203e-02 1.999843072974019642e-01
2.493030317241280713e-02 2.200681830032004127e-01
2.462666901396360492e-02 1.897700776656468802e-01
2.506919425526043382e-02 2.005891530878013973e-01
2.509416798243253865e-02 1.906397083981169471e-01
2.493744060147281075e-02 1.609686476488908224e-01
2.524734801817231020e-02 2.325768462485737209e-01
2.526227876589429155e-02 2.045366393609179267e-01
2.575225049697953128e-02 2.152205022672812051e-01
2.505522271300234319e-02 2.653686045151617545e-01
2.479890712377865250e-02 2.423518345587783451e-01
2.481889972894838620e-02 3.033754436506165275e-01
2.456080935691006342e-02 2.438146082891358146e-01
2.429746131685267194e-02 2.599537812380326995e-01
2.467626252029908943e-02 2.737522695420516738e-01
2.511104110560220815e-02 2.327584390425019856e-01
2.603966290721805923e-02 2.445314797676271801e-01
2.550381842841644223e-02 2.359323779948883648e-01
2.572495837287023385e-02 2.411240332035554657e-01
2.531297380536249447e-02 1.943309937293330736e-01
2.533976369105824661e-02 1.758321426394912901e-01
2.536057721732593029e-02 1.859181349476178580e-01
2.508931098187841893e-02 1.933178280790646963e-01
2.471418711697546608e-02 2.162002435781889553e-01
2.460728066110211276e-02 1.864784859741727419e-01
2.471755869777464421e-02 1.994614392105076017e-01
2.445414799220133051e-02 1.827593387828932991e-01
2.431143216061882814e-02 2.443574493130048209e-01
2.401246295151550705e-02 2.402647904430826598e-01
2.404636366111112880e-02 2.339498713198635282e-01
2.389830581434979756e-02 2.045643001587854615e-01
2.409841113428516993e-02 2.428084165892667179e-01
2.418360645065038839e-02 2.181915889183680124e-01
2.472058327573283323e-02 2.047058953386214075e-01
