5.748040925075368346e-01 1.925022196438577471e-01
1.177763256539658826e-01 9.809674943486849930e-02
9.030266017539471946e-02 8.585766992635196493e-02
8.187755269975197092e-02 7.980641453630393789e-02
7.753515765979522578e-02 7.733637943036025808e-02
7.517800066710972340e-02 7.533678143388694570e-02
7.352932699297259900e-02 7.380152203970485880e-02
7.246989434266962182e-02 7.338997949328687764e-02
7.092029883003816981e-02 7.176622727678881597e-02
6.970785474177540464e-02 7.197872383726967860e-02
6.884724615005458070e-02 7.160932777656449366e-02
6.780590037474544529e-02 6.978679282797707606e-02
6.801641321309455368e-02 7.365543726417753123e-02
6.792073592361880241e-02 6.878830533888605214e-02
6.589283894111470918e-02 6.804718615280257177e-02
6.514347144743291851e-02 6.723484976424111415e-02
6.517739341844146217e-02 6.887972644633716390e-02
6.428280284219398122e-02 6.610847326616446640e-02
6.319887768022897090e-02 6.562347378995683767e-02
6.350955648756609340e-02 6.740092361966769363e-02
6.277534417898916752e-02 6.464161454803413198e-02
6.165654230408552233e-02 6.422780888775984909e-02
6.099415956655653698e-02 6.382511183619499207e-02
6.017180634435356779e-02 6.336915099786387395e-02
5.914506899965245312e-02 6.306687887344095134e-02
5.830744787959790676e-02 6.310868552989429281e-02
5.722753425333194921e-02 6.300027254554960154e-02
5.641174319813527932e-02 6.282205921080377675e-02
5.553663526548117957e-02 6.226952001452445984e-02
5.465806758303830976e-02 6.170645604530970024e-02
5.398006353345585762e-02 6.184318516817358113e-02
5.312320512787598037e-02 6.159925388379229594e-02
5.245376589549023694e-02 6.153899772713581490e-02
5.162940139132665696e-02 6.083790150781472755e-02
5.101617004313483555e-02 6.044433090007967496e-02
5.035501591316083464e-02 6.058548432257440663e-02
4.961163455211534817e-02 6.082217819574806117e-02
4.892116806628864223e-02 6.156538333743810654e-02
4.852197457831806948e-02 6.085286030752791453e-02
4.819083243335892802e-02 6.008157982594437146e-02
4.859892240293869209e-02 6.113284681406286336e-02
4.727696506987984909e-02 6.166603498988681292e-02
4.685739641327683197e-02 6.109862753914462041e-02
4.598949093189907966e-02 5.925976174573103356e-02
4.567072674541211574e-02 6.013569256497754145e-02
4.507314972579479218e-02 5.951601815306477999e-02
4.426401283410263954e-02 5.958557791180080915e-02
4.338011387508453054e-02 5.849361771510706853e-02
4.287437876550162508e-02 5.954626150843170262e-02
4.237194667093274053e-02 5.952339350349373365e-02
4.172916517297669409e-02 6.066430815392070269e-02
4.116710881907038877e-02 6.180021311673852824e-02
4.070757862135040983e-02 6.262019224878814794e-02
4.023906934960949644e-02 6.252668218480215978e-02
3.988351467883259616e-02 6.362337256885236547e-02
3.944851325756711102e-02 6.228808323956198240e-02
3.879306831101819036e-02 6.433501425716611766e-02
3.830388272976184560e-02 6.533224777215057566e-02
3.783437649991999024e-02 6.620960185925166275e-02
3.732299456009414290e-02 6.697360426187515259e-02
3.688879404217004776e-02 6.828169193532732106e-02
3.645739763997858651e-02 6.680483433107535507e-02
3.599706143935824110e-02 7.132622816910345886e-02
3.555592824137065316e-02 7.345916920651991699e-02
3.517221431702193674e-02 7.363668943030966807e-02
3.509702272826760450e-02 6.999550563179784968e-02
3.436291709019825141e-02 7.708349834299749181e-02
3.412128181378470959e-02 7.872993292080031347e-02
3.366561863207962607e-02 8.082102104607555293e-02
3.367268348044556714e-02 8.319137297156783961e-02
3.327212176603696475e-02 8.489970987041790818e-02
3.306870715033898706e-02 8.195903007355001546e-02
3.353478507956535182e-02 7.151478766981098079e-02
3.371624403247019258e-02 7.377870432618591212e-02
3.603967204803555646e-02 7.031774738182623719e-02
3.308513837230459692e-02 7.430415548798111058e-02
3.234471108696264363e-02 7.876801201038891032e-02
3.189570059795386603e-02 8.609472122043371201e-02
3.192577333325838373e-02 8.234895155247715093e-02
3.184469009567869602e-02 9.337366268866592600e-02
3.120724916480845101e-02 8.511254553579622462e-02
3.079120350274734338e-02 9.018492295096318390e-02
3.065256376341893990e-02 9.200204225877921249e-02
3.021016712414055505e-02 9.883469550145997096e-02
2.993799208254530747e-02 1.019232838104168620e-01
3.002957840699975109e-02 1.000326343087686448e-01
2.958119337492418066e-02 1.052588190262516293e-01
2.910672013488848145e-02 1.029624070765243621e-01
2.878813676127209981e-02 1.086778810454739480e-01
2.859260785257125917e-02 1.116881121156944184e-01
2.876561638194976775e-02 1.122048809710476103e-01
2.799470192843639405e-02 1.158150145784020424e-01
2.771123313549451669e-02 1.072333989044030461e-01
2.799028457460425376e-02 1.223302312816182819e-01
2.757801219434818235e-02 1.127495249319407644e-01
2.729746819723670101e-02 1.094919545575976372e-01
3.003741456650015768e-02 7.809795242630773737e-02
3.264290976860537846e-02 9.610394802358415700e-02
2.828563411333939043e-02 1.044990743199984279e-01
2.730435458943247795e-02 9.551353338691923045e-02
2.694686367630776819e-02 1.049397985140482631e-01
2.628657874287810420e-02 1.174332571940289588e-01
2.640085780947673544e-02 1.040000990033149719e-01
2.660575278512224834e-02 1.096364251441425686e-01
3.054829921982273738e-02 7.934130117711093999e-02
2.876751423563535595e-02 8.742287030650509883e-02
2.716150518120607343e-02 8.550833848615486954e-02
2.606095299238293805e-02 8.676358302020364954e-02
2.558162624993157164e-02 9.023312634478013183e-02
2.518493457265743446e-02 9.246333791977828787e-02
2.487193433590596803e-02 9.410768074707852315e-02
2.463713995317315039e-02 9.933952873365746450e-02
2.433065618047626846e-02 9.900785227202707484e-02
2.414440106396086375e-02 9.912383990983168747e-02
2.391071296751317438e-02 1.130158755307396207e-01
2.375488863440185228e-02 1.000926017554269881e-01
2.381256306771098105e-02 1.150730067036218052e-01
2.430301770090875085e-02 1.021831904848416600e-01
2.442164392573985959e-02 8.937657997012138367e-02
2.493451533998112743e-02 8.103974132488171722e-02
3.219085732452207915e-02 6.965058534923526667e-02
2.575026731938123703e-02 8.061848870582050131e-02
2.380906135729718431e-02 8.216528604841893957e-02
2.325312526351431403e-02 8.708656310207313345e-02
2.285465907032896773e-02 9.028307876239220764e-02
2.246859585639180215e-02 1.058397128557165418e-01
2.246856570198405012e-02 1.052411478012800217e-01
2.227798226948191421e-02 1.155768099965320678e-01
2.222780001963057042e-02 1.137329803572760673e-01
2.191920460360806053e-02 1.229429017338487806e-01
2.163077543898508232e-02 1.263002695308791390e-01
2.166237766150294272e-02 1.326960392503274688e-01
2.233910427156199710e-02 9.999328799959686376e-02
2.224363181626469455e-02 1.008668652632170315e-01
2.192187745396683915e-02 1.049090086792906079e-01
2.182634139047345129e-02 1.073560584336519241e-01
2.118424259739496232e-02 1.139361744539605231e-01
2.099541885914598879e-02 1.092145058015982356e-01
2.082132760480773226e-02 1.068487384666999135e-01
2.079176832921802998e-02 1.025773320967952457e-01
2.109494305601933989e-02 9.687431342899799347e-02
2.090938932194215394e-02 8.901852576269043971e-02
2.277492845385539755e-02 8.382464748703771784e-02
2.633443520767841245e-02 7.623464614152908325e-02
2.339618053378128559e-02 8.493618097984129145e-02
2.161516168540934119e-02 8.084116627772648667e-02
2.071111986027440038e-02 8.395850637720690679e-02
2.000721896112692133e-02 8.361164666712284088e-02
1.949629516954102040e-02 8.663093826423089172e-02
1.909686443850216325e-02 9.179151399681965973e-02
1.873989687755522188e-02 9.944938940720425558e-02
1.852421795313314787e-02 9.811284299939870834e-02
1.844877153407873185e-02 1.091719434286157336e-01
1.847852922112840079e-02 1.044009088849027905e-01
1.848622520522373580e-02 1.210065682729085240e-01
1.911939224568990833e-02 1.089290834756361098e-01
1.856651594408038203e-02 1.144598512392905054e-01
1.832995834624076906e-02 1.155848793892396836e-01
1.831506213127839788e-02 1.199928287209735961e-01
1.856217603199183941e-02 1.265281556795040674e-01
1.844952041396825948e-02 1.253282583008209772e-01
1.892877857927687327e-02 1.147904148739245234e-01
2.012924952205361398e-02 9.469981584697961807e-02
2.110958799560804303e-02 8.507796552860075190e-02
1.955435079772297954e-02 9.746412487907542277e-02
1.810804716163746594e-02 1.032937110091249194e-01
1.737379087930227342e-02 1.033393871039152145e-01
1.715498670606260476e-02 1.024711145501997767e-01
1.687106050596368090e-02 1.010391488671302795e-01
1.669765971373857530e-02 1.084021527527107148e-01
1.682037259622408756e-02 9.868972303552760172e-02
1.693810280923527256e-02 9.919521191881762456e-02
1.705685150014554438e-02 9.095816873013973236e-02
1.750533816279707319e-02 1.010333832560314088e-01
1.753816914903681343e-02 9.937639762130048848e-02
1.732311973336902317e-02 9.489580057561397552e-02
1.672727237285183063e-02 1.077878898423579035e-01
1.691781574428626728e-02 9.748983217610253382e-02
1.654160303552067168e-02 1.156442219184504600e-01
1.629254721934202815e-02 1.177858733054664431e-01
1.651374720286850548e-02 1.163201914686295690e-01
1.664513608202247349e-02 1.278468733653426170e-01
1.711328827389856783e-02 1.034962908468312626e-01
1.714739953622040208e-02 1.092104800045490265e-01
1.693473502187194460e-02 1.258031122593415985e-01
1.722082296079706018e-02 1.143921671642197518e-01
1.674060581717640162e-02 1.191908817531334014e-01
1.712845971455752292e-02 1.049794156311286836e-01
1.702290032024881411e-02 9.118010786672432755e-02
1.645367318571249945e-02 9.057038753396934316e-02
1.635975947762589519e-02 1.088705241887105851e-01
1.604167986717983801e-02 1.189152146172192392e-01
1.575682555586553971e-02 1.101557367170850482e-01
1.561477523660514434e-02 1.046938567111889568e-01
1.602764899569858806e-02 1.235072780400514603e-01
1.627718055302776815e-02 1.213909136131405830e-01
1.693772561507435673e-02 1.162522568677862439e-01
1.861967156902409951e-02 8.752732765343454457e-02
1.717105144975570805e-02 1.029025233454174404e-01
1.579246019501602538e-02 1.042129310468832698e-01
