2.792449833955182315e-01 1.104115769267082214e-01
9.888255882055260737e-02 9.226105796794097091e-02
8.433136675333560706e-02 8.102952999373276566e-02
7.502700986210690537e-02 7.272567475835482742e-02
7.018233033243653773e-02 6.957285664975643158e-02
6.605492352486350138e-02 6.756680986533562805e-02
6.308474876852922242e-02 6.652080981681744720e-02
6.054172421220776340e-02 6.478644317636887695e-02
5.917691638108429214e-02 6.357426227380831574e-02
5.684299289985278447e-02 6.260107457637786865e-02
5.484111747856056790e-02 5.980281221369902062e-02
5.296502441037879289e-02 6.145719035218159126e-02
5.107264880762370229e-02 6.210388864080110954e-02
4.926497018679456413e-02 6.133615132421255112e-02
4.727787339280164342e-02 6.409055553376674652e-02
4.572053056015351613e-02 6.451697368174791336e-02
4.385012402307501833e-02 6.587389732400576736e-02
4.287453369389093022e-02 6.477403050909440185e-02
4.164536408321975469e-02 6.451762871195872162e-02
4.085430234865566890e-02 6.495896214619278908e-02
3.940975413722700577e-02 7.827291327218215133e-02
3.852570585928163927e-02 7.254163051644961502e-02
3.744202136430282990e-02 9.476151069005329941e-02
3.719678502746446430e-02 7.503769236306349899e-02
3.682391826323298811e-02 7.711599720641970634e-02
3.597299471432559986e-02 7.186366571113467216e-02
3.559968185199554463e-02 9.071683883666992188e-02
3.484200629362359941e-02 8.862746041268110275e-02
3.409247314232553144e-02 7.768332880611221458e-02
3.578995422698384027e-02 1.015368622417251315e-01
3.325902912657448252e-02 1.220096334194143567e-01
3.257779546926707626e-02 1.135616218671202660e-01
3.227453380498255392e-02 8.677660239239533280e-02
3.174402188173993528e-02 6.525919493287801743e-02
3.126923145379784802e-02 8.003241848200559616e-02
3.064135290400753220e-02 8.335064258426427841e-02
3.051314376251295507e-02 9.816742626329262589e-02
3.031603275083525131e-02 1.061401398231585774e-01
2.981217640863601664e-02 1.068242460799713883e-01
2.950747651697764595e-02 1.054714969359338284e-01
3.013352371297429999e-02 9.725879551842808723e-02
2.964096038797220389e-02 1.049227604332069602e-01
2.923499679918465863e-02 1.080961793971558366e-01
2.906694398045020153e-02 1.199616654776036739e-01
3.023907923421194355e-02 1.145367954547206607e-01
2.998375683091580868e-02 7.710061874240636826e-02
2.856934292588469634e-02 9.596735828866560791e-02
2.800340769909928640e-02 1.115664197131991386e-01
2.778461658893975963e-02 1.166001016584535394e-01
2.762065704662872503e-02 9.377619608615835045e-02
2.701232014061493228e-02 9.414234307284156944e-02
2.651761246975078284e-02 1.099633658304810524e-01
2.631365438533383658e-02 9.244130303462345932e-02
2.643046284982458055e-02 1.281430809758603573e-01
2.616034472512817829e-02 9.859692677855491638e-02
2.564174702748396248e-02 1.027599140070378780e-01
2.491770636257823954e-02 1.076942632595698085e-01
2.515924555996736089e-02 6.506751632938782837e-02
2.832826790887169391e-02 8.283271718149383400e-02
2.617240520898079376e-02 9.240971645340323448e-02
2.483142979258974592e-02 1.219747760333120823e-01
2.412497292835871776e-02 1.168339904397726059e-01
2.363114064656804403e-02 1.159060151937107291e-01
2.358575839126959145e-02 8.079467465480168198e-02
2.333253311523951143e-02 9.948680270463228226e-02
2.316133520663390954e-02 7.788610272109508514e-02
2.403496970357589871e-02 1.651874367768565721e-01
2.392941630759471208e-02 8.918337430804967880e-02
2.255686911548552762e-02 9.258417738601565361e-02
2.163509506364028057e-02 9.465798114736874436e-02
2.158441757079387208e-02 8.361724391579627991e-02
2.199844347562121202e-02 7.655131312397618626e-02
2.351577162775102606e-02 9.865642307947079803e-02
2.500538184134246458e-02 1.121877223874131885e-01
2.216343961515312294e-02 1.101552943388621059e-01
2.088208286752274434e-02 1.305260146036744118e-01
2.051954440837509483e-02 1.349183969820539064e-01
2.030152913865221689e-02 1.143871075473725796e-01
2.024636881393488894e-02 9.421503807728488777e-02
2.061044273432344198e-02 1.029245775813857761e-01
2.117755609228774011e-02 1.223790251339475360e-01
2.164901383383589437e-02 8.895673509687185287e-02
2.098425060272390147e-02 8.327372325584292412e-02
2.188474401225184302e-02 8.316065603867173195e-02
2.057262503563664705e-02 1.127494315927227292e-01
2.001454106661989391e-02 1.033992726976672855e-01
1.929166397556315860e-02 1.063569992159803662e-01
1.873145653828328649e-02 1.248647297422091212e-01
1.837226958690904230e-02 1.477676027764876776e-01
1.880735836836487651e-02 1.393952684787412577e-01
1.871641160552064975e-02 1.259254217147827148e-01
1.872311050050653666e-02 1.253861963438490934e-01
1.916607655584812164e-02 8.283476841946442459e-02
1.883319145214722157e-02 1.082997610792517662e-01
1.787670399874535451e-02 1.083033412384490218e-01
1.833781280668539057e-02 1.556674397240082330e-01
1.873875834280624986e-02 9.539036530380447243e-02
1.871062800705129703e-02 9.032176792000730370e-02
1.841405060055643916e-02 1.166130563554664407e-01
1.823114942445224970e-02 8.865330539022882317e-02
1.763481498008247217e-02 1.129160368194182668e-01
1.769563472737709781e-02 1.264230514255662852e-01
1.777704067116733094e-02 1.300417929887771606e-01
1.761682557218253314e-02 1.235909746028482914e-01
1.777558015296668709e-02 1.559366464304427213e-01
1.758902972607418597e-02 1.339521508974333697e-01
1.796516275228282611e-02 8.998969259361426498e-02
1.862596233407858362e-02 1.140504189146061692e-01
1.737972297624490112e-02 1.359073361381888390e-01
1.645289303675337086e-02 1.069002167011300769e-01
1.604984531471462597e-02 1.185590207266310897e-01
1.627934697831352751e-02 1.023906727011005130e-01
1.643868961079089294e-02 1.401017525543769293e-01
1.683062604671820700e-02 1.294981301762163639e-01
1.705812404289581627e-02 1.300996551290154457e-01
1.754117684525459409e-02 7.997810064504544403e-02
1.908902875770446608e-02 8.455506044750411843e-02
1.664560191945151091e-02 1.309338469679156847e-01
1.541962219959904651e-02 1.269805869087576866e-01
1.535598817552158261e-02 1.189523030382891450e-01
1.543710538224035526e-02 1.221869204503794465e-01
1.581526679246751318e-02 1.353652098526557379e-01
1.565544925180675437e-02 1.308638871026535921e-01
1.591908416255961856e-02 1.836357337112227983e-01
1.571404568845579525e-02 1.387801181214551038e-01
1.671183682425857187e-02 8.626837438593308593e-02
1.702790779094103327e-02 1.232926153267423358e-01
1.621492687331209381e-02 9.663700374464194442e-02
1.448326553813679939e-02 1.081057436143358502e-01
1.397282321839918295e-02 1.304561756551265717e-01
1.397554764827323506e-02 1.060498023095230308e-01
1.447401055524688736e-02 1.260874684279163771e-01
1.510404407312053963e-02 9.196431779613097046e-02
1.562191160168325405e-02 1.103087815766533170e-01
1.553084177159985875e-02 1.374444919638335705e-01
1.496215352414955596e-02 1.117558521994699988e-01
1.420933197842651034e-02 1.310930006826917238e-01
1.399256024634205724e-02 1.412183741728464670e-01
1.403544715546114867e-02 1.414118238414327211e-01
1.425666069925957645e-02 1.318655088543891907e-01
1.424675700687911585e-02 1.182158991384009566e-01
1.420197883745395566e-02 1.225649326418836865e-01
1.456403452496932323e-02 1.124541816922525611e-01
1.525838142748229057e-02 9.828900421659152176e-02
1.508937254250266105e-02 8.391509825984637405e-02
1.440265108587566838e-02 8.840850849325458671e-02
1.392828377077442656e-02 1.123545086011290550e-01
1.367823840904071157e-02 1.179581278314193044e-01
1.384332400562544862e-02 9.287202575554449890e-02
1.415642466921315963e-02 1.116854359085361209e-01
1.412998831717210760e-02 1.345113899248341627e-01
1.412577250143946285e-02 1.249627683622141633e-01
1.401952613513310353e-02 9.607577634354431961e-02
1.336004630510890211e-02 1.050446457229554653e-01
1.269546720377970860e-02 1.142114147854347977e-01
1.259735858658068801e-02 1.335290181450545788e-01
1.278768304388883462e-02 1.275474910313884325e-01
1.339088260266540001e-02 1.413728141536315375e-01
1.483141883076060340e-02 1.115943662201364789e-01
1.532520569703909978e-02 9.940957557410001755e-02
1.374262905690472499e-02 1.118692246576150212e-01
1.276044041015814146e-02 1.353288746128479547e-01
1.222077441851197009e-02 1.401394486116866178e-01
1.209436973345704228e-02 1.247055603501697335e-01
1.269009036856681878e-02 9.622464484224717285e-02
1.369870382193259448e-02 1.084100784113009724e-01
1.347802604581121132e-02 1.123662437312304974e-01
1.288157475565365230e-02 1.172928789940973077e-01
1.272681241091557294e-02 1.276650559157133102e-01
1.264838026809441199e-02 1.422025663778185844e-01
1.305356278993882388e-02 1.356402964641650610e-01
1.327388815251503984e-02 1.346553321927785873e-01
1.257717479994997084e-02 1.239506282533208575e-01
1.221844642883340021e-02 1.441382610549529486e-01
1.237209285961377372e-02 1.618788195773959160e-01
1.245481413951533486e-02 1.276586224945882864e-01
1.354484831464888329e-02 9.611968075235684250e-02
1.348100599919467395e-02 1.053599488611022678e-01
1.231382814030227910e-02 1.523113137421508723e-01
1.181388178537058284e-02 1.277459097715715475e-01
1.155268472245742778e-02 1.611398061116536551e-01
1.163770471696828554e-02 1.340286933506528444e-01
1.225068613746051888e-02 1.202317710655430999e-01
1.303676782625315909e-02 9.231453559671838616e-02
1.368226946418195193e-02 1.344746508014698916e-01
1.285106764543195168e-02 1.317060521493355341e-01
1.189134426098208651e-02 1.504394461711247855e-01
1.155923295435820619e-02 1.371213978466888361e-01
1.166317951026221017e-02 1.061574687870840278e-01
1.197562347095849564e-02 1.366208704809347696e-01
1.207635553112405141e-02 1.029138748223582950e-01
1.225939131650510654e-02 1.290282211266458035e-01
1.166958055529353569e-02 1.342337289825081825e-01
1.172754744224813357e-02 1.774172708392143250e-01
1.166873862141158506e-02 1.465964353022476130e-01
1.162535310546910887e-02 1.193664559784034934e-01
1.207920261198481421e-02 1.397937913425266743e-01
1.174075319567088882e-02 1.867269699772199087e-01
1.162710438108851413e-02 1.372415296112497740e-01
1.140397048262922590e-02 1.361881652846932411e-01
