6.896975614675661115e-01 5.571055081155564803e-01
5.058055738123451439e-01 4.529525836308797015e-01
4.096197151556247862e-01 3.679318908188078385e-01
3.328785961721001385e-01 3.035244146982828961e-01
2.757925124975239561e-01 2.572671224673588886e-01
2.352943206887419536e-01 2.246046463648478098e-01
2.066242814790911764e-01 2.010382910569508963e-01
1.855981816060659484e-01 1.837118176950348625e-01
1.694887339523652725e-01 1.696984751356972465e-01
1.564490853740674592e-01 1.578391157090663910e-01
1.447535426151461690e-01 1.466263896889156704e-01
1.337611594396393433e-01 1.365539634393321267e-01
1.245736941786074053e-01 1.290111140244536991e-01
1.169139292181991946e-01 1.227396333383189292e-01
1.107463318763709653e-01 1.181623811523119655e-01
1.055415503044680875e-01 1.143836581872569175e-01
1.011956216903721478e-01 1.107310876250267029e-01
9.729340243175989278e-02 1.077707136670748439e-01
9.407740720070717488e-02 1.057714083128505345e-01
9.099377934798234813e-02 1.039895551900068965e-01
8.834129983059517410e-02 1.024038559860653286e-01
8.587735016807550303e-02 1.014106625484095664e-01
8.361333810792463683e-02 9.934235446982914164e-02
8.181115637374360150e-02 9.950703072051207687e-02
8.018352884072356412e-02 9.745504976146751597e-02
7.835203502327203751e-02 1.001602419548564549e-01
7.667659323026494722e-02 9.777923590607112692e-02
7.534876999604266101e-02 1.000283488796816916e-01
7.399655808126781587e-02 1.002171879841221719e-01
7.226749609519796114e-02 1.025011814716789427e-01
7.145394273556587850e-02 1.029181710133949962e-01
7.074656114890807979e-02 1.036227072278658595e-01
6.878471479001568856e-02 1.019888820333613305e-01
6.769605873652347061e-02 1.028594637496603875e-01
6.699364014515062082e-02 1.052091742555300441e-01
6.669660973385339864e-02 1.079646961556540580e-01
6.568293988977264020e-02 1.111555939747227578e-01
6.448024702144831977e-02 1.108220074739721117e-01
6.377065704181426875e-02 1.079741577721304302e-01
6.281426367236346564e-02 1.105312986506356149e-01
6.224643791139852778e-02 1.086822208017110825e-01
6.134974368189165944e-02 1.210856431474288258e-01
6.052186328736020027e-02 1.138322264369991121e-01
6.033303647688249144e-02 1.207275926652881803e-01
5.965605446296494419e-02 1.289856220699018841e-01
5.908032636180883534e-02 1.136093551499976068e-01
5.842172786048272642e-02 1.195166731874148097e-01
5.846427751296177228e-02 1.246971078217029572e-01
5.804524370809880512e-02 1.303979895181126003e-01
5.825958201071110981e-02 1.460479088127613068e-01
5.791402519566983542e-02 1.505256988522079287e-01
5.643652025155904833e-02 1.460170721014340811e-01
5.539587717049005572e-02 1.513018041021294002e-01
5.507680183140242769e-02 1.482933695531553631e-01
5.455886412457358614e-02 1.584494240168068113e-01
5.424899216059867607e-02 1.692292137692371912e-01
5.390038404886315221e-02 1.315079205152061281e-01
5.363096957799137754e-02 1.704522551347812109e-01
5.434888136777572820e-02 1.537590809166431427e-01
5.512668267346736845e-02 1.239631432625982466e-01
5.402640262391508741e-02 1.382491901102993193e-01
5.266374740295293871e-02 1.409456661591927118e-01
5.255260396885072516e-02 1.451396199150217781e-01
5.174794523954028003e-02 1.337658082031541462e-01
5.133470589658472444e-02 1.545334632198015756e-01
5.082879250687433181e-02 1.420259827540980568e-01
5.102110659794473202e-02 1.730365030881431399e-01
5.028991028666496277e-02 1.681229447325070792e-01
5.007323095711266325e-02 1.656815949827432632e-01
4.979424962274184990e-02 1.317719804743925638e-01
5.196007927198235260e-02 9.531472954485151194e-02
5.566437929732406809e-02 1.357490801148944493e-01
5.028692659036052004e-02 1.360171279973453884e-01
4.935868236622432265e-02 1.445835628029372988e-01
4.879475254338325185e-02 1.608280129730701447e-01
4.848110358934940023e-02 1.638385928753349485e-01
4.834577059600411730e-02 1.626158538791868391e-01
4.884917889835267701e-02 1.672694979028569451e-01
4.833660738133802731e-02 1.721117728286319370e-01
4.784743240239416884e-02 1.598543762746784391e-01
4.788833872483271026e-02 1.935004271152946653e-01
4.758744338163879012e-02 1.538008381095197497e-01
4.831698482356420327e-02 1.822693167875210352e-01
4.770684693144952582e-02 1.708831482877334051e-01
4.738004986060465051e-02 1.718892252279652366e-01
4.720076794804232978e-02 1.579128911511765709e-01
4.733499238358401806e-02 1.569923168669144220e-01
4.720386394822016080e-02 1.689170830779605503e-01
5.141938729893143906e-02 1.171185326659017201e-01
4.888871943623554484e-02 1.689016684475872221e-01
4.749940146078786979e-02 1.880430620577600298e-01
4.728187748980594574e-02 2.062539714905950727e-01
4.650545345119586754e-02 2.108034694360362282e-01
4.594628716160247678e-02 2.239121382849084130e-01
4.582771282961092124e-02 2.334689187506834573e-01
4.545395417002642824e-02 2.286386328438917703e-01
4.544619220967700129e-02 2.397735011246469317e-01
4.525172561634241419e-02 2.447702152033646994e-01
4.504890337858984822e-02 2.366808928135368528e-01
4.507617233321070671e-02 2.324852661954032174e-01
4.505801704008041697e-02 2.283317454987102146e-01
4.559519197564662618e-02 2.220581765804025831e-01
4.472324912004718017e-02 2.199088018387556076e-01
4.467976875830351191e-02 1.923048901889059248e-01
4.512870102757361029e-02 2.351477063364452724e-01
4.478410411080935988e-02 2.280106554842657451e-01
4.474752715493484495e-02 1.801434927102592287e-01
4.546059959954241309e-02 2.051064914299381980e-01
4.677157652587062009e-02 1.999280701080957956e-01
4.413166685347876678e-02 2.156303864386346636e-01
4.391945800857573190e-02 2.250478091753191356e-01
4.374321002694891991e-02 2.397583207736412592e-01
4.334253078417443783e-02 2.276612062835031147e-01
4.346508341954975763e-02 2.440062150773074923e-01
4.327949099015535039e-02 2.352231538130177269e-01
4.508332125615419073e-02 1.766483442236979895e-01
4.588833237748320831e-02 2.186956134521299000e-01
4.383514312709250321e-02 2.429296438478761311e-01
4.425350231368366943e-02 2.803366318758990783e-01
4.325446988478666432e-02 3.047119408018059139e-01
4.281774446050205102e-02 2.934507315771447411e-01
4.267040097222822570e-02 2.649776153266429901e-01
4.329742610499989763e-02 2.098250983075963250e-01
4.832762377563773470e-02 1.237639958659807887e-01
4.782427854199961664e-02 1.533229119247860317e-01
4.365759053290253766e-02 2.143731905768314905e-01
4.252674629366615805e-02 2.244364875886175337e-01
4.190701770982364210e-02 2.372167756160100394e-01
4.188644063727157973e-02 2.629961677723460789e-01
4.161477463728770892e-02 2.678851876407861710e-01
4.149246463415826036e-02 2.680869307368993759e-01
4.129360627564715447e-02 2.828556667599413377e-01
4.160035260748572161e-02 2.473991281456417446e-01
4.152462361153305692e-02 2.651721727516915816e-01
4.150671097336382231e-02 2.320409429570039206e-01
4.307957447883559166e-02 2.784457506818903694e-01
4.121956735758519619e-02 2.854162609825531827e-01
4.110444740324122048e-02 2.704592945261133918e-01
4.085329043247350883e-02 2.384737543761730194e-01
4.603427463415556142e-02 1.725942945728699274e-01
4.311376621537819226e-02 2.365633996410502204e-01
4.129648421005141512e-02 2.550607861744033089e-01
4.101907834410667419e-02 2.513278611004352570e-01
4.057696517329753561e-02 2.744545708927843553e-01
4.017103889321044924e-02 2.741332662602265491e-01
4.006850863693327269e-02 2.874180519332488193e-01
3.993348336619574612e-02 2.997525855898857117e-01
4.000594026250083035e-02 3.104975546399752484e-01
4.017171862239881514e-02 2.435493897646665573e-01
4.100639708113015813e-02 2.897742088470194322e-01
4.051523352405283357e-02 2.677190214809443969e-01
4.025743605296423083e-02 2.974367510113451463e-01
4.104769781867905615e-02 2.575619591193066826e-01
4.097865591189119722e-02 2.645595787713925229e-01
4.002348933278060406e-02 2.693978045135736465e-01
3.977118736905295437e-02 2.848654428703917274e-01
3.960852104625323805e-02 2.859043067114220849e-01
3.956107670304978563e-02 2.842686265293095094e-01
3.959133759958714804e-02 2.691758556498421440e-01
4.032390580580728912e-02 2.924687928623623256e-01
3.991762355606003759e-02 2.633189035372601738e-01
3.969159397501044462e-02 2.294703388793600807e-01
3.979766644855461249e-02 2.673440948128700256e-01
4.789406358741405551e-02 1.474435008648369017e-01
4.207056237202955185e-02 2.024210345827870960e-01
4.020319133996963501e-02 2.330039089752568016e-01
3.993538343461185136e-02 2.860905722611480351e-01
3.958835177941293082e-02 2.934760707947943192e-01
3.870220142757383602e-02 3.133200363566477908e-01
3.839110534229293187e-02 3.281257605801026211e-01
3.848440106958150864e-02 3.312974884692165833e-01
3.848606925003412310e-02 3.201146516948938370e-01
3.865565564029100482e-02 3.149662048866351260e-01
3.885400220297458712e-02 2.814491391181945801e-01
3.959311761825186349e-02 2.419715863135125933e-01
3.914522300133618099e-02 2.929827875147263394e-01
3.880875866587569362e-02 3.198475841846730727e-01
3.839443910230950358e-02 3.079615740312470207e-01
3.904754150567985027e-02 3.776206087528003463e-01
3.813530142396324984e-02 3.254135188957055225e-01
3.794199106760504786e-02 3.425200227648019791e-01
3.778298174190085346e-02 3.413989014095730190e-01
3.788225725293159485e-02 3.303212001919746399e-01
3.810837853518200813e-02 3.626663039127985821e-01
3.792393299546546748e-02 3.471288492696152916e-01
3.784805896305819956e-02 3.638761107706361408e-01
3.831754062642774711e-02 3.298468908501995811e-01
3.898602086914385034e-02 3.711324056817425499e-01
3.820879481414832940e-02 3.483086905131737576e-01
3.819532807144086772e-02 3.452467400994565505e-01
3.806501299869723132e-02 2.750974947379695168e-01
3.845163329118272272e-02 3.614437404192156200e-01
3.820822052884756403e-02 3.462454964303308125e-01
3.799020748858044499e-02 3.013639988170729866e-01
3.815007311996163053e-02 2.627713100777732125e-01
4.027946405794199242e-02 2.126684722801049643e-01
3.864913607561370340e-02 2.305532499319977169e-01
3.768439895314414090e-02 2.726528377582629337e-01
3.769952070149706902e-02 2.986349473810858135e-01
3.748331496083154996e-02 3.239372241207295056e-01
