2.303075426801418357e-01 8.836330978998116481e-02
8.244895032008311975e-02 8.069389047367232781e-02
7.709278619205135741e-02 7.738506235182285309e-02
7.361825605455253607e-02 7.718556081610065955e-02
7.033410469081163852e-02 7.312744536570139897e-02
6.670703849799576590e-02 7.100758462079934108e-02
6.309186934127605784e-02 7.189277506300381648e-02
6.049676914145016987e-02 6.919830558555466193e-02
5.835445550924521496e-02 6.608149196420397276e-02
5.623782249555612373e-02 6.362504751554556859e-02
5.385602644223365376e-02 6.229024859411375764e-02
5.233940528428536465e-02 6.131963937410286197e-02
5.047321016068703065e-02 6.135486518698079345e-02
4.900711705531215351e-02 6.083445144551141021e-02
4.719172429759055376e-02 5.931019916066101322e-02
4.541996444320483411e-02 5.722713324108293781e-02
4.372953474410765096e-02 5.643508649830307478e-02
4.180418035858089049e-02 5.545631543334041125e-02
3.983979212075826337e-02 5.606652995837586168e-02
3.845562049675555621e-02 5.466863193682262173e-02
3.663368911171952652e-02 5.767681569393191821e-02
3.508378444322651085e-02 5.766767383153949267e-02
3.388916771204787681e-02 6.043285863207919356e-02
3.289630240760743618e-02 6.347439584455319417e-02
3.237022601007040479e-02 6.151104997843503952e-02
3.126118255091742126e-02 6.314274761825799942e-02
3.030959576080065332e-02 6.328357223953519350e-02
2.973178973271777686e-02 6.268878733473164100e-02
3.106540585923496522e-02 5.866835931582110170e-02
3.068789058930373667e-02 6.413979495742491710e-02
2.976470520730973082e-02 6.147449902657951826e-02
2.793670205643311935e-02 6.085254478135278949e-02
2.711888540319965304e-02 6.488022274736847395e-02
2.641497369040735066e-02 6.838102040014096272e-02
2.594408705980250779e-02 7.013184018433094025e-02
2.546174584893465265e-02 6.737421413085289967e-02
2.505520884213702920e-02 6.575731041708163249e-02
2.486717733942593253e-02 6.768444978765078557e-02
2.478260976827836512e-02 7.662917620369366634e-02
2.458619253177727823e-02 7.404137682169675827e-02
2.358848816532242362e-02 6.779380342257874947e-02
2.274217975181749146e-02 7.123532651790551173e-02
2.218020810202385104e-02 6.486848941338914376e-02
2.180744774661780988e-02 7.941478570657116431e-02
2.183520638694365704e-02 6.634677760303020477e-02
2.138126074680171684e-02 7.609573898038693440e-02
2.102057833828786110e-02 7.870198227465152740e-02
2.049113436147481995e-02 6.530600666467632764e-02
2.001362294651612417e-02 7.430490625223942769e-02
1.948431433577622537e-02 7.945665118417569173e-02
1.930158305220261439e-02 8.741254572357450014e-02
1.874910298820828963e-02 9.252779744565486908e-02
1.857737712756109619e-02 8.850358200392552388e-02
1.836493685896996297e-02 8.688773194860134608e-02
1.861212986113969237e-02 6.697754003107547760e-02
1.850644454714797660e-02 7.984773355669208539e-02
1.783397857798263431e-02 8.033846159066472536e-02
1.751962228098861984e-02 1.541012304701975533e-01
1.723715594354351816e-02 8.880987350961991322e-02
1.748357483510127458e-02 8.714476680116993446e-02
1.693143765996431988e-02 1.285937689244747162e-01
1.645744153592247627e-02 1.102364909436021473e-01
1.647193168034954275e-02 8.839783977184977048e-02
1.597117777522985907e-02 1.190429839438625764e-01
1.576923219337394294e-02 9.703142768038171273e-02
1.578965532133311256e-02 1.875674320118767835e-01
1.622739885005146376e-02 7.724901182310921210e-02
1.750075567785340167e-02 7.797386177948542607e-02
1.599733697505490576e-02 7.660370666001524442e-02
1.517635952041018754e-02 8.533187250473669994e-02
1.460607427898572702e-02 9.083025290497712123e-02
1.438242810503912242e-02 1.171907791867852211e-01
1.435990381495295433e-02 1.097677754504340075e-01
1.421853530891461354e-02 9.897956092442784792e-02
1.412425257980690421e-02 1.221418343484401703e-01
1.429012656444683671e-02 1.101267690371189739e-01
1.429158653246261068e-02 1.002693092450499535e-01
1.425757588003762066e-02 1.385363496041723541e-01
1.366802756577575016e-02 1.180378857201763582e-01
1.338849957807854325e-02 1.002637390047311783e-01
1.332491599203508743e-02 1.410928074536579035e-01
1.347019649429490734e-02 1.142577244234936618e-01
1.434599038094304391e-02 1.084711099309580706e-01
1.365181848052002093e-02 9.621946739831141460e-02
1.301088603559903689e-02 1.716379722846405886e-01
1.271085279031900633e-02 1.012713869235345315e-01
1.274834134286114383e-02 1.332540472171136192e-01
1.267333303361998023e-02 1.189015188387462091e-01
1.235270323204098325e-02 1.098390820303133536e-01
1.247498291472549578e-02 1.141745054296084833e-01
1.242297562601466128e-02 1.239476790651679039e-01
1.220897636986115892e-02 1.049791856535843421e-01
1.206560507333571432e-02 1.017855782327907466e-01
1.227602207065848182e-02 9.621750962521348483e-02
1.212354866341532576e-02 9.898420476487704289e-02
1.178387227437702883e-02 1.504690109619072624e-01
1.318775705502568153e-02 1.167153709435037184e-01
1.196778012187375319e-02 1.325314525248748876e-01
1.117614207933435161e-02 1.322013453713485054e-01
1.090263195579782921e-02 1.526314094662666321e-01
1.109888197658749805e-02 1.193138627069336988e-01
1.089686229880455770e-02 1.578078127599188141e-01
1.096495185005811127e-02 1.446732885337301544e-01
1.117923645852854364e-02 1.346322349937898732e-01
1.130868709255342455e-02 1.258133543389184095e-01
1.101720525600415231e-02 1.437168980815581032e-01
1.069356631342088804e-02 1.321278834449393369e-01
1.044779663200079943e-02 1.225512256579739667e-01
1.035470402261818787e-02 1.817522377574018189e-01
1.047084843178579076e-02 1.583149594121745773e-01
1.032726805853945683e-02 1.502646734671933271e-01
1.063131044516229043e-02 1.193727236241102219e-01
1.048098056205725749e-02 1.239252948601331089e-01
1.006092377273099837e-02 1.246702447533607483e-01
1.011031048152030362e-02 1.270975839080555059e-01
1.027392392210285318e-02 1.518320667424372383e-01
9.766400114694121989e-03 1.245594532894236661e-01
9.907256577640683251e-03 1.546275479985134982e-01
9.823681893716898136e-03 1.247091508869613979e-01
9.712305371760435874e-03 1.580950468778610229e-01
9.439475857583428872e-03 1.687133586300270938e-01
9.382185949583626491e-03 1.534387490579060265e-01
9.628288571548182517e-03 1.327665941789746284e-01
9.644922676324356112e-03 1.293750358745455742e-01
9.365189327841758407e-03 1.419791262596845627e-01
9.399167566222050088e-03 1.612215192456330493e-01
9.298157871290598300e-03 1.253800208547285744e-01
8.931282919850977095e-03 2.031837060515369608e-01
8.972790297689027528e-03 1.209231877167310093e-01
9.016279986965292786e-03 1.828565445861645988e-01
9.065210926997852373e-03 1.427552472533924199e-01
8.966832524969331128e-03 1.513639648577996544e-01
8.984359933362742051e-03 1.466872787901333519e-01
8.944464804482691461e-03 1.269589826198560811e-01
8.690057394103081062e-03 1.647275526608739660e-01
8.671284644931023106e-03 1.209263659215399217e-01
8.646010385529648984e-03 1.455347653744476222e-01
8.410446440393570811e-03 1.713451689907482811e-01
8.467773365693920945e-03 1.540068534335919670e-01
8.668705046321042995e-03 1.525057232273476504e-01
8.336287087461511508e-03 1.503881025793296911e-01
8.164366767145804504e-03 1.365331822474087908e-01
8.197488664466488079e-03 1.792904968772615626e-01
8.101341506906984888e-03 1.615602270300899312e-01
8.104304294864136254e-03 1.516200293387685583e-01
8.005752375451959113e-03 1.740970640842403605e-01
8.123227196241108658e-03 1.339765970728226951e-01
8.091749293920915895e-03 1.513228852834020421e-01
7.758777206791343285e-03 1.706220901438168236e-01
7.815895403230873825e-03 1.429071922653487869e-01
7.911457649676040607e-03 1.633625564032367417e-01
7.887853597432175137e-03 1.687519297535930440e-01
7.609771579847715399e-03 1.688419247844389626e-01
7.533641241371654210e-03 1.736332872616393186e-01
7.702949990440781207e-03 1.851033928937145523e-01
7.591441164549905807e-03 1.923977957506264880e-01
7.615993235265791812e-03 1.686970769826854899e-01
7.457339692336972803e-03 1.472713702491351417e-01
7.306183620087159519e-03 1.573424129081623934e-01
7.435338285480004757e-03 1.724339702299662880e-01
7.377131721157292182e-03 1.686262449781809614e-01
7.231380922825164301e-03 1.642597091517278007e-01
7.199807732485212150e-03 1.552629547991923042e-01
7.101323690481616858e-03 1.592955311228121951e-01
7.322157404338386702e-03 1.564272000853504374e-01
7.516384387729756374e-03 1.198567291721701622e-01
7.310620326842624458e-03 1.590260613177503779e-01
6.870696114631192480e-03 1.568092437727110766e-01
6.701566967378658896e-03 1.825132037379912087e-01
6.700713086632147271e-03 1.664770391902753166e-01
6.697058698115316080e-03 1.779970204723732852e-01
6.923987362131897756e-03 1.569994119927287102e-01
7.080467345076613128e-03 1.549989782007677175e-01
6.736419234325045045e-03 1.527586769578712367e-01
6.527629346930466196e-03 1.670436664883579447e-01
6.681413418499730292e-03 1.752272469124623588e-01
6.788675521550301302e-03 1.529511700251272865e-01
6.527159227559985871e-03 1.720730329730681130e-01
6.557100795318893810e-03 1.576500862304653361e-01
7.062343672996142761e-03 1.607675650822264768e-01
6.758884229167874506e-03 1.517624115305287458e-01
6.209978104986173079e-03 1.735863742817725375e-01
6.051511617919285921e-03 1.792933477887085625e-01
6.007247379741221388e-03 1.817926163119929217e-01
6.097806042124007293e-03 1.697304150355713748e-01
6.163828287667240391e-03 1.619868117517658523e-01
6.272571876338804697e-03 1.883223308250308037e-01
6.247711062661394713e-03 1.776951990489448741e-01
6.124290068414882382e-03 1.864072097731488131e-01
6.074010377189898585e-03 1.967011392116546631e-01
6.019007445415593127e-03 2.038122907813106344e-01
6.136238674939488436e-03 1.954065364386354253e-01
6.198280621555611256e-03 1.570194259818111227e-01
6.427497645269059437e-03 1.643475983291864395e-01
6.191318795962226160e-03 1.709875883534550667e-01
5.813962044547744609e-03 1.951640799109424784e-01
5.849678942294780047e-03 1.914848182350397110e-01
5.854030697394462142e-03 2.066393483962331579e-01
5.875956628317778770e-03 1.909566002764872261e-01
5.838415405464945918e-03 2.008683258401496030e-01
