4.802175064275904237e-01 3.177103681696785697e-01
2.620043776384213818e-01 2.287157451113065176e-01
2.002301621364384054e-01 1.872440137796931858e-01
1.678211281484947026e-01 1.629614809321032753e-01
1.474589636413062566e-01 1.458832224210103445e-01
1.326878282991124369e-01 1.321235559880733490e-01
1.204408418568896078e-01 1.202269469698270116e-01
1.086760095161635742e-01 1.092654942638344173e-01
9.890285672665369288e-02 1.025871030158466701e-01
9.235321235184262845e-02 9.798545100622707560e-02
8.703543784142267481e-02 9.359025168750020884e-02
8.246153906532903421e-02 9.044807776808738708e-02
7.843705421177352144e-02 8.779868462847338628e-02
7.484135404229164124e-02 8.497350228329499100e-02
7.165598233298557662e-02 8.264963287446233653e-02
6.866413043675625993e-02 8.138679568138387777e-02
6.611844779151242191e-02 8.037647211717234563e-02
6.379291458373390067e-02 7.991100516584184743e-02
6.174324902637702561e-02 8.000052409867446090e-02
5.987761253718196230e-02 8.068439364433288574e-02
5.800451388264574876e-02 8.159416644937461660e-02
5.646899303921112251e-02 8.523686168094475601e-02
5.496465761169064268e-02 8.226861866811911728e-02
5.355305335961463992e-02 8.175880234274598979e-02
5.271936628240637968e-02 7.909718693958388280e-02
5.146896276941023002e-02 7.824343422220812749e-02
5.034145415283557828e-02 7.976120317147837591e-02
4.939568115443718210e-02 7.999498335023720597e-02
4.853946696285430656e-02 8.351730079286628916e-02
4.780031227302260211e-02 8.260502976675827835e-02
4.775771312415599823e-02 8.717207465734747029e-02
4.704695265376713370e-02 8.142815799348884775e-02
4.566317747869506199e-02 8.544940232402747915e-02
4.482750784287729134e-02 8.851639181375503540e-02
4.376663565181377474e-02 9.524256611863772537e-02
4.279767891119529849e-02 9.682811693184906199e-02
4.246572118888541220e-02 9.005347546190023422e-02
4.251093695667094996e-02 8.813304630004697993e-02
4.293022439928680101e-02 7.703821774986055471e-02
4.183213929532141051e-02 7.560178161495262339e-02
4.142502218303156791e-02 7.927307672798633575e-02
4.021076116392888894e-02 8.014255575835704803e-02
3.916267831469091160e-02 8.169251256104972936e-02
3.836848288093034492e-02 8.484658288458983566e-02
3.775062186007455828e-02 8.546214664561881114e-02
3.732752617130555978e-02 8.600360175801648188e-02
3.705685213208198547e-02 8.723276729385058548e-02
3.683327010083126130e-02 8.732637069705459498e-02
3.655050139556207528e-02 9.112669186045725678e-02
3.660323675267580096e-02 9.249435717033015203e-02
3.817673848669340259e-02 9.858140411476294662e-02
4.244539291575187556e-02 9.059011780967314575e-02
3.949813253995848594e-02 8.619771370043356751e-02
3.689029383495813497e-02 8.331505416168107081e-02
3.568933972316544467e-02 9.125678479257556819e-02
3.495963905915254466e-02 1.055521545931696892e-01
3.453756022698632050e-02 1.211165676100386529e-01
3.421479527179787511e-02 1.239972460187143688e-01
3.399926459235025344e-02 1.330078346654772758e-01
3.380698103048816044e-02 1.267280208153857002e-01
3.359601623946573828e-02 1.389927266993456478e-01
3.349119629256609026e-02 1.050370049973328862e-01
3.433010428462449776e-02 1.078670282537738528e-01
3.422945849143150393e-02 1.147695396923356648e-01
3.406180125638479106e-02 1.192169928302367482e-01
3.283408591978070196e-02 1.300770099171333904e-01
3.255521787739381473e-02 1.337294092194901696e-01
3.231824268927661198e-02 1.371315389664636841e-01
3.234217312504968772e-02 1.476564909228020306e-01
3.254693551216183978e-02 1.347595071420073509e-01
3.181666266400276499e-02 1.130228672797481265e-01
3.160945404457246588e-02 1.291798816786872139e-01
3.161807520678493882e-02 1.245805034413933754e-01
3.182767018130639586e-02 1.270310021936893463e-01
3.168941177882072385e-02 1.350893848058250246e-01
3.318707328630474823e-02 9.699389038400517415e-02
3.236625025548586082e-02 9.609762258413764857e-02
3.190109634590221344e-02 9.204085171222686768e-02
3.288296806603306643e-02 9.969503422164255335e-02
3.154268056699415651e-02 1.177610396924946012e-01
3.106357798934346326e-02 1.470304477132028942e-01
3.049702694775854525e-02 1.450267135062151547e-01
3.004609889396261946e-02 1.632737749152713413e-01
2.981453305451063282e-02 1.616743328049778938e-01
2.964799122589572081e-02 1.637200843542814255e-01
2.950677143909582328e-02 1.799047214703427544e-01
2.954664488504754258e-02 1.759051166267858735e-01
3.012615257715125019e-02 1.722309228239787826e-01
3.000960277575181676e-02 1.786359233988655815e-01
3.316427902432113328e-02 1.410451635925306091e-01
3.122594245005308120e-02 1.227167104888293447e-01
2.957637190091900667e-02 1.382253855052921476e-01
2.902416010364526622e-02 1.428082477715280352e-01
2.857728804484373220e-02 1.423765800686346283e-01
2.830769253394952584e-02 1.529090749099850655e-01
2.808624514514898238e-02 1.537581750502189093e-01
2.799791707543701491e-02 1.306063585604230470e-01
2.800126995596035132e-02 1.662593967177801724e-01
2.807628707505944315e-02 1.450769126208292237e-01
2.885293005965650082e-02 1.376530138982666740e-01
2.859992909290623442e-02 1.121656660818391438e-01
2.891017341554710102e-02 1.524308356973859968e-01
2.814867331010357729e-02 1.541172764781448545e-01
3.100955702659742227e-02 1.294506716852386885e-01
3.523770878772910370e-02 1.224975488666031065e-01
3.001596147716954072e-02 1.437081510408056984e-01
2.811379768181501357e-02 1.843947119389971190e-01
2.735553236632812246e-02 2.013599790839685211e-01
2.681694166712099425e-02 2.270136324481831780e-01
2.654577327733178074e-02 2.423698132236798697e-01
2.644297096696568775e-02 2.731765305830372581e-01
2.637369706999601396e-02 2.528302907529804688e-01
2.639129824890959486e-02 2.896079913609557743e-01
2.664590528711858336e-02 2.429472576412889662e-01
2.709608278578011162e-02 2.660016263317730445e-01
2.720817087059159214e-02 2.831634894634286748e-01
2.724538930328335856e-02 2.381660987933476858e-01
2.708346790225222428e-02 2.653659666991896038e-01
2.677821120951415571e-02 2.344282143231895266e-01
2.683837651615826256e-02 2.424997208226058187e-01
2.667902683748341053e-02 1.888120427934659729e-01
2.743748603842970785e-02 1.254089734413557644e-01
2.928810228207489458e-02 1.074925623834133148e-01
2.792233637556797154e-02 1.378937752710448494e-01
2.674593920705885253e-02 1.568647196723355064e-01
2.577581260035314084e-02 1.799169602907366161e-01
2.531563179431165281e-02 2.048840752492348261e-01
2.501892127528241444e-02 2.040637679811981020e-01
2.488684527030805144e-02 2.217761403363611994e-01
2.493501804973475774e-02 1.910981678714354925e-01
2.509430423946824168e-02 2.044192370441224871e-01
2.523596254290967622e-02 1.699423023189107484e-01
2.557360009494714578e-02 1.748455396542946405e-01
2.521257835622059060e-02 1.586108194250199499e-01
2.528555833780002371e-02 1.978783392243915196e-01
2.521265477010208034e-02 1.927984037126103944e-01
2.545663608215385787e-02 1.851769667118787766e-01
2.543587032024089908e-02 2.052035003693567505e-01
2.584343011172987939e-02 2.167582601929704256e-01
2.534916235997182465e-02 1.914553234560621986e-01
2.471019235644035181e-02 2.030485688398281641e-01
2.455923675059727002e-02 2.041331282299425898e-01
2.450101236562903309e-02 2.284484436321589651e-01
2.442244507894828637e-02 2.526873081094688778e-01
2.430203574618733375e-02 1.970852873184614773e-01
2.415660455277780089e-02 2.283180520559350557e-01
2.396156427041604836e-02 2.117172934942775364e-01
2.430473990374949073e-02 1.976394017951356163e-01
2.391299758697064751e-02 2.045701079898410435e-01
2.445287485152664725e-02 2.120119758571187563e-01
2.413085166637490495e-02 1.712606586515903473e-01
2.415250668234032727e-02 1.542416112497448921e-01
2.361678771061323165e-02 1.977948141801688375e-01
2.343376661741697342e-02 2.044573212042450905e-01
2.336364229800315731e-02 1.682683445720208892e-01
2.390134408388559437e-02 1.653279444823662347e-01
2.578826565522609679e-02 1.998318002248803682e-01
2.397671490680517228e-02 2.152380457975798245e-01
2.337746411879978656e-02 1.977446902957227526e-01
2.304608734869739023e-02 2.094388252331150779e-01
2.308938324042573292e-02 1.887896962256895295e-01
2.285612614189342848e-02 2.000491879880428314e-01
2.279714732317299208e-02 2.075450692532790908e-01
2.313524221138256454e-02 2.239283038717177210e-01
2.318565575292379222e-02 1.786266173132591839e-01
2.359446560645975591e-02 1.616523385875754948e-01
2.340663305665479851e-02 2.314507660145560808e-01
2.289004396170195993e-02 2.567304482476578942e-01
2.214667274866525745e-02 2.980928791479932061e-01
2.308360735386064816e-02 1.852932796917027836e-01
2.266596715965467357e-02 2.725880193627542858e-01
2.247125809308050601e-02 2.472670960964428177e-01
2.230719277044622070e-02 2.176279120354188690e-01
2.207253074341612720e-02 2.223658440634608269e-01
2.189050714780644766e-02 1.936186418558160371e-01
2.224212366996741741e-02 2.199993223572770662e-01
2.214921186337383621e-02 2.325631532197197371e-01
2.234586914887697062e-02 2.038758630967802410e-01
2.229068249963769149e-02 1.882755273125237827e-01
2.216838156554575348e-02 2.090858155861496925e-01
2.219254865947111258e-02 2.077207089298301335e-01
2.210359430940049552e-02 2.297453825465506916e-01
2.187660740256854724e-02 2.136595955946379299e-01
2.243959019528474902e-02 1.940870747591058321e-01
2.168444140314510632e-02 1.900832079764869509e-01
2.128628944046795368e-02 2.097434854755798883e-01
2.165929286558998870e-02 2.127517894324329195e-01
2.132892589334671116e-02 1.945332876510090236e-01
2.101714191276852703e-02 2.108061563016639939e-01
2.081838615874691614e-02 2.102709657823046141e-01
2.087447238609013017e-02 2.235317250920666465e-01
2.123081496144394939e-02 2.139363100545274010e-01
2.153281564824283123e-02 1.940195473531881876e-01
2.318951404062894947e-02 1.558676193364792462e-01
2.987945586919966284e-02 1.054746564477682114e-01
2.260855704023525398e-02 1.870410025326741943e-01
2.096462592187269339e-02 2.252955806131164140e-01
2.058642223568224461e-02 2.492802498034304981e-01
2.027118675660614586e-02 2.487010311128364792e-01
2.019688451276501623e-02 2.616090635872549419e-01
