5.998266199376525165e-01 4.067037155230839862e-01
3.289930723244097188e-01 3.031755098038249607e-01
2.491414496084538854e-01 2.429425881968604317e-01
2.003389992183301493e-01 2.018714203602737789e-01
1.672841328218942769e-01 1.718959986335701351e-01
1.438545537431065724e-01 1.500877924263477325e-01
1.272058667751347072e-01 1.344629219836658840e-01
1.156173553999240849e-01 1.235738036533196721e-01
1.074386882800154597e-01 1.158946905699041185e-01
1.013296065488603070e-01 1.101196226146486101e-01
9.629430024453052017e-02 1.053760370446576028e-01
9.165521942805952837e-02 1.006647433257765178e-01
8.670534093568964262e-02 9.482853880359067011e-02
8.173046572270190047e-02 9.060693035523097183e-02
7.755384226216048560e-02 8.801839252312977646e-02
7.411998601221456151e-02 8.655945604874028254e-02
7.129749024241435751e-02 8.590965117845270060e-02
6.892628379438708874e-02 8.493313793506887532e-02
6.680668876847116466e-02 8.504135761823919393e-02
6.478976042623199594e-02 8.544063837163978770e-02
6.312835239237402085e-02 8.507807904647456121e-02
6.145971555762538147e-02 8.589666895568370819e-02
6.008975072650284133e-02 8.528551045391294383e-02
5.855117101085985376e-02 8.619228502114613388e-02
5.724029111244329643e-02 8.675826961795489456e-02
5.589699374920711200e-02 8.487066874901454117e-02
5.467667448811414782e-02 8.593776159816318705e-02
5.338781181632018535e-02 8.667294308543205261e-02
5.228434408810443690e-02 8.280061630325184774e-02
5.098603062740549724e-02 8.238144260313776113e-02
5.008485935991856958e-02 8.448969986703661061e-02
4.898493252013150917e-02 8.981987658060258672e-02
4.811532133281594403e-02 9.299988154735830403e-02
4.720520234962061884e-02 9.564417052186197088e-02
4.631309196489249991e-02 9.288723528799083806e-02
4.566319671845654043e-02 9.404957190983825877e-02
4.550503962105367090e-02 8.552188260687722254e-02
4.482685045407312774e-02 9.840520057413312816e-02
4.403619755559214782e-02 8.607964155574639176e-02
4.410740080085105708e-02 8.986426786416107371e-02
4.339327734736043996e-02 8.634975852651728678e-02
4.207269111421049756e-02 8.788584441774421885e-02
4.089441147019586692e-02 9.141618592871560145e-02
4.025921557189487965e-02 9.951886669215229131e-02
3.966499601558941268e-02 9.957362390640708827e-02
3.928439228273019473e-02 1.070479841695891471e-01
3.891244861183733306e-02 9.880023273742860601e-02
3.865845504830160012e-02 1.122900924334923473e-01
3.842517057797167207e-02 1.113530054895414262e-01
3.883964706939167788e-02 1.178371181918515115e-01
4.084335725254765320e-02 1.038294769823551178e-01
4.060654183168236481e-02 1.149224971110622134e-01
3.866748426609286499e-02 1.178092339800463767e-01
3.800194026766026689e-02 1.293032830581068993e-01
3.784206057557972652e-02 1.260274220257997513e-01
3.765272989687395988e-02 1.225195919267005329e-01
3.769516655266648419e-02 1.188443771873911176e-01
3.718699689772797523e-02 1.184245061336292176e-01
3.683325489301506744e-02 1.185513123249014172e-01
3.604216530646493083e-02 1.101702599682741757e-01
3.517634395464527830e-02 1.299370137146777515e-01
3.442168009762720110e-02 1.208542624695433526e-01
3.406623608955159505e-02 1.348306685686111450e-01
3.386186449447783214e-02 1.158052000941501708e-01
4.473395120897671190e-02 7.109716948535707570e-02
3.945270162530061658e-02 1.033633503442009244e-01
3.448266068064585049e-02 1.134948261703054156e-01
3.357970778171608800e-02 1.228197529498073759e-01
3.320812196584373155e-02 1.308063549093074207e-01
3.283596548774257023e-02 1.367502978278530845e-01
3.267445355063167828e-02 1.379485416950451127e-01
3.246357508866888619e-02 1.375185783124632244e-01
3.254728944313416833e-02 1.447509303689002991e-01
3.258769429947545176e-02 1.284359927392668133e-01
3.284224506649302544e-02 1.259287240811520214e-01
3.401478642325212604e-02 1.381422777970632010e-01
3.429802302725431379e-02 1.253165626484486761e-01
3.332679433657265156e-02 1.373131193427575836e-01
3.351341745611734202e-02 1.053969168828593345e-01
3.291988526130231602e-02 1.599435949077208929e-01
3.358084510830117164e-02 1.707542571756574812e-01
3.265374727410877420e-02 1.586943750994073143e-01
3.269754307026543488e-02 1.715739343522323379e-01
3.280011668983029427e-02 1.701187237890230408e-01
3.219126412508691026e-02 1.848727726481027012e-01
3.193307040463679025e-02 1.839678318550189429e-01
3.177228999301427714e-02 1.921258866786956787e-01
3.237913526799075792e-02 1.979752343354953537e-01
3.397840150154945310e-02 1.458731818323334151e-01
3.236476715835856499e-02 1.709014017962747212e-01
3.170569019005974737e-02 1.570360652274555568e-01
3.338464034902977051e-02 1.525834613583154087e-01
3.200801497143579422e-02 1.765739818414052420e-01
3.110276445428409101e-02 1.818842813372612000e-01
3.080329196186872356e-02 2.004357469785544577e-01
3.046791714320822367e-02 2.269045197301440830e-01
3.013186993804283301e-02 2.324322986726959639e-01
3.004047685166503015e-02 2.542921995951069603e-01
3.005410456552919801e-02 2.444020266541176434e-01
3.011607421880088328e-02 2.806776156648993492e-01
3.021985013605799769e-02 2.599274662012855397e-01
3.059455329302425766e-02 2.132509105528394289e-01
3.595216815337175242e-02 1.127807548683550654e-01
3.389311502346905453e-02 1.872625939754976043e-01
3.120699897408485413e-02 2.041204637951321010e-01
3.084031155151201534e-02 2.146266865440540905e-01
3.061388818001965079e-02 2.013587047242456074e-01
3.019823264557777373e-02 2.193994959816336632e-01
3.004222745984429233e-02 2.254622778337862787e-01
3.015743149444460869e-02 2.436621120820442743e-01
3.021365258183966382e-02 2.572390530258417130e-01
3.012292908799902788e-02 2.294310739056931725e-01
3.023419358267834950e-02 2.164825811568233671e-01
3.032861418295197328e-02 1.948455581441521645e-01
3.060338704097198201e-02 1.889307511349519186e-01
3.055091977414743296e-02 1.520422387661205521e-01
3.077407944493177477e-02 1.882469133577412967e-01
3.059894272421554914e-02 2.181112297500173158e-01
2.982049838003770700e-02 2.122460717542303810e-01
2.944193079090881571e-02 2.135653177069293251e-01
2.917741806382631239e-02 1.986687011602852049e-01
2.957260973819690608e-02 2.161920972996287937e-01
2.967723888322347514e-02 2.279858517770965987e-01
2.922668287008092086e-02 2.008660756465461550e-01
2.908162708485090286e-02 2.142015341669321060e-01
2.882921335105670738e-02 2.081347749465041752e-01
3.555247560711350535e-02 1.316249034264021511e-01
3.314165892533776220e-02 1.477634476290808907e-01
2.923461987364401118e-02 1.529549874572290191e-01
2.857047786209277948e-02 1.587924845516681671e-01
2.815239569853718662e-02 1.600595151798592797e-01
2.786934643802119541e-02 1.868547101815541678e-01
2.774099127116908328e-02 1.932639281989799729e-01
2.763021620921790600e-02 2.065296240357888946e-01
2.787217613673064615e-02 2.165843136608600616e-01
2.775254857544673728e-02 2.535383855510089379e-01
2.733938119987525464e-02 2.481024738194214097e-01
2.707691760392995708e-02 2.322394998951090583e-01
2.772592818478077092e-02 2.833208690087000714e-01
2.750901817684857018e-02 2.539262570854690093e-01
2.708770522688765461e-02 2.731448759635289325e-01
2.725533664044810581e-02 2.642485462129116058e-01
2.730132321395525169e-02 2.843067711219191551e-01
2.708488040058532748e-02 2.520007973329888573e-01
2.792028152020421122e-02 2.794711992351545105e-01
2.672932831933948900e-02 2.933987390456928024e-01
2.665414422659612148e-02 3.056801902130246162e-01
2.737695567605153910e-02 2.537557072937488556e-01
2.696993034446566739e-02 2.387506095692515373e-01
2.695129202428932572e-02 2.098246482718321981e-01
2.700182729082681657e-02 1.840306942661603384e-01
2.751442014307874107e-02 1.904324093419644537e-01
2.745270106100999863e-02 1.647823500550455456e-01
2.720927303974948405e-02 2.407660990332563811e-01
2.738304850758939424e-02 1.808171696547004881e-01
2.787491399226937200e-02 1.892215438808003969e-01
2.738300551342346192e-02 1.943860353074139957e-01
2.733950124962664097e-02 2.192792166024446487e-01
2.700948899202957471e-02 2.388023199099633398e-01
2.631070768097188567e-02 2.553289132192730904e-01
2.591724492745791850e-02 2.552957819360825997e-01
2.576651187363739395e-02 2.241614238462514286e-01
2.555712355050917053e-02 2.438887029679285279e-01
2.545673359844197528e-02 2.403909556774629364e-01
2.552428906329157893e-02 2.362040455142656870e-01
2.618524189129835256e-02 2.282880929609139853e-01
2.758842169466178482e-02 2.579170658977495423e-01
3.195890626960956604e-02 1.568671962660219965e-01
2.733896668182640710e-02 1.859309004826678047e-01
2.601315806301810266e-02 2.282154372789793606e-01
2.543160725362235419e-02 2.239054554245538120e-01
2.490557348014922970e-02 2.495846246472663288e-01
2.442047677979600206e-02 2.479973134274283952e-01
2.410167915087829335e-02 2.815490991084111938e-01
2.401026029980218857e-02 2.806606715958979148e-01
2.412146738753086217e-02 2.627966353255841714e-01
2.508056693051646455e-02 2.617137276877959384e-01
2.453447931741432539e-02 2.528467009671860333e-01
2.454189639879254467e-02 2.425485676568415461e-01
2.436880144381486923e-02 2.543116240865654354e-01
2.469966689510861430e-02 2.549960708452595481e-01
2.457101900334946951e-02 2.718665510829951781e-01
2.425815688060006109e-02 2.838142575282189828e-01
2.399666364327436574e-02 2.383627844974398613e-01
2.363755634599706140e-02 2.569387480616569519e-01
2.360936342852144876e-02 2.553061422788434620e-01
2.405606177294762962e-02 2.474711405941181774e-01
2.453322968695585346e-02 2.793092728695935612e-01
2.493299241177737713e-02 2.673701995776759377e-01
2.465144046809433429e-02 2.372327396232220831e-01
2.826781412472993693e-02 1.737327812653448877e-01
2.521890372310469849e-02 2.388294857616225786e-01
2.472762552248995369e-02 2.269166739036639624e-01
2.334997860328635183e-02 2.399936309084296227e-01
2.277189005370728811e-02 2.583491552828086624e-01
2.258048099806396133e-02 2.553838990214798432e-01
2.244871370948669370e-02 2.629031324759125710e-01
2.267761055448251628e-02 3.041631927092869891e-01
2.346773265020513088e-02 2.604802116337749940e-01
2.385501727666251501e-02 2.780550488581259860e-01
