8.356409639846987814e-01 5.084361003504859200e-01
4.489779101639259085e-01 4.034935136636098041e-01
3.710785164702229411e-01 3.440399848752551670e-01
3.189191661956833901e-01 3.009969095389048444e-01
2.802955942546448975e-01 2.682178384727901821e-01
2.505692534330414833e-01 2.432186835341983433e-01
2.271789933850125454e-01 2.233536980218357448e-01
2.084116763094576441e-01 2.072194235192404976e-01
1.930237262532478459e-01 1.935963556170463562e-01
1.803910978501889750e-01 1.819514748122957049e-01
1.695836248194299012e-01 1.723332852125167847e-01
1.605412148211787515e-01 1.643135444157653446e-01
1.524718344756742783e-01 1.573057572046915598e-01
1.454289153490851694e-01 1.508566563328107291e-01
1.392057870128532715e-01 1.450053900480270386e-01
1.336297749473554231e-01 1.394406999978754225e-01
1.283538974367263719e-01 1.344990722007221584e-01
1.234233813224042270e-01 1.300830319523811340e-01
1.190718349705382068e-01 1.257167665494812736e-01
1.150578380357928365e-01 1.222048683298958688e-01
1.114028027599177767e-01 1.194488153689437504e-01
1.082225965290534719e-01 1.168727067609627995e-01
1.053416430495861117e-01 1.145928071604834647e-01
1.027507907824545402e-01 1.129185938172870274e-01
1.004472157077454936e-01 1.107113762862152462e-01
9.815236721642134343e-02 1.094321848617659659e-01
9.615834052788048425e-02 1.075544593234856877e-01
9.417532713765777719e-02 1.054768487811088562e-01
9.202584240403843818e-02 1.040982074207729702e-01
8.970272275278480534e-02 1.020647169401248250e-01
8.705501417379553353e-02 1.003402566744221597e-01
8.483315325092251336e-02 9.857704531815317250e-02
8.282661912735642118e-02 9.672910802894169047e-02
8.106810274738364408e-02 9.673392524321873520e-02
7.980532773838537597e-02 9.486532169911596202e-02
7.839244111191208397e-02 9.522652936478455399e-02
7.735552718272296902e-02 9.452640679147508718e-02
7.611159012630218379e-02 9.383591119613912679e-02
7.510297963532006071e-02 9.445317813919650030e-02
7.412560247793430201e-02 9.499415279262596323e-02
7.322696544139123409e-02 9.635068538288275863e-02
7.226299351399265158e-02 9.597324145336945389e-02
7.145882486479311624e-02 9.684840610457791377e-02
7.078544997678297424e-02 9.743317754732237768e-02
6.964469242204980592e-02 9.830446417133013870e-02
6.899487336234348678e-02 9.850335783428615377e-02
6.833193891840737277e-02 1.008026388784249577e-01
6.737631954616163377e-02 1.024833536810345058e-01
6.680385007454854585e-02 1.036577067441410427e-01
6.609712054998409525e-02 1.062879262285100074e-01
6.549788902445537186e-02 1.084399250232511158e-01
6.533412253711282092e-02 1.098874755617645083e-01
6.460038179577123896e-02 1.133270247115029244e-01
6.399520909095682275e-02 1.128027726792626972e-01
6.364927515841839467e-02 1.139908944153123493e-01
6.350418861682821658e-02 1.184570449921819868e-01
6.268516753050612511e-02 1.151882776369651112e-01
6.216440695088084473e-02 1.194980210728115444e-01
6.156168142106474561e-02 1.213034881899754253e-01
6.127493680886379052e-02 1.222754894859260921e-01
6.112433368022122254e-02 1.229410306033160982e-01
6.064531141210619675e-02 1.231137334058682170e-01
6.126505756614411546e-02 1.248007064892186074e-01
5.994796441731656267e-02 1.228912719007995424e-01
5.937011803432208634e-02 1.329735424369573593e-01
5.908984709076765124e-02 1.317265263448158807e-01
5.837932304002162870e-02 1.375362800641192207e-01
5.782746373698478826e-02 1.425673413193888073e-01
5.750212173272923472e-02 1.401107098079389934e-01
5.713846845688616560e-02 1.433300798137982779e-01
5.663717158774777410e-02 1.456799529906776247e-01
5.706934964784034919e-02 1.243796876321236339e-01
5.670036661733941080e-02 1.407096232804987135e-01
5.558960403247577287e-02 1.593589559197425842e-01
5.558173135831588618e-02 1.662238070534335366e-01
5.529812237293255106e-02 1.689449070642391748e-01
5.617231114699346162e-02 1.517084122945865088e-01
5.697363978478967028e-02 1.355377866162194023e-01
5.510982287275355274e-02 1.563332714140415192e-01
5.426436126595590020e-02 1.677140231347746258e-01
5.452638089929411763e-02 1.531049244933658238e-01
5.428814104326614570e-02 1.699785439090596428e-01
5.425477934228938037e-02 1.672784170756737299e-01
5.375249428311135863e-02 1.579819209873676300e-01
5.345346011993724888e-02 1.565059514509307137e-01
5.357376749559146500e-02 1.477119554248121081e-01
5.308426236279490534e-02 1.442630243384175892e-01
5.336658744050598591e-02 1.194341528332895641e-01
5.386427425347813797e-02 1.510876114997598829e-01
5.307536062262043636e-02 1.519989100181394215e-01
5.278349653022681998e-02 1.508622593763801756e-01
5.246392268369474282e-02 1.506112847063276472e-01
5.174830811461660768e-02 1.606690366235044298e-01
5.144043192948873772e-02 1.487824860960245132e-01
5.114148812731954957e-02 1.674996599968936739e-01
5.063794056953090095e-02 1.515221154938141412e-01
5.055876115973039625e-02 1.504179593175649643e-01
5.388195963758157792e-02 1.328646277801858178e-01
5.451935361616495196e-02 1.298609957512882052e-01
5.093987160021575672e-02 1.424224989281760445e-01
5.015662197795946187e-02 1.501983101997110548e-01
4.974510413935271519e-02 1.604575105011463165e-01
5.069952447921401151e-02 1.515730638056993484e-01
5.065560071706408374e-02 1.465087054918209619e-01
4.993041867117693072e-02 1.671943664550781250e-01
4.965297824407859800e-02 1.582616060558292570e-01
4.955966601420829648e-02 1.467399119089047022e-01
4.931869967727035842e-02 1.385775763127538862e-01
5.127460788935422897e-02 1.597650821010271616e-01
4.930919737032637279e-02 1.545141471756829032e-01
4.871159478476861510e-02 1.692777147723568687e-01
4.878798321389207077e-02 1.677802254756291800e-01
4.791823831364148967e-02 1.759289118150869913e-01
4.770591021401852927e-02 1.757911567886670523e-01
4.741058042045773191e-02 1.794360733280579157e-01
4.779731544734137916e-02 1.829926021811034975e-01
4.728393395226902773e-02 1.738342543443044119e-01
4.701577568790171052e-02 1.891656484868791399e-01
4.693459937485253142e-02 1.941037175969945183e-01
4.660836226738444138e-02 1.810873246027363548e-01
4.677046040391049514e-02 1.816811060739887962e-01
4.682897697997892572e-02 1.949982968055539723e-01
4.636378352325863650e-02 2.006354433380895252e-01
4.639855371333840434e-02 1.910487206445800057e-01
4.616027240209826660e-02 1.957588427596622105e-01
4.590763629800299200e-02 1.888076596789889927e-01
4.672685365487889292e-02 2.170063640094465618e-01
4.963761041077172087e-02 1.293119105199972696e-01
4.732766036489387956e-02 1.892131660133600235e-01
4.583756475732093938e-02 1.981245939516358967e-01
4.545790923577619491e-02 2.165570900672011967e-01
4.490080531459392232e-02 2.244591313517755871e-01
4.487019970377043726e-02 2.344791500104798088e-01
4.481569042701909894e-02 2.323829751047823133e-01
4.481465344476263934e-02 2.367490349958340234e-01
4.489629254562825522e-02 2.423554265664683571e-01
4.485912722103842926e-02 2.084958166297939119e-01
4.525473093750273512e-02 2.196529195126560030e-01
4.622801629508414140e-02 2.178076900955703554e-01
4.451982813273987899e-02 2.294761178394158774e-01
4.413227920942917187e-02 2.361373640596866608e-01
4.466523503793812244e-02 2.510621028227938423e-01
4.409220530765085855e-02 2.580166233496533623e-01
4.692963610698536875e-02 1.919288581444157371e-01
4.586621018399188870e-02 2.294778912845585050e-01
4.462535674797325769e-02 2.299746757166253319e-01
4.423341912603596243e-02 2.138173987882004967e-01
4.408983003756985347e-02 2.328535655720366249e-01
4.435276235567360559e-02 2.251990718974007377e-01
4.384417295819375421e-02 2.153055792053540640e-01
4.330408929779035188e-02 2.438027370307180586e-01
4.336444349823201372e-02 2.394647989422082901e-01
4.353185339898961448e-02 1.958234334985415048e-01
4.382523754611611366e-02 2.388301750438081017e-01
4.310153620090426130e-02 2.234563881324397316e-01
4.792106242441549618e-02 1.845457671831051416e-01
4.565332711833279544e-02 2.011206774041056633e-01
4.736117746044949534e-02 1.365024426745043984e-01
4.526809386045831107e-02 1.796168529738982611e-01
4.336326627242492737e-02 2.089063226141863461e-01
4.293317638519333901e-02 2.393421109558807602e-01
4.285008864613568114e-02 2.569391026885973206e-01
4.223183241513807362e-02 2.770183626562356949e-01
4.199623913935771752e-02 2.820974091688792096e-01
4.204580829501515515e-02 2.761616280509365806e-01
4.183696537483029554e-02 2.876068929003344765e-01
4.159511396343388429e-02 2.851032289779848461e-01
4.193602210455914941e-02 2.859103017383151646e-01
4.173249892163567731e-02 2.711642848120795479e-01
4.138518797188270315e-02 2.605658865844209804e-01
4.226877149648782667e-02 2.847181167453527451e-01
4.209707522901093291e-02 2.548046051007177848e-01
4.204006256853661666e-02 2.615127015031046276e-01
4.144086238996284866e-02 2.737876356889804019e-01
4.119231407644181886e-02 2.793845896505647297e-01
4.110172540858024470e-02 2.705392106953594666e-01
4.071724659013675751e-02 2.823791751224133950e-01
4.077506549202087466e-02 2.685518647647566204e-01
4.067987975914303528e-02 2.282873267928759164e-01
4.045087651054306982e-02 2.493653921410441399e-01
4.128648304357761256e-02 2.605235264119174499e-01
4.058267072797185071e-02 2.451556994476252194e-01
4.007412912324070930e-02 2.514195560167233334e-01
4.004275307013857588e-02 2.499317955225706100e-01
4.114335059847046977e-02 2.722856694211562290e-01
4.203617727247679903e-02 2.366711327599154702e-01
4.187546111643314362e-02 2.412088945921924410e-01
4.026748769257853383e-02 2.521828450262546539e-01
3.995608600855964088e-02 2.562642857018444520e-01
3.959256286800998115e-02 2.858553137630224228e-01
3.971946504103338049e-02 2.802584888413548470e-01
3.984487918773439025e-02 2.648480598711305256e-01
3.999910790972956848e-02 2.661672035853068219e-01
4.076216869601389375e-02 2.763229372600714551e-01
3.989633993904401904e-02 2.667748365137312394e-01
3.960616182445025890e-02 2.824289918773704167e-01
3.962065711072305235e-02 2.424531332734558287e-01
3.982024991930258051e-02 2.749162673329313411e-01
3.952230170096566325e-02 2.875378185676203957e-01
3.923713155772264732e-02 2.955555071433385028e-01
