6.872614734783405455e-01 5.308201611042022705e-01
4.565905330748092905e-01 3.886446572012371425e-01
3.151424471743223266e-01 2.722745993071132298e-01
2.288823221333143310e-01 2.115405433707767124e-01
1.838907921550477498e-01 1.789070955581135158e-01
1.583760118611702017e-01 1.589377025763193674e-01
1.421259819280083492e-01 1.456091619200176601e-01
1.309368903407963358e-01 1.358715051578150979e-01
1.226769561266026903e-01 1.287668177651034584e-01
1.162349517661623866e-01 1.225565907855828557e-01
1.109224646465807457e-01 1.178887308471732731e-01
1.062836736077215627e-01 1.133351752327548118e-01
1.018190732816370569e-01 1.084976423945691881e-01
9.667407639506386818e-02 1.014708934558762460e-01
9.153258021375755560e-02 9.676435051692856837e-02
8.734438940882682800e-02 9.318526192671722219e-02
8.374438630189837141e-02 8.990125358104705811e-02
8.033225848907377120e-02 8.688569379349549149e-02
7.756409564668811929e-02 8.498234405285781667e-02
7.507911120064375554e-02 8.288544478515784408e-02
7.308693039344578424e-02 8.115329696900314138e-02
7.131199232052738701e-02 7.961291509370009567e-02
6.964027261497771071e-02 7.790938454369704391e-02
6.813757925680498373e-02 7.685978027681510116e-02
6.679162344463714096e-02 7.617959276669555857e-02
6.564748028247821554e-02 7.501840550038549327e-02
6.435701797330160845e-02 7.442150513331095840e-02
6.328205249794735532e-02 7.397912939389546250e-02
6.203768543172173688e-02 7.327644671830865764e-02
6.094965401173728370e-02 7.329402760499054148e-02
6.003548539947808904e-02 7.253884420626693919e-02
5.899370426493810715e-02 7.207780124412642431e-02
5.815572854949206671e-02 7.168986669017209101e-02
5.714426658729591241e-02 7.112281955778598785e-02
5.620576669575601259e-02 7.113094110455778218e-02
5.532670310675734393e-02 7.130589481029245280e-02
5.449218315458515677e-02 7.134428371985752915e-02
5.365669317316354436e-02 7.153912488785055257e-02
5.283068361260542106e-02 7.191396959953838541e-02
5.193784250309917833e-02 7.302588038146495819e-02
5.109756595523255729e-02 7.336248022814591263e-02
5.031937765093838499e-02 7.567080503536595393e-02
4.947368337250337283e-02 7.618965601755513239e-02
4.875694537853322158e-02 7.800974883139133453e-02
4.816422504713622349e-02 7.990770455863741017e-02
4.739125141101639682e-02 8.035675581130716227e-02
4.689460752032151986e-02 8.195385895669460297e-02
4.624123905399223772e-02 8.611483271751138591e-02
4.563053913141896373e-02 8.525198553171423055e-02
4.511844967605500856e-02 8.654497853583759115e-02
4.473204984579507576e-02 8.442437483204735804e-02
4.427950135318607650e-02 8.080674459536869858e-02
4.407917353801611010e-02 8.713153356479273748e-02
4.349473275516817922e-02 8.592943329777982808e-02
4.335314317083940189e-02 8.238455860151185084e-02
4.346836058468353525e-02 8.531938576036030009e-02
4.296957101763748677e-02 8.293444953031009481e-02
4.286554890752929114e-02 8.394946985774570658e-02
4.285107945977914556e-02 8.776006102561950684e-02
4.244689511634954643e-02 8.862020903163486674e-02
4.240500524912665242e-02 9.019321327408154343e-02
4.238996262911979424e-02 8.544066030946043111e-02
4.726227824916926640e-02 7.525437801248496816e-02
4.345429604645908994e-02 8.071147443519698095e-02
4.282413827391659544e-02 8.364846412506368734e-02
4.178200464513970314e-02 8.360799143297804881e-02
4.095879184627315012e-02 8.759232879512840464e-02
4.022430985166532136e-02 9.452202367699807928e-02
4.019549733209537568e-02 9.244759742998415186e-02
3.977442136397812272e-02 9.719532955851820089e-02
3.952588203431266212e-02 9.628070787423187449e-02
3.921597884831631853e-02 1.001637985722886176e-01
3.906500984619303701e-02 1.046633575525548754e-01
3.929442896439534760e-02 1.025359186654289517e-01
3.939665501891839727e-02 1.000925087266498203e-01
3.887028661670118013e-02 1.017783648437923794e-01
3.873555078284769693e-02 1.030744600834117980e-01
4.103928722622918190e-02 1.022977249489890189e-01
3.995603227579012234e-02 9.663966898288992025e-02
3.887570318879514375e-02 1.014746346821387563e-01
3.867176837265128009e-02 1.010621149713794437e-01
3.848582985470207912e-02 1.010663967786563783e-01
3.837358239447561520e-02 1.082941270950767698e-01
3.806747298505974708e-02 1.082236585724684896e-01
3.771933927995765878e-02 9.683048890696631383e-02
4.227806148459998387e-02 6.686463186310397100e-02
4.048230252569404858e-02 9.876356066928969335e-02
3.800944876062070654e-02 9.368287358019086741e-02
3.719707624986767769e-02 9.858328766292995260e-02
3.683914249853753597e-02 9.891571477055549622e-02
3.659426487936842665e-02 9.884151950892475225e-02
3.621680652949868517e-02 1.051097773015499115e-01
3.615009121415091453e-02 1.046192567381593885e-01
3.590353766865119617e-02 9.899782906803819560e-02
3.601866518715169524e-02 9.827749762270185374e-02
3.570228259692468514e-02 1.109795239236619768e-01
3.601420094917823916e-02 1.070110650940073876e-01
3.598049172859003192e-02 1.064106082129809561e-01
3.568437156017597450e-02 1.017333219448725429e-01
3.559207396082034874e-02 1.114827600411242847e-01
3.567454122324905524e-02 1.204472955109344573e-01
3.542470710533784928e-02 1.113990048567454066e-01
3.563838458915308954e-02 9.695077377061049606e-02
3.606656302766102218e-02 1.179539766162633896e-01
3.670854135075720531e-02 1.103556024738484020e-01
3.861753188255356850e-02 1.036577094346284866e-01
3.956631377975388525e-02 1.082179404588209243e-01
3.534508036540412457e-02 1.033791650293601899e-01
3.456922885166799353e-02 1.150798637212978454e-01
3.394629834674117025e-02 1.192439909403522763e-01
3.363715695989567822e-02 1.209435634728935061e-01
3.358720896038704107e-02 1.351817625885208540e-01
3.348808901429903284e-02 1.133933876537614460e-01
3.337541359999194462e-02 1.304691500133938198e-01
3.346478258736613337e-02 1.162766101252701578e-01
3.397827388764154688e-02 1.291246997813383646e-01
3.368801832562539483e-02 1.226672030364473615e-01
3.347659564190885034e-02 1.479418967953986530e-01
3.986512255150734263e-02 1.252509704273608027e-01
3.397702809604929985e-02 1.361938306233949070e-01
3.313893243307020758e-02 1.618051727612813406e-01
3.279450482393547056e-02 1.746046668332484064e-01
3.261716663837432861e-02 1.744928378611803055e-01
3.243681717459566405e-02 1.811892860051658449e-01
3.253112422166073991e-02 1.549784567000137558e-01
3.320055448154850958e-02 1.610267166462209520e-01
3.256176958405753580e-02 1.847903338364428882e-01
3.229756971889334582e-02 1.806079940870404243e-01
3.200824174280392231e-02 1.742514390498399734e-01
3.224774035511583647e-02 1.703552140129936943e-01
3.241783232859721947e-02 1.473310021683573723e-01
3.231688747296064534e-02 1.790019979493485680e-01
3.225820133939567153e-02 1.555924297620852881e-01
3.205533030374747849e-02 1.652018490971790543e-01
3.226353987915123178e-02 1.443269004424413138e-01
3.238435962419139447e-02 1.407434321526024046e-01
3.226990373123709427e-02 1.337548048338956241e-01
3.365236176632162984e-02 1.279237592178914251e-01
3.524555924643830301e-02 1.139535832529266629e-01
3.330279695347133223e-02 1.164923568980561347e-01
3.208273409002619647e-02 1.268096692446205320e-01
3.194626668899706173e-02 1.446723024257355328e-01
3.138964998013362567e-02 1.478221225034859476e-01
3.146529071055716165e-02 1.435609902772638502e-01
3.164387997466980296e-02 1.557958637260728474e-01
3.204167755207092128e-02 1.366558005619380178e-01
3.283169410736640897e-02 1.228376044374373255e-01
3.362834707424953301e-02 1.031828818635808082e-01
3.425015998640802001e-02 1.019949387345049086e-01
3.250876953825354576e-02 1.158241143243180366e-01
3.125853734885955526e-02 1.204633678620060239e-01
3.095922249414753691e-02 1.446909761677185602e-01
3.077508452371126302e-02 1.423564003780484200e-01
3.100439757903719964e-02 1.680269128539496060e-01
3.074214084460059199e-02 1.588550777071052189e-01
3.064892245115848415e-02 1.502830237150192261e-01
3.066085957036149279e-02 1.321716253749198322e-01
3.192010018747390432e-02 1.401992215671473141e-01
3.156304959684792105e-02 1.348270609353979521e-01
3.255108914269906617e-02 1.401137533701128368e-01
3.205637740561875088e-02 1.395750738059481078e-01
3.088626962881989638e-02 1.544981954826248893e-01
3.030641483165687211e-02 1.399127779942419825e-01
3.045265128972326693e-02 1.640113562138544312e-01
3.061699678712501843e-02 1.323315322192178956e-01
3.056729377088386948e-02 1.483247079369094668e-01
3.064822843979771519e-02 1.402841567372282439e-01
3.486545523628592491e-02 1.119668690694703012e-01
3.130941877209740543e-02 1.089082578611042795e-01
3.049171484279923280e-02 1.435482819668120746e-01
3.004925394794199373e-02 1.512768031615349951e-01
2.985360964610263984e-02 1.555084865540266037e-01
2.999639277709875013e-02 1.388811885068813867e-01
3.016862906402022204e-02 1.649006472693549386e-01
3.021284827122056038e-02 1.625910680741071701e-01
3.076273381210318375e-02 1.716287043980426197e-01
3.095613400133826257e-02 1.707499240421586628e-01
3.118069874826909574e-02 1.980648283950156574e-01
3.103952777072242070e-02 1.939157948104871521e-01
4.731964364238992055e-02 1.001750016584992409e-01
3.243733738072034772e-02 1.328198784548375311e-01
3.082098234331280551e-02 1.426430082776480313e-01
3.002966537776334890e-02 1.435600845143198967e-01
2.964798436590992958e-02 1.677078776475456057e-01
2.930145070138500882e-02 1.635223580524325371e-01
2.934743546903496869e-02 1.832206371343798046e-01
2.912503981213198853e-02 1.764580033098658018e-01
2.901320363871934954e-02 1.965047996491193771e-01
2.919064487739488761e-02 1.702193754414717264e-01
2.936397273116177209e-02 1.912989649507734480e-01
2.933314197878466797e-02 2.133955406025052071e-01
2.926391639701295122e-02 2.183141888429721289e-01
2.937910559859762891e-02 1.728520549626814118e-01
3.010578730098176226e-02 1.720637364519966850e-01
3.047504059675081381e-02 1.427982740311158905e-01
3.051679723941516653e-02 1.433838311996724901e-01
3.081141286188872688e-02 1.229636595687932377e-01
3.039258079626029618e-02 1.575072413931290216e-01
3.080739507951387596e-02 1.714256452396512032e-01
3.095286112369560749e-02 1.380098560411069097e-01
