2.888139589922502637e-01 9.375315053122383613e-02
8.607466315429303239e-02 8.262250652270657081e-02
7.741711548684786226e-02 7.829577050038746822e-02
7.138788636906870377e-02 7.161101379564829839e-02
6.685397629570659361e-02 7.104257467601980680e-02
6.404422363543528507e-02 6.738056960914816373e-02
6.056368871248282715e-02 6.659225347851004118e-02
5.920991189556107370e-02 6.157674347715718505e-02
5.536254916972081774e-02 5.957581608423164615e-02
5.339023004940134098e-02 5.816680884787014255e-02
5.094887386076152325e-02 5.615006613412073383e-02
4.869020078885590713e-02 5.918868684342929593e-02
4.670790216741373818e-02 5.972603149712085724e-02
4.480566880998334417e-02 6.007578090897628537e-02
4.305754262687904593e-02 5.853127488600356337e-02
4.185109671449199764e-02 5.416488261627299544e-02
3.962584558342184538e-02 5.575839509921414611e-02
3.774306638626426236e-02 5.814180962209190839e-02
3.641580991790674404e-02 6.148236431181430817e-02
3.523488583353658748e-02 5.874755792319774628e-02
3.410127566062978038e-02 6.135314357067857272e-02
3.299732444741364235e-02 6.076935306191444397e-02
3.192449173851249350e-02 6.306033208966255188e-02
3.092408133670687675e-02 6.062720955482551327e-02
3.010706647459994098e-02 5.512744414487055072e-02
2.924246530442143818e-02 6.081199326685497036e-02
2.889020697191534842e-02 6.910795146333319205e-02
2.857256259414411859e-02 6.551786751619406712e-02
2.770571629627652244e-02 5.736211540975740680e-02
2.719188921591488700e-02 5.654448457062244415e-02
2.636962169725891314e-02 5.806021112948656082e-02
2.658896413604019265e-02 5.886772714023079389e-02
2.564282781566448732e-02 6.042571046522685757e-02
2.461699253347303037e-02 6.641540862619876862e-02
2.374952410103841824e-02 7.018432686371463280e-02
2.314677786004419244e-02 6.348388681986502635e-02
2.256833599503373783e-02 7.652494125068187714e-02
2.241453158924178873e-02 8.036184350826910960e-02
2.239547123982837257e-02 7.098108104297093379e-02
2.192137404788462723e-02 6.866597224559102541e-02
2.165562756930566532e-02 7.029854506254196167e-02
2.173058694738539895e-02 6.890354890908513552e-02
2.075586461467623933e-02 6.452737070087875837e-02
2.022600574335748497e-02 7.228614655988556403e-02
1.988702951348386705e-02 6.506231267537389285e-02
1.939173311499568439e-02 7.391089041318212038e-02
1.918973900666016974e-02 7.438643529478992933e-02
1.876277596983570717e-02 6.964143099529403191e-02
1.864794092363722400e-02 6.931558065116405487e-02
1.829136762258020202e-02 8.483687562069722188e-02
1.800744973782760286e-02 7.540160603821277618e-02
1.769313597192411283e-02 7.284964833940778262e-02
1.751129199068860234e-02 8.192661790443318826e-02
1.752175919301364460e-02 8.164104659642491824e-02
1.725815744707471719e-02 7.690100039222411143e-02
1.711810904643720072e-02 7.241367242698158735e-02
1.650349942654082830e-02 8.213976730725594533e-02
1.620771072339266539e-02 6.431431948606457227e-02
1.607924833245176141e-02 6.976470896708113212e-02
1.598470205360735114e-02 6.574619747698307037e-02
1.572722935192619534e-02 7.988917202289615160e-02
1.538898762443014281e-02 8.094707264431885707e-02
1.518612993060655496e-02 8.810908892857176322e-02
1.494831449027904900e-02 6.944039344255413526e-02
1.487633533473680866e-02 7.849094058786119932e-02
1.470214767323341221e-02 6.846145726740360260e-02
1.474692745389239411e-02 8.421829941549471843e-02
1.502479899430736107e-02 7.382934247808796424e-02
1.442780803578595263e-02 7.707683915006262321e-02
1.429301127999289302e-02 8.330257596181971091e-02
1.381435524741564738e-02 8.404884966356414300e-02
1.366884180918402462e-02 8.415109744029385108e-02
1.362751666913806885e-02 7.402726994561296958e-02
1.324854948810146558e-02 9.836158555533204562e-02
1.348768335828069709e-02 9.350366956953491682e-02
1.323841714682722805e-02 8.589809161743947041e-02
1.320775630648270138e-02 8.778879525406020623e-02
1.311300620797001618e-02 8.591375579791409034e-02
1.317816126296141553e-02 8.137101280902113432e-02
1.289699611689208020e-02 8.452108528997216708e-02
1.253183189588266341e-02 8.645282366446085942e-02
1.249049816466313648e-02 8.735563552805356013e-02
1.223891627298490624e-02 9.471478353121451366e-02
1.217261982812834452e-02 8.379549612956387061e-02
1.215049028992542038e-02 8.444722129830292690e-02
1.221561744612353374e-02 9.452990043376173490e-02
1.190186768889404945e-02 8.494488549019608981e-02
1.186565050530979069e-02 7.528633344918489456e-02
1.174077520097073675e-02 7.763834138001714236e-02
1.145493244222875288e-02 9.213620836713484752e-02
1.125683674624832799e-02 9.332100062498024928e-02
1.120594011237179520e-02 8.498003786163670081e-02
1.143712633624783745e-02 8.259525708854198456e-02
1.126914782590964469e-02 7.963021871234689242e-02
1.112167481152850738e-02 8.987276615308863181e-02
1.119925190730663468e-02 7.870129775255918503e-02
1.079139480966010214e-02 8.120017432208571917e-02
1.083574538781595896e-02 8.830922788807324397e-02
1.077894910780568746e-02 7.781476141618830222e-02
1.069601350034298827e-02 8.449220258210386747e-02
1.036476578745004241e-02 9.101112013948815804e-02
1.049929261387747177e-02 8.810816691922289390e-02
1.047739764215380349e-02 9.069480893335171712e-02
1.014489477390833651e-02 8.866058582706111413e-02
1.024214489041783312e-02 8.306715198393378741e-02
1.007223365152077298e-02 9.109251147934369075e-02
1.017385035568925920e-02 8.347465816353048795e-02
9.973401072091377800e-03 8.945907200021403771e-02
9.811211579030245863e-03 8.527882995882204997e-02
1.000747285919108796e-02 8.944856308932815081e-02
9.788050495054838665e-03 8.898711989500693309e-02
9.567120764196650542e-03 8.473762044949191552e-02
9.473368764225770580e-03 9.112978806453091163e-02
9.558975186553738540e-03 8.914163961474384779e-02
9.356385219905945932e-03 1.032434552907943726e-01
9.298951966879289918e-03 8.550774997898510921e-02
9.334433887575176170e-03 8.926175414983715528e-02
9.480414556275632704e-03 8.616315214229482156e-02
9.245071504362082151e-03 8.929704821535519588e-02
9.332551265418129877e-03 8.771994537008660775e-02
9.402430161052117638e-03 9.434541966766119003e-02
9.259608864903427425e-03 8.629819338342972768e-02
8.961889767046418362e-03 8.592843410692044270e-02
8.711038338203382775e-03 1.015324310532638025e-01
8.819289910163553153e-03 8.897372042494160194e-02
9.061951645500292488e-03 9.543978196701832784e-02
8.975318870354732220e-03 9.304307481007915992e-02
8.924208167410966480e-03 8.839652407914400101e-02
8.606496133628146680e-03 8.824348369879382592e-02
8.600090205921636852e-03 9.109021417264427656e-02
8.431480140037214341e-03 9.365067152040344733e-02
8.398642514034040593e-03 9.438364127916949731e-02
8.557086266158702922e-03 9.959485594715390688e-02
8.636268099334779014e-03 9.186336797262940890e-02
8.499225400252422361e-03 9.041814998324428088e-02
8.471618796258033671e-03 9.034377097019127834e-02
8.383092329798577311e-03 1.009509071175541256e-01
8.070370495954107964e-03 8.861956399466310030e-02
7.965500388568866677e-03 9.541698651654380303e-02
7.926565110600287609e-03 1.012051257171801139e-01
8.134231290092603164e-03 1.015841241127678346e-01
8.081253463820931363e-03 9.721595807267087441e-02
8.176533162311119124e-03 1.086417187803557921e-01
7.849405181851969518e-03 1.034595100209116936e-01
7.687250878440127569e-03 1.007332002211894367e-01
7.652161692801330399e-03 1.002560622457947109e-01
7.787050478717512034e-03 9.508256361420665270e-02
7.728694270813970570e-03 1.064975946875555135e-01
7.509248720279650645e-03 9.775455934660774726e-02
7.421170910848083092e-03 1.015348398525800083e-01
7.540223430537264238e-03 1.040585003793239594e-01
7.412705367771975536e-03 9.768908391041415673e-02
7.270469338566597391e-03 1.060019127492393826e-01
7.361419833614490926e-03 1.055856940469571542e-01
7.253280272249996823e-03 1.027111086462225292e-01
6.995902097038370418e-03 1.208553463220596313e-01
7.153693016637892484e-03 9.860243049583264363e-02
7.303727502100325168e-03 1.032051059550472688e-01
7.207310210408953040e-03 1.052305228742105581e-01
7.146100017832525235e-03 1.003977200016379356e-01
6.990680595446887961e-03 1.287924036649721049e-01
6.893504920645639536e-03 1.137079452829701520e-01
6.775521269966182716e-03 1.225869982902492855e-01
6.818367105595479066e-03 1.116882090323737670e-01
6.845854630228132010e-03 1.268740969577006050e-01
6.833954234025441110e-03 1.047566708709512379e-01
6.709825735015328974e-03 1.023569149630410291e-01
6.645509695296087163e-03 1.091720693345580723e-01
6.592581325440690157e-03 1.106273209942238711e-01
6.549945055060864448e-03 1.072127380009208347e-01
6.485665813843730955e-03 1.210759770391242884e-01
6.616544199156730414e-03 1.236376959298338268e-01
6.637643038716521671e-03 1.221509815326758813e-01
6.445637334504031833e-03 1.058221885136195611e-01
6.256723702314221161e-03 1.198394330484526538e-01
6.518389392502805732e-03 1.149044622267995502e-01
6.538310722264993775e-03 1.247318466859204389e-01
6.405761513416932500e-03 1.163559188800198652e-01
6.448369994489310149e-03 1.079375967383384705e-01
6.181811521639160416e-03 1.240106632134744119e-01
6.125079012972058611e-03 1.245452934609992124e-01
6.257767963515583308e-03 1.089992775980915402e-01
6.448503485444234684e-03 1.206826229712792825e-01
6.297342344104046516e-03 1.083179688347237490e-01
6.064024758199506974e-03 1.304095730717693136e-01
5.869783676081126791e-03 1.224274651280471277e-01
5.927407247024045304e-03 1.146827100643089820e-01
6.075982095526775463e-03 1.156244456235851620e-01
6.164000581650595952e-03 1.285656916775873848e-01
6.158922475671195843e-03 1.160522087344101477e-01
5.981234389418247852e-03 1.100706484700952198e-01
5.880184858272384692e-03 1.223110498062201928e-01
5.876594101816105635e-03 1.352140661329030991e-01
5.854390249753903437e-03 1.179302739245551013e-01
5.818149300293519975e-03 1.194093049104724552e-01
5.828161024553645680e-03 1.393990074949605085e-01
6.100126171943321546e-03 1.145009574081216480e-01
6.029167722555853030e-03 1.284968746559960462e-01
5.843933539532978998e-03 1.132464046989168499e-01
5.686575855222707893e-03 1.233299249517066098e-01
