6.772441638679038700e-01 5.845921271377139128e-01
5.454972310037147221e-01 4.948020014497969132e-01
4.572486902882413329e-01 4.083275132709079380e-01
3.760234695382234649e-01 3.388186958101060409e-01
3.143176745350768075e-01 2.881272137165069580e-01
2.679901839938105823e-01 2.494545785917176017e-01
2.309360322428912760e-01 2.173260168896781197e-01
1.996906292511195780e-01 1.905484133296542759e-01
1.745240921836073711e-01 1.697570499446657000e-01
1.556592850786883697e-01 1.548973429534170332e-01
1.414319985977760263e-01 1.424351702961656752e-01
1.286682093561422602e-01 1.333939590387874241e-01
1.196389831602573395e-01 1.271775691873497371e-01
1.121270821952238261e-01 1.204079190889994350e-01
1.059407911649564438e-01 1.153547320928838549e-01
1.008704106164414749e-01 1.129555184808042345e-01
9.665549491963736084e-02 1.103048775759008227e-01
9.290649117220466102e-02 1.067725295821825710e-01
8.961000713724188993e-02 1.053911261260509491e-01
8.678752769965951408e-02 1.045912487639321237e-01
8.413102075730155560e-02 1.025180173003011341e-01
8.175229431107276790e-02 9.842989759312735509e-02
7.948846413140617240e-02 9.828626157508955907e-02
7.733593492700559235e-02 9.738398177756203700e-02
7.569690657461561334e-02 9.924239603181679581e-02
7.385530965629874545e-02 9.924978969825638819e-02
7.244801434983567934e-02 9.664908217059241247e-02
7.077870683789980188e-02 9.655979565448230550e-02
6.941117191823517607e-02 9.673298212389151718e-02
6.818080638966909912e-02 9.753184620704916097e-02
6.692230515182018280e-02 9.645215442611111689e-02
6.595175022759088013e-02 9.826524679859478806e-02
6.513982752292621359e-02 9.742250935071045115e-02
6.457485199519773234e-02 1.001266605324215297e-01
6.406224891543388367e-02 9.906999332209427689e-02
6.300134911406331251e-02 1.021374414364496913e-01
6.304333497565693667e-02 1.038515110396676655e-01
6.160338734072155764e-02 1.079838352484835534e-01
6.086802832418825721e-02 1.117845730235179219e-01
6.018095845129431409e-02 1.104864533990621567e-01
5.994661913321512603e-02 1.083809391905864034e-01
5.894697418936142158e-02 1.155911013484001160e-01
5.906188147278820799e-02 1.192998983379867373e-01
5.896153664443551379e-02 1.139556316451893897e-01
5.899497734882482719e-02 1.246836615933312326e-01
5.832382407402846719e-02 1.153697657088438716e-01
5.751394194255515097e-02 1.194070064359241123e-01
5.693404328804917147e-02 1.153176875991953759e-01
5.646399331347244643e-02 1.181600528458754268e-01
5.632296558923837598e-02 1.080360698203245845e-01
5.633186939649465624e-02 1.283541054775317602e-01
5.554686059675565529e-02 1.378157952179511481e-01
5.498634044807858279e-02 1.444784061362346106e-01
5.436084137820616086e-02 1.632556356489658356e-01
5.418868401519408989e-02 1.675459103037913733e-01
5.372140015952470843e-02 1.688462572379244575e-01
5.337792758761746026e-02 1.519422050979402361e-01
5.296641287234861439e-02 1.697162205560339698e-01
5.272853414232774732e-02 1.700047709875636692e-01
5.274973926702287291e-02 1.611818960971302395e-01
5.279552646935349591e-02 1.544057401931948070e-01
5.243692612956937088e-02 1.555852966590060005e-01
5.272364122338774745e-02 1.452510628021425609e-01
5.352176765615983961e-02 1.390136881834930782e-01
5.273821278725091682e-02 1.387627426948812304e-01
5.188921050781884065e-02 1.457177344709634781e-01
5.193757450934953501e-02 1.424473157773415155e-01
5.139896367880993078e-02 1.627078435073296137e-01
5.120424803618977422e-02 1.753122833453946705e-01
5.313680707136305553e-02 1.255934010777208509e-01
5.155088755915441384e-02 1.522863722509807949e-01
5.025911680990603064e-02 1.604011944598621731e-01
4.969859817178874650e-02 1.508497606135076885e-01
4.928080327581704778e-02 1.488186410731739406e-01
4.899777218744885698e-02 1.618545020206106910e-01
4.840690409764647484e-02 1.615862848444117317e-01
4.805324235703886671e-02 1.688281510853105183e-01
4.820697293503255210e-02 1.635910237414969215e-01
4.786792716647430418e-02 1.708742264244291487e-01
4.812383550650826264e-02 1.726291556325223742e-01
4.733846880631839560e-02 1.595942129691441946e-01
4.712818293809527270e-02 1.800453112357192631e-01
4.664226460111577099e-02 1.924158264365461168e-01
4.653365426219818052e-02 2.083420012560155687e-01
4.652229061622808332e-02 2.165141060120529537e-01
4.671937092093796096e-02 2.175525480674372902e-01
4.657678926227296068e-02 2.135971786661280403e-01
4.631355743310073408e-02 2.442133259028196335e-01
4.731943571894633993e-02 1.997454118811421986e-01
4.832388456093102136e-02 2.117304615676403046e-01
4.636902333714249674e-02 2.186652490248282843e-01
4.539772943116542753e-02 2.546803878827227363e-01
4.494619727270995901e-02 2.555490361733568916e-01
4.444779027480541544e-02 2.530822393794854297e-01
4.438242203805867897e-02 2.442567971431546803e-01
4.524092314901148604e-02 2.227803921947876520e-01
4.466801447930132674e-02 2.427718763550122671e-01
4.474692472552017214e-02 1.900330034808980217e-01
4.686536390061785823e-02 2.193290158692333403e-01
4.552434458647195564e-02 2.368932380858394804e-01
4.415414631139577550e-02 2.778961598459217530e-01
4.380828725946385449e-02 2.793782634867562065e-01
4.418004739166396522e-02 2.887889852540360680e-01
4.380278294996881039e-02 2.619330452548133126e-01
4.355961262680044938e-02 2.608121501074897042e-01
4.290545080992870519e-02 2.906141494297319050e-01
4.258681085278711448e-02 3.186067199955384122e-01
4.418812143593663089e-02 2.486064374032947721e-01
4.450217034758591206e-02 2.473919412328137168e-01
4.289071409531482887e-02 2.503082779132657643e-01
4.239609079980632272e-02 2.659946144041087646e-01
4.261214119132335915e-02 2.529651924139923458e-01
4.235869208805081304e-02 2.344422225529948778e-01
4.212130915100981837e-02 2.226552075395981378e-01
4.228660195111864917e-02 2.322729422400394983e-01
4.298591683050844575e-02 2.322382926940917969e-01
4.240804659656998571e-02 2.569233661310540429e-01
4.274133190785239095e-02 2.779661054826444988e-01
4.436935962563971075e-02 2.056534714582893553e-01
4.277252112855998295e-02 2.305612251576450167e-01
4.172474689917957114e-02 2.561820130795240402e-01
4.134031912175620271e-02 2.569571650690502529e-01
4.103050340057873280e-02 2.789607021129793529e-01
4.081599339388492648e-02 2.592462611695130481e-01
4.070394674724921863e-02 2.972044189357095356e-01
4.139883700394775962e-02 2.991434244645966301e-01
4.139319703936940320e-02 2.800799026671383363e-01
4.161384700593061259e-02 2.855488434433937073e-01
4.267514223323726208e-02 2.242004467795292444e-01
4.186135974553663319e-02 2.334873105088869638e-01
4.095543228180670292e-02 2.625438150846295948e-01
4.033196237074529455e-02 2.901392904006772633e-01
4.016723720038809647e-02 2.973059403399626599e-01
4.009395033666273561e-02 2.948403163916534786e-01
4.037098564979869908e-02 2.531360267764992122e-01
4.039357826340853053e-02 2.453872989863157272e-01
4.095224701095281916e-02 2.459881700989272890e-01
4.013894432474199997e-02 2.825097936309046154e-01
4.007938578043405281e-02 2.433398585352632704e-01
4.386033240433146602e-02 2.449386979763706618e-01
4.080746040066204200e-02 2.587133625315295449e-01
3.998005828570302261e-02 2.600137626545296898e-01
3.982510309802686499e-02 2.363030937396817799e-01
4.076125606803632229e-02 2.519694953742954713e-01
4.055588058673027102e-02 2.423551366147067843e-01
3.970284374975940195e-02 2.587680860112110959e-01
3.932296590334394965e-02 2.644385658204555511e-01
3.904969097546687889e-02 2.776063032862212676e-01
3.928669841914642080e-02 3.139720917161967773e-01
3.930351852507489585e-02 2.747963207463423596e-01
3.903737291693687439e-02 2.761536031547520142e-01
3.947139361010092162e-02 2.467290235476361504e-01
4.542707057851480545e-02 9.734440594911575317e-02
4.283637972548604012e-02 1.636252868920564651e-01
3.993445247548019217e-02 1.944996561441156568e-01
3.935750275168840157e-02 2.449472333408064251e-01
3.882605374631721562e-02 2.469659414556291399e-01
3.853105097191363015e-02 2.683101176387733822e-01
3.840859208210575804e-02 2.610232320924599780e-01
3.822098162434086482e-02 2.628076879514588127e-01
3.821651581901966410e-02 2.645402515514029274e-01
3.874062900090726597e-02 2.574565417857633820e-01
3.850845349725426359e-02 2.550036066936122170e-01
3.921325985205972864e-02 2.309584282338619232e-01
3.933831266831697149e-02 2.407909926647941179e-01
3.875690236369647851e-02 2.729341081447071438e-01
3.848166684279354793e-02 2.540189395141270179e-01
3.905231583999788092e-02 2.588925934914085847e-01
3.902253577849123384e-02 2.495789559971955118e-01
3.809363210982665698e-02 2.608350676794846668e-01
3.762180476290423459e-02 2.519727974302238827e-01
3.765943598729080966e-02 2.682791971084144134e-01
3.822639017797461319e-02 3.061696746283107395e-01
4.154974518616388196e-02 1.346983611583709717e-01
4.013427542295397443e-02 2.193837292078468504e-01
3.737455459947629927e-02 2.755660580264197579e-01
3.691979372737611009e-02 3.192881681025028229e-01
3.686106195900498705e-02 3.364528525206778031e-01
3.681071487641552481e-02 3.217430642495552884e-01
3.681951462541047798e-02 3.359505755619870415e-01
3.678194160868481638e-02 3.388651356928878422e-01
3.675795757643333245e-02 3.367389082494709474e-01
3.771153754531973712e-02 2.345091350790527163e-01
4.208579217651631926e-02 2.262285811205705099e-01
3.854370657808896955e-02 2.144158149345053443e-01
3.764363945030221176e-02 2.339839982903665905e-01
3.756818656877773666e-02 2.711549169487423305e-01
3.710597114092329535e-02 3.044667897952927360e-01
3.682377832237540560e-02 3.227443070047431584e-01
3.671900445322801715e-02 3.251243840075201397e-01
3.662765445187687874e-02 3.423272185027599335e-01
3.671579583116420936e-02 3.255631648417975921e-01
3.688561133813203496e-02 2.840356793668534774e-01
3.670643929891833496e-02 2.484719575279288883e-01
3.679857830085405540e-02 2.996314103818601970e-01
3.682229765577287040e-02 2.849332050730784549e-01
3.655399804616846909e-02 2.782242776205142154e-01
3.803148651041272227e-02 2.322343879689773016e-01
3.666383979796636328e-02 2.410403038892481031e-01
3.635246381617900785e-02 2.749521279086669101e-01
