3.865655566588407366e-01 1.245495610766940708e-01
1.009382984214803047e-01 1.002668121622668357e-01
8.633916616076375838e-02 9.260814595553609752e-02
8.008182712081002297e-02 8.523735776543617249e-02
7.668317863490523023e-02 8.041686254243056442e-02
7.336366374227332177e-02 7.689001266327169515e-02
7.118220032170051448e-02 7.436231668624612712e-02
6.870897984268461989e-02 7.407273145185576391e-02
6.642526990120731223e-02 6.975504279964500620e-02
6.395870740184696202e-02 6.758757639262411021e-02
6.143342408283454514e-02 6.451860939462979172e-02
5.865850915178293101e-02 6.374307514892683935e-02
5.663612231657635943e-02 6.351679791178968526e-02
5.485260809158406387e-02 6.353604545195896958e-02
5.349600803470466043e-02 6.192939335273371648e-02
5.212392088979846128e-02 6.135346078210406756e-02
5.087740587570318412e-02 6.072114252795775963e-02
4.969403790537177401e-02 6.031509861350059509e-02
4.870696125052324105e-02 5.981873503575722145e-02
4.762884358898168691e-02 5.979615801738367986e-02
4.663839611429267118e-02 6.063944970568021370e-02
4.567277430352277567e-02 6.251848509742154170e-02
4.498116444887184651e-02 6.316580261207288549e-02
4.379537020151207799e-02 6.344729672289556310e-02
4.273858081503975614e-02 6.562336244516903117e-02
4.166877265201836267e-02 6.661206349316570186e-02
4.056690442489414850e-02 6.675446468094985153e-02
3.939557106165987588e-02 6.966216189579831075e-02
3.837754279829379972e-02 7.087714804543389369e-02
3.752269932046169154e-02 6.850999003897111084e-02
3.684329338053741326e-02 7.213034118629163549e-02
3.607891009348195011e-02 6.989338424884611323e-02
3.545881262639673931e-02 7.131300080153676890e-02
3.461847653635209687e-02 7.055666784031523753e-02
3.392662324874502755e-02 7.133272310925854731e-02
3.369394171892142742e-02 7.120145774549907491e-02
3.279511615202376079e-02 7.054384052753448486e-02
3.242037183514273613e-02 7.635740977194574453e-02
3.288404660572002286e-02 7.177060231980350591e-02
3.264804461562052090e-02 7.536408843265639257e-02
3.217434403259397668e-02 6.993299764063623525e-02
3.385489557801586724e-02 7.196667304055558156e-02
3.423320594039268305e-02 7.148368356542454671e-02
3.621562133066174444e-02 6.040719730986489344e-02
3.473104460437486524e-02 5.597990295953220868e-02
3.218431569772159384e-02 6.694813869479629420e-02
3.070205036641621144e-02 7.278177763024966385e-02
3.000552695040114085e-02 7.755294142083989095e-02
2.935380691367133268e-02 9.176480894287426804e-02
2.897517337100353335e-02 9.942119092577034190e-02
2.869965141729974301e-02 1.049032026073998813e-01
2.840065582450933615e-02 1.013881082956989560e-01
2.807792797457517656e-02 1.057358762870232310e-01
2.829842928160981527e-02 9.211481807546482992e-02
2.823724209262830354e-02 8.372850519501501276e-02
2.862367523470666503e-02 1.101963552128937540e-01
2.816383706451189295e-02 1.044316730565494900e-01
2.765544095621785131e-02 1.217532792232102756e-01
2.728540463963659637e-02 1.270604956274231367e-01
2.764915862893004353e-02 1.282653579902317820e-01
2.718066516695771123e-02 1.314670185868938856e-01
2.679065208336928877e-02 1.497106986741224832e-01
2.680130636251372434e-02 1.460623355168435278e-01
2.619460143898500251e-02 1.544461669400334358e-01
2.619427360775994015e-02 1.498154704976412954e-01
2.635445023273549556e-02 1.157555945941971393e-01
2.701545570886171310e-02 1.186958798724744024e-01
3.212283276839227042e-02 7.739820615905854129e-02
2.656609976732331180e-02 1.018025552233060155e-01
2.607326389562974675e-02 1.101319517215920835e-01
2.538792752070216305e-02 1.170062319272094364e-01
2.470022807374778334e-02 1.155621989423202128e-01
2.439408414292989699e-02 1.188826091691023712e-01
2.402043209138621585e-02 1.305309510272410212e-01
2.384362933680233415e-02 1.135079091311329003e-01
2.397605212314463108e-02 1.230597891844809055e-01
2.406229282070587380e-02 1.343973884876403513e-01
2.405791809191791183e-02 1.197554473765194416e-01
2.388352791142718187e-02 1.001654380622009483e-01
2.350759150732944711e-02 1.135673814763625417e-01
2.321286317210917091e-02 1.234390704582134929e-01
2.330526089432035861e-02 1.245827838364574613e-01
2.353192598377240943e-02 1.567077531168858118e-01
2.386841151817906126e-02 1.497724112123250961e-01
2.350598922930657864e-02 1.512192620171440849e-01
2.398639969618582279e-02 1.253620202963550978e-01
2.342135540959311771e-02 1.393721131607890129e-01
2.277910253373769886e-02 1.294596490657163868e-01
2.250047088259967201e-02 1.328350628415743417e-01
2.259942886374163851e-02 1.374455583281815052e-01
2.223977606130264281e-02 1.457824685300389833e-01
2.161072186058069292e-02 1.375836163966192016e-01
2.141391099203468831e-02 1.282746363431215286e-01
2.208927410041413783e-02 1.280075882871945792e-01
2.186048118874612395e-02 1.388255943440728779e-01
2.181268486239743010e-02 1.565074259415268898e-01
2.268441935728599326e-02 1.607464420505695935e-01
2.291458171633322174e-02 1.125108427885505857e-01
2.963639446534216404e-02 6.719272128409808920e-02
2.418164079781712564e-02 1.035188446856207256e-01
2.226433614496050803e-02 1.061726297355360393e-01
2.147743620387301128e-02 1.161755478630463329e-01
2.086173783329020245e-02 1.292243270824352808e-01
2.047253736839970556e-02 1.240572292461163406e-01
2.005789700395813752e-02 1.328486549771494274e-01
1.971390452122361026e-02 1.288197286323540802e-01
1.970921620363142585e-02 1.339053619756466751e-01
1.996522272437265683e-02 1.334915322562058859e-01
2.129346450858908557e-02 1.434189332649111748e-01
2.033775010168915875e-02 1.628281933565934592e-01
1.968872439820410283e-02 1.751717941628562203e-01
1.945316142448019758e-02 1.907717705600791569e-01
1.940962012357464600e-02 1.592167810433440800e-01
1.942605250969347414e-02 1.353651108220219612e-01
1.932693408552284622e-02 1.684060851112008095e-01
1.950269145323190595e-02 1.816360887346996078e-01
1.967783388113829995e-02 1.880440297019150553e-01
2.059269246145537663e-02 1.524266266367501621e-01
1.971533686694939072e-02 1.396163246697849636e-01
1.944655421894134553e-02 1.244088381321893783e-01
1.922262079514017868e-02 1.242534603095716839e-01
1.916370663519312637e-02 1.156970091267592315e-01
1.953295392847460843e-02 1.344920984572834377e-01
1.922440672543172455e-02 1.386934973092542878e-01
1.962027327929873402e-02 1.518114813499980564e-01
1.960504910249899133e-02 1.341743384384446736e-01
1.976345443711956945e-02 1.162026872237523351e-01
1.950396915397992897e-02 1.023521030114756675e-01
2.020388466260600313e-02 9.405882780750592087e-02
1.933985323327161790e-02 8.871352869189447210e-02
1.886768381270330017e-02 9.921815918965472270e-02
1.844417905185099030e-02 1.069572922877139454e-01
1.808343240536931101e-02 1.213940276453892436e-01
1.799325682449995009e-02 1.271487138130598660e-01
1.790765577518358548e-02 1.389793374886115485e-01
1.777705424124511116e-02 1.598743200302124023e-01
1.820989276520998748e-02 1.485698841926124392e-01
1.876444216227022774e-02 1.533777374360296430e-01
1.822073941357524665e-02 1.517128260392281713e-01
1.816168346828440222e-02 1.246567654112974849e-01
1.849772906635047467e-02 1.360479681235220728e-01
1.859719052956235186e-02 1.175591443768805866e-01
1.874556220647674576e-02 1.129522760812607107e-01
1.916819152694831593e-02 1.133683439758088884e-01
1.875335497145609251e-02 1.262043768333064309e-01
1.872161729261279106e-02 1.349592150913344613e-01
1.856289120538659812e-02 9.986295582105715607e-02
1.810462880743349615e-02 9.745172390507327032e-02
1.728011012963223680e-02 1.143503772715727534e-01
1.757033831985076872e-02 1.391400310935245743e-01
1.700667682580831591e-02 1.689603693990243682e-01
1.639552977469908857e-02 1.834222333919670878e-01
1.632239081238101228e-02 1.810303687428434782e-01
1.603991818534800801e-02 1.848712619394063950e-01
1.612793988116630745e-02 1.713701644912362099e-01
1.654381075839898158e-02 1.730348914861679077e-01
1.667579338124884972e-02 1.572010860674911137e-01
1.683185674624926298e-02 1.241454464486903553e-01
1.668341167657295260e-02 1.329258026348220101e-01
1.750492214270663038e-02 1.240591815569334622e-01
1.632896841435534097e-02 1.703758631936377888e-01
1.584250196848609876e-02 1.509818724460071926e-01
1.558216442013295698e-02 1.702912532620959873e-01
1.566846250192966555e-02 1.332511320296261015e-01
1.573164446177188064e-02 1.650355816301372347e-01
1.555145201386838420e-02 1.659742811073859625e-01
1.552323253098420938e-02 1.543279792078667279e-01
1.584645165357647864e-02 1.747959792200061979e-01
1.706946726104744197e-02 1.168113484357794080e-01
2.162232547544124667e-02 7.802945675535334635e-02
1.923346813631857458e-02 1.045330523823698315e-01
1.609624904955214708e-02 1.327424615932007723e-01
1.527996401575098737e-02 1.408318069039119491e-01
1.490648452578703133e-02 1.532816653036409016e-01
1.466584172974363248e-02 1.565352622419595718e-01
1.443768629985974980e-02 1.675233799550268354e-01
1.444395002057185205e-02 1.580296962832411223e-01
1.572348150458732080e-02 1.455531033376852579e-01
1.585079645510853799e-02 1.461589803091353779e-01
1.503319753810945097e-02 1.796114459219906034e-01
1.482602541914164289e-02 1.687543647777703104e-01
1.454956213682435592e-02 1.809833528887894449e-01
1.454907961519117006e-02 1.460469344423876992e-01
1.465497437648747778e-02 1.405951447991861114e-01
1.497764473996783877e-02 1.375322753770483741e-01
1.483115926384925842e-02 1.575949533532063074e-01
1.500316378206196372e-02 1.490600927629404659e-01
1.500381499517527278e-02 1.593221260441674003e-01
1.493814731550561874e-02 1.523283105343580246e-01
1.544311717322959486e-02 1.027240740756193843e-01
1.631857669435259756e-02 1.440064220999678068e-01
1.517682828906378317e-02 1.566444992398222380e-01
1.494157135418457301e-02 1.624865634366869926e-01
1.461428809888297431e-02 1.729271584707829656e-01
1.448659016182873328e-02 1.469553931512766476e-01
1.471128110864722109e-02 1.462781283383568220e-01
1.473015614660320473e-02 1.607161828627189093e-01
1.481953327453172826e-02 1.545200843570960769e-01
1.476389444262788710e-02 1.204025767122705731e-01
1.424853393535424964e-02 1.138038672506809235e-01
