4.739404084478936463e-01 2.329115834501054583e-01
1.281633472024667486e-01 1.149713351494736080e-01
9.960495392087756472e-02 1.033978834748268127e-01
9.019844554273820370e-02 9.781342765523327876e-02
8.412538836823731103e-02 9.037922115789519262e-02
8.005648958156021122e-02 8.646133148835764837e-02
7.686437750462352114e-02 8.395152042309443619e-02
7.451290328328202817e-02 8.173932010928790237e-02
7.274252425016063117e-02 8.058218906323115494e-02
7.137157710087371765e-02 7.928775871793429519e-02
7.016811496010277871e-02 7.842523087229993917e-02
6.916412771338732723e-02 7.745859606398476649e-02
6.815860819116961733e-02 7.661295475231276464e-02
6.720113912142994250e-02 7.626159323586358119e-02
6.627097349931918013e-02 7.584558675686518814e-02
6.540375298297987361e-02 7.510231828524006892e-02
6.447406267610991670e-02 7.464175754123264506e-02
6.351448082160658648e-02 7.453624904155731201e-02
6.255578342825174332e-02 7.470240816473960876e-02
6.140576057681223360e-02 7.490570988092157267e-02
5.936750032507428360e-02 7.555646511415640976e-02
5.489395482738206739e-02 7.669269748859935953e-02
5.153994564330432321e-02 7.750573878486950730e-02
5.065838733642566427e-02 7.433071898089514684e-02
4.755175396482028832e-02 7.602109935962492182e-02
4.546033008387539293e-02 8.287384133372041606e-02
4.415733685217252541e-02 8.234078168041175649e-02
4.223080822153062186e-02 8.443507262402111246e-02
4.090011319736155254e-02 7.948061223659250163e-02
4.134106715550509709e-02 6.745127453986141108e-02
4.052088281321453156e-02 8.477017718056838180e-02
3.849937948511868158e-02 9.015640357716216136e-02
3.715632256211304218e-02 9.371401752448743627e-02
3.604249268338629436e-02 1.025519884294933681e-01
3.530892194248735905e-02 1.044435265163580623e-01
3.463448119554214666e-02 1.037389816095431599e-01
3.436813895908615718e-02 1.089152342950304303e-01
3.410609719547920415e-02 1.029488623349203019e-01
3.494057191036096383e-02 1.082424013358023462e-01
3.438803572321265378e-02 1.193836769089102745e-01
3.398566488630887922e-02 1.269196254304713611e-01
3.382109620085940044e-02 1.134985389394892602e-01
3.520597506132794319e-02 8.724533538851472758e-02
3.555633268523507307e-02 1.232806800140274911e-01
3.343457163016243933e-02 1.235515870567825136e-01
3.291210637814024481e-02 1.288670250732037725e-01
3.191267957388446014e-02 1.293408563360571861e-01
3.114460926025924142e-02 1.275136504943172044e-01
3.035510642022439670e-02 1.300638054187099046e-01
2.994117199829438719e-02 1.348960773191518192e-01
2.963816490387771035e-02 1.364989758779605322e-01
2.933096907260577743e-02 1.347317074735959463e-01
2.892162672970898310e-02 1.356720847802029839e-01
2.888015856421211752e-02 1.116716381576326189e-01
3.267742953513089882e-02 1.321211906356943855e-01
2.956325584659125899e-02 1.292636666653884658e-01
2.884511843255561925e-02 1.229104975031481833e-01
2.859889823239205806e-02 1.255925553333428202e-01
2.895923021885498175e-02 1.241880598374539013e-01
2.857401944901339849e-02 1.316424329868621235e-01
2.808399578533703200e-02 1.289168542457951316e-01
2.806591071620038319e-02 1.383571616477436428e-01
2.853809687218106239e-02 1.292993241093224888e-01
2.873840709444044558e-02 1.104717556801107226e-01
2.920261275863683670e-02 1.153862599490417390e-01
2.873999825905917613e-02 1.161298575914568310e-01
2.824838202242262522e-02 1.077504089723030772e-01
2.770120946395142683e-02 1.128607700682348614e-01
2.723274395301392842e-02 1.294278433132502737e-01
2.688553672079451243e-02 1.373209940890471048e-01
2.653982440895605310e-02 1.342459000233146849e-01
2.650869164116135407e-02 1.433309309391511688e-01
2.830367421776783243e-02 1.075687625755866322e-01
3.031551842464179358e-02 1.113240130038724990e-01
3.132474586004164313e-02 1.143849120578832035e-01
2.787665426503957780e-02 1.254466095318396979e-01
2.625567504636398125e-02 1.405835124767488842e-01
2.554959391539053312e-02 1.343741613543695812e-01
2.524201098329773713e-02 1.607297881402903195e-01
2.484493044477592213e-02 1.834180214338832493e-01
2.458029826989442668e-02 1.875905227950877552e-01
2.442614772220755640e-02 1.852650057731403122e-01
2.464756936334618759e-02 2.065116292279627619e-01
2.529780727402284463e-02 1.945915376353594961e-01
2.527078503470231788e-02 2.170945623268683844e-01
2.492752574134345436e-02 2.179681839835312662e-01
2.467310469506717174e-02 2.200837019417020979e-01
2.468014815708667598e-02 1.991234613168570700e-01
2.420625204174983724e-02 2.219785462237066631e-01
2.359423542781392130e-02 1.990288772309819765e-01
2.391638287070502536e-02 1.991567598241898718e-01
2.370012443081089687e-02 1.739766300759381656e-01
2.434242080624510543e-02 1.757694833601514406e-01
2.930030065997526328e-02 8.325101435184478760e-02
2.844092809799604257e-02 1.241088141169812975e-01
2.493699920568160852e-02 1.264428065882788887e-01
2.424300691998768076e-02 1.310530430119898615e-01
2.324779629253032748e-02 1.543619731027219000e-01
2.250123403898281194e-02 1.770515646785497665e-01
2.189095228592433454e-02 1.965712636916173706e-01
2.158441980051376344e-02 1.999623976233932676e-01
2.136513101300451661e-02 2.161096397580372086e-01
2.103632471592324638e-02 2.182781855679220562e-01
2.089594855404845047e-02 2.255396174473894844e-01
2.109302529815311814e-02 2.270251733975278130e-01
2.240903356407837263e-02 1.630932632833719254e-01
2.470757424967681345e-02 1.770575024808446474e-01
2.255191037817517313e-02 1.507156396077738991e-01
2.120490844088901775e-02 1.544695452062619934e-01
2.116497397059347724e-02 1.265968751783172197e-01
2.101450407786703556e-02 1.471525543472833042e-01
2.070842296589256795e-02 1.338532747079928809e-01
2.063326495018128967e-02 1.334517271154456730e-01
2.065922495931750424e-02 1.241422686725854874e-01
2.049546934686964639e-02 1.223716959357261658e-01
2.078298820046390119e-02 1.226369008007976713e-01
2.081658822915902901e-02 1.288924699442254296e-01
2.120193264379006959e-02 1.500090141263273058e-01
2.122595564961978626e-02 1.565608767171700888e-01
2.088561882946367645e-02 1.769738844078448115e-01
2.507556617691567707e-02 1.224521449249651728e-01
2.261812105865740330e-02 1.695689635558260688e-01
2.080308390417840575e-02 1.927715337110890159e-01
2.054656988077956103e-02 1.909396620467305183e-01
2.014201158294227217e-02 1.764211489094628105e-01
2.000237038222755018e-02 1.681330179174741202e-01
1.984796050095521958e-02 1.762091376715236302e-01
1.947318523463497861e-02 1.783665714578496209e-01
1.917562380478513018e-02 1.680464667992459527e-01
1.890313439922997746e-02 1.852733936781684465e-01
1.882344120886267694e-02 1.858268354295028457e-01
1.878350310413757357e-02 2.239027156804998808e-01
1.935643247589923302e-02 1.981952102440926733e-01
1.931359814820675022e-02 2.432479490008619127e-01
1.953717909480740325e-02 2.429581965423292522e-01
1.948203543405525526e-02 2.270860679240690461e-01
2.030182337365681045e-02 1.364141271139184541e-01
2.228656647408880712e-02 1.161026328595148177e-01
1.976492184941179911e-02 1.681831706729200182e-01
1.810157929104184993e-02 1.777129021162787981e-01
1.753479794871698125e-02 1.908460650593042374e-01
1.732798696995326709e-02 1.913992163414756364e-01
1.727933014129720210e-02 2.035521179851558504e-01
1.755311629428278272e-02 1.664365156450205441e-01
1.949763054982191213e-02 1.725260350439283552e-01
1.785879070507135485e-02 1.635484778218799229e-01
1.759891902528157998e-02 1.600243976960579462e-01
1.743904730907027897e-02 1.570929895258612041e-01
1.776678530533411932e-02 1.415752622609337263e-01
1.884749275064322854e-02 1.446306308110555106e-01
2.243502463055093224e-02 1.087431950080725851e-01
2.038487531358330884e-02 1.545179795680774459e-01
1.844108575478014406e-02 1.546478639874193373e-01
1.781723710208586026e-02 1.511203910017179242e-01
1.744685357538756226e-02 1.516353730629715624e-01
1.722409436763150739e-02 1.564529838764833203e-01
1.709635159364197160e-02 1.623420324176549911e-01
1.702949943066370264e-02 1.693792545961009255e-01
1.717927083429857810e-02 1.782975468991531143e-01
1.787819606024862798e-02 1.856804991968803997e-01
1.835905776995165953e-02 2.014856259855959120e-01
1.869296544038395388e-02 1.983316066778368358e-01
1.963639755665165521e-02 1.668746411386463346e-01
2.022497814784689554e-02 1.659987576098905793e-01
1.753020118751631370e-02 1.887868494830197696e-01
1.676692213102175602e-02 1.984792006098561878e-01
1.650393271546174781e-02 2.039162304459346542e-01
1.626257356199458520e-02 2.001564305068718186e-01
1.612178077523755693e-02 2.038010300861464730e-01
1.614224027683277066e-02 1.934895371604296865e-01
1.636812622692981195e-02 2.035536967838803835e-01
1.648831775798121485e-02 1.764820786193013191e-01
1.688996223142234451e-02 1.913012120251854353e-01
1.704442169426417797e-02 1.760521089244219961e-01
1.721473805969808007e-02 1.808730544936325846e-01
1.711214894269843037e-02 1.786707061239414807e-01
1.731321064289659262e-02 1.544374995347526369e-01
1.753688781669862987e-02 1.619376769910255975e-01
1.778470700402267138e-02 1.498526177472538357e-01
1.752814803863080376e-02 1.318903772367371330e-01
1.714951271566039770e-02 1.274286948351396331e-01
1.666328900709475661e-02 1.354144031388891944e-01
1.644467149588574664e-02 1.687838891521096230e-01
1.642941834586785985e-02 1.585022404582964173e-01
1.650014192024927204e-02 1.653805225052767391e-01
1.648772454525275835e-02 1.698567615821957588e-01
1.661668974826702866e-02 1.740334692100683756e-01
1.669958154046226675e-02 2.234981798877318793e-01
1.790737724442761913e-02 1.170723665919568834e-01
2.058440996561108557e-02 1.375552188191148939e-01
1.636854127310670773e-02 1.638109757461481686e-01
1.544298353411893351e-02 1.843657751257220812e-01
1.497358295544073264e-02 1.955301838202608833e-01
1.476891381416197205e-02 2.151321544208460446e-01
1.460616594952780962e-02 2.269213218241930008e-01
1.467554554877030341e-02 2.200579035820232621e-01
1.478632166697757197e-02 2.140188740773333320e-01
1.522790224336814657e-02 1.937416678087579003e-01
1.583718536592020401e-02 1.769369664705461864e-01
1.606881109395677867e-02 1.878335499722096624e-01
