5.746124059688754171e-01 3.177652607361475812e-01
1.505775027340505168e-01 1.228421185579564867e-01
1.055716328413748156e-01 1.034531686455011368e-01
9.100916391102278902e-02 9.182510152459144592e-02
8.261548682320409009e-02 8.572510774764749431e-02
7.801213397122011561e-02 8.229509678979714249e-02
7.510603555455440394e-02 7.996415160596370697e-02
7.296589986852757004e-02 7.833378803398874379e-02
7.091335818262362034e-02 7.574476301670074463e-02
6.678868414516128671e-02 7.085054429868857528e-02
6.146667453619401866e-02 7.041470168365372706e-02
5.844246496151133535e-02 6.966452466117011022e-02
5.638799609661829249e-02 7.005920519845353078e-02
5.449598747101135066e-02 6.985426839027139567e-02
5.277998095787152927e-02 6.976488708621925161e-02
5.136514878718227706e-02 7.120564300566911697e-02
5.031376539888542110e-02 7.208481079174412776e-02
4.915443058239250818e-02 7.348213303420278453e-02
4.791096931823143196e-02 7.498605031934049703e-02
4.682317429517463686e-02 7.511363561368650243e-02
4.589289415445996223e-02 7.650610742469628189e-02
4.492237000930600355e-02 7.625437351978486822e-02
4.403728495420115852e-02 7.802077858812278555e-02
4.303410424419292640e-02 8.226169676830370758e-02
4.221141822181823794e-02 8.253126281003157760e-02
4.162516118958592415e-02 8.492972722484005976e-02
4.104894953893452325e-02 8.641897090193298436e-02
4.031487403255773483e-02 9.005696905983819056e-02
4.021898323170295525e-02 8.814926300611761190e-02
4.231872409582138062e-02 9.030384177135096502e-02
4.048464144012186433e-02 9.265199469195471715e-02
4.029091477121522075e-02 8.588053327467706777e-02
4.021789909272295571e-02 1.062527646621068272e-01
3.935779424429666773e-02 1.225143939049707503e-01
3.888705356909734345e-02 1.222580367078383717e-01
3.901224127947920672e-02 1.239548351408706756e-01
3.860827323003876432e-02 1.391607260124551049e-01
3.824234490350979232e-02 1.290306590704454193e-01
3.787443893620880825e-02 1.303689148690965471e-01
3.703621292214204913e-02 1.217815485886401539e-01
3.656760077332941311e-02 1.275812072886360893e-01
3.601636510433220417e-02 1.225158673607640858e-01
3.511492114105239232e-02 1.326942677713102703e-01
3.456906434830005898e-02 1.238677319553163347e-01
3.402329579268286580e-02 1.558725987043645678e-01
3.355376221375858115e-02 1.291112254063288278e-01
3.343632599202597810e-02 1.523733923418654213e-01
3.320844136973524763e-02 1.396640648858414879e-01
3.287104124816634526e-02 1.486002299934625626e-01
3.325376187723765725e-02 1.342409254155225162e-01
3.487099792308560181e-02 1.329239802435040474e-01
3.466646216537167674e-02 1.275475778513484593e-01
3.322530825190791320e-02 1.283073339404331437e-01
3.322907308934301696e-02 1.536702381239997139e-01
3.288937116995817311e-02 1.459230683330032530e-01
3.311350068259166779e-02 1.733210752200749216e-01
3.278714605811529348e-02 1.401154842848578996e-01
3.281181145504843966e-02 1.319971897949775153e-01
3.295675777580316795e-02 1.462667811041077071e-01
3.300120305587968955e-02 1.335810410479704446e-01
3.299699295539318400e-02 1.514510111883282661e-01
3.210223708074630422e-02 1.667285115561551456e-01
3.294814329753380233e-02 1.536900420776671772e-01
3.715335607256104594e-02 1.065099662583735285e-01
3.437100669437247180e-02 1.419765052075187273e-01
3.276389185907092189e-02 1.289319192162818317e-01
3.272743820121920555e-02 1.235614733563529105e-01
3.202872596703833230e-02 1.413796503717700548e-01
3.116063808272706223e-02 1.675991635355684461e-01
3.062524104195578703e-02 1.774860134141312829e-01
3.013004419939002004e-02 2.132517817533678417e-01
2.981865952336570230e-02 2.242452596417731647e-01
2.951956134312218316e-02 2.578143192869093436e-01
2.962492370591839758e-02 2.378001289649142036e-01
2.972643543034791946e-02 2.578032989468839187e-01
2.969622982257023175e-02 2.296712312640415421e-01
3.005932978490685401e-02 1.785298568300074940e-01
3.047264453659697184e-02 1.773968242729703493e-01
2.969673009612029679e-02 1.784964882665210362e-01
2.915758179591559918e-02 1.895036879512998762e-01
2.949658874990191554e-02 2.526780476586686364e-01
2.947160866247807917e-02 2.055893535208370981e-01
2.905097357338158257e-02 2.114354945305320921e-01
2.894285813587285996e-02 1.968893808209233875e-01
2.954870429480584496e-02 1.705536300109492531e-01
3.161071180138827486e-02 1.009647340203325000e-01
3.034360357560217381e-02 1.253066589641902151e-01
2.830084343440830708e-02 1.728616646594471340e-01
2.752739799254369513e-02 2.069336259737610817e-01
2.735782791178946113e-02 2.302476971720655852e-01
2.768538887158217970e-02 1.817485945713188944e-01
2.750610567561191655e-02 1.860331863992744084e-01
2.717586498275944423e-02 1.717344103381037712e-01
2.847613604943744978e-02 2.196424636575910749e-01
2.730111215581617831e-02 2.310884026810526848e-01
2.692916161357992999e-02 2.204892815401156836e-01
2.699924678905162717e-02 2.450893708608216648e-01
2.868394851798146405e-02 1.670038007820645876e-01
2.863253805809086450e-02 2.044976271895898590e-01
2.733381792176060518e-02 1.994203871323002586e-01
2.747823698900458272e-02 1.767337093543675242e-01
2.820450479800744661e-02 1.338793315614263124e-01
2.841617612213623301e-02 1.853752331808209419e-01
3.235784382559359074e-02 1.433623748727970715e-01
2.831358669280278906e-02 1.797198708065682049e-01
2.747023679747632313e-02 1.878460369383295470e-01
2.736416648187470213e-02 1.705572199490335283e-01
2.708701880807738369e-02 1.761789547486437568e-01
2.649086047100221095e-02 2.001134758401248159e-01
2.617837877080934905e-02 2.049087005563908215e-01
2.616497518767307504e-02 1.788934167060587110e-01
2.699955916827226701e-02 1.976406138597263107e-01
2.615395112803614586e-02 2.287988088404138975e-01
2.678109825270750047e-02 1.652847162137428827e-01
2.713591622461269601e-02 1.924464205900827951e-01
3.493563490692616624e-02 1.030056411400437355e-01
2.679901200392079130e-02 1.559243833439217797e-01
2.522794043122813384e-02 1.965840872791078386e-01
2.471048755730252330e-02 2.295149555429816246e-01
2.474706504130508994e-02 2.107480659873949280e-01
2.426386558132745744e-02 2.151894316905074711e-01
2.424146201484268792e-02 1.687616925272676649e-01
2.871296732550169054e-02 2.052280972194340525e-01
2.524225232645687517e-02 1.978663497914870673e-01
2.423676377639356200e-02 2.388115328633123036e-01
2.400629236590026347e-02 2.216482389097412520e-01
2.569637281774747595e-02 1.493141397626863709e-01
2.690935675509092267e-02 2.024075022588173456e-01
2.455823405691218153e-02 2.092522603149215288e-01
2.376885938162847170e-02 2.046599709946248236e-01
2.324167932042988174e-02 2.320217024534940720e-01
2.313921748796795783e-02 2.456129192271166439e-01
2.322595498365600045e-02 2.515104030155473347e-01
2.396303656079420280e-02 2.588605608584152451e-01
2.550121173035444291e-02 1.958877845770782833e-01
2.587815478625820828e-02 2.285362446887625465e-01
2.339323847441047988e-02 2.273321917487515220e-01
2.293452932272197278e-02 2.451012325990531149e-01
2.272115295707452520e-02 2.138250540528032484e-01
2.271400039970147833e-02 1.962972155047787437e-01
2.309051607508303197e-02 1.677630424706472168e-01
2.438375695676701926e-02 2.344932337808940115e-01
2.282676505629064115e-02 2.240745459372798509e-01
2.955160233782740467e-02 1.278184765122002964e-01
2.440747809482783637e-02 1.951764769231279784e-01
2.307980496822515520e-02 2.034373673506909008e-01
2.252722796756865056e-02 2.224784443775812692e-01
2.258450762232447687e-02 2.363253534874982242e-01
2.297541815446825855e-02 2.585142440059118862e-01
2.290600104393755373e-02 2.705154694202873689e-01
2.231743959596425853e-02 3.090109797194600105e-01
2.258357361935806051e-02 2.675464744162228126e-01
2.261725283886601226e-02 2.746623987331986427e-01
2.241704973573909951e-02 2.588482963749104138e-01
2.215558082069747289e-02 2.312208423390984535e-01
2.235749921557016531e-02 2.241570259340935345e-01
2.164943880265260759e-02 2.069127424102690516e-01
2.202804137316600672e-02 1.721150460135605631e-01
2.253089293201522222e-02 2.308848376075426645e-01
2.141538559936168734e-02 2.339642791905336972e-01
2.102748703540916267e-02 2.667280701506469232e-01
2.197804870424656040e-02 2.083692987345986958e-01
2.177255951640446122e-02 1.897066250029537382e-01
2.150176395662128925e-02 2.635255281089080581e-01
2.077137154140850511e-02 2.676599839081366672e-01
2.089088374362668005e-02 2.273186359347568741e-01
2.112995434507000669e-02 2.020578087410992985e-01
2.132675478734621238e-02 1.796459662210610209e-01
2.227641000957569090e-02 1.519523713116844588e-01
2.389853360222243817e-02 2.412807421965731391e-01
2.194603470653840732e-02 2.811530303830901967e-01
2.091519700408708826e-02 2.492140520157085648e-01
2.058248362140503024e-02 2.278422971980439415e-01
1.999028694316199589e-02 2.261107727471325102e-01
1.981057203942682837e-02 2.492321544430322056e-01
1.949573496197600300e-02 2.610964030027389526e-01
1.973582166190281789e-02 2.793025478927625427e-01
2.058121855029972427e-02 2.497929089392224855e-01
2.124932896141417185e-02 2.160284725121325855e-01
2.306018793024122715e-02 1.678150593199663754e-01
2.671682995903055732e-02 1.584866130724549294e-01
3.036960610756423568e-02 1.661388198327687082e-01
2.746183082756654611e-02 1.621245649746722584e-01
2.117718370040742523e-02 1.905372342508700190e-01
1.977721641476197847e-02 2.145217902337511473e-01
1.911864180697082916e-02 2.442207016671697206e-01
1.868289832605003753e-02 2.709374008700251579e-01
1.836815784208294805e-02 2.914354649061958180e-01
1.811954509977978245e-02 3.088062403516637078e-01
1.792504116268147166e-02 3.236609231680631638e-01
1.782662551509352558e-02 3.241255786269903183e-01
1.800178610379012459e-02 3.272702491117848167e-01
1.841301288705591774e-02 2.837818577471706849e-01
1.885836054684549012e-02 2.836071687440077649e-01
1.925200046460348591e-02 3.102460574979583607e-01
1.983746118764052185e-02 2.600501231435272675e-01
1.990791319347009342e-02 2.074010861623618307e-01
2.007486781945860832e-02 1.708048117450541858e-01
2.102631055068497276e-02 2.365226365832818756e-01
2.160533531228216522e-02 2.658464722335338593e-01
