1.967513882499631606e-01 9.200068430176802647e-02
8.176747600304051788e-02 8.247265538999012935e-02
7.718884405524779890e-02 7.934523639934402961e-02
7.449027863774626557e-02 7.645815078701291567e-02
7.064439268184027898e-02 7.174526820225375634e-02
6.721177592962271352e-02 6.613915333790439111e-02
6.401864752738870012e-02 6.582856630640369910e-02
6.185724157174782994e-02 6.932274970625128263e-02
5.958006836451767291e-02 6.493384124977248650e-02
5.760791419916564543e-02 6.170938270432608369e-02
5.613452533171290476e-02 5.996972428900854829e-02
5.446110089265164544e-02 5.889572815171310177e-02
5.286508415260219446e-02 5.797626823186874390e-02
5.130520473522622027e-02 5.735245200672319660e-02
4.964815176901452021e-02 5.650370900652238598e-02
4.790968402466248832e-02 5.753350311091968289e-02
4.614190933560686353e-02 5.867076159587928524e-02
4.461273727550481988e-02 6.113935168832540512e-02
4.441535380846332870e-02 6.205316060887915847e-02
4.208324872195676192e-02 6.430439105523484689e-02
4.041067987868916800e-02 6.325431820005178452e-02
3.885838605042192528e-02 6.937907077372074127e-02
3.747393873692046740e-02 6.760719072605882174e-02
3.620051351026631892e-02 6.944947343851838595e-02
3.488515200331762656e-02 6.664686663342374306e-02
3.393239607214040832e-02 6.498841169689383024e-02
3.296545200005528142e-02 6.960845379424947243e-02
3.243135542392597964e-02 6.419715950531619530e-02
3.207468198074604759e-02 6.423038922782454974e-02
3.145707071027053353e-02 7.094346958079508769e-02
3.028188065287568467e-02 6.506929453462362289e-02
2.942205953045881270e-02 7.397212354200226325e-02
2.888325736802514754e-02 7.349572024707283491e-02
2.934058951186237912e-02 6.052008031734398136e-02
2.959413387829304756e-02 6.477810442447662354e-02
2.762828055780292349e-02 7.511595011289630419e-02
2.670561796791541195e-02 6.882646094475473875e-02
2.626362219425140004e-02 7.334703898855618465e-02
2.562572450343785641e-02 8.607928933841842156e-02
2.492012091707216520e-02 8.086249684648853797e-02
2.440625074918248774e-02 8.558648106242928988e-02
2.397991024883508460e-02 9.265033448381083947e-02
2.358380345616578264e-02 9.257877751120499599e-02
2.317284813865886153e-02 1.063251426177365400e-01
2.280521892160842362e-02 1.044339202344417572e-01
2.230017312935420395e-02 8.702847175300121307e-02
2.279850507953337310e-02 8.679441096527236443e-02
2.190375943540684087e-02 9.671773069671221745e-02
2.118471045313136819e-02 7.977238031370299798e-02
2.064890800587211930e-02 9.179815796336956990e-02
2.032959014676245096e-02 1.027414734874452923e-01
2.032547914062715275e-02 9.793073989983115679e-02
2.009214663052088720e-02 1.010650224717599965e-01
1.975762757467150466e-02 8.962419841970716006e-02
1.945149588642553287e-02 1.400302907984171674e-01
1.918314443693296817e-02 1.018390784572277691e-01
1.918540618290925232e-02 1.279071029275655746e-01
1.941833176949460740e-02 8.884652171816144473e-02
1.847795778234112216e-02 1.269617812441928006e-01
1.820854230096475082e-02 8.418945808495793826e-02
1.863018575074550445e-02 1.265940837828176402e-01
1.776020957983010309e-02 1.254217751058084585e-01
1.722220568834537807e-02 1.370528573170304298e-01
1.693125489206674314e-02 9.838555700012616145e-02
1.667683036759540216e-02 1.489992049921836093e-01
1.671380396943450766e-02 9.023837545620543021e-02
1.641009703494741498e-02 9.369592435125793928e-02
1.674114619977661381e-02 1.527072707457201861e-01
1.636818553725745418e-02 1.143253244725721263e-01
1.603890477798856906e-02 1.385866826666252993e-01
1.593115942766113943e-02 1.283441392172660067e-01
1.565509555110197737e-02 1.544702327144997500e-01
1.535219927540137572e-02 1.421774221318108655e-01
1.493602858750992315e-02 1.228647394371884249e-01
1.485796216071494716e-02 1.259055905310171031e-01
1.474570356921980213e-02 1.222110973404986478e-01
1.453110754664521664e-02 1.082443324849009514e-01
1.468053558658409356e-02 1.226921185318912838e-01
1.439463890537375640e-02 1.446001195747937396e-01
1.448003084459785483e-02 1.025693093293479491e-01
1.446207223454534611e-02 1.491324739264590360e-01
1.407822032689139136e-02 1.608620456286839195e-01
1.396691009687769762e-02 1.617233477798955821e-01
1.378089228126641759e-02 9.565539884247950542e-02
1.369530025390087655e-02 1.150319153176886655e-01
1.341500073197364300e-02 1.103411021509340811e-01
1.329487454010328841e-02 1.224260041490197182e-01
1.312015433601724547e-02 1.166976394930056143e-01
1.338760030921548605e-02 9.088097020451511854e-02
1.345063650764391841e-02 1.103074953758290816e-01
1.282703411873496561e-02 1.146160655521920729e-01
1.255515844830023577e-02 1.177420069330504943e-01
1.261542816826563725e-02 1.336268863773771576e-01
1.248423707632658440e-02 1.246294065245560218e-01
1.235522717996943853e-02 1.523103777851377294e-01
1.220208259196841130e-02 1.382205587412629888e-01
1.191380434500474879e-02 1.286327099161488630e-01
1.216354353874478378e-02 1.191876247259122945e-01
1.205297808060311684e-02 1.722458118040646746e-01
1.180635796100389101e-02 1.356720970943570137e-01
1.183121881539201704e-02 1.827680870358432963e-01
1.189367238562443266e-02 1.208912520004170321e-01
1.179784373414891237e-02 1.411960746294685654e-01
1.150240485696399188e-02 1.731551805777209185e-01
1.136916173986502951e-02 1.443881932646036148e-01
1.126311159653899628e-02 2.433471610503537275e-01
1.123260240759312543e-02 1.331183512562087723e-01
1.098299769814946661e-02 1.727403619193605133e-01
1.258407473090171307e-02 8.309246812547955996e-02
1.322543477311098441e-02 1.795939280252371595e-01
1.145261468800960053e-02 1.392557024955749512e-01
1.037401780818722127e-02 1.265010304216827586e-01
1.003022938398533473e-02 1.728048450978738881e-01
1.012582291600882048e-02 1.625145226716995239e-01
1.037706151449432034e-02 1.514480582305363365e-01
1.069988366361940280e-02 2.230858177478824422e-01
1.047231636108509126e-02 1.664139089573706820e-01
1.024964490837495211e-02 1.705363845186574079e-01
1.008897580322809517e-02 1.355003119845475390e-01
1.013477295713354973e-02 1.985832819981234454e-01
1.004793195724709015e-02 1.995763794652053169e-01
1.015896724822509638e-02 1.579190575118575857e-01
1.020361637624557158e-02 1.279173828661441803e-01
9.681309069232415729e-03 2.110084029180663012e-01
9.474074559139331053e-03 1.900827799524579809e-01
9.782011344906919176e-03 1.672000885009765625e-01
9.959786267288672085e-03 1.756348471556390956e-01
9.821492372014160172e-03 1.559438221156597137e-01
9.471040321278408405e-03 1.502447069755622200e-01
9.354986354342795588e-03 1.635454166680574417e-01
9.209436088678472215e-03 1.336785940719502352e-01
9.329981886410331632e-03 1.788056025813732908e-01
9.345285365443919967e-03 1.640666072656001284e-01
9.396311617387081636e-03 2.119774727949074455e-01
9.368674306079767880e-03 1.281081274417894267e-01
9.175432671673618493e-03 1.438293829560279846e-01
8.992334340291563421e-03 1.470888056127088450e-01
8.893349670827211534e-03 1.205263587513140250e-01
9.038561489779524741e-03 1.285076093460832403e-01
8.968447329520824740e-03 1.318186150331582263e-01
8.779179805839833900e-03 1.567647363990545273e-01
8.563285436442432882e-03 1.507061098569205948e-01
8.466087318776686216e-03 1.504615329738174245e-01
8.529027126704542480e-03 1.903676209705216504e-01
8.787890973464874272e-03 1.405254082222069933e-01
8.671315598933557883e-03 1.957209275237151436e-01
8.523226591933052987e-03 2.023640240409544655e-01
8.461775487895855166e-03 1.524398132626499369e-01
8.430411749508320493e-03 1.600057857909372994e-01
8.519969438479858825e-03 1.638730858851756289e-01
8.424435982306022197e-03 1.606116896229130842e-01
8.619682435459080291e-03 1.644272317311593345e-01
8.532264129912835171e-03 1.224784179191504146e-01
8.339557507064282102e-03 1.421710613316723160e-01
8.117922665579022090e-03 1.298764940085155584e-01
7.716677120091238080e-03 1.681896430839385226e-01
7.738870347869426965e-03 1.384539610839315704e-01
7.827996480392314729e-03 1.546544432640075684e-01
7.946473413973026770e-03 1.376364503854087540e-01
7.963538653885257612e-03 1.426616795361042023e-01
7.850131802981542145e-03 1.351991058992488004e-01
7.900601113630858346e-03 1.441458459677440740e-01
7.734866637509271899e-03 1.363732232046978854e-01
7.732368819276979471e-03 1.384919315044368937e-01
7.744550461731185623e-03 1.618634486304862119e-01
7.631436947295220687e-03 1.434154510498046875e-01
7.645772281172131049e-03 1.261528858116694740e-01
7.501641879138159705e-03 1.349893462445054815e-01
7.312482245781991470e-03 1.188603118062019348e-01
7.400275799140910993e-03 1.481510108070714093e-01
7.466259748547426564e-03 1.290459252361740305e-01
7.435354703851598454e-03 1.332856092069830134e-01
7.272930137419496288e-03 1.476080697029829025e-01
7.215885557386735732e-03 1.627617350646427818e-01
7.416154588143052812e-03 1.429215049637215518e-01
7.296659448045483137e-03 1.472130731812545112e-01
7.224250955221664557e-03 1.533695805285658076e-01
7.177310657945261754e-03 1.361818624926464938e-01
7.255489638953891048e-03 1.280069784926516629e-01
7.149389650814035393e-03 1.339394785463809967e-01
7.066866194821029741e-03 1.202888581901788712e-01
7.055593996483366936e-03 1.327615653031638809e-01
7.041702058424042024e-03 1.434928202735526181e-01
6.983694057756413727e-03 1.290611925401858040e-01
7.118995895628661870e-03 1.270169112831354141e-01
7.137326710064718222e-03 1.417758470135075666e-01
7.025239241123753739e-03 1.499325170048645683e-01
6.765412901932861892e-03 1.374506786731737040e-01
6.522534372855997784e-03 1.599782197070973300e-01
6.471561106861502093e-03 1.609310209751129150e-01
6.680950130560502249e-03 1.427568567118474296e-01
6.514014605186059514e-03 1.386359983256884865e-01
6.480857492576996143e-03 1.478571394192320920e-01
6.766471766847341300e-03 1.847870019929749585e-01
6.661733316875705774e-03 1.363217652376209066e-01
6.612579294770036011e-03 1.422625769461904333e-01
6.560223311507364617e-03 1.544517323906932638e-01
6.526069171308162761e-03 1.307313923857041649e-01
6.499684814029717261e-03 1.473694856145552345e-01
6.525021477933651629e-03 1.476377073143209651e-01
