2.550435748587294160e-01 1.061681490391492844e-01
9.158653693228233084e-02 8.922510552737447642e-02
7.814468659187961963e-02 8.020614749855464742e-02
7.128570957972509003e-02 7.566212904122140981e-02
6.582287530891778315e-02 7.047677826550272084e-02
6.132369336285969225e-02 6.786384516292148783e-02
5.765572983044676969e-02 6.646295098794831324e-02
5.423646571296381058e-02 6.477721097568671371e-02
5.139461710549345780e-02 6.423304488675461721e-02
4.836314449813670924e-02 6.648440659046173096e-02
4.591600563967736942e-02 6.736550066206190013e-02
4.378145282361202428e-02 6.706357685228188370e-02
4.214913893218447810e-02 6.883631708721320297e-02
4.050755002195152027e-02 7.080635211120049621e-02
3.906989944871605558e-02 7.137405458423826121e-02
3.769507850861040371e-02 7.500316699345906113e-02
3.684873100960763675e-02 7.674421069936619710e-02
3.625032029727973809e-02 7.908788851151864197e-02
3.484963357630299630e-02 8.263670083963209345e-02
3.476471214259906767e-02 8.706086284170548584e-02
3.362109153190764171e-02 8.827886730432510376e-02
3.280299636194618923e-02 9.421600318617290304e-02
3.194305107633515356e-02 8.604795496082967565e-02
3.124997418419253603e-02 9.294752745578686859e-02
3.102620223696093624e-02 9.350568356199397135e-02
3.277364735514289029e-02 8.212903690420919611e-02
3.186999671956206037e-02 8.107643760740756989e-02
3.071112432744263140e-02 9.077656714038716268e-02
2.940058472520876154e-02 9.483284948186741781e-02
2.937562894303260772e-02 9.457445279177692510e-02
2.922533242395374681e-02 9.209746381060944509e-02
2.938993881093111132e-02 9.208781665398015071e-02
2.882449372058234691e-02 1.004056434871421905e-01
2.860321362911746185e-02 9.305619769212272741e-02
2.834746003060079067e-02 9.302830644365814305e-02
2.836367851918245378e-02 8.595309313386678696e-02
2.879106416366994381e-02 7.511722068819734477e-02
3.132974672153955586e-02 7.744960269580285217e-02
3.104636074248246988e-02 8.111897928433285665e-02
2.889388699720545420e-02 8.608551116453276586e-02
2.726783648860163847e-02 8.122972233427895594e-02
2.655784407539701908e-02 8.060624947150547837e-02
2.598598529584705830e-02 8.592542374713553477e-02
2.584067510054787603e-02 8.783752585036887217e-02
2.544166964887664001e-02 8.692532032728195190e-02
2.522539117418956534e-02 9.390004362083143041e-02
2.534471362511195661e-02 8.835381362587213516e-02
2.518016585466883658e-02 8.755749774475891922e-02
2.684385181268359247e-02 8.664435489724080230e-02
2.572611258819517549e-02 8.817639295011758804e-02
2.675096779243975320e-02 8.420107348097695399e-02
2.554013318291342705e-02 9.153074077847930812e-02
2.454611887337594667e-02 1.023945822897884550e-01
2.437759742776795038e-02 9.972519717282718466e-02
2.492461493806686496e-02 1.029790695756673813e-01
2.466715537806654993e-02 1.177530764705604915e-01
2.408484630740997251e-02 1.212830595258209410e-01
2.400613116191291363e-02 1.380235602458318167e-01
2.413976389528593031e-02 1.219882728118035498e-01
2.448323807429249668e-02 1.381858508619997206e-01
2.361090973065030352e-02 1.557760946452617645e-01
2.316004515443815040e-02 1.492618438270356951e-01
2.331981807947158813e-02 1.592235608647266931e-01
2.308027076580357329e-02 1.456121683327687988e-01
2.359000214080258020e-02 1.189179972021116166e-01
2.394308162875836976e-02 1.080515372256437984e-01
2.719610201467464669e-02 6.812321560250388097e-02
2.747716453130833944e-02 1.003460992748538699e-01
2.348354767167531998e-02 1.194198810391955967e-01
2.224213908789906408e-02 1.295566946888963289e-01
2.159559042988027158e-02 1.375683478804098359e-01
2.127617097845891508e-02 1.454907701247268315e-01
2.090779914543396123e-02 1.453617623903685208e-01
2.083442018299204446e-02 1.385222432307071094e-01
2.082201661882785923e-02 1.388751242516769180e-01
2.118681078754001967e-02 1.132719643000099363e-01
2.194451802501046211e-02 1.319213840696546736e-01
2.142714658502216721e-02 1.415545666176411810e-01
2.178864148672579257e-02 1.476683331032594138e-01
2.119532826629172070e-02 1.442832281399104299e-01
2.164516185705618254e-02 1.628611374439464798e-01
2.174759736261898391e-02 1.521192879105607576e-01
2.141487905074183559e-02 1.325051247452696257e-01
2.143138622092764442e-02 1.005230824359589215e-01
2.250464448546309407e-02 1.078316593128773870e-01
2.103830156166379070e-02 1.141798720798558597e-01
2.054959896770192432e-02 1.124405264337029753e-01
2.031465090538670318e-02 1.293202728653947420e-01
2.046838987664115206e-02 1.183660688499609676e-01
2.049045606584447288e-02 9.305898338142368220e-02
2.089065110606209627e-02 1.029602821088499431e-01
2.047324485554382484e-02 9.951271572046810343e-02
2.028174378636588351e-02 9.398757086859808874e-02
1.967405575532011827e-02 1.017930293455719948e-01
1.922534554401730475e-02 1.174168595009379978e-01
1.921006072903188103e-02 1.297963772796922322e-01
1.970098557223270638e-02 1.143724008773763928e-01
2.007829940809709168e-02 1.351564633142617045e-01
1.951809322302479680e-02 1.413808916178014574e-01
1.961495907318483098e-02 1.463915098251568070e-01
1.957853648402705510e-02 1.532383167909251442e-01
2.695221310799441813e-02 7.178296904183095739e-02
2.151349334545978736e-02 1.109557713692386899e-01
1.957929262709690379e-02 1.173371353911028953e-01
1.916446146646105797e-02 1.278152652084827423e-01
1.881742972040140183e-02 1.369699480839901562e-01
1.870777777668724759e-02 1.451126687849561281e-01
1.865359497392867980e-02 1.509995567094948588e-01
1.835728275430638726e-02 1.592621416267421541e-01
1.940284098112365213e-02 1.458982480689883232e-01
1.916563735207224908e-02 1.375147862773802576e-01
1.841917178002981312e-02 1.382405595440003576e-01
1.754886109563635541e-02 1.404119852102465038e-01
1.735161110281762537e-02 1.442412226978275480e-01
1.800684190480174654e-02 1.458787150267097654e-01
1.783610621137862381e-02 1.386680204628242263e-01
1.758494211088229911e-02 1.475162552669644356e-01
1.720300615515287304e-02 1.385075974588592940e-01
1.714754835475327047e-02 1.380182340120275908e-01
1.709711363982045762e-02 1.261178737299309960e-01
1.722591092083148798e-02 1.081108677511413846e-01
1.748606704868285386e-02 1.199809744333227429e-01
1.790981760203111395e-02 1.076210436100761142e-01
1.801350398738755035e-02 9.857653267681598663e-02
1.872570733766911952e-02 1.021023700013756752e-01
1.736103239605521140e-02 1.005775995759500413e-01
1.741465681130293514e-02 1.136154781820045562e-01
1.672444432951146476e-02 1.081660279176301365e-01
1.628414861767030208e-02 1.106148953032162485e-01
1.603849313971473026e-02 1.119508237267533984e-01
1.586689617734675026e-02 1.096529055179821105e-01
1.616097879368902715e-02 1.283976562942067690e-01
1.614052248357726940e-02 1.335370374015635853e-01
1.651327022374039777e-02 1.281451236249672165e-01
1.673469741306290309e-02 1.235539656546380816e-01
1.701421286944845152e-02 1.075917788677745457e-01
1.675205476718341288e-02 1.140244005040989966e-01
1.636572657493738300e-02 1.152432434674766359e-01
1.615630361683121491e-02 1.196936259253157525e-01
1.598992916789451074e-02 1.397568968435128622e-01
1.636966547315440654e-02 1.565681502429975280e-01
1.605529563569622897e-02 1.565613911176721162e-01
1.643086712886920181e-02 1.461300486698746681e-01
1.640506750313429005e-02 1.455262335431244669e-01
1.567244775048116240e-02 1.346723526302311125e-01
1.523620372058869139e-02 1.237993057196338925e-01
1.507761682349643279e-02 1.337783362509475937e-01
1.449043992282141209e-02 1.396526279341843424e-01
1.439454106375484196e-02 1.378107951540085974e-01
1.462735479879306508e-02 1.459609240086542359e-01
1.538790583542389186e-02 1.192857148125767708e-01
1.572339146443438307e-02 9.726332655797402527e-02
1.580457803338947836e-02 1.097869070039855094e-01
1.491665747868487803e-02 1.140381293371319771e-01
1.472176122763080644e-02 1.130904210731387138e-01
1.538517102939871740e-02 1.406688046538167591e-01
2.065106863496688969e-02 8.075230040897925232e-02
1.844432700152804153e-02 1.134873088449239731e-01
1.509052263743176046e-02 1.249058924408422561e-01
1.412699574593272861e-02 1.309766573831439018e-01
1.366603486353486045e-02 1.345645790505740347e-01
1.328366311414667066e-02 1.342993477980295725e-01
1.327168855747980387e-02 1.381665701046586037e-01
1.331185949568795650e-02 1.389919589791032972e-01
1.339505714216701095e-02 1.400284897536039352e-01
1.357564260819699685e-02 1.363111363930834541e-01
1.626423508973746934e-02 1.204029962730904374e-01
1.455821485894664112e-02 1.441904214314288502e-01
1.378937090304112323e-02 1.578189573354191189e-01
1.331247653380581569e-02 1.555940503668453989e-01
1.337607204630153132e-02 1.414993684738874435e-01
1.346775454400879653e-02 1.382672242406341734e-01
1.398136541417731825e-02 1.394502299113405952e-01
1.451080512516654888e-02 1.015405620758732114e-01
1.543410003707721551e-02 1.151450546458363533e-01
1.437944682065124893e-02 1.073875040229823885e-01
1.374283289003026994e-02 1.150694686091608410e-01
1.337325978433577013e-02 1.176422066572639646e-01
1.352869708761118492e-02 1.246357871633436976e-01
1.339321601397653119e-02 1.363487002543277149e-01
1.337272686054702918e-02 1.461357035053273135e-01
1.719733016713090659e-02 9.613994105408589508e-02
1.457830310072295507e-02 1.002554449563225064e-01
1.331307505904810382e-02 1.008656211714777651e-01
1.301645111894553057e-02 1.038390376294652667e-01
1.282572108548043696e-02 1.084942298216952233e-01
1.251872787649584325e-02 1.243516408527890887e-01
1.241374553590104263e-02 1.378986484681566649e-01
1.291631836807582458e-02 1.469261607983046170e-01
1.354261534572465467e-02 1.538382507860660553e-01
1.354894621820166428e-02 1.396170891821384430e-01
1.348673856942119408e-02 1.251671038981941042e-01
1.326778668785331440e-02 1.155254716674486842e-01
1.302975851463199393e-02 1.177450112170643215e-01
1.274775550984664010e-02 1.164061296731233597e-01
1.283835876937501272e-02 1.108113380355967431e-01
1.342472581692585182e-02 1.173161759765611739e-01
1.308081042101016077e-02 1.275196219277050791e-01
1.271672584627550617e-02 1.396254351776507197e-01
1.299050921097216066e-02 1.356439886407719841e-01
