2.675757205522641957e-01 1.129185379379325505e-01
9.987700934998872127e-02 9.966379652420680191e-02
8.957546397407607774e-02 9.200182867546875809e-02
8.299809212728244401e-02 8.703228396673996781e-02
7.846480760178188574e-02 8.341049672000938608e-02
7.522517610795614873e-02 8.091089150143994380e-02
7.252969640511565397e-02 7.806710008945730306e-02
6.937015510913802085e-02 7.503883561326397944e-02
6.525473178523343021e-02 7.313227218886216019e-02
6.368791809441839979e-02 7.303361636069086171e-02
6.204208833869637174e-02 7.202439010143280029e-02
5.844072431961937902e-02 7.172244456079271413e-02
5.640247662937859091e-02 7.202386938863331034e-02
5.475333117221186513e-02 7.216139986283248708e-02
5.324017849364658800e-02 7.218731950140661047e-02
5.179105303818132972e-02 7.218723878678348638e-02
5.046356878266101964e-02 7.231294756962193537e-02
4.915189220592743047e-02 7.319121983730131342e-02
4.790795817062622197e-02 7.456671622478300288e-02
4.676648323628597448e-02 7.665888085547420405e-02
4.571277945779445712e-02 8.003189031862550928e-02
4.463158865890851784e-02 8.152033171306054260e-02
4.401633655652403831e-02 8.096952767421801422e-02
4.287859210290196482e-02 8.908442180189821147e-02
4.187070855461969693e-02 9.318781012876166392e-02
4.087918679934085531e-02 9.894971828907728195e-02
3.998069506047702282e-02 1.039077393296692076e-01
3.921242099164462536e-02 1.060420215750734058e-01
3.845227949275839552e-02 1.122059231210086050e-01
3.768068411183066180e-02 1.139551003774007115e-01
3.814967357121953201e-02 1.160751107252306347e-01
3.762876351432102584e-02 1.106061734673049746e-01
3.971134494172363916e-02 9.737535131474335526e-02
3.844913975449233690e-02 1.062434976920485497e-01
3.873840292415967751e-02 9.736129403528240300e-02
3.795754950402713268e-02 1.219883238275845799e-01
3.847926065734610240e-02 1.215549657742182460e-01
3.676036421618446987e-02 1.095906220790412722e-01
3.538040347715339790e-02 1.426494048080510502e-01
3.484660623844985233e-02 1.159628944264517875e-01
3.433798663545309382e-02 1.458979504596855936e-01
3.397225143342483267e-02 1.271632192656397820e-01
3.483390469649216142e-02 1.314846395204464502e-01
3.358295398605305737e-02 1.343149053346779642e-01
3.478217315746516547e-02 1.273481517823206177e-01
3.517722158988074305e-02 1.171915931627154350e-01
3.433501332566687297e-02 1.108437567535373869e-01
3.418110093533447552e-02 1.343086213908261661e-01
3.349912474386212285e-02 1.333780728487504730e-01
3.480635095024254416e-02 1.240404123026463690e-01
3.347086732094062267e-02 1.192321128522356305e-01
3.395799304949256164e-02 9.263751945561832235e-02
3.518088698023703192e-02 1.203244307802783103e-01
3.296655202398031392e-02 1.299392394721508026e-01
3.208628664270225112e-02 1.352720366170009070e-01
3.131967843169482929e-02 1.415489534330036936e-01
3.082627301649531332e-02 1.491526209024919281e-01
3.030865320299820295e-02 1.529024786626299315e-01
2.996487535604434871e-02 1.579235948415266266e-01
2.972301900409525521e-02 1.579172639176249504e-01
2.958745390131342634e-02 1.570121150256859055e-01
3.037888029726540026e-02 1.825647591095831690e-01
3.033899020108326086e-02 1.418736153799626531e-01
3.554512769347283746e-02 1.380723317464192801e-01
3.334712678362138083e-02 1.328322376228041057e-01
3.070931307539889049e-02 1.428200339691506615e-01
3.016481123773789852e-02 1.442338659738501006e-01
2.940370582566573937e-02 1.384208427949084053e-01
2.885128601976647694e-02 1.477988453374968758e-01
2.830897558412355519e-02 1.708647062381108694e-01
2.788832186289676857e-02 1.808811349587308159e-01
2.757678843080633990e-02 2.032064487122827168e-01
2.741330818886436940e-02 1.984521769401099978e-01
2.744798823941226387e-02 2.153390469029545784e-01
2.749839310375292237e-02 2.053830140373772983e-01
2.804500225181804848e-02 1.805891224907504311e-01
2.969603113852804788e-02 1.679813666269183159e-01
3.085846541926446501e-02 9.886253335409694865e-02
3.043771983783056037e-02 1.293239821162488756e-01
2.809085332924817976e-02 1.445791336397329874e-01
2.705480652952158005e-02 1.643322012904617491e-01
2.691404707729816437e-02 1.603010349596540041e-01
2.694805787035786659e-02 1.599380640933910913e-01
2.731970101935652859e-02 1.480835378170013428e-01
2.766301425560036692e-02 1.515042745611733799e-01
2.711849608004274909e-02 1.519037432347734862e-01
2.722299660601448790e-02 1.340620615002181826e-01
2.699639866264854846e-02 1.481345288662446746e-01
2.621561602871047211e-02 1.607476118952035904e-01
2.583071039194559035e-02 1.639138669189479647e-01
2.568779284384374237e-02 1.973101451165146236e-01
2.576974400591741307e-02 1.720032261477576485e-01
2.612967162801906745e-02 1.443405511478582925e-01
2.734603698183668899e-02 1.720817074593570528e-01
2.752000747089524205e-02 1.817685956549313364e-01
2.590953376394037819e-02 1.686102246037787800e-01
2.614966666939236642e-02 1.632177191269066630e-01
2.662891553283282947e-02 1.677881273337536450e-01
2.735649807969244354e-02 1.994726865862806731e-01
2.733119529467530409e-02 1.649349530537923270e-01
2.874976803162476030e-02 1.727394995590051108e-01
2.859883104655437311e-02 1.562932182310355911e-01
2.632488160984726780e-02 1.507405359297990799e-01
2.501021035401741061e-02 1.707619406903783388e-01
2.437357614725464694e-02 1.856638603947228794e-01
2.394987912507863873e-02 2.020777296274900436e-01
2.370097129264982574e-02 2.074603917491104899e-01
2.357352348953122012e-02 2.430346427071425619e-01
2.444558963747468089e-02 1.896116669393247967e-01
2.435094157869859346e-02 2.324887833868463927e-01
2.377280645731200473e-02 2.185198464948270025e-01
2.404774532358093866e-02 2.321191901961962289e-01
2.400492774549780814e-02 2.412705985415312948e-01
2.605307520162768523e-02 1.693785356150733223e-01
2.495381788623224004e-02 1.840637372806668282e-01
2.449458809683054128e-02 1.976167912491493817e-01
2.432565623894333839e-02 2.166642109966940288e-01
2.469836041422152073e-02 1.950600760885410900e-01
2.534119354947129282e-02 1.976654405395189829e-01
2.921987481119974264e-02 1.639664649135536556e-01
2.406384373401723384e-02 2.041300458626614800e-01
2.297832296661487389e-02 2.209486954121125946e-01
2.236533832804458999e-02 2.374480275644196281e-01
2.212694697309194533e-02 2.440753359761503039e-01
2.181288674360186419e-02 2.518260157149698752e-01
2.161712214214409414e-02 2.571017486560676080e-01
2.173432424414630318e-02 2.494145236495468321e-01
2.186244526855284087e-02 2.421160983956522350e-01
2.264352767478402043e-02 2.239652151862780161e-01
2.258601256010190836e-02 1.897228914830419721e-01
2.235325664940585391e-02 2.188186145698030882e-01
2.222934452158103688e-02 2.369850759084025926e-01
2.236214241512664985e-02 2.330171272365583190e-01
2.278856000658579031e-02 2.122368474180499620e-01
2.303687430827355831e-02 1.901704164014922371e-01
2.395965746694767029e-02 1.970340234951840630e-01
2.262821944612191868e-02 2.049400836436284790e-01
2.212264121896246466e-02 2.299226623856359120e-01
2.183289768560448679e-02 2.286802418529987335e-01
2.195562924849005573e-02 2.125783151843481655e-01
2.198969753368235081e-02 1.898201332531041508e-01
2.183150600005940786e-02 1.915934533915585880e-01
2.166463527260575200e-02 1.810924078648289137e-01
2.128515458983800887e-02 2.076970534399151802e-01
2.165875780941328016e-02 1.733367405831813812e-01
2.338272658540162946e-02 1.987736752877632684e-01
2.321548902475070730e-02 1.691067678232987814e-01
2.151891565881669521e-02 1.727978614055448170e-01
2.099594674300311534e-02 1.854942625181542626e-01
2.056585069995646095e-02 2.145344270393252373e-01
2.021736038916903400e-02 2.197915064170956612e-01
1.988636142369814078e-02 2.310573302416337738e-01
1.967056485165546639e-02 2.326091386170850983e-01
1.966409459596545062e-02 2.139998875144455137e-01
2.006958153030675984e-02 3.096361074389682999e-01
2.086162893669452761e-02 1.769575052377250490e-01
2.116268064554144637e-02 2.176456454520424300e-01
1.940839718913704715e-02 2.304970009459389457e-01
1.950278629480702020e-02 2.273647064963976450e-01
1.975358337186640389e-02 2.411568579781386557e-01
1.966636061736541652e-02 2.429385175928473473e-01
1.972544888352475642e-02 2.118052456320987931e-01
2.032527787520027607e-02 2.154385294351312818e-01
1.949279264705936973e-02 2.422839771542284193e-01
1.997603382347378637e-02 2.706327247950766068e-01
2.033920236863195896e-02 2.175518989356027832e-01
2.092046557539483514e-02 2.010052298299140339e-01
2.016455987354785762e-02 1.726691475551989374e-01
2.105503161324233374e-02 2.247566545589102516e-01
2.046616530477455426e-02 2.061041671161850386e-01
2.894796764409941769e-02 1.565822996199131012e-01
2.007298737128333441e-02 1.837610069455372086e-01
1.881583263279824891e-02 2.107523733543025246e-01
1.832319707212197446e-02 2.287944391783740816e-01
1.800757761556291692e-02 2.403476315860947066e-01
1.774697477656711833e-02 2.551927759001652585e-01
1.755108279687148110e-02 2.651969585567712784e-01
1.742823592035054603e-02 2.734362037024564152e-01
1.739570234970348739e-02 2.638166459898154126e-01
1.762429851947761028e-02 2.687705254389179954e-01
1.799878425521367342e-02 2.273257992540796690e-01
2.027910641144688511e-02 2.470362780408726922e-01
1.981462587079987209e-02 2.314739306974742117e-01
1.850558531175299296e-02 2.533502185510264626e-01
1.809068966270765272e-02 2.578772259876132011e-01
1.788329564761824766e-02 2.681201244187023658e-01
1.771516380718023143e-02 3.087433616941173686e-01
1.782760163769125938e-02 2.973995446744892579e-01
1.825697082321999995e-02 2.983067686566048260e-01
2.129451482465899437e-02 1.909036779155333929e-01
1.917851615197411347e-02 1.996288436154524393e-01
1.835979137387944507e-02 1.938529536128044128e-01
1.788201195574024710e-02 1.983678098767995834e-01
1.758737069918069745e-02 2.040873370650741758e-01
1.727518526178489430e-02 2.173345178986589021e-01
1.707158488982425323e-02 2.287682912622888975e-01
1.705039128456719080e-02 2.279490356643994742e-01
1.728957314498540815e-02 2.343443192334638825e-01
1.788105703208868122e-02 2.049492496169275646e-01
1.735604315337429746e-02 2.243617837213807698e-01
