4.129961976190892892e-01 1.464681008623706093e-01
1.260800927241400859e-01 1.236019320785999298e-01
1.077718906013703931e-01 1.117107779201534090e-01
9.777218991572536599e-02 1.027774392730659847e-01
9.092324592809124251e-02 9.673918990625275660e-02
8.597007973074186071e-02 9.335573328038056229e-02
8.219252958348612081e-02 8.887751814391878225e-02
7.917578974965869265e-02 8.627044823434618093e-02
7.674123523984013873e-02 8.402879142926798772e-02
7.478839504282648598e-02 8.189102552003330038e-02
7.304929901005291493e-02 7.957119991381962631e-02
7.116862649961215592e-02 7.633304927084180735e-02
6.880644781560432688e-02 7.302476424309942149e-02
6.622101300645892585e-02 7.117484551337030507e-02
6.303876201145169889e-02 7.158389128744602203e-02
5.980572001099949964e-02 7.102930193973912287e-02
5.761138592823976390e-02 7.153308101826244547e-02
5.542705409092510416e-02 7.168149410022629786e-02
5.358458192246716434e-02 7.210703028572930384e-02
5.173737659096354358e-02 7.369013730850484944e-02
5.019259398303380776e-02 7.506777718663215637e-02
4.879634187942961249e-02 7.838294303251637507e-02
4.773451168680700046e-02 8.076232795914013718e-02
4.640085397787937355e-02 8.343092103799183701e-02
4.522880283752229308e-02 8.564528429673777532e-02
4.421185560115590413e-02 8.516534790396690369e-02
4.318639077246189117e-02 8.734963761849535990e-02
4.217021773773722837e-02 9.302325567437542964e-02
4.150895526768957899e-02 8.762662712898519612e-02
4.041143790705174765e-02 9.348335510326756526e-02
3.995064844763496908e-02 1.019391269526547794e-01
3.901850576398939452e-02 1.041362259743942170e-01
3.810330507595364319e-02 1.092529446921414737e-01
3.755477027649559846e-02 1.128088613558146658e-01
3.710596087365979068e-02 1.170633589434954824e-01
3.651589197220235505e-02 1.154816961950725918e-01
3.610842304713115375e-02 1.260556304413411322e-01
3.576809556291597747e-02 1.249154857877227964e-01
3.545157561396680007e-02 1.417000058831440201e-01
3.607042886248630620e-02 1.393369277939200401e-01
3.867297554842945989e-02 1.190303617881404014e-01
4.003027369972408933e-02 1.080126125986377444e-01
3.748434817236734329e-02 1.239159156878789220e-01
3.593397460787034481e-02 1.287495809503727551e-01
3.576360266973695884e-02 1.329627282296617918e-01
3.562409015054383149e-02 1.393870325345132055e-01
3.564219875261187553e-02 1.447300353190965061e-01
3.601539406425705719e-02 1.519909609730044908e-01
3.690837924482255616e-02 1.382407264577018013e-01
3.628344841801175308e-02 1.191233304432696705e-01
3.514440729078359416e-02 1.330781851170791397e-01
3.448023652748727352e-02 1.231417173726691155e-01
3.388561176067990399e-02 1.371268189201752252e-01
3.342053274306037297e-02 1.369732928772767477e-01
3.286318179424398134e-02 1.429860870250397320e-01
3.238622026472556814e-02 1.426171091281705494e-01
3.195708107612118404e-02 1.486519952822062673e-01
3.153187641306075956e-02 1.688028035892380485e-01
3.128236806497159544e-02 1.700427720530165443e-01
3.105382306682990742e-02 1.643085763272311983e-01
3.266995334884197077e-02 1.163225683073202815e-01
4.337821729344928934e-02 1.033007976495557423e-01
3.549499624045338725e-02 1.009279552640186400e-01
3.188529896277298575e-02 1.305684012671311789e-01
3.124881988368564956e-02 1.355403183648983545e-01
3.106740956399135431e-02 1.361964974138471784e-01
3.090431852970363172e-02 1.384566551488306818e-01
3.067026540023706435e-02 1.400674919908245497e-01
3.066987335886351904e-02 1.645711149192518596e-01
3.090527766134317303e-02 1.524506126426988240e-01
3.302503531662429048e-02 1.746923942118883133e-01
3.548088187079240924e-02 1.416706221385134468e-01
3.210650850087404251e-02 1.386218128932846794e-01
3.066385393144517579e-02 1.466744891885254087e-01
3.065999730762730344e-02 1.356986566550201778e-01
3.063534799304495557e-02 1.349023298049966402e-01
3.024647110028237662e-02 1.399009507149457932e-01
3.002291930294254813e-02 1.461781046042839594e-01
2.978034431637242158e-02 1.556519238899151392e-01
2.960276173813859019e-02 1.590131997234291439e-01
2.945271356417456660e-02 1.621391984323660440e-01
2.940406421449308014e-02 1.567394319507810774e-01
2.944962423658225442e-02 1.642396020599537487e-01
3.006394696989801024e-02 1.563010513782501221e-01
2.965538270158193587e-02 1.460516807726687794e-01
2.955637102742202441e-02 1.589381073911984854e-01
3.004378406898822879e-02 1.460060329279965763e-01
2.898670269017357762e-02 1.664382589773999443e-01
2.943811642869216538e-02 1.656430941075086594e-01
2.852025822304734420e-02 1.753672283763686723e-01
2.879687817199382688e-02 1.839475258150034542e-01
3.217473243953796608e-02 1.640854823506540661e-01
3.051189263351261616e-02 1.653355930207504043e-01
2.940146341102152505e-02 1.695178914815187454e-01
2.902640022973461756e-02 1.633633967075082960e-01
2.859659030147623793e-02 1.648830922527445564e-01
2.870205469520353825e-02 1.530528475220004625e-01
2.820612937666294034e-02 1.606174389728241558e-01
2.792546137167913056e-02 1.627084299301107817e-01
2.760919202800567532e-02 1.795836319732997122e-01
2.735290831954377555e-02 1.813782704994082451e-01
2.729442180134356022e-02 2.039953872768415222e-01
2.782496611769424630e-02 1.919797409532798538e-01
2.813927969531860446e-02 1.660879871083630333e-01
2.839303223370778784e-02 1.764698462146851721e-01
2.954199730713919989e-02 1.542016971442434492e-01
2.865328887909105587e-02 1.551824934366676512e-01
2.688290681917129485e-02 1.922364294942882357e-01
2.616845419993851091e-02 2.065512118861079216e-01
2.578604156605717596e-02 2.285546763903564815e-01
2.565037384174945895e-02 2.361572038175331345e-01
2.587830899964745426e-02 2.166908278854356995e-01
2.635279639124325085e-02 2.378406902361247244e-01
2.664907207349088286e-02 2.281632824904388790e-01
2.755517017368863328e-02 2.160815245782335692e-01
2.965713631952317589e-02 1.311982751099599609e-01
2.670268162448958746e-02 1.680390495393011274e-01
2.538524204637946161e-02 1.912728104119499617e-01
2.483817142797861005e-02 1.940393691054648762e-01
2.471969608876218097e-02 2.097894148901104927e-01
2.476426179339064407e-02 2.111642642153633842e-01
2.481986601587112332e-02 2.118259313412838574e-01
2.491092003268621444e-02 2.018764092483454342e-01
4.166229437218933740e-02 9.215321371124850225e-02
2.825418944334293428e-02 1.193895070917076473e-01
2.577660891522721640e-02 1.416611371354924431e-01
2.465462987879064177e-02 1.517200510328014784e-01
2.425902928566424019e-02 1.670664011811216765e-01
2.396376543996356009e-02 1.802377286884519758e-01
2.390028313710922114e-02 1.970461952603525524e-01
2.406109586108203316e-02 1.879978022641605739e-01
2.470338466668092758e-02 1.745019644084903898e-01
2.493200360842776075e-02 1.767745708218879108e-01
2.530531495491542340e-02 1.616569435637858210e-01
2.642042825293795458e-02 1.804684908646676245e-01
2.593946668728277366e-02 1.631611509041653862e-01
2.556126323392296854e-02 1.862845639180805979e-01
2.500490722155607193e-02 1.959453194091717310e-01
2.429061365404688866e-02 1.926994124013516607e-01
2.397390369257730580e-02 2.001826434085766382e-01
2.398141988030657451e-02 1.959031574014160337e-01
2.404196496212446243e-02 2.099073762074112892e-01
2.406288925331176790e-02 1.964801319150460968e-01
2.453501966055028280e-02 1.916345583481920967e-01
2.441499624742058880e-02 2.289361742635568076e-01
2.467353120673356978e-02 1.480910304105944042e-01
2.519692881487128194e-02 2.061478565964433851e-01
2.628997766140212314e-02 1.447988680253426141e-01
2.835618907290442595e-02 1.164425198609630313e-01
2.887015497289234511e-02 1.279956875368952751e-01
2.400941504506258137e-02 1.489720013406541643e-01
2.285895698771971130e-02 1.683858048377765426e-01
2.213118695540398917e-02 1.901201999021900901e-01
2.167820847570532672e-02 2.030722371612986021e-01
2.137281691723662280e-02 2.211663090727395420e-01
2.113799071336937285e-02 2.310384004894230070e-01
2.101043773042719429e-02 2.524647479876875877e-01
2.106218928153194905e-02 2.504226577778657092e-01
2.134489237398999595e-02 2.577340404192606793e-01
2.207646476354722595e-02 2.153239752062492962e-01
2.410835324127863152e-02 2.355848934708369979e-01
2.301401131581969420e-02 2.270478970474666958e-01
2.584822866611364428e-02 1.262129797703689937e-01
2.663971965269344711e-02 1.417645154934790430e-01
2.290636556586477662e-02 1.642183183381954736e-01
2.186637662532852841e-02 1.799275118650661698e-01
2.120461543204217592e-02 1.977615650329324903e-01
2.080876191669121106e-02 2.032557514806588583e-01
2.068122892027221202e-02 2.056378965369529133e-01
2.095266722608357668e-02 1.930020796135067940e-01
2.120579219218797842e-02 1.912239109062486286e-01
2.144224185314847278e-02 1.883005924108955564e-01
2.267433913061168288e-02 2.016712487157848177e-01
2.338619985072532687e-02 1.853650822821590605e-01
2.449443482044266415e-02 1.824547399042381057e-01
2.232694547487104955e-02 1.845704013895657358e-01
2.134348963182873885e-02 2.177991191339161692e-01
2.104935092601652527e-02 2.274878037472566061e-01
2.096018138932200306e-02 2.347111118336518698e-01
2.097864891402423382e-02 2.267475805969701996e-01
2.116189873777329922e-02 2.299842418481906348e-01
2.188221895612958018e-02 2.567630883099304429e-01
2.309757614190258504e-02 1.748121053808265324e-01
2.250763461016482003e-02 1.968843280855152311e-01
2.150808147540906462e-02 1.998074238912926903e-01
2.062546165387441413e-02 2.259604522130555515e-01
1.987516173593154717e-02 2.367779439729121027e-01
1.966036531915206845e-02 2.531581251985496883e-01
2.015665799901798089e-02 2.086650431156158447e-01
2.162626783204514916e-02 2.260642887817488900e-01
2.141599957944780031e-02 2.078536907210946083e-01
2.077437493177812164e-02 2.072535479027363958e-01
2.052055199903140767e-02 2.120974760295616379e-01
2.019267408006892792e-02 2.020305394091539974e-01
2.036604229020090931e-02 2.269688991622792473e-01
2.066093769276559911e-02 2.291743924013442402e-01
2.121771965743746852e-02 2.444961634981963339e-01
2.328890754568685786e-02 2.092721720950471154e-01
2.104088788988386569e-02 1.857374269101354780e-01
2.010495236665919144e-02 1.972655554612477713e-01
