8.609488501054484155e-01 6.675266722838083533e-01
4.466236695738100559e-01 1.095215123560693560e-01
9.199709770065254977e-02 9.043944875399272110e-02
8.241421452200994868e-02 8.540806546807289124e-02
7.916805913626420721e-02 8.278279275529915049e-02
7.721404978869164659e-02 8.105751934150855209e-02
7.580383462695086672e-02 7.980040481521023799e-02
7.480312658973582718e-02 7.883577731748421524e-02
7.402513798598836514e-02 7.813575574093395426e-02
7.341201553439222205e-02 7.752040069964197255e-02
7.291023969286825057e-02 7.702198686699072983e-02
7.255975186552215961e-02 7.672076154914167501e-02
7.224027310475343577e-02 7.626425640450583410e-02
7.192206135155951308e-02 7.898701354861259460e-02
7.172361148021570709e-02 7.601769165032440378e-02
7.148692030005338038e-02 7.579879028101761673e-02
7.131372657945243831e-02 7.555376324388715648e-02
7.112603023557401150e-02 7.534628133806917094e-02
7.100300808868757751e-02 7.642698453532324743e-02
7.077677756911371354e-02 7.546794621480835963e-02
7.069553950483478677e-02 7.553639635443687439e-02
7.057894457404206845e-02 7.508524196843306686e-02
7.047196046063085306e-02 7.586109576125939225e-02
7.033519798935186640e-02 7.522563491430547811e-02
7.024466253181056719e-02 7.500421359307235525e-02
7.017798160725249867e-02 7.596273037294547226e-02
7.000904130499537026e-02 7.530731335282325745e-02
6.988078548868255357e-02 7.513928330606883810e-02
6.973881326706671269e-02 7.564125644663970138e-02
6.988566032633548863e-02 7.705948481129275274e-02
6.967258989447500106e-02 7.539566958116160345e-02
6.953475124588827383e-02 7.482060831454065419e-02
6.940238423100332510e-02 7.468088964621226455e-02
6.934470860514699297e-02 7.728188546995322372e-02
6.923582902314459608e-02 7.457782535089386988e-02
6.913748915057356392e-02 7.444512740605407908e-02
6.900412060047794727e-02 7.439498851696650650e-02
6.889063903562180069e-02 7.430127014716465805e-02
6.874969224559097924e-02 7.446001076863871526e-02
6.861727334922407273e-02 7.442092295322152995e-02
6.854370713415669503e-02 7.423134044640594675e-02
6.842232004898350650e-02 7.399740980731116247e-02
6.822856358911205676e-02 7.395040968226061773e-02
6.814119265210337451e-02 7.635661028325557709e-02
6.807146516696709060e-02 7.429390690392917440e-02
6.791383048474061712e-02 7.404621173110273458e-02
6.788590018887345756e-02 7.383349268800681875e-02
6.767266677556241228e-02 7.367237947053378866e-02
6.756792362870239765e-02 7.379147845009963180e-02
6.744363538284854631e-02 7.388402997619575308e-02
6.730287744686370976e-02 7.344933268096712209e-02
6.715378985263226186e-02 7.345795051919089269e-02
6.710204788733546699e-02 7.338103072510825109e-02
6.693812069006083165e-02 7.308317182792557765e-02
6.674166148664747999e-02 7.315837115877205088e-02
6.668870871114294940e-02 7.268642075359821320e-02
6.655826181082463711e-02 7.295874299274550390e-02
6.636672071749116775e-02 7.407628579272164393e-02
6.639498563074483495e-02 7.256775370074643183e-02
6.623265912710893377e-02 7.290257637699444626e-02
6.614985546415172446e-02 7.340077186624209549e-02
6.605651940605263006e-02 7.259935099217626475e-02
6.597308993975563307e-02 7.333838753402233124e-02
6.580015517226080191e-02 7.547953103979428147e-02
6.562504906025601326e-02 7.360028475522994995e-02
6.565308611749148815e-02 7.248314097523689270e-02
6.653371432841551081e-02 7.311207718319362447e-02
6.568219826170583475e-02 7.300963294174936391e-02
6.543721438090248366e-02 7.289949183662731980e-02
6.524406473447637300e-02 7.261281398435433243e-02
6.576166958434552512e-02 7.329962795807255793e-02
6.523836288237716552e-02 7.295727481444676255e-02
6.501910188121766410e-02 7.275395799014303111e-02
6.483912245347732417e-02 7.273364129165808822e-02
6.470820757492286301e-02 7.261129737728172495e-02
6.455560871286362967e-02 7.251461947129832220e-02
6.443152054235702642e-02 7.254840371509392594e-02
6.426646687635560740e-02 7.235571100480026052e-02
6.411757726767440546e-02 7.213041062156359817e-02
6.403728038436029557e-02 7.226617551512187765e-02
6.380314629797528836e-02 7.226386417945225571e-02
6.373728352894143800e-02 7.215558530555830907e-02
6.366416602963353988e-02 7.215765511824025202e-02
6.381007174893123246e-02 7.322581360737483169e-02
6.401190054943649288e-02 7.227450298766295578e-02
6.346959182311122383e-02 7.200351688596937083e-02
6.329107450366747156e-02 7.179045449528428935e-02
6.308286421273540112e-02 7.194212327400843765e-02
6.285226479081845730e-02 7.183678179151481435e-02
6.274788797174285504e-02 7.223799721234375193e-02
6.257312892504580948e-02 7.189783267676830292e-02
6.241856190580420682e-02 7.162419996327823446e-02
6.228955339912960881e-02 7.165942713618278503e-02
6.205206571101415380e-02 7.163178568912877131e-02
6.190062187066892180e-02 7.212072362502415512e-02
6.168155310811793135e-02 7.193326639632384445e-02
6.151458975381967481e-02 7.204718266924221848e-02
6.131891824486779274e-02 7.203756541841560557e-02
6.110349933548671342e-02 7.191099930140706920e-02
6.084840840137586276e-02 7.223506561583942220e-02
6.037536347512065249e-02 7.187888522942860459e-02
6.018475163727998734e-02 7.217215891513559245e-02
5.929863198501307553e-02 7.118704708086119604e-02
5.824887631006720606e-02 7.176751808987723302e-02
5.772782448770069630e-02 7.108020223677158356e-02
5.705457854243677074e-02 7.162250868148273275e-02
5.652399997158748246e-02 7.202777618335352849e-02
5.601321452683428320e-02 7.172384899523523427e-02
5.551208741962909698e-02 7.263481492797534134e-02
5.508696900044635775e-02 7.371498685744073964e-02
5.446847672460645995e-02 7.383697707619932271e-02
5.395170998555130770e-02 7.386470668845707133e-02
5.347152590388205146e-02 7.415929374595482682e-02
5.295140733488085810e-02 7.466454369326432083e-02
5.258642159765813257e-02 7.507388293743133545e-02
5.199888840363156572e-02 7.590370232032404851e-02
5.288954333561222965e-02 7.425430375668737315e-02
5.216425516438193133e-02 7.429271832936340525e-02
5.142386476850000637e-02 7.398504101567798807e-02
5.204885566561687216e-02 7.218328925470511581e-02
5.070187632993954086e-02 7.175776300330956314e-02
4.983623755141729228e-02 7.282034556070964004e-02
4.939629744011454771e-02 7.332345760530895040e-02
4.902022431899861338e-02 7.302566617727279663e-02
4.869189875472972745e-02 7.271622721519735433e-02
4.839367755666011683e-02 7.186042372551229573e-02
4.806386664646064566e-02 7.279267989926868632e-02
4.781210006827988496e-02 7.228884287178516388e-02
4.751123994497991054e-02 7.195344277554088785e-02
4.720292375536590257e-02 7.359993333617846634e-02
4.703449263669005204e-02 7.253062042097251083e-02
4.688631504683232754e-02 7.298563917477925156e-02
4.661964815927714667e-02 7.243958198361927225e-02
4.631633288794901465e-02 7.303839032020834066e-02
4.608349379424641484e-02 7.304201668335331965e-02
4.580027083071266936e-02 7.339844107627868652e-02
4.560554406900958063e-02 7.351931701931688212e-02
4.544375059989894106e-02 7.388750567204421804e-02
4.730737001476127690e-02 6.867226523657639359e-02
4.631577806956157367e-02 7.210939046409395314e-02
4.593202421759686599e-02 7.140237548285061076e-02
4.512721833931963855e-02 7.230486451751655386e-02
4.480382794423437565e-02 7.335252708031071711e-02
4.455028668545731735e-02 7.308855031927426193e-02
4.433865021777952387e-02 7.372920339306195114e-02
4.400341910105652621e-02 7.327532954514026642e-02
4.377589076075975166e-02 7.383797276351186656e-02
4.357818250612514877e-02 7.340883629189597082e-02
4.337789865619525592e-02 7.455941434535715007e-02
4.316228021663136294e-02 7.442630537682110026e-02
4.301201144415067734e-02 7.498835337658722733e-02
4.278225701574871892e-02 7.594125552309884120e-02
4.266411496508049073e-02 7.616323460307386495e-02
4.230022455406624859e-02 7.683830666873189830e-02
4.226938439760266619e-02 7.694067702525192454e-02
4.213117297011904905e-02 7.770614574352900650e-02
4.206648100985259375e-02 7.785725697047179983e-02
4.195244709120654614e-02 7.858887356188562490e-02
4.185948140419474411e-02 7.904355952309237432e-02
4.157921278894674555e-02 7.883436677770482015e-02
4.146575677867343074e-02 7.980977143678399943e-02
4.202270507812500000e-02 8.091395720839500427e-02
4.275912346272933706e-02 7.784280925989151001e-02
4.197314475867443273e-02 7.737588768617974233e-02
4.170248379203968236e-02 7.782273625748024892e-02
4.199843209736594390e-02 8.108906354755163193e-02
4.235511225443787386e-02 7.663155926598443080e-02
4.176317029291900379e-02 7.892639966060717438e-02
4.153537004050321391e-02 7.780748419463634491e-02
4.133331096481259598e-02 7.785980838040511276e-02
4.111343296244740486e-02 7.920032180845737457e-02
4.110605892066548223e-02 7.872465428792768671e-02
4.097341880111432522e-02 7.845256063673231028e-02
4.081494194205578102e-02 7.852769725852543070e-02
4.082842279089296533e-02 7.915474236425426580e-02
4.061369744424776079e-02 7.810636444224251795e-02
4.057320771829747708e-02 7.858728462209303711e-02
4.044093581189105863e-02 7.918457179847690486e-02
4.022768635030200129e-02 7.997649007787306641e-02
4.014157315307274182e-02 7.920061548550923203e-02
3.994459834903842099e-02 7.942855585780408956e-02
3.978438361934045348e-02 8.053887656165494013e-02
3.963065040638533848e-02 8.065465444491969060e-02
3.943985244032086057e-02 8.170077991154459096e-02
3.937275765645431580e-02 8.136319265597397044e-02
3.915966789397161418e-02 8.078064769506454468e-02
3.905044351817994752e-02 8.196782631178696488e-02
3.906427364705539196e-02 8.357696400748358678e-02
3.889926837575508056e-02 8.170635108318594075e-02
3.874404857889181264e-02 8.237934174637000229e-02
3.868405289221100996e-02 8.310571043855613516e-02
3.864969073499485014e-02 8.311923489802414133e-02
3.842436709645681570e-02 8.360564170612229395e-02
3.834484039419671503e-02 8.315193591018517350e-02
3.838464231571046131e-02 8.319354636801613856e-02
3.817326139386107570e-02 8.275302561620871689e-02
3.814844705346154274e-02 8.419441369672615860e-02
3.787761288354309780e-02 8.428795946141083573e-02
3.797025669638703221e-02 8.427703049447801686e-02
3.832307414765038361e-02 8.424558387034469797e-02
