4.308752050487006380e-01 1.081364245878325553e-01
9.645834308481071595e-02 9.707490354776382446e-02
8.784364493245758188e-02 9.359183659156163071e-02
8.328625148661979172e-02 8.767253760662344075e-02
7.967928081478287128e-02 8.416980008284251358e-02
7.700190697683066687e-02 8.186027821567323781e-02
7.532292861127998229e-02 8.044470846652984619e-02
7.426495988648838809e-02 7.940993954737980698e-02
7.339310809606458541e-02 7.851723084847132828e-02
7.265469627227724714e-02 7.859723187155193136e-02
7.301728143470316568e-02 7.749478912187947321e-02
7.179171966797695537e-02 7.691537940667735052e-02
7.125899232015377172e-02 7.650020594398181106e-02
7.085405474119796376e-02 7.604094967246055603e-02
7.047904141974158099e-02 7.570664108627372935e-02
7.024745191106708531e-02 7.537851979335148667e-02
6.992084239950267788e-02 7.491984528799851273e-02
6.963811528573675413e-02 7.458639724387063075e-02
6.979888441359125006e-02 7.459262179003821325e-02
6.926350552225257751e-02 7.488745140532653000e-02
6.897489433517543789e-02 7.393188898762066696e-02
6.868107298888810608e-02 7.441015003456009913e-02
6.841195070343773776e-02 7.314990046951505565e-02
6.816441281812220254e-02 7.290548582871754502e-02
6.784450517195027286e-02 7.237471619413958501e-02
6.744485425694686509e-02 7.210302332209216070e-02
6.697964254857563526e-02 7.273145558105574560e-02
6.654667502223718389e-02 7.083113719191816426e-02
6.602406996961046604e-02 7.067088472346465255e-02
6.645800504924320729e-02 7.081735713614357997e-02
6.501636899462560903e-02 6.949295269118414831e-02
6.430594734393241252e-02 6.977872260742717936e-02
6.361865974599267837e-02 6.953609527813063573e-02
6.285401422348690925e-02 6.866646537350283575e-02
6.224396181997002286e-02 6.830701149172252462e-02
6.147935650334125646e-02 6.885183312826687052e-02
6.101220726921427473e-02 6.766570255988174631e-02
6.033932534614350890e-02 6.740774028003215790e-02
5.978157399676558431e-02 6.704539640082253504e-02
5.924011221746119243e-02 6.702107439438502456e-02
5.877616949288583248e-02 6.642419099807739258e-02
5.836140908437167929e-02 6.630439373354117538e-02
5.804351239079019037e-02 6.795583665370941162e-02
5.769136426516058985e-02 6.754904033409224462e-02
5.726911038978070578e-02 6.576367364161544993e-02
5.691507409849181492e-02 6.568390482829676580e-02
5.671394511875582634e-02 6.626555841002199077e-02
5.649984650677297021e-02 6.561889044112628744e-02
5.621745408989670817e-02 6.501340514255894709e-02
5.589212891759305635e-02 6.510423558453719284e-02
5.542240733644220735e-02 6.482799371911419917e-02
5.507757329586439321e-02 6.490997080173757650e-02
5.475284452209385616e-02 6.483883369300100230e-02
5.443159729333185703e-02 6.516335594157378341e-02
5.724782869219779968e-02 6.530110393133428670e-02
5.506329518947296331e-02 6.511315103206369304e-02
5.445901248831211405e-02 6.501293720470534276e-02
5.396958732432344946e-02 6.479324524601300095e-02
5.363528642848860994e-02 6.469357758760452271e-02
5.326129884527223968e-02 6.472424479822318222e-02
5.286253016532921345e-02 6.463918814228640508e-02
5.256087362493683940e-02 6.440085959103372670e-02
5.220086779445409775e-02 6.427183747291564941e-02
5.191634710105817729e-02 6.500157217184703018e-02
5.156077139034140333e-02 6.431830157008436299e-02
5.128449716082796733e-02 6.555014703836706258e-02
5.094312930979379844e-02 6.366224628355768300e-02
5.062737372681135051e-02 6.388122671180301859e-02
5.023334267344779780e-02 6.347613015936480474e-02
4.974363657941178324e-02 6.332680024206638336e-02
4.938950868914040310e-02 6.347830531497795914e-02
4.906875721928549705e-02 6.372369660271538783e-02
4.887622553946041615e-02 6.318333993355433609e-02
4.890304667557158341e-02 6.390608412524063919e-02
4.860829305267188455e-02 6.323804292413923167e-02
4.823026280259577053e-02 6.335236587458187296e-02
4.814512761900337917e-02 6.353521160781383514e-02
4.790515576421124078e-02 6.332343444228172302e-02
4.722502725426017123e-02 6.348084906737010147e-02
4.693319975602917860e-02 6.368366484012868978e-02
4.667533308313023821e-02 6.387811857793065928e-02
4.645144661161594579e-02 6.391699405180083227e-02
4.627680643348068557e-02 6.391508401268058970e-02
4.596469375282162539e-02 6.418389226827356242e-02
4.601983818021125605e-02 6.498307196630372096e-02
4.547701672673588880e-02 6.432320011986626673e-02
4.504413356459358725e-02 6.476360518071386241e-02
4.505522960297218132e-02 6.532784861822922562e-02
4.474384831718918737e-02 6.469057831499311351e-02
4.475612132015024947e-02 6.430827991829977941e-02
4.452199538851656785e-02 6.428885480595959712e-02
4.439872568018916194e-02 6.490825903084543325e-02
4.407304718454436304e-02 6.452780941294299077e-02
4.365983189696946015e-02 6.502339885466629221e-02
4.379316703302831015e-02 6.564160933097203110e-02
4.339412700884589386e-02 6.583288084301683329e-02
4.348967301591140366e-02 6.545717041525575541e-02
4.297757495149243101e-02 6.681221268243259237e-02
4.281981900425219090e-02 6.691266699797576711e-02
4.255173643823803586e-02 6.697328968180550623e-02
4.254871456906562932e-02 6.718906035853756953e-02
4.292988193380396778e-02 6.561608943674299144e-02
4.215242692110378331e-02 6.787383784022596456e-02
4.194091087797793133e-02 6.678633660905891611e-02
4.177237825649904313e-02 6.706482792894045974e-02
4.143763882130747922e-02 6.651051176918877650e-02
4.135150706577228608e-02 6.809810818069511607e-02
4.148866961960021721e-02 6.563448512719737005e-02
4.098224769369131215e-02 6.619403594070011332e-02
4.086748926287016997e-02 6.845500754813353683e-02
4.059172743113666215e-02 6.860302802589204885e-02
4.044091876414490638e-02 6.784163725872834061e-02
4.008831834511422665e-02 7.019797340035438538e-02
4.006124808021434974e-02 6.909121014177799225e-02
3.993221728994351960e-02 6.943103091584311437e-02
3.963170978581396359e-02 6.790446572833591654e-02
3.960184288415603826e-02 7.075303627385033656e-02
3.939169915620147067e-02 6.944984901282522105e-02
3.920534132729943527e-02 6.999379251566198445e-02
3.911214014060977046e-02 6.903542578220367432e-02
3.883220521142569798e-02 7.039062616725762223e-02
3.866705674360074868e-02 7.112959813740518666e-02
3.845307021969702338e-02 7.251343793339198873e-02
3.836195015280348397e-02 7.174615975883272267e-02
3.802054814948904737e-02 7.227731392615371897e-02
3.778027477333458645e-02 7.239562376505798147e-02
3.760150775722250621e-02 7.416730974283483602e-02
3.748271449628036434e-02 7.451767826245890569e-02
3.733850356827422140e-02 7.490529595977729604e-02
3.717160432758491451e-02 7.543046130902236746e-02
3.705558854314248973e-02 7.800964079797267914e-02
3.701236261418316270e-02 7.672282598084873007e-02
3.666381536778516581e-02 7.645625952217313670e-02
3.651480393756816739e-02 7.857214349011580612e-02
3.631047717091150095e-02 7.794174510571691417e-02
3.603583643576357270e-02 7.833047563003169012e-02
3.599132982468822989e-02 7.912624441087245941e-02
3.581880726965099015e-02 7.955438395341236923e-02
3.591182288463886513e-02 7.577916379604074382e-02
3.628061861708396785e-02 8.203348600202137186e-02
3.627256010999766606e-02 8.241910570197635844e-02
3.585806783152425958e-02 7.573972538941436961e-02
3.582721356893094761e-02 7.196779818170601084e-02
3.518537848778977711e-02 7.594406977295875549e-02
3.493564908688024523e-02 7.832063568962945033e-02
3.471262923373681641e-02 7.694931307600604009e-02
3.447889571827722488e-02 7.827585583759678889e-02
3.425710458626470695e-02 8.009865528179539729e-02
3.422847908081078083e-02 7.852958473894330882e-02
3.393237907212318105e-02 7.934991891185443069e-02
3.383268345510814096e-02 8.185254120164447977e-02
3.383488824772762360e-02 8.176239828268687393e-02
3.382391127098987454e-02 8.024632537530528020e-02
3.392852412355018554e-02 8.033890670372380305e-02
3.336074909695038032e-02 8.333367585308021352e-02
3.370919867941155751e-02 8.167989965942171193e-02
3.449626316929736008e-02 8.137663205464680527e-02
3.397325927209926544e-02 8.286117948591709137e-02
3.344618084999483043e-02 8.107466643883122492e-02
3.339857647831483839e-02 8.347944977382819320e-02
3.335731887690177727e-02 8.217407804396417714e-02
3.325145567835467719e-02 8.170692250132560730e-02
3.303360375689297357e-02 8.295855919520060684e-02
3.295030022358021865e-02 8.415272666348351527e-02
3.290594789403968046e-02 8.091925933129257009e-02
3.269775233390491420e-02 8.426439099841648295e-02
3.239078656202409173e-02 8.434398203260368154e-02
3.228429285809397697e-02 8.584318620463211869e-02
3.238715733424192555e-02 8.457859853903453018e-02
3.326310597859868240e-02 8.070478339989979599e-02
3.379403623729580752e-02 7.756715785298082255e-02
3.266428769906846302e-02 8.349094415704409744e-02
3.246650527935565633e-02 8.078199769887658976e-02
3.217145122542250379e-02 8.334643310970729635e-02
3.195145792077954544e-02 8.262693902684582758e-02
3.200738875922269633e-02 8.192594266600078390e-02
3.278287437676292992e-02 9.036879448427094508e-02
3.300643775884697789e-02 8.472616059912575770e-02
3.293902133364320917e-02 8.536016609933641530e-02
3.208386474970455898e-02 9.140166950722534989e-02
3.193091671550419425e-02 9.077379459308253240e-02
3.205361333107802774e-02 8.981501373151938583e-02
3.142799071331576349e-02 1.000952654414706822e-01
3.128953551782703846e-02 9.238553833630350209e-02
3.176668841709814201e-02 8.922350220382213593e-02
3.101985186065842406e-02 9.962962909291188385e-02
3.076400619181917859e-02 1.034865659765071277e-01
3.056085737785551454e-02 1.053299600672390757e-01
3.034099929670735010e-02 1.046210998255345526e-01
3.040904774353271611e-02 1.060582825707064719e-01
3.010241102381813749e-02 1.061877043296893391e-01
3.021531737205095450e-02 1.121811601850721540e-01
3.037994963730253697e-02 1.035451119144757542e-01
3.086910760825182024e-02 9.997380090256531571e-02
3.087856846566243776e-02 1.038403411706288609e-01
3.107187136008245087e-02 1.035180241904324894e-01
3.043101174279865678e-02 1.092516373222072873e-01
3.010939641446783860e-02 1.063829581770631971e-01
3.000359370077891955e-02 1.108811586681339445e-01
2.972289755736000696e-02 1.072126095079713459e-01
