2.795087246269714609e-01 1.142516490072011948e-01
1.023755669593811035e-01 9.794782019323772237e-02
9.024653056772743986e-02 8.938256547682815745e-02
8.316080840077341718e-02 8.511659875512123108e-02
7.960956984358590061e-02 8.309838030901220418e-02
7.760310082173929591e-02 8.148081000480386638e-02
7.606333637292064798e-02 8.192288999756176804e-02
7.478924043385720699e-02 8.031175947851604269e-02
7.387813987074101640e-02 7.895127683877944946e-02
7.324104424475169628e-02 7.778870066006977890e-02
7.264689319744342677e-02 7.850434155099922373e-02
7.213745968098320138e-02 7.730133810804949712e-02
7.191358218196688967e-02 7.668284161223305750e-02
7.151005626088235978e-02 7.683615717622968577e-02
7.134105980668853375e-02 7.631337704757849838e-02
7.098479911957572552e-02 7.605024882488781168e-02
7.078728665847604240e-02 7.593273392154110957e-02
7.057754840792679341e-02 7.573750553031761978e-02
7.040475731397546899e-02 7.574753090739250183e-02
7.020801178565840017e-02 7.569665420386526011e-02
7.003177461645952728e-02 7.574307587411668874e-02
6.990759940136496986e-02 7.573719032936626627e-02
6.974548751079454045e-02 7.551174445284737635e-02
6.955460820165348945e-02 7.552154527770148229e-02
7.078366076982603450e-02 7.649751856095260427e-02
7.015584654560903799e-02 7.598177943792608358e-02
6.967596321298581696e-02 7.641188489894072677e-02
6.940707596155201720e-02 7.580342226558262064e-02
6.910303771132375594e-02 7.524011884298589803e-02
6.893651718955214058e-02 7.520535215735435486e-02
6.872552183524864577e-02 7.512522675096988678e-02
6.853586094590222166e-02 7.563183249698744726e-02
6.860127708897358068e-02 7.504666265514162160e-02
6.819518117188680395e-02 7.558381433288256790e-02
6.788676665959561540e-02 7.598329128490553808e-02
6.775786182502420429e-02 7.419323672850926255e-02
6.682462495092938992e-02 7.310387388699585154e-02
6.539504691140680948e-02 7.409376071559058141e-02
6.485698528860400769e-02 7.171661841372649338e-02
6.316971531274115370e-02 7.095136576228672221e-02
6.232046358650777246e-02 7.055236212909221649e-02
6.153573004937753360e-02 7.188521118627654027e-02
6.109763216227293015e-02 7.050576392147275828e-02
6.047207287444573975e-02 7.028740354710155680e-02
6.000693074268538540e-02 7.038927885393302109e-02
5.956600372475094607e-02 7.017110060486528300e-02
5.920104557512009813e-02 7.110955421295431234e-02
5.877373503839097152e-02 7.024247882266838883e-02
5.835705198256707638e-02 7.004882209002971649e-02
5.793856513663762919e-02 7.043022765881484792e-02
5.754447823799237888e-02 7.035328385730584000e-02
5.731471453043746056e-02 7.034300929970210836e-02
5.705826644354113769e-02 7.006266506181822729e-02
5.675711412346217538e-02 7.013536058366298676e-02
5.629335716366767883e-02 6.986599415540695190e-02
5.606103089933351519e-02 6.989698981245358322e-02
5.575155009083995056e-02 7.003890867862436198e-02
5.546541960637380725e-02 6.985899599062071752e-02
5.509171278284090423e-02 7.085719994372791097e-02
5.490177659681293870e-02 7.041647761232322500e-02
5.443313655375343896e-02 7.047391186157862808e-02
5.423008902679856552e-02 7.074767702983485174e-02
5.417790864707856813e-02 6.996895621220271255e-02
5.371167259745118078e-02 7.017826371722751810e-02
5.344449462959679348e-02 7.130876618127028610e-02
5.336488911700321136e-02 7.136794759167565394e-02
5.289510784034685137e-02 7.184267478684584762e-02
5.262229998209854570e-02 7.283327335284815740e-02
5.235699462000190096e-02 7.236139559083515360e-02
5.217792124419314004e-02 7.315641600224706553e-02
5.191023023117605911e-02 7.330593508150842763e-02
5.171968061022642199e-02 7.319280339611901331e-02
5.150709348935179899e-02 7.449362654652860738e-02
5.117794874737539162e-02 7.419309475355678751e-02
5.084368039104270043e-02 7.489237851566737936e-02
5.059270626615460648e-02 7.561201188299390696e-02
5.045386742255309614e-02 7.640367560088634491e-02
5.004048859700560570e-02 7.651858963072299957e-02
4.975665273235702069e-02 7.696850411593914032e-02
4.973002594736654347e-02 7.741050918896992539e-02
4.958020961593564285e-02 7.776538903514544632e-02
4.927844202100503668e-02 7.833499006099170492e-02
4.939996865691571870e-02 7.737488009863430216e-02
4.927013993899270056e-02 8.034676996370156143e-02
4.891285972624290213e-02 8.127672287325064804e-02
4.857899347411059887e-02 8.221156688200102758e-02
4.854167169868582599e-02 8.290130231115552806e-02
4.819553811103105545e-02 8.358256953457991745e-02
4.793568194003366978e-02 8.448406598634189413e-02
4.795362300625661406e-02 8.509691721863216207e-02
4.757259828152089753e-02 8.459886825746959493e-02
4.722653097677521894e-02 8.769232365820142650e-02
4.708840845652469825e-02 8.814877830445766449e-02
4.682670717650070508e-02 8.861390687525272369e-02
4.672891689782462249e-02 8.849249800874127436e-02
4.639362776651978493e-02 8.905130128065745498e-02
4.610565625040269344e-02 9.113936374584834244e-02
4.591389867000100072e-02 9.139843533436457779e-02
4.586268769486284702e-02 9.207265182501739309e-02
4.554280792022260410e-02 9.489216676188839961e-02
4.544545104727149010e-02 9.226759295496675395e-02
4.525016157365426700e-02 9.637689238621129084e-02
4.501856570472804325e-02 9.443887302445040655e-02
4.489681226905525846e-02 9.447494708001613617e-02
4.465063079828169440e-02 9.604230978422695353e-02
4.443061020134425609e-02 9.577200685938198899e-02
4.428429190614601579e-02 9.493202405671279098e-02
4.413474808878651429e-02 9.764914545747968577e-02
4.398381230762091892e-02 9.418922435078355693e-02
4.390105900422829055e-02 9.760809296535120916e-02
4.381889409226615018e-02 9.440942626032564067e-02
4.378115134768006261e-02 9.868464515440994456e-02
4.340292503148680814e-02 9.683359021113978338e-02
4.316350058993188160e-02 9.915586312611897324e-02
4.289834319454867428e-02 9.845808376040723897e-02
4.286413485320603178e-02 9.613764348129431869e-02
4.273813501818150840e-02 9.820831173823939275e-02
4.269126719772452228e-02 9.628981413940589096e-02
4.270986953704822287e-02 9.428399697773987009e-02
4.244685228686870260e-02 9.669826531575785589e-02
4.247517454460626729e-02 9.524897009962135508e-02
4.239379783819725162e-02 9.729239220420519973e-02
4.233395871592730841e-02 9.319349875052769516e-02
4.237479798314047752e-02 9.265155469377835129e-02
4.224050277844071388e-02 9.101291497548420761e-02
4.224406403103252855e-02 9.085468451182047989e-02
4.199505448568521815e-02 9.134486027889782145e-02
4.201993012301078606e-02 9.008834304081068944e-02
4.179601476913908514e-02 9.027645053962866928e-02
4.174086243686515874e-02 9.099055060909853887e-02
4.152443688135684652e-02 9.176149612499608088e-02
4.142628092227912395e-02 9.123631939291954041e-02
4.151709440232413673e-02 9.218817080060641433e-02
4.154232829218593853e-02 9.099939279258251190e-02
4.125736892314219029e-02 9.334897767338487529e-02
4.103642931526026855e-02 9.317186743848854258e-02
4.099121698882521314e-02 9.406575063864390518e-02
4.077540034791681672e-02 9.378147187332312729e-02
4.051160078677462639e-02 9.455483261909750081e-02
4.055118978750414660e-02 9.509441587660047435e-02
4.030030722752576955e-02 9.406885753075282242e-02
3.998476849505450820e-02 9.528563771810796834e-02
3.982219076147529985e-02 9.614056431584888651e-02
3.979091364436033312e-02 9.725942607555124186e-02
3.997421224896863939e-02 9.771271319025093272e-02
3.963047494294076600e-02 9.575987876289421274e-02
3.930782966270315870e-02 9.700847541292507981e-02
3.927528688956687802e-02 9.753613608578841354e-02
3.917519590340372976e-02 9.721471079521709635e-02
3.890128267883527502e-02 9.950596756405299947e-02
3.878007012578409129e-02 9.918119116789764211e-02
3.868428019170717241e-02 1.013848301437166033e-01
3.886024128055063503e-02 1.012818266948064122e-01
3.869436169043183327e-02 1.004764348682430086e-01
3.838143919072136562e-02 1.029598870211177464e-01
3.851186319413345271e-02 1.015082922660642262e-01
3.822238031184164303e-02 1.019065570500161944e-01
3.815993798396936226e-02 1.054255314585235415e-01
3.788739123676971438e-02 1.038147556698984508e-01
3.804302443863778749e-02 1.055703546024031048e-01
3.759936368229185866e-02 1.060467157512903214e-01
3.819833784477739969e-02 1.039553061127662659e-01
3.877940643351615591e-02 1.050361483875248136e-01
3.824108594846797882e-02 1.029525821407635960e-01
3.785246213125746662e-02 1.066760050339831262e-01
3.741851769296861141e-02 1.066442034724685850e-01
3.717048796711534819e-02 1.064956569009357090e-01
3.707144614990528358e-02 1.079897706707318578e-01
3.685426143020754941e-02 1.117121552427609715e-01
3.680185403493119178e-02 1.126372690002123561e-01
3.674313510063945132e-02 1.135328153355254083e-01
3.732287562338680587e-02 1.049336246732208433e-01
3.712083950139036942e-02 1.155412865595685096e-01
3.678163045608415921e-02 1.122253249502844219e-01
3.665842438434682021e-02 1.156699665718608494e-01
3.664434534247692360e-02 1.150938508411248479e-01
3.651795779332155101e-02 1.178590508384837060e-01
3.648273398100239373e-02 1.191356871277093887e-01
3.625383738019481022e-02 1.158117883735232945e-01
3.615209268315172642e-02 1.205426317950089726e-01
3.612184907286995761e-02 1.173417957292662711e-01
3.626223596766954549e-02 1.137302010837528410e-01
3.610220277772807629e-02 1.217000496884187016e-01
3.593330030761113930e-02 1.163649747355116754e-01
3.576005681804040465e-02 1.198442714909712520e-01
3.558200650007986576e-02 1.254230563839276724e-01
3.597616002236197347e-02 1.252387290199597769e-01
3.624551776205984371e-02 1.107000091837512107e-01
3.572377101404637656e-02 1.146333403885364532e-01
3.580286258422746976e-02 1.089754535092247872e-01
3.644471971045543796e-02 1.102258846577670870e-01
3.562272576297201981e-02 1.169281833701663609e-01
3.543365977295651753e-02 1.142745392604006677e-01
3.517579822233173753e-02 1.169369400789340291e-01
3.505132730096215121e-02 1.151044186618593035e-01
3.478873145153246055e-02 1.206390408592091651e-01
3.461564794500789771e-02 1.165841712305943217e-01
3.479242287916926163e-02 1.144033119910293217e-01
3.455766042262860965e-02 1.160843490312496867e-01
3.437075777569922191e-02 1.185243767168786821e-01
