2.723795892670750618e-01 9.261436863905853079e-02
8.442505839757802333e-02 8.732605373693837214e-02
8.023470867334342449e-02 8.401130988366073415e-02
7.747103907622215901e-02 8.157260736657513667e-02
7.533586777110652666e-02 8.116453596287304117e-02
7.374403916481064858e-02 7.809506460196441457e-02
7.354879629139493558e-02 7.782793396876917791e-02
7.184001614862098317e-02 7.587613165378570557e-02
7.117795312731731161e-02 7.537692185077402018e-02
7.054020634784204102e-02 7.456115033063623332e-02
7.008429112412579987e-02 7.418717795775996160e-02
6.969660016276486847e-02 7.364462978310054586e-02
6.935897317328830469e-02 7.322691712114545726e-02
6.907995853845666501e-02 7.333159322539965774e-02
6.879837745119159187e-02 7.368687229851882126e-02
6.855910939232605361e-02 7.267566149433453415e-02
6.822611525563931911e-02 7.238153513107034587e-02
6.796232813106077575e-02 7.230355735454294108e-02
6.769797660228682457e-02 7.209393609729078389e-02
6.735749965215601098e-02 7.191716465685102366e-02
6.701981317161059826e-02 7.188935743437872838e-02
6.671281674558796060e-02 7.248131020201577235e-02
6.640731936275232061e-02 7.236964772972795390e-02
6.591458800362377801e-02 7.103851189215977524e-02
6.533541112411313245e-02 7.058785110712051392e-02
6.458220755817686842e-02 7.027621712121698283e-02
6.378896209615760038e-02 7.315122439629501150e-02
6.293398205463479611e-02 6.911849644449022390e-02
6.230802881735854337e-02 6.988082826137542725e-02
6.161206254235854912e-02 7.061534830265575602e-02
6.083220915823447927e-02 6.945692851311630056e-02
6.040593109479764494e-02 6.826820265915659047e-02
5.988144210153600183e-02 6.808431963953706645e-02
5.934409322444259005e-02 6.741135629514853622e-02
5.888673952757948749e-02 6.813925959997707560e-02
5.833848606704211681e-02 6.789143735335932683e-02
5.789151594678803442e-02 6.748193667994605016e-02
5.754270800957229232e-02 6.719362735748291016e-02
5.717884361880218314e-02 6.725794946153958176e-02
5.670528337586580592e-02 6.733353642953766871e-02
5.631179178542480152e-02 6.695824737350146438e-02
5.594236638805851619e-02 6.684003045989407588e-02
5.552479556602675503e-02 6.685606431629922963e-02
5.507282618569528387e-02 6.910207495093345642e-02
5.480693507848716228e-02 6.646986740330855514e-02
5.555974563765453400e-02 6.584393812550438929e-02
5.427015291118040402e-02 6.623838303817643214e-02
5.388947106080084481e-02 6.616950738761159800e-02
5.345387623940662386e-02 6.622362426585620687e-02
5.312447141992246435e-02 6.597444829013612844e-02
5.275203645365630911e-02 6.641759019758966542e-02
5.234358740243606756e-02 6.722402220798863459e-02
5.203092346967357062e-02 6.576425913307401561e-02
5.191126799710640144e-02 6.581784267392423726e-02
5.177772982136868984e-02 6.550090697904427384e-02
5.133886717078162132e-02 6.567524373531341553e-02
5.097475692220940907e-02 6.590106276174385880e-02
5.070390611341813597e-02 6.544472235772344493e-02
5.037017332435381189e-02 6.607424778242905472e-02
5.000844815882241057e-02 6.600652303960588552e-02
5.056282397495900915e-02 6.542629355357752752e-02
4.975086389245783614e-02 6.595309306350019551e-02
4.937565575421946906e-02 6.579677595032586146e-02
4.906823452016929182e-02 6.611348626514275406e-02
4.876467018819800187e-02 6.637982548111015513e-02
4.853529370639745461e-02 6.599862211280399515e-02
4.819060080662006251e-02 6.562479833761851455e-02
4.789983406208637301e-02 6.558601020110978175e-02
4.772360986325799304e-02 6.681894552376535512e-02
4.757619096057080776e-02 6.631815992295742035e-02
4.720955909933985395e-02 6.610099288324515487e-02
4.692270398912269658e-02 6.660896456903880880e-02
4.664939927028083355e-02 6.778121284312671468e-02
4.636568616984820812e-02 6.830775075488620951e-02
4.615407746012618190e-02 6.826816540625360585e-02
4.605774390624790826e-02 6.877797283232212067e-02
4.599976719061776159e-02 6.947527225646707438e-02
4.558485331831545195e-02 6.988798288835419703e-02
4.539273956381693204e-02 7.034425851371553517e-02
4.489766219176533762e-02 7.134745787415239238e-02
4.499291313993858399e-02 7.111462619569566823e-02
4.483524446443813705e-02 7.110624574124813080e-02
4.477339953456709737e-02 7.279240836699803208e-02
4.423159379057767931e-02 7.417703150875037954e-02
4.457996760654013568e-02 7.082862220704555511e-02
4.358907025761720594e-02 7.356238220300939656e-02
4.392724098047105091e-02 7.357114884588453196e-02
4.427325776664585433e-02 7.137877142263783503e-02
4.387978410984321592e-02 7.226539113455349161e-02
4.348806604152408856e-02 7.197971455752849579e-02
4.299171899286348408e-02 7.414840306672784709e-02
4.286315941774263699e-02 7.229078747332096100e-02
4.253929803465924392e-02 7.228869717154237651e-02
4.234647386275777053e-02 7.305945311155584432e-02
4.201949292384996731e-02 7.187991485827499583e-02
4.174011602725197917e-02 7.324828890462715958e-02
4.151868979196723236e-02 7.337398868468072988e-02
4.125806354213415461e-02 7.417631314860449743e-02
4.096294777104404067e-02 7.434145857890446518e-02
4.078583808888385648e-02 7.444423147373729899e-02
4.057563697101503053e-02 7.559038719369305659e-02
4.035609786784866843e-02 7.672466668817731761e-02
4.011174092614432779e-02 7.629840489890840627e-02
3.969828184784912617e-02 7.640798586524194524e-02
3.946168743437383081e-02 7.760032473338975001e-02
3.943502820074194781e-02 7.501061819493770599e-02
3.940984719183023705e-02 7.623305844349993754e-02
3.889874984487527720e-02 7.792254620128208353e-02
3.852159315265896861e-02 7.855308200750085734e-02
3.863293594658011310e-02 7.793776163210471009e-02
3.817579256961258632e-02 8.374766032728883647e-02
3.863422712311148643e-02 8.252434018585416697e-02
3.855638728454345576e-02 7.711837833954228449e-02
3.800862642550250498e-02 7.947439783149296000e-02
3.782962054786521977e-02 7.720304911749230337e-02
3.779161528388901709e-02 7.871761141965787079e-02
3.765618978295384722e-02 7.760744873020383738e-02
3.728869994647982661e-02 7.850888526688019897e-02
3.733439010954121146e-02 7.728580913196007873e-02
3.719119410734714193e-02 7.695509907272127248e-02
3.696732011782687122e-02 7.738288347091940023e-02
3.710161198339447658e-02 7.623270050519043162e-02
3.682541886980577467e-02 7.915822488980160665e-02
3.660594824156383070e-02 7.844962469405597494e-02
3.627371885700196585e-02 8.080861945119169332e-02
3.607174563335209527e-02 7.876471864680449630e-02
3.628119735456094425e-02 7.919279423852761124e-02
3.660166781486534626e-02 7.842624973919656850e-02
3.609247255797793513e-02 7.946444882286919642e-02
3.565459166903321014e-02 7.804988593690925791e-02
3.547226181026638669e-02 8.067500798238648463e-02
3.533396088495487086e-02 7.916041567093795583e-02
3.599639950183833315e-02 8.007291145622730255e-02
3.624245242738142331e-02 7.930580464502175186e-02
3.591880824689457768e-02 8.224192240999804449e-02
3.548771065727966689e-02 8.352849508325259353e-02
3.522994568026283774e-02 8.344536647200584412e-02
3.478695521494600679e-02 8.405623729858133220e-02
3.488084369498055393e-02 8.369113980895942495e-02
3.556321247866967711e-02 8.741602881087197352e-02
3.505535754261583647e-02 8.953472361382511235e-02
3.468363503811926207e-02 9.156642078111569549e-02
3.452807830692064539e-02 9.222453998194800329e-02
3.447934074281919226e-02 9.299977579050594523e-02
3.501174374051937294e-02 9.393075036091937113e-02
3.496172574416893386e-02 9.548831544816493988e-02
3.560096584260463715e-02 9.560059259335200454e-02
3.512689165725577101e-02 9.324642312195566274e-02
3.509489625192633439e-02 9.230584133830335714e-02
3.442685703587967938e-02 9.444752521812915802e-02
3.441620105877518654e-02 9.620180353522300720e-02
3.394312254811932689e-02 9.737126198079851247e-02
3.360467387090732699e-02 9.715983892480532791e-02
3.324942232859207092e-02 1.000417336407634916e-01
3.320236178115010262e-02 9.988682013418939687e-02
3.338711808163036948e-02 9.929493731922572897e-02
3.303298985631000773e-02 1.013274768160449119e-01
3.283411188891566246e-02 1.014314175893862996e-01
3.270290441038768703e-02 1.014117296371195021e-01
3.241388061901599726e-02 1.013143341988325119e-01
3.229817765106151456e-02 1.034058833287821860e-01
3.221487964321745334e-02 1.079507542567120643e-01
3.205848891833206621e-02 1.003929867098728862e-01
3.226212353059431520e-02 1.052616056468751726e-01
3.194004095091325379e-02 1.081204259147246632e-01
3.187738724688931463e-02 1.064010045180718150e-01
3.151801004210805224e-02 1.072515263739559355e-01
3.143416567728286870e-02 1.105629356784953027e-01
3.148513095362520664e-02 1.087899688217374983e-01
3.161414408283989841e-02 1.032017339020967484e-01
3.243857072439135236e-02 1.086483521180020423e-01
3.269053425458146034e-02 1.065303242454926219e-01
3.233136971503859647e-02 1.111206906951135998e-01
3.169394746740780006e-02 1.031804090986649242e-01
3.155904697118008806e-02 1.056753802630636396e-01
3.112546604967153518e-02 1.115164299392037983e-01
3.090523001624316535e-02 1.090447528080807776e-01
3.093068079068893306e-02 1.171826041407055263e-01
3.086552225484898854e-02 1.104149112684859185e-01
3.066917063622939810e-02 1.138543774270349140e-01
3.089741958168948713e-02 1.146131128900580998e-01
3.089080003612652142e-02 1.134189408686425982e-01
3.158784742330814077e-02 1.051982585340738297e-01
3.077336348502374141e-02 1.106220953580406008e-01
3.244264661220878920e-02 1.003267636729611306e-01
3.098341221807569823e-02 1.120260746942626090e-01
3.119768292597699388e-02 1.062433860368198757e-01
3.082300539173912779e-02 1.038602379461129460e-01
3.035393698572567273e-02 1.098371357139613924e-01
3.014222815314807416e-02 1.116270048336850257e-01
3.029771926017795977e-02 1.051597953256633577e-01
3.072493041797381974e-02 9.956984284023444320e-02
3.255820117050373108e-02 1.016528809236155600e-01
3.237468424457602689e-02 9.097327188485199168e-02
3.117187678950225291e-02 9.189228547943963099e-02
3.093636288625619887e-02 8.993875462975767232e-02
3.019085811541938336e-02 9.930057347648674204e-02
3.053939661647124895e-02 9.574849841495354508e-02
3.002849757875792822e-02 9.910396776265567587e-02
2.964307399602924761e-02 9.883902056349648524e-02
