7.110815179057237145e-01 5.850467185179392127e-01
4.330332559056398467e-01 1.725638517075114842e-01
1.132837496697902679e-01 1.030174748351176534e-01
9.524110357118088788e-02 9.545072126719686412e-02
8.870706421027822752e-02 9.137677442696359731e-02
8.393473039585643003e-02 8.688587281439039134e-02
8.009673827668516155e-02 8.353150884310404922e-02
7.718302741101602804e-02 8.093881814016236353e-02
7.507881692542535401e-02 7.934840665095382883e-02
7.376669926523435339e-02 7.821256398326820181e-02
7.277253563175113682e-02 7.749198273652130320e-02
7.219515906692278162e-02 7.696059408287207748e-02
7.148786904517470675e-02 7.689690113895469858e-02
7.096563513595156858e-02 7.573930960562494374e-02
7.050913456463958617e-02 7.517333328723907471e-02
7.020034232154125087e-02 7.471156410045093343e-02
6.967805582666541930e-02 7.534491498437193013e-02
6.929254808985604863e-02 7.933657574984762095e-02
6.907071145932848488e-02 7.369220753510792588e-02
6.849170040066648868e-02 7.500114374690586283e-02
6.811437821697170769e-02 7.421888204084502172e-02
6.787162710253785702e-02 7.235910991827647354e-02
6.735467815362825017e-02 7.221296119193236496e-02
6.709405816182857640e-02 7.162612097130881261e-02
6.654563725630684157e-02 7.138884874681632187e-02
6.613027854118405657e-02 7.943248127897580002e-02
6.606437742891835274e-02 7.146878664692242478e-02
6.560570579703624283e-02 7.136679627001285553e-02
6.522048834893034996e-02 7.215057975716060445e-02
6.487185485297586318e-02 7.055745315220621205e-02
6.455395847740696968e-02 7.079232277141676855e-02
6.426632701896312083e-02 7.030527024633353994e-02
6.385345027850168609e-02 7.028923701081010722e-02
6.354600275162516909e-02 7.033320847484800242e-02
6.333673822625381089e-02 7.012399368815952494e-02
6.302456898478472902e-02 7.034295880132251932e-02
6.320300171288048552e-02 7.031805751224358414e-02
6.261844555960922876e-02 6.993147047857443954e-02
6.217954232834461276e-02 6.991051985985702322e-02
6.185733772269109282e-02 6.972316983673307322e-02
6.148282522562800723e-02 7.019967378841505956e-02
6.123100811751877592e-02 6.970059809585411881e-02
6.092187017202377319e-02 6.995918560359212779e-02
6.060846551980187541e-02 7.019009192784626816e-02
6.033368395050851124e-02 7.024027407169342041e-02
6.004723154644413946e-02 7.046597844196690608e-02
5.982094844121758209e-02 7.035892808602915716e-02
5.950327531048437563e-02 7.065993630223804667e-02
5.927816914712510238e-02 7.056726225548320963e-02
5.898949335806253497e-02 7.095207004911369131e-02
5.873609126386482304e-02 7.117327509654892970e-02
5.850483382847614100e-02 7.112394128408697225e-02
5.817156095375738273e-02 7.132983745800124120e-02
5.790517203191795220e-02 7.094779196712705516e-02
5.760335662152345909e-02 7.099636457860469818e-02
5.733588692255136426e-02 7.044298988249567128e-02
5.698689202800756581e-02 7.080950650076071884e-02
5.668063523111546709e-02 7.064571066035164881e-02
5.639627135199744290e-02 7.058420694536632345e-02
5.606051707049695271e-02 7.061836019986206248e-02
5.579465409604514314e-02 7.065909045437972213e-02
5.548834344145001096e-02 7.038698697255717229e-02
5.515543828014193850e-02 7.014962948030895040e-02
5.482589163840180524e-02 7.015612535178661346e-02
5.455427373782163747e-02 7.029451616108417511e-02
5.426564176635044479e-02 7.016902789473533630e-02
5.397983549571618717e-02 6.986955284244483755e-02
5.361440233749950601e-02 6.949474207229083822e-02
5.333846430407791772e-02 6.941796156267325546e-02
5.289734411621239279e-02 6.898745273550350998e-02
5.264151866388756817e-02 6.918031287690003250e-02
5.230230779000898805e-02 6.887678512268596842e-02
5.188815511490513926e-02 6.883082683715555095e-02
5.162998402445781454e-02 6.869503214127486990e-02
5.134858765707510375e-02 6.888971353570620682e-02
5.098659129495301118e-02 6.883955291575855062e-02
5.077157043511184437e-02 6.839062708119551803e-02
5.033373060386355652e-02 6.844535635577307653e-02
5.009431900774560104e-02 6.819114854766263056e-02
4.969700373618340938e-02 6.822080910205841064e-02
4.940896421080318707e-02 6.764722615480422974e-02
4.910502878085869216e-02 6.783176544639799022e-02
4.884093420625459925e-02 6.774631742801931478e-02
4.850775663309344482e-02 6.771983102791839793e-02
4.826263498469460234e-02 6.838456334339247655e-02
4.797947632784887312e-02 6.811397150158882141e-02
4.766971739463326391e-02 6.808628452320893143e-02
4.735142911398192850e-02 6.862909864220353984e-02
4.712246703665431274e-02 6.860629469156265259e-02
4.690147848890685589e-02 6.839582862125502538e-02
4.659579581830922829e-02 6.873351790838772013e-02
4.637583016940369923e-02 6.824173592031002045e-02
4.601223942846423276e-02 6.845438956386512563e-02
4.574936144508239683e-02 6.900071000887288142e-02
4.545184531498972641e-02 6.885246973898676015e-02
4.515496832205027899e-02 6.904448568820953369e-02
4.486813102053796576e-02 6.929757487442758657e-02
4.463205082205737306e-02 6.971679483022955037e-02
4.437038849857521949e-02 6.978364268110857915e-02
4.408546065820789783e-02 7.001590149270163488e-02
4.386933922495057231e-02 7.058351176480452682e-02
4.357843260030921234e-02 7.083828064302603866e-02
4.338903801243116504e-02 7.124550185269779012e-02
4.309099362935961408e-02 7.186227622959348582e-02
4.285728803086208405e-02 7.205519183642333791e-02
4.261635740219456292e-02 7.281118300225999929e-02
4.236882711510833038e-02 7.270883541140291118e-02
4.212099708980176355e-02 7.285670998195807602e-02
4.187180263149302417e-02 7.333373712996642257e-02
4.164214993304595630e-02 7.399828856190045212e-02
4.158937004281253180e-02 7.406322182052665903e-02
4.129414157033330091e-02 7.467018854286935903e-02
4.120899649427794964e-02 7.478474701444308426e-02
4.099226263692466038e-02 7.520433949927489425e-02
4.079396300381276513e-02 7.597421088980303716e-02
4.051475084909215291e-02 7.625503465533256531e-02
4.028199330290279517e-02 7.670315417150656845e-02
4.003932727955099996e-02 7.643556036055088043e-02
3.995097247974538357e-02 7.794254355960422709e-02
3.971520611425725239e-02 7.822432575954331446e-02
3.945546885725201292e-02 8.035403096841441106e-02
3.923019052414995766e-02 7.990004412002033041e-02
3.914877817761606982e-02 7.918593390948241995e-02
3.883902282204206718e-02 8.046542625460359477e-02
3.878588840456270725e-02 8.096874546673563100e-02
3.874733444394135029e-02 8.241257713072830393e-02
3.846940666255427299e-02 8.230659717486964178e-02
3.840027771117847377e-02 8.471640406383408595e-02
3.826276303791418393e-02 8.503580362432533457e-02
3.790823679144789821e-02 8.543303670982520248e-02
3.770037750690811984e-02 8.736202203565174296e-02
3.744633047182748670e-02 8.873076198829545069e-02
3.722702739078823791e-02 8.874188260071808054e-02
3.709656887165293376e-02 8.882341989212566569e-02
3.702766442580557316e-02 8.903608491851223994e-02
3.681595105586982219e-02 8.868104798926247645e-02
3.673362914790830741e-02 8.845432620081636332e-02
3.663403656697127725e-02 8.745924673146671102e-02
3.657432095851839704e-02 8.811019154058562231e-02
3.647387449107155483e-02 9.084903593692514323e-02
3.643680087904014459e-02 8.938896759516662405e-02
3.620549291372299194e-02 8.939557232790523722e-02
3.648457129872063193e-02 9.111709954837958481e-02
3.604376590924292245e-02 9.336054614848560140e-02
3.598288838501747383e-02 9.260235271520084188e-02
3.572817254675234033e-02 9.474407426185077474e-02
3.578631015403604954e-02 9.482911374006006144e-02
3.552568317731705921e-02 9.633792315920193527e-02
3.532158000758144761e-02 9.714534444113571976e-02
3.539830989136201478e-02 9.776257330344782781e-02
3.497670677195235250e-02 9.922053561442428782e-02
3.486586445033913739e-02 9.877414608167277288e-02
3.504389086056772934e-02 9.487143448657459066e-02
3.462113826194914562e-02 1.006623550007740703e-01
3.452030249030851872e-02 1.029011950724654789e-01
3.459705870098820496e-02 1.032175674206680660e-01
3.454933957219487317e-02 1.049709158639113155e-01
3.422966659659656269e-02 1.038752984669473467e-01
3.441617560641067886e-02 1.037264867789215450e-01
3.414831017484751957e-02 1.021171309467819033e-01
3.429529976054299101e-02 1.045641474839713869e-01
3.404487241286693888e-02 1.033421605825424194e-01
3.391814246637428476e-02 1.025555193838146029e-01
3.409370397240286954e-02 1.020850381917423610e-01
3.381776417855445610e-02 1.025841364430056663e-01
3.360890837885984611e-02 1.012869003332323437e-01
3.383927478841165098e-02 9.966669873230987742e-02
3.396763760460222437e-02 1.009090147498581114e-01
3.333731445415717698e-02 1.009212051414781208e-01
3.319687044202554449e-02 1.001392100006341934e-01
3.322395434739386366e-02 1.039516398062308583e-01
3.431452658572575060e-02 9.801624073750442312e-02
3.372346484897340013e-02 9.884364489052030467e-02
3.382833499643134179e-02 9.905155479080146597e-02
3.341985539328760912e-02 9.558797917432254598e-02
3.328098690069121457e-02 1.013917910555998531e-01
3.343382426651149431e-02 9.938025246891710185e-02
3.328991802863594945e-02 1.010968244324127879e-01
3.320123751011744978e-02 9.520549658272001170e-02
3.326766048671632447e-02 9.399810081554783869e-02
3.288194310010933430e-02 9.888051719301277354e-02
3.341149961257853379e-02 9.757927970753775548e-02
3.258895148273285164e-02 9.981955318815177725e-02
3.246940657064863872e-02 9.892177064385679341e-02
3.234922963694283199e-02 1.008318006578418913e-01
3.196341530760613697e-02 1.023670331471496220e-01
3.177511774957543500e-02 1.023388004137410073e-01
3.177845391740159037e-02 1.026924256649282274e-01
3.164331530357097910e-02 1.014485224667522612e-01
3.156809438383433725e-02 9.950068282584349777e-02
3.157102632359033711e-02 1.028967719111177626e-01
3.159352449314078298e-02 1.017719062252177148e-01
3.141776916411954945e-02 1.015051371521419887e-01
3.127025023511633556e-02 1.024892429510752406e-01
3.114424111526005109e-02 9.681167329351107742e-02
3.103367589050676917e-02 1.050249863829877672e-01
3.103061355991152889e-02 1.036484885132974987e-01
3.125657726692535748e-02 9.784345928993490316e-02
3.191883824538530035e-02 1.055260108162959370e-01
3.237975697123968155e-02 9.831709456112650014e-02
