2.309830576613000341e-01 1.138940612888998394e-01
9.714935056683493553e-02 1.086500601636038871e-01
9.241795400157570839e-02 1.031293941454754920e-01
8.907080756318641601e-02 9.726806916296482086e-02
8.637918287706447540e-02 9.317864332762029744e-02
8.341763380960356966e-02 8.921958444019158219e-02
8.051949480503070578e-02 8.648760409818755102e-02
7.879077719251920131e-02 8.454015923457013082e-02
7.779331658626111035e-02 8.328238160659869049e-02
7.703976717027949395e-02 8.207875655757056188e-02
7.638306774925894549e-02 8.111469582137134648e-02
7.567325863623763915e-02 7.995736909409363602e-02
7.521523166129864824e-02 7.916292372263139532e-02
7.468007963786764403e-02 7.825035177585151769e-02
7.401818049526433241e-02 7.725214668446117594e-02
7.314935152805070173e-02 7.578569857610596705e-02
7.198015463016019244e-02 7.482430442339843557e-02
7.074832380181406144e-02 7.310159018056260061e-02
6.878062258133800511e-02 7.133565801713201426e-02
6.725100373349539307e-02 7.043615645832485006e-02
6.578002579328490196e-02 6.776068680402305699e-02
6.333720715852772520e-02 6.733775583820210409e-02
6.152770236679693666e-02 6.647982086158460424e-02
6.015919140403772070e-02 6.660993811157014943e-02
5.887614142308693344e-02 6.700409669429063797e-02
5.771506700392176753e-02 6.763174084739552450e-02
5.666172652641629504e-02 6.711943333761559438e-02
5.594912023715129662e-02 6.697373050782415294e-02
5.485334702222267184e-02 6.706139631569385529e-02
5.402172721990543269e-02 6.537327667077381943e-02
5.282863926301460678e-02 6.620394883470402669e-02
5.191686815900228152e-02 6.606851911379231501e-02
5.119508710439975990e-02 6.623095563716357992e-02
5.019102234779516253e-02 6.580653724571068619e-02
4.932859517270472144e-02 6.631729793217447377e-02
4.847764896751358826e-02 6.673198524448606395e-02
4.772558261458648143e-02 6.822851584810349368e-02
4.708881314457735029e-02 6.906671847941146802e-02
4.641928081400692463e-02 7.131303888228204824e-02
4.553234143886805696e-02 7.524457941245701886e-02
4.492715626909601911e-02 7.743826989705364372e-02
4.412256943334529752e-02 8.308341260999441147e-02
4.328333860740247313e-02 8.523205973000989866e-02
4.266250601447209995e-02 8.935408056196239568e-02
4.209203993129294330e-02 9.327066881168219470e-02
4.213148230266552940e-02 8.350681906772984553e-02
4.176833787251536118e-02 8.895620429474446200e-02
4.157109880570050015e-02 8.627653711785872315e-02
4.040222069839152080e-02 8.456756003821890022e-02
3.976216743609345405e-02 8.541116045994891215e-02
3.927986682165504617e-02 8.651408304770787094e-02
3.886708016677691696e-02 8.992977787016166735e-02
3.818618459910971819e-02 8.948560447121660377e-02
3.723727061878889799e-02 7.827221007189816282e-02
3.685331456192837002e-02 9.216009530549247597e-02
3.591675238070509563e-02 9.190457127988338470e-02
3.595142665591726655e-02 9.289124985742899798e-02
3.698337051688080357e-02 8.852382573402589605e-02
3.496066589623961912e-02 9.053939860314130783e-02
3.477257335410884748e-02 8.529001495076550532e-02
3.427683182696743963e-02 8.584001375776198484e-02
3.387863635335389839e-02 1.140803574687904720e-01
3.399339298967544304e-02 7.586024049669504166e-02
3.389924830507214798e-02 1.220516413967642488e-01
3.306089901285836491e-02 9.149762077463997889e-02
3.234620948560626430e-02 1.028119152825739679e-01
3.328303609429517779e-02 7.675883127376437187e-02
3.241090486166862267e-02 9.121059450424379156e-02
3.178753383264581317e-02 7.291533311622010183e-02
3.143169943288695589e-02 1.004792230928109736e-01
3.113095262428609497e-02 7.608909346163272858e-02
3.100116506059904034e-02 1.017187062340478149e-01
3.116430699961577830e-02 1.313579242883456955e-01
3.066471706871397654e-02 8.003366593685415364e-02
2.996790517553141880e-02 8.051466088121135567e-02
2.944821290524176835e-02 7.541205687448382378e-02
2.884320517513537518e-02 1.070033299426237788e-01
2.856984180000769757e-02 7.815052356777919818e-02
2.859122314626668868e-02 8.025265681660836981e-02
2.833848896652187491e-02 1.072377726021740141e-01
2.863159418253727675e-02 6.893574306741356850e-02
2.830573115724979369e-02 1.019717627722356024e-01
2.746462597647999701e-02 1.062227578109337239e-01
2.700191597658686479e-02 9.655520376852816389e-02
2.682939448632390769e-02 9.031545096594426059e-02
2.638489108748461390e-02 1.029092470287448768e-01
2.613199621484410540e-02 8.646273706108331680e-02
2.577139309425724792e-02 8.743927700238095235e-02
2.583124050189082241e-02 8.884233815802468348e-02
2.570187594889231444e-02 1.187333186777929511e-01
2.604870759972893746e-02 1.020148060181074734e-01
2.561324635497862212e-02 8.353391041358311508e-02
2.553708188621917757e-02 8.609712134218877599e-02
2.498892418154310957e-02 8.969482531150181626e-02
2.434854146388427606e-02 1.238383352756500244e-01
2.438908284984347280e-02 1.256307923855880804e-01
2.430979540946370809e-02 8.426579682984286501e-02
2.452315563313299529e-02 9.170509693730208300e-02
2.334639073417681121e-02 9.256549810783730459e-02
2.327287612800918101e-02 1.150136186948253064e-01
