2.045034965182223052e-01 9.754443706737624120e-02
9.208201726792546171e-02 9.334639728897148325e-02
8.848522439205307177e-02 9.074771086926813890e-02
8.506131645413191056e-02 8.742270411716566991e-02
8.070932346873166408e-02 8.604947174036944868e-02
7.885813771376037895e-02 8.394483573458812187e-02
7.696139299106306841e-02 8.104432112088909290e-02
7.431418850745369342e-02 7.950474363234308339e-02
7.207553554326295853e-02 7.635147207313114359e-02
7.043499283007974288e-02 7.545125650035010290e-02
6.947193925488527599e-02 7.448348299496704294e-02
6.890689850428967367e-02 7.406120091952660134e-02
6.780376136151512745e-02 7.439775557981596898e-02
6.747867323730777356e-02 7.225418870371801139e-02
6.538040351455773336e-02 6.960693926171020174e-02
6.403168669439912586e-02 6.819252531837534381e-02
6.267272708256070579e-02 6.671270079634807060e-02
6.157834926710986645e-02 6.606402951810094737e-02
6.037958659140801876e-02 6.506753278275330399e-02
5.877123453949645998e-02 6.490851759358688688e-02
5.734121060089730770e-02 6.654564298137470579e-02
5.615511671753554979e-02 6.471421576484485960e-02
5.485435720245406682e-02 6.234067968196339155e-02
5.343995129356417934e-02 6.111937485359333205e-02
5.229747738325741385e-02 6.002118338451341295e-02
5.106243144766223208e-02 5.953321085070018698e-02
4.985561507670738940e-02 5.979228864803358412e-02
4.871051337918251567e-02 6.006708141002389811e-02
4.754515676721324940e-02 6.137682297439486789e-02
4.634636292627793142e-02 6.131536996474972606e-02
4.515724913103551230e-02 6.265760147599158669e-02
4.399366212660461850e-02 6.354517758720451548e-02
4.289894371588782312e-02 6.468652123240409280e-02
4.192015197415783351e-02 6.732476737212252094e-02
4.056779486770794446e-02 7.202053939302761887e-02
3.978532254771609961e-02 7.186838529176181600e-02
3.851618480535481254e-02 7.923405093175393821e-02
3.751665292065439056e-02 8.934704738634603738e-02
3.683144297655217836e-02 1.090139653533697128e-01
3.613866850870048331e-02 1.091212032845726709e-01
3.548913640803014191e-02 8.734585462069069384e-02
3.481849460915579370e-02 8.710422901505673887e-02
3.462319883018186856e-02 8.016560164590676163e-02
3.359890605201869274e-02 7.672714700715409231e-02
3.250470512917613686e-02 6.751422387444311335e-02
3.207592774046266748e-02 7.439324811652854585e-02
3.115365703824937715e-02 7.300698250118228816e-02
3.069626449084863345e-02 7.041946836505774687e-02
3.048491417960362201e-02 1.149681968683445854e-01
2.992371063323585531e-02 8.053427489681376505e-02
2.950314961457094903e-02 9.504753941049177979e-02
2.830161708520680108e-02 1.219474538746807279e-01
2.735281305963067552e-02 1.802010007754520082e-01
2.706687349250646094e-02 1.287257209144256620e-01
2.706608359467208014e-02 1.259641314822214642e-01
2.653024998697929224e-02 9.054804379465403175e-02
2.633747986964578638e-02 7.548701152619388677e-02
2.642521180204926087e-02 1.069841157231065931e-01
2.564522444187262301e-02 9.767421069382517529e-02
2.499402477405965328e-02 9.538566221103624010e-02
2.440622080178037751e-02 1.062217507235429931e-01
2.440617034756919351e-02 1.169052702478236561e-01
2.484826984951590476e-02 1.646761853523828478e-01
2.476024773630608813e-02 1.120265823685460682e-01
2.341101003424605337e-02 9.679737735401701404e-02
2.294442547121789550e-02 8.279450624077408505e-02
2.231594540625507841e-02 1.114988954806769295e-01
2.252672953205561712e-02 1.043221887408031373e-01
2.236840567112393166e-02 8.630063460656890728e-02
2.237333011116862669e-02 1.216922600029243379e-01
2.220297344710405255e-02 9.211463377707534983e-02
2.246592485542765055e-02 1.137700471337194791e-01
2.158561294020070256e-02 1.091180799735917001e-01
2.110455380714823873e-02 1.198977206454232836e-01
2.097321398427513112e-02 1.206013918681829028e-01
2.085915293612676524e-02 1.152732820698508520e-01
2.062954283054403010e-02 1.012613928911310635e-01
2.095639580440503136e-02 8.581657973290593433e-02
2.114966283060186122e-02 1.200005167198401890e-01
1.995338484875827656e-02 9.629804240884604072e-02
1.974440147017499786e-02 1.303517133411433992e-01
1.951059421365399296e-02 1.185376115005325331e-01
1.926392216114251529e-02 1.106131114410581345e-01
1.946465675321566724e-02 1.040576495299184723e-01
1.959538919192443593e-02 9.360386162168449209e-02
1.914055995185049222e-02 9.546452201902866364e-02
1.890856051643386576e-02 1.050355849373671713e-01
1.896848988613280412e-02 1.121883443211791759e-01
1.876813731330439355e-02 1.263496067926839495e-01
1.892431323488462380e-02 1.313008525995192632e-01
1.818593386163162851e-02 1.908996343888618441e-01
1.798120079793005810e-02 1.276902798563241959e-01
1.794788408437668001e-02 1.180006615403625669e-01
1.782669856618120802e-02 1.144497371968571792e-01
1.734065365545996856e-02 1.400851837738796568e-01
1.730511467847064416e-02 1.626192910458754692e-01
1.784083454650107342e-02 1.213904122339078684e-01
1.737626352370148786e-02 1.245728934321690545e-01
1.692890666417656495e-02 1.323569854721426964e-01
1.687733564578844728e-02 1.417240350403719540e-01
