2.124509396016355522e-01 1.063640280454247050e-01
9.092967122853772011e-02 8.964075175700364495e-02
7.943478962633668261e-02 8.161416760197391651e-02
7.487328295648945642e-02 7.938832258460698510e-02
7.232631912939553598e-02 7.721555315785938456e-02
7.110466744856742960e-02 7.640470778224645043e-02
7.027079631021715400e-02 7.587185522748364497e-02
6.916819707816088125e-02 7.518140564638155221e-02
6.814297446905355493e-02 7.416742101863578462e-02
6.775781782571135836e-02 7.250263100420986651e-02
6.571732808994810993e-02 7.074629853445070504e-02
6.369377417505030226e-02 6.804253105764035414e-02
6.136370892068598176e-02 6.690317212983414030e-02
5.979607694941323215e-02 6.516466986525941418e-02
5.871149996386432202e-02 6.448978647865631630e-02
5.686596307782380844e-02 6.311401386779767753e-02
5.526374115010466298e-02 6.250051954002291965e-02
5.351943698734408505e-02 6.217254443025147653e-02
5.192793015299773662e-02 6.251507887133846142e-02
5.069452835004625152e-02 6.277708081459557055e-02
4.938436277604442426e-02 6.523158077012609912e-02
4.824419928396620622e-02 6.751201650196755888e-02
4.690379498344732223e-02 6.889618771081720827e-02
4.574009623166506999e-02 7.292185392644670583e-02
4.452958455445563124e-02 7.681357757084900095e-02
4.338494243433441838e-02 7.858864604322998715e-02
4.210389168872460258e-02 8.447623225273909187e-02
4.084034455273815450e-02 8.373894304451015569e-02
3.980926469316690974e-02 9.398144307649797247e-02
3.851893030455320888e-02 8.614686197014870261e-02
3.757988524100765865e-02 9.951575341875906755e-02
3.654033603994705920e-02 8.616461856635632133e-02
3.565875490809359422e-02 1.014862368228258843e-01
3.436291117667848727e-02 1.003665234203691831e-01
3.348032012581825256e-02 1.069084754627611933e-01
3.416988998840797542e-02 8.751268343379099701e-02
3.257831151036894024e-02 1.004757385838914857e-01
3.146739063284745980e-02 9.776999663423609210e-02
3.090581641063033444e-02 1.012712364533433218e-01
3.086821472544859155e-02 1.286083414322800045e-01
3.058225475251674652e-02 1.412157979621379567e-01
2.990028988645692179e-02 8.114210702478885651e-02
2.930800313493463899e-02 9.010532625985366584e-02
2.905273586095166727e-02 8.216258259145198251e-02
2.805851340649755457e-02 9.924097538546279573e-02
2.727121198398432117e-02 1.062104392244860029e-01
2.760541775241130702e-02 9.921466635057220318e-02
2.779592803633976206e-02 8.383385029931862686e-02
2.717628325259964159e-02 8.967507206317451574e-02
2.721379181498858463e-02 1.115947533743800874e-01
2.651625348073316860e-02 9.800019304923436592e-02
2.632153495328455606e-02 1.530941941740888157e-01
2.618163207742741500e-02 7.652897429135110952e-02
2.613812242634594440e-02 1.198953307682165403e-01
2.526009718251482836e-02 9.057853039768007375e-02
2.495868024946288830e-02 9.068579264675025176e-02
2.448277816941158910e-02 1.200979279561175256e-01
2.422176803674215562e-02 1.476796641945838928e-01
2.440738023213315233e-02 1.133106409537571468e-01
2.423865676713668135e-02 6.919892528956686495e-02
2.379503070823545466e-02 1.337066447293316918e-01
2.322724586867583318e-02 1.433376913062400226e-01
2.342088588104560692e-02 1.054417926611171813e-01
2.356003635048078970e-02 1.036255773225868149e-01
2.330201894150880221e-02 1.118216858831820731e-01
2.337499741820724466e-02 7.482378678051410104e-02
2.276082319109056992e-02 1.371192381268850069e-01
2.353356445844216951e-02 8.895473337421815063e-02
2.275712556410126527e-02 1.057296800944540205e-01
2.219078370475974921e-02 1.114666110456541681e-01
2.246783618300365881e-02 1.208300203153932495e-01
2.211293165867285124e-02 1.026142074347094202e-01
2.197072418724618434e-02 9.559488755271390581e-02
2.135229539277592320e-02 1.094213787259327025e-01
2.101471824230762356e-02 9.485037014302280522e-02
2.093233057956506507e-02 9.539485343352512026e-02
2.057993900015707769e-02 8.355526995189764550e-02
2.062114272115191799e-02 1.166689545606021533e-01
2.007115993845632468e-02 1.240882185391253834e-01
2.010242770637983567e-02 8.297113960401879262e-02
1.994997428964853659e-02 1.066161105754198785e-01
1.940351415698121293e-02 1.290028328765873422e-01
1.925164419964591964e-02 1.164485577286945434e-01
1.939816962420274141e-02 8.817482974242281391e-02
1.911173676750130626e-02 9.491778996393636370e-02
1.844230027324179205e-02 9.538403770851867913e-02
1.841122283679774013e-02 8.855435648864065645e-02
1.856736295640741205e-02 1.057863026098520703e-01
1.817987354782720291e-02 9.306462681679814053e-02
1.800453255797274457e-02 1.010776490180028825e-01
1.766553524847528506e-02 1.006867579632887144e-01
1.751799780943590068e-02 1.262927886305583725e-01
1.761922855365536875e-02 1.014692737134518380e-01
1.736869690920854817e-02 1.016620554512849550e-01
1.780834101988532786e-02 8.828844985476246021e-02
1.730375679122753488e-02 1.097600028884631596e-01
1.708833739252352268e-02 9.076131017947638990e-02
1.709216465223277817e-02 1.107560071956228270e-01
1.686779182589787096e-02 1.312437705281707945e-01
1.657575907515044036e-02 9.643965255883005239e-02
