1.645424882162029312e-01 1.000997345480653944e-01
8.505106300145871823e-02 9.019809319741195486e-02
7.841813555214463549e-02 7.989816967811849691e-02
7.214197568686270268e-02 7.704216883414322092e-02
6.880211361449181662e-02 7.441881485283374786e-02
6.592989310137624404e-02 7.208270807233121968e-02
6.332810912887013033e-02 7.005966020127137039e-02
6.076267553962827472e-02 6.996280099782678508e-02
5.859880128920805231e-02 7.088395829002062942e-02
5.666506883680699075e-02 7.141043721801704214e-02
5.451773447401034312e-02 7.467421164943112422e-02
5.251530771772187911e-02 8.053174573514196299e-02
5.032231569350734818e-02 8.293527695867750071e-02
4.853347363329030967e-02 8.735406905826595403e-02
4.700998922173933031e-02 1.030789934512641726e-01
4.556561348490356655e-02 1.068074694938129787e-01
4.343819701892694812e-02 9.751721678508652735e-02
4.190980776296398397e-02 8.169329042236010696e-02
4.074964124133916704e-02 9.414748454259501409e-02
3.945091581426379140e-02 9.137905637423197891e-02
3.854758345438697581e-02 9.050741326063871384e-02
3.696981080754743049e-02 1.065299051503340449e-01
3.517353091752383615e-02 9.836467189921273280e-02
3.442417402426159456e-02 8.508779377573066904e-02
3.365636844475700801e-02 8.114118439455826615e-02
3.351898570317865533e-02 8.980451089640457962e-02
3.337989442572906335e-02 8.656309110422928665e-02
3.264686853882318995e-02 8.421829508410559606e-02
3.193150013230922762e-02 1.031029398242632594e-01
3.194864639043202420e-02 8.412707234836286352e-02
3.096824020669772942e-02 8.088749626444445562e-02
3.024818303396667810e-02 8.279607921010917471e-02
2.993432191632142830e-02 8.433451027505928232e-02
2.904401855482682121e-02 8.539573372238212778e-02
2.851246937549090088e-02 8.428186943961514521e-02
2.877567504244909688e-02 1.077358267373508816e-01
2.898973045015056441e-02 1.103448952651686077e-01
2.834023981037117959e-02 1.377212943302260628e-01
2.713746175063940641e-02 1.060499404039647875e-01
2.653519166784921307e-02 1.050552394655015764e-01
2.641055579070092710e-02 1.015326682892110643e-01
2.610988147382631991e-02 1.106432709428999128e-01
2.546288951383373494e-02 1.050041211355063620e-01
2.459572016344806905e-02 1.106912541306681041e-01
2.552142497000655513e-02 1.135156007690562158e-01
2.534146819687713506e-02 1.153256023923556056e-01
2.550614978815239631e-02 1.015886967587802114e-01
2.478209164606906892e-02 1.361063909199502764e-01
2.432247019009437655e-02 8.996852611502011154e-02
2.336658795394487911e-02 1.206872345258792195e-01
2.318643753765135818e-02 1.174053067548407464e-01
2.328176303327507760e-02 1.261716271854109173e-01
2.291060702087796899e-02 1.056686165846056347e-01
2.227851425153695372e-02 1.009282144821352367e-01
2.222257948715269937e-02 1.029349021199676695e-01
2.323749526290268264e-02 8.700812442435158778e-02
2.283726733109754659e-02 9.190518119268947794e-02
2.178659239912602436e-02 1.020719818770885468e-01
2.115748022925260236e-02 1.237075693077511196e-01
2.059407416935555776e-02 1.087354498191012292e-01
2.026959111141722267e-02 1.085539741648568063e-01
2.035847827943602223e-02 1.099352731058994975e-01
2.017051279279819670e-02 9.401752396176259186e-02
2.038410574583927187e-02 1.195541262212726774e-01
1.983731541578180949e-02 9.843874453670448110e-02
1.946569450684194555e-02 1.112266449878613200e-01
1.908514974449526322e-02 1.037305562446514812e-01
1.902060156756239795e-02 1.322945480545361929e-01
1.889132334835584917e-02 1.129314792859885397e-01
1.870734864709580961e-02 1.123589677736163139e-01
1.875133965376431233e-02 1.181630538776516914e-01
1.856505562271165699e-02 1.156362144069539161e-01
1.830958201534803667e-02 1.137421561612023263e-01
1.840757568768127198e-02 1.113797788404756184e-01
1.789345780133867747e-02 1.236198436882760820e-01
1.823076393977716286e-02 1.502840171257654733e-01
1.820839259383548805e-02 1.096368990838527679e-01
1.765244995145414872e-02 9.364532017045551493e-02
1.731663012528807111e-02 1.031689929465452876e-01
1.692272006340960963e-02 1.094471318647265434e-01
1.685360740733946386e-02 9.885301689306895401e-02
1.634559609522149431e-02 1.014841873612668810e-01
1.696565342930759016e-02 1.115917113299171176e-01
1.655382688187547260e-02 1.110537014901638031e-01
1.620162049179699887e-02 1.082664399097363200e-01
1.556549080443091551e-02 1.158102684550815220e-01
1.556577309076409218e-02 1.109246817520923023e-01
1.612565743479484059e-02 1.020726747810840607e-01
1.602124097204305278e-02 1.186465873486465816e-01
1.562555592669916116e-02 1.064660629878441539e-01
1.517654421864213753e-02 1.173990811738702955e-01
1.536559821220069393e-02 1.291848751198914347e-01
1.509541499511740138e-02 1.273854693604840049e-01
1.469259403316622130e-02 1.173348905932572184e-01
1.463095041756646945e-02 1.201371176996164913e-01
1.532340522598081567e-02 1.178290534557567687e-01
1.505252856163050504e-02 1.190370038772622791e-01
1.462767119386907191e-02 1.112960322449604716e-01
1.464690597977761841e-02 1.062805532581276302e-01
1.458729666513883076e-02 1.036691192744506745e-01
