3.735215316180053313e-01 1.054066841801007542e-01
8.936003836001767120e-02 8.620195587476094101e-02
8.038129065142468610e-02 8.318045362830162048e-02
7.671514655961546303e-02 8.069727228333552216e-02
7.351102109262069861e-02 7.838296145200729370e-02
7.031072389204488793e-02 7.704114665587742661e-02
6.728026091099478800e-02 7.311262966444094513e-02
6.407282392082866429e-02 6.876287174721558426e-02
6.143366323437455395e-02 6.405786393831174041e-02
5.916630754485553007e-02 6.399012946834166382e-02
5.734248209181566636e-02 6.200608362754186226e-02
5.532741894252424936e-02 6.032416690140962601e-02
5.349395544333166580e-02 5.897806864231824875e-02
5.199182440180245141e-02 6.074907413373390602e-02
5.049266544343947172e-02 6.084341276437044144e-02
4.889872306308080951e-02 6.134434261669715477e-02
4.764475016096650362e-02 6.469887122511863708e-02
4.667645980885555546e-02 7.029094981650511886e-02
4.593045471322744489e-02 7.824623708923657273e-02
4.487376360677529374e-02 7.451553673793871735e-02
4.390155601986618639e-02 7.875185521940390732e-02
4.400093677497014105e-02 6.507068096349637176e-02
4.306827991832654079e-02 6.829157937318086624e-02
4.183191130869090557e-02 7.196669342617194320e-02
4.244410688988864422e-02 6.462835023800532486e-02
4.050796182263036171e-02 7.093056601782639359e-02
3.932113202050501605e-02 7.080063379059235718e-02
3.800144851705882648e-02 6.542445936550696228e-02
3.790512443845008711e-02 7.582310711344082688e-02
3.747907312326999307e-02 6.683741478870312835e-02
3.651509822216317952e-02 7.161057709405820038e-02
3.571406907813493709e-02 6.618796382099390030e-02
3.536527869454043210e-02 7.046923724313576554e-02
3.550265670407477120e-02 6.428784566620986130e-02
3.520988424980016351e-02 7.061057242875297402e-02
3.408389773523045480e-02 7.026627985760569572e-02
3.389285195369793474e-02 8.098366934185226296e-02
3.417738421202832361e-02 6.901676145692665909e-02
3.323113099336191117e-02 6.072484049946069717e-02
3.214133519484380086e-02 6.813521434863407944e-02
3.047635359148126791e-02 7.099589301894108917e-02
3.004945514637023807e-02 7.557852581764261390e-02
2.994113083019159585e-02 6.965975773831208084e-02
2.997230119234340837e-02 6.305735961844523285e-02
2.986067915497737577e-02 6.368755813067157601e-02
2.962563180657060494e-02 5.969746379802624153e-02
2.850847668555933287e-02 5.782306411614020897e-02
2.803352623528172771e-02 6.143946837012966705e-02
2.838403198781401515e-02 5.413194978609681129e-02
2.812844411968145122e-02 5.436237140869101120e-02
2.762419762371411125e-02 6.070463809495171142e-02
2.848640013063803017e-02 5.811648427819212509e-02
2.804094641794298987e-02 5.816572625190019608e-02
2.751384914018820127e-02 5.865063797682523727e-02
2.708839012179956734e-02 6.481264159083366394e-02
2.714920401313277235e-02 7.115680631250143051e-02
2.686597141004059067e-02 6.486757767076294090e-02
2.658007747147145619e-02 5.938141280785202980e-02
2.611002170069273015e-02 7.452285507073004578e-02
2.485303989838982125e-02 6.731785818313558434e-02
2.430847140169854065e-02 8.116795277843873169e-02
2.412613943154208809e-02 6.417999354501564835e-02
2.424297046165393640e-02 6.730607198551297188e-02
2.391535999405003041e-02 6.680364953354001045e-02
2.410902629530620525e-02 6.273931078612804413e-02
2.451226310154726307e-02 6.311631745969255303e-02
2.486218855618824164e-02 6.738394591957330704e-02
2.393800423339789013e-02 6.503551748270790245e-02
2.282263883010506034e-02 6.317531395082671974e-02
2.265766479594762822e-02 7.556841087838013504e-02
2.282423209290691465e-02 6.831213692203164101e-02
2.276318224396036913e-02 5.685542089243730141e-02
2.252205380855864733e-02 6.203266248727837967e-02
2.209008845154109349e-02 6.649301884075005387e-02
2.144536165368937999e-02 6.434623074407379295e-02
2.113426515973324676e-02 7.049729892363150452e-02
2.123146040668321202e-02 6.075614271685481071e-02
2.075869452376135141e-02 7.521289074793457985e-02
2.051605091993372043e-02 5.972470979516705109e-02
2.033798769928601632e-02 6.763756011302272941e-02
2.083256288139192711e-02 7.476027728989720345e-02
2.083508969625718146e-02 6.626700051128864288e-02
2.033521568667966475e-02 7.776226568967103958e-02
1.984970457310420225e-02 7.126482110470533371e-02
1.951100896545794258e-02 6.573629037787516449e-02
1.976842759853921980e-02 6.452523777261376381e-02
2.014687172743643423e-02 6.184072466567158699e-02
1.994179121521843026e-02 6.712821498513221741e-02
1.928941615813866556e-02 6.659576405460636284e-02
1.864685699868904104e-02 7.157364798088867996e-02
1.820074543383968721e-02 7.500844619547326897e-02
1.832287896392044077e-02 6.653710703055064346e-02
1.816132040098742545e-02 7.725136261433362961e-02
1.776748222737508168e-02 6.538366774717967178e-02
1.773178801725640297e-02 6.906327636291582917e-02
1.773868107810876518e-02 7.089158023397128250e-02
1.746347284372246067e-02 7.840061498184998368e-02
1.735390097899145931e-02 8.025841430450479652e-02
1.744788264731205255e-02 5.931493717556198669e-02
1.829885187163559149e-02 6.768121803179383278e-02
