2.318558385065658256e-01 1.013104985985490980e-01
8.919270911322134399e-02 8.964483812451362610e-02
8.157965922501028699e-02 8.214941496650378372e-02
7.635994295672915433e-02 7.705016061663627625e-02
7.248235169828422253e-02 7.167168706655502319e-02
6.855418165857957158e-02 6.988674340148766373e-02
6.529722095474721488e-02 6.911218766536977864e-02
6.244701973912192283e-02 6.915510611401663732e-02
6.011972167506450526e-02 6.866311219831307266e-02
5.800271773241399975e-02 6.817927190826998662e-02
5.596665319479335321e-02 6.750263418588373088e-02
5.356032484612328892e-02 6.715303535262744095e-02
5.130550989169415516e-02 6.764963186449474142e-02
4.916704819552842470e-02 6.819642780141697835e-02
4.786907430980506112e-02 6.934392979989449646e-02
4.615268576322350408e-02 7.233067063821686793e-02
4.421059156737736778e-02 8.031094777915212535e-02
4.294132809078971685e-02 8.772649243474006653e-02
4.103593864076869602e-02 8.221194189455774404e-02
3.978019343628510368e-02 8.857647598617607310e-02
3.918230544578859414e-02 9.161303792562749959e-02
3.764330920748170523e-02 8.324583971665965032e-02
3.613237073319411352e-02 8.791284366614288137e-02
3.529853675120729617e-02 9.000577912148502446e-02
3.483551885834251793e-02 8.861452092727024887e-02
3.548772330017290616e-02 8.269751837684048701e-02
3.464632420762767812e-02 7.493180574642287206e-02
3.394008743788713700e-02 8.774823498808675959e-02
3.263949011111768467e-02 9.838253818452358246e-02
3.161323601493566671e-02 9.616313595324754715e-02
3.118347131071718195e-02 8.566621318459510803e-02
3.089223018037231053e-02 7.258235414822895859e-02
3.123672672441395876e-02 1.003498787888222332e-01
2.994716024722873793e-02 1.057760529220104218e-01
2.953587796887367778e-02 8.376291559802161169e-02
2.874047083144144407e-02 1.163501818146970568e-01
2.835037104399284330e-02 1.241762077228890510e-01
2.760761084103184604e-02 1.342327147722244263e-01
2.674713727594088195e-02 9.267776480151547480e-02
2.713045407071467199e-02 1.126805811913477035e-01
2.650391263697992814e-02 1.055313378779424577e-01
2.627289513073013602e-02 1.510151251115732784e-01
2.608147962208140838e-02 1.198350948592026982e-01
2.563369904864367527e-02 9.987316642784410670e-02
2.497680845473537053e-02 1.204803981300857363e-01
2.481667321871935949e-02 1.124868500563833418e-01
2.376682614544179534e-02 1.136928043431705837e-01
2.364803681044074651e-02 1.190267356319559960e-01
2.383415269801711020e-02 1.128259964494241624e-01
2.372480888956991080e-02 1.281319021557768278e-01
2.242917876985923639e-02 1.136720889351434116e-01
2.252087383190306061e-02 8.405612729903724767e-02
2.220838082333405697e-02 1.010976612774862199e-01
2.141326907795013459e-02 1.172991370161374364e-01
2.136107300582334306e-02 1.074806441449456806e-01
2.093827306308094702e-02 1.165054132127099629e-01
2.072695849796499581e-02 1.218056446976131801e-01
2.055876962537687980e-02 9.717707460125286911e-02
2.074248358092414812e-02 8.978772142695055913e-02
2.074197810465030697e-02 1.116996740715371222e-01
2.083097169236317742e-02 7.884735645105440949e-02
2.085955374556161881e-02 1.182839265093207359e-01
1.987507510021692403e-02 1.506377940790520897e-01
1.942231506014591158e-02 1.145555917173624039e-01
1.906283194108343571e-02 1.174964626423186664e-01
1.891013327134182659e-02 1.173041960638430414e-01
1.888018765305055427e-02 1.065311470172471409e-01
1.863666255371569311e-02 1.049379143449995222e-01
1.862173529277457232e-02 1.060695955529808998e-01
1.828084577336846692e-02 1.245524308954675946e-01
1.795892807753468948e-02 1.216851066177089963e-01
1.771655467781806104e-02 1.326562961977389155e-01
1.735444134290565002e-02 1.034096745360228720e-01
1.756582716744908151e-02 8.375953634579975937e-02
1.839775766333095683e-02 1.526225600391626358e-01
1.753698653878447283e-02 1.191124570452504750e-01
1.654049888730230872e-02 9.218641887936326884e-02
1.662375658610457108e-02 1.385626126494672594e-01
1.786398777654924636e-02 1.070748939075403805e-01
1.628682173587896881e-02 1.083994252193305197e-01
1.655524233223612876e-02 9.447124683194690897e-02
1.648792649081688710e-02 1.264530094340443611e-01
1.612572927251306604e-02 1.548055519039432115e-01
1.581397579748153315e-02 1.225594120721022334e-01
1.587301819032527553e-02 1.073174224131637211e-01
1.573692731051970842e-02 1.247445358377363978e-01
1.533663322925719018e-02 1.287227684838904151e-01
1.505847648448666726e-02 1.106287201659546943e-01
1.517007080175557937e-02 1.067532758331961040e-01
1.522642337126521063e-02 1.098169211505187898e-01
1.493751321639108509e-02 1.043277046539717312e-01
1.509433925223756419e-02 1.152402307424280348e-01
1.495939825388898151e-02 1.110598807119660969e-01
1.434941993973301230e-02 1.181852186305655389e-01
1.415463462585537895e-02 1.318725706595513525e-01
1.398514379364839723e-02 1.283607947536640759e-01
1.394380806525033489e-02 1.033405097615387735e-01
1.422646065901328818e-02 1.282140770927071571e-01
1.398007893874272066e-02 1.106687804891003518e-01
1.360992450414725240e-02 1.178178746874133792e-01
