1.269735272995434483e-01 8.450590011974175308e-02
7.590259938652432758e-02 7.929505966603755951e-02
7.237263069336496990e-02 7.643128590037424896e-02
6.982160283815722068e-02 7.488522771745920181e-02
6.793324337449184458e-02 7.403574449320633744e-02
6.603579473313550552e-02 7.552994818737109040e-02
6.365252913214093644e-02 8.550455359121163224e-02
5.867716413922607899e-02 7.971059965590636398e-02
5.472035185693828463e-02 7.406789592156808044e-02
5.168662677778927683e-02 6.898723915219306946e-02
4.875999366929537754e-02 6.983811004708211090e-02
4.628214609895854592e-02 6.930697429925203323e-02
4.397634173158642551e-02 6.947780866175889969e-02
4.218647134122113784e-02 6.811128494640190933e-02
4.059911237184911370e-02 6.467060185968875885e-02
3.935190074708919128e-02 7.021159958094358444e-02
3.837110855356724859e-02 6.547018078466255997e-02
3.780068610903135340e-02 6.958473442743222381e-02
3.686896973657746712e-02 7.288494457801182602e-02
3.642446861797293822e-02 6.799982519199450348e-02
3.615167170903797050e-02 6.286920808876554634e-02
3.465816508003965318e-02 6.222432479262351990e-02
3.453700546565097174e-02 6.934411032125353813e-02
3.374847387732548415e-02 6.257421306023995544e-02
3.301075313153654933e-02 6.358877258996169235e-02
3.413004301986548999e-02 6.483459395046035911e-02
3.263866042631656528e-02 6.276597982893387939e-02
3.234075198253227174e-02 7.050496789937217568e-02
3.241324933993001978e-02 6.640940563132365082e-02
3.182647088650873701e-02 7.429136444504062797e-02
3.115912588573125849e-02 7.995714557667572830e-02
3.161098013447900812e-02 7.072429886708657409e-02
3.123501995524261693e-02 7.551707389454047348e-02
3.164789792377675076e-02 8.079872497667868469e-02
3.052163449235173812e-02 6.570608681067824364e-02
3.024525070010662675e-02 6.944829644635319710e-02
2.984637131123955150e-02 6.257408158853650093e-02
3.002216637426944126e-02 6.706758386765916680e-02
2.934845391834197889e-02 7.179736966888110306e-02
2.889746827409104407e-02 7.970085041597485542e-02
2.911014842454257359e-02 9.343936620280146599e-02
2.866128170700353930e-02 1.043548711265126910e-01
2.868942998425471833e-02 1.044035376980900764e-01
2.869925204783591380e-02 9.789291086296240951e-02
2.835206340099576464e-02 1.310531245544552803e-01
2.839400955789917261e-02 1.079453324588636604e-01
2.865986940505112907e-02 7.588980300351977348e-02
2.916919083204553426e-02 9.544449780757228996e-02
2.838445353581635008e-02 7.763830091183383797e-02
2.720903072419554591e-02 8.761168876662850380e-02
2.681939473624752809e-02 8.390040555968880653e-02
2.680257989938349128e-02 9.404817239070932533e-02
2.669137168058388979e-02 1.150918865265945640e-01
2.680789959497836480e-02 8.816992817446589470e-02
2.667857404679146657e-02 1.154420968766013827e-01
2.645137155601797949e-02 6.806977853799860145e-02
2.635006241630329787e-02 7.734119333326816559e-02
2.699554239421389848e-02 7.479387413089473580e-02
2.552956373560740649e-02 8.889021584764122963e-02
2.497301631888677875e-02 1.176489079371094704e-01
2.477606494510329813e-02 1.320706092131634646e-01
2.551568942794273098e-02 8.496688989301522110e-02
2.514149931118671993e-02 1.016520649815599170e-01
2.512257635257705152e-02 9.025926111886899139e-02
2.527920054380110651e-02 7.818115906169016693e-02
2.469944417866510103e-02 1.029315896642704758e-01
2.428192707038549433e-02 8.903817335764567520e-02
2.479665456231423468e-02 8.184515203659732674e-02
2.437481878130415280e-02 9.633130456010501053e-02
2.493021777441161921e-02 1.038479598549505029e-01
2.477564765844320754e-02 1.026582065969705582e-01
2.424231344335820923e-02 8.243880219136674736e-02
2.386748161827495496e-02 1.318893119071920805e-01
2.412545062644883692e-02 7.936688140034675598e-02
2.391096097579615762e-02 1.000168280055125508e-01
2.345711575972652882e-02 9.884519797439376976e-02
2.309483420482814908e-02 1.229729385425647054e-01
2.321719804502547085e-02 1.455690233657757349e-01
2.322748652659356594e-02 1.253223076152304716e-01
2.317778001604385227e-02 1.142052472569048405e-01
2.285270949793156633e-02 9.253121369207899238e-02
2.247431988253929466e-02 1.268682773225009441e-01
2.213784531273250977e-02 1.307190487471719675e-01
2.211318630319045533e-02 8.371028179923693802e-02
2.169872629510368606e-02 1.303699702645341463e-01
2.155434277157710840e-02 1.299382511836787157e-01
2.128220327756216029e-02 1.300265307848652296e-01
2.150165865084069719e-02 1.532533278999229365e-01
2.163149260504301091e-02 1.781643787398934364e-01
2.219736254313787321e-02 1.049417730731268678e-01
2.217303969366692454e-02 1.402081195265054703e-01
2.132347988392507832e-02 1.621932550333440304e-01
2.095683472133566538e-02 1.524595998538037234e-01
2.092282126419419547e-02 1.191382997979720387e-01
2.102841682011954635e-02 1.006723670288920403e-01
2.070967982073726107e-02 1.029372449653844085e-01
2.057196174715754042e-02 1.523835260110596723e-01
2.022916255356354068e-02 1.193360841522614207e-01
2.030670911961689890e-02 1.276699903731544905e-01
2.053553529684756795e-02 1.143119392606119361e-01
2.027025399458876054e-02 1.178397854479650703e-01
1.976886395294609119e-02 1.069786339066922665e-01
1.983544572261920075e-02 1.135118124075233936e-01
2.027756365037761480e-02 1.421680889713267393e-01
2.002584104301667958e-02 1.390197679090003080e-01
1.949239528310203751e-02 1.050340963217119422e-01
1.908520476210342695e-02 9.998947863156597282e-02
1.893629918286447028e-02 1.102765478814641681e-01
1.905299035485747208e-02 1.238871589303016663e-01
1.937573953385486603e-02 1.242390408491094861e-01
1.912109404910615831e-02 1.241499845248957429e-01
1.869816948432301978e-02 1.351847440625230379e-01
1.848853014133394063e-02 1.666463823057711124e-01
1.839400973133092920e-02 1.541278835696478777e-01
1.819135906949076106e-02 1.523900660686194897e-01
1.823422021833573381e-02 1.608403821786244803e-01
1.851934024002836049e-02 1.314972783438861370e-01
1.826365732420019358e-02 1.266099686423937387e-01
1.804156035731741339e-02 1.371196221249798841e-01
1.830791991859197915e-02 1.115573407150804996e-01
1.797678314966994276e-02 1.221022244232396331e-01
1.767949760095541278e-02 1.493355746691425734e-01
1.788157962809511572e-02 1.248514040683706555e-01
1.813883045931931337e-02 1.612872875606020384e-01
1.762009072279947450e-02 1.338903290840486593e-01
1.724738733122818321e-02 1.199626289308071136e-01
1.715833731239314874e-02 1.134935215425987992e-01
1.718202888624482602e-02 1.133779045194387436e-01
1.729375222524584879e-02 1.554975593462586403e-01
1.749107910883287986e-02 1.223259770000974384e-01
1.718192610234498680e-02 1.389462035149335861e-01
1.691182744743432304e-02 1.315043875947594643e-01
1.707962512980799874e-02 1.420557924235860414e-01
1.696519570311444750e-02 1.237312328691283908e-01
1.706431338395706862e-02 1.242158942235012803e-01
1.697821515818061580e-02 1.440559805681308203e-01
1.699630428798670073e-02 1.352007277309894562e-01
1.703849430250133773e-02 1.259960314879814691e-01
1.721715485828733891e-02 1.156386528164148331e-01
1.705918511711494029e-02 1.182691769984861169e-01
1.663051436108342260e-02 1.422067239570120878e-01
1.644576290557377488e-02 1.039043657171229568e-01
1.646216529513557653e-02 1.663754916129012995e-01
1.630489364114784748e-02 1.363473851233720779e-01
1.592871127379408280e-02 1.809367975220084190e-01
1.566728889782436490e-02 1.263811669001976556e-01
1.580895955246591766e-02 1.205355413258075714e-01
1.571228609320187916e-02 1.210805800122519288e-01
1.577896796583826144e-02 1.181472499544421878e-01
1.564544143539658635e-02 1.613655552888909883e-01
1.569128861829508642e-02 1.640254684413472719e-01
1.558961686448107412e-02 1.443042211855451173e-01
1.514960241945308844e-02 1.352154668420553207e-01
1.477341174397097702e-02 1.249684441524247375e-01
1.480081995074680572e-02 1.316782309052844935e-01
1.496724482100500291e-02 1.452270188989738531e-01
1.559961796602840622e-02 1.120173858168224540e-01
1.536776773566596657e-02 1.297458650854726725e-01
1.511798516663094560e-02 1.633589146658778191e-01
1.470638867494715105e-02 1.432688138447701931e-01
1.484987389656368569e-02 1.769300730278094702e-01
1.490296400964346776e-02 1.384510713008542948e-01
1.470748412552787786e-02 1.196353759927054200e-01
1.472495835298823913e-02 1.190781213032702651e-01
1.473056696163122133e-02 1.389710959047079086e-01
1.504629826021575655e-02 1.677882168442010880e-01
1.490624055136428351e-02 1.390122707622746534e-01
1.426725157165661603e-02 1.412289013775686330e-01
1.399772753329882671e-02 1.550994560432930880e-01
1.421911227395000060e-02 1.911262238087753362e-01
1.445484166994669313e-02 1.316743278875946999e-01
1.460055008647032082e-02 1.380957290530204773e-01
1.473720841648511887e-02 1.541537359977761812e-01
1.449409548564120978e-02 1.318370156611005373e-01
1.416302940450868582e-02 1.296615901713570052e-01
1.390946317101330633e-02 1.651274186248580522e-01
1.401919204887912447e-02 1.571805871402223997e-01
1.405741458996957044e-02 1.470894760762651854e-01
1.421393992224989807e-02 1.314920474154253893e-01
1.417226539274980823e-02 1.400329711226125651e-01
1.397020018897777299e-02 1.388281582233806544e-01
1.406229729358063514e-02 1.317226652366419726e-01
1.399681077888343707e-02 1.378912624592582292e-01
1.379606871104929224e-02 1.429514816651741571e-01
1.345098852234091237e-02 1.753475973382592201e-01
1.328251438775792867e-02 1.412403020076453686e-01
1.340781962417802488e-02 1.634707250632345676e-01
1.356053686102440779e-02 1.289414706019063883e-01
1.356746958836718177e-02 1.319760560678938932e-01
1.322598578164700493e-02 1.453396454453468323e-01
1.322920257997222543e-02 1.597187396449347430e-01
1.323371438707528214e-02 1.566820982843637466e-01
1.325926664732071658e-02 1.400429530379672938e-01
1.360976684102138852e-02 1.715910301233331270e-01
1.366616664576170842e-02 1.225917059928178787e-01
1.325441184142322863e-02 1.284226411953568459e-01
1.300250545014129157e-02 1.318793619672457285e-01
1.309844811222256149e-02 1.243433840572834015e-01
1.322952910261445195e-02 1.506827212870121002e-01
1.304089336867205948e-02 1.326314299367368221e-01
