1.309730744910542893e-02 2.695287598505351385e-04
5.758915040795539150e-05 7.902059906260815999e-06
2.117116505237211652e-06 3.990630500741634263e-07
1.318338230161505965e-07 3.478098543902086653e-08
1.336139822389658537e-08 3.525283785648326232e-09
1.669522568413335973e-09 5.237010325335264153e-10
3.170230697783830459e-10 1.469219150619785709e-10
1.126419225818916753e-10 6.960311266719205337e-11
6.119560383815594945e-11 4.318898403974028007e-11
4.073644363083710108e-11 3.077622825434349452e-11
3.013519791470936092e-11 2.369407349401134185e-11
2.372728633095333667e-11 1.916022523944323418e-11
1.946774480675752797e-11 1.602359363950718977e-11
1.644724789130504880e-11 1.373762747517830473e-11
1.420276321249370587e-11 1.200014776474536384e-11
1.247205029116672335e-11 1.063780649780469849e-11
1.110036491086120594e-11 9.543554699610666471e-12
9.987939211923351614e-12 8.645597420663314559e-12
9.068713668152699600e-12 7.896021095740949154e-12
8.297555304839682454e-12 7.262386100046548586e-12
7.642138280361492110e-12 6.719420357687939659e-12
7.077328715831407070e-12 6.248715805864244904e-12
6.586528978811914451e-12 5.837222481174965732e-12
6.156531684190160761e-12 5.474401432190457501e-12
5.776626197163618704e-12 5.152834605724913179e-12
5.439007888090067207e-12 4.865794275588675981e-12
5.137013977854555473e-12 4.608060501603037195e-12
4.865229857548420700e-12 4.375492555894113650e-12
4.619544202643777002e-12 4.164362809571464226e-12
4.396441237773930980e-12 3.972097026232091083e-12
4.192961610238243100e-12 3.796343825418887962e-12
4.006739558609423540e-12 3.634969730859174383e-12
3.835600475513464091e-12 3.486224368733838030e-12
3.677810830455144794e-12 3.348731470239601478e-12
3.532007671943006102e-12 3.221527030608477823e-12
3.396709691443883862e-12 3.103338882319171677e-12
3.270974928537748245e-12 2.993172352277244384e-12
3.153846044872525162e-12 2.890390250359848516e-12
3.044493135246715057e-12 2.794308090428839089e-12
2.942174764584575616e-12 2.704194693006720558e-12
2.846226892355856249e-12 2.619537561967854043e-12
2.756098373219817465e-12 2.539854255246132074e-12
2.671318957652861942e-12 2.464819782479050306e-12
2.591450650202552824e-12 2.394081509557415535e-12
2.516041836873987553e-12 2.327216320328401921e-12
2.444784532143765420e-12 2.263880390710222187e-12
2.377284074114491516e-12 2.203911598679074312e-12
2.313303297319607795e-12 2.146960850222808104e-12
2.252612104803614756e-12 2.092959404104818012e-12
2.195031213548548848e-12 2.041515742979854193e-12
