3.926678643955719417e-02 3.574378338457662174e-02
3.523311974067059454e-02 3.497243442229534122e-02
3.472519828022938709e-02 3.464948137664058958e-02
3.448318197023204912e-02 3.446881405006234356e-02
3.428770402957121571e-02 3.430055292805860717e-02
3.411540724675915515e-02 3.413465142114321949e-02
3.395770390198227240e-02 3.398604821300639511e-02
3.380575147347619769e-02 3.385729719941251575e-02
3.365416448670419808e-02 3.374940106222926173e-02
3.348664618073193822e-02 3.361765924758213647e-02
3.332396524598792154e-02 3.346676209579534794e-02
3.317364766443382101e-02 3.336109405172317521e-02
3.304638402484643550e-02 3.325380048967203905e-02
3.293269771847069649e-02 3.319098356251533322e-02
3.281897177452097053e-02 3.308324588025328417e-02
3.270558916463571497e-02 3.301156219660571906e-02
3.260217298971698069e-02 3.293490068806026461e-02
3.250055342325813140e-02 3.285980812813106555e-02
3.239781503795041706e-02 3.280071279426154118e-02
3.230525240314216506e-02 3.273001135994307170e-02
3.220974105507948271e-02 3.272644458489439717e-02
3.211657135449760142e-02 3.263245671723596225e-02
3.202309018361108178e-02 3.258275014050455998e-02
3.191630011175539822e-02 3.251708259896529674e-02
3.183054093078244162e-02 3.252801307201808045e-02
3.173750145954799123e-02 3.243159875273704529e-02
3.164369803160017175e-02 3.239137576214275172e-02
3.154703347477121056e-02 3.235507378098272102e-02
3.145541525501301811e-02 3.232523974838105024e-02
3.138641631948078936e-02 3.225999085330649718e-02
3.130089465159376777e-02 3.217424420066750806e-02
3.120221242926849228e-02 3.210689377431806546e-02
3.113472193879841463e-02 3.207630919941101277e-02
3.104430561131897581e-02 3.202986224414969274e-02
3.096886127710328854e-02 3.202176007332830504e-02
3.087921818620434355e-02 3.199657042574906296e-02
3.079910750111639062e-02 3.188823368626567817e-02
3.074654198048584752e-02 3.190748138458803645e-02
3.065084380656313626e-02 3.183401545494613655e-02
3.056603103525586812e-02 3.186602420117027462e-02
3.052296814091073549e-02 3.180306803563285462e-02
3.046543929651011548e-02 3.173126668861580429e-02
3.038702754666888772e-02 3.179887512525324950e-02
3.032415899398529374e-02 3.182836794690323268e-02
3.025461139704119229e-02 3.178391464220488294e-02
3.022655157594885886e-02 3.173852497183902305e-02
3.016118650497605705e-02 3.174150924609318164e-02
3.007527466197476226e-02 3.177981948487550862e-02
3.002632502821986696e-02 3.172543250884000965e-02
2.997825394306970204e-02 3.182441998944289530e-02
