3.915682597185805164e-02 3.568215630873132482e-02
3.513762142526790505e-02 3.485801980947615675e-02
3.461247478968777769e-02 3.452892069844340495e-02
3.435706341329208130e-02 3.432358852455671266e-02
3.416830800576589611e-02 3.416065795550703860e-02
3.399064369891202642e-02 3.400604725487318958e-02
3.381402864771968636e-02 3.387069973250029370e-02
3.365430244207616439e-02 3.375370340301138417e-02
3.350286238404129313e-02 3.363314587509765030e-02
3.334261235127854162e-02 3.353464154918726903e-02
3.317897633069868263e-02 3.337416518856639591e-02
3.302152655694977346e-02 3.323071260902623475e-02
3.287995122751656563e-02 3.313615959823915796e-02
3.274478593683499694e-02 3.305665059165976277e-02
3.261382252368184853e-02 3.295631283660407918e-02
3.249875782894223047e-02 3.289228113677337278e-02
3.238270526070900074e-02 3.278507890466313829e-02
3.229136640300513117e-02 3.272820439808040577e-02
3.218998387006278411e-02 3.268082360718173318e-02
3.207867707613359237e-02 3.259844391188218560e-02
3.197303891017557603e-02 3.252170078064266223e-02
3.187740044316953597e-02 3.252231501238910666e-02
3.178613001393694459e-02 3.246583040004317328e-02
3.168992817729406747e-02 3.241289372514435940e-02
3.160357401107496272e-02 3.233725498223051498e-02
3.152153700518606216e-02 3.231661400459857891e-02
3.140478280931125604e-02 3.237690384827765500e-02
3.130099337701530010e-02 3.223123940590180703e-02
3.124770228248010054e-02 3.214943599755223230e-02
3.114211994505433276e-02 3.216103578046688310e-02
3.105118164463044339e-02 3.210874509466020432e-02
3.094719267600230111e-02 3.204666115418981776e-02
3.087670701229014089e-02 3.198187085630199017e-02
3.078494458184291918e-02 3.202357306993502267e-02
3.068205308756405750e-02 3.200362824650127003e-02
3.060610768758137076e-02 3.201815424494535572e-02
3.054356525308903753e-02 3.187537000058331821e-02
3.044643271147666128e-02 3.187364424477041186e-02
3.039757268065777090e-02 3.199512866864863414e-02
3.030323458424721839e-02 3.187789683332025586e-02
3.026255532365493967e-02 3.181273780144781155e-02
3.017680331750492717e-02 3.188945350014728980e-02
3.010982387686010620e-02 3.200120649108218612e-02
3.003969512082587875e-02 3.190557871519131977e-02
2.999553843789336260e-02 3.178870590283018605e-02
2.989963044941780154e-02 3.188058037144934909e-02
2.986579820985974659e-02 3.181628808793932062e-02
2.978698275960327616e-02 3.187743310820356779e-02
2.972996949186632737e-02 3.185124431929064331e-02
2.967717744463997318e-02 3.177286399837567915e-02
