4.340657915053322546e-02 3.615726583905005259e-02
3.553169113248184907e-02 3.525099465208739180e-02
3.479705884293066154e-02 3.465193471973120748e-02
3.446014520732901959e-02 3.442850604517619373e-02
3.426968902554434343e-02 3.426037524800430722e-02
3.409474789125850613e-02 3.408597706466430510e-02
3.392937491182970028e-02 3.391561831389119930e-02
3.377512989612996980e-02 3.378658661400137792e-02
3.362617832950472868e-02 3.368284137776264564e-02
3.349517202845553321e-02 3.360276066166488496e-02
3.337743502844760235e-02 3.350183626576534041e-02
3.325539397585249718e-02 3.344353725417302525e-02
3.312859773157340870e-02 3.332830279846845517e-02
3.300530762461221373e-02 3.323206607523838257e-02
3.288390733251026626e-02 3.321833922508878045e-02
3.277763700003526876e-02 3.309598465936507139e-02
3.269756512001973509e-02 3.309588137682271253e-02
3.259757333204012925e-02 3.305989773453850422e-02
3.250858394174767352e-02 3.303606456017445930e-02
3.243588291448677718e-02 3.294228569525275291e-02
3.236807007660477686e-02 3.293184578788244110e-02
3.227371026226627526e-02 3.288084242364715942e-02
3.219410858261145120e-02 3.284248866532978040e-02
3.211395592913332542e-02 3.276033837137072580e-02
3.203272122093751145e-02 3.278559634484622121e-02
3.193820362344682029e-02 3.269019485394723118e-02
3.185209295070963453e-02 3.265666889464143019e-02
3.176544336658560647e-02 3.268241986391032944e-02
3.166987714965240064e-02 3.264293761599643129e-02
3.159465053054558159e-02 3.270103522059827905e-02
3.150867730464435718e-02 3.270451671176171499e-02
3.142292013240431670e-02 3.256853531503122595e-02
3.132826471872763446e-02 3.249787444791752550e-02
3.124748355939703168e-02 3.245459269045999212e-02
3.116409229995151936e-02 3.253578123172767844e-02
3.108484920824535272e-02 3.243998252043900354e-02
3.101335186260304258e-02 3.250748514261865563e-02
3.094544909781946421e-02 3.241866615483997294e-02
3.085465763285404756e-02 3.233244556647080908e-02
3.077034127781183917e-02 3.239331428180278888e-02
3.070837264489855237e-02 3.234277505367270239e-02
3.064757458595427156e-02 3.233381174127702984e-02
3.056749740400904400e-02 3.232748916010685231e-02
3.055959117525421792e-02 3.219975883080831297e-02
3.045724290148069460e-02 3.218899345259193523e-02
3.039340904873896049e-02 3.232003284452354686e-02
3.032964981735579088e-02 3.220584888863358558e-02
3.026729280462870514e-02 3.226785479407561635e-02
3.020965556342003477e-02 3.228887374350718209e-02
3.015635721312278153e-02 3.219697628215498209e-02
