4.058186193941089315e-02 3.580975620950824917e-02
3.532613853259104764e-02 3.509542004390042713e-02
3.481477973746358034e-02 3.469935919229800991e-02
3.452473462766545570e-02 3.446013632000458071e-02
3.432114792047806506e-02 3.430718293428602211e-02
3.414352586613782214e-02 3.414239886363869964e-02
3.398259111730075888e-02 3.400384996139146215e-02
3.383566964126566434e-02 3.387881386912001969e-02
3.368986662487293698e-02 3.375372231790894212e-02
3.353014821991869704e-02 3.362489945673749481e-02
3.336325382864843009e-02 3.349614564163481967e-02
3.318218088692295731e-02 3.332567687037019805e-02
3.301480304177489833e-02 3.320873584334365497e-02
3.286664570601648128e-02 3.308134584646174603e-02
3.273050825019753474e-02 3.296973373786157846e-02
3.259086818836902377e-02 3.286611270875884616e-02
3.247301280644906279e-02 3.281814074671642739e-02
3.235769557176618183e-02 3.271093466677344602e-02
3.222870735952271942e-02 3.266974240880806540e-02
3.212333224848073349e-02 3.263705032821066082e-02
3.202253904571355364e-02 3.260784716107825720e-02
3.192223195118761708e-02 3.255789766563215587e-02
3.180777253476409910e-02 3.250051182148005341e-02
3.171562985585056615e-02 3.245848280788674739e-02
3.160062138733236298e-02 3.237905220019249991e-02
3.149153510432346759e-02 3.224177291119086769e-02
3.139961190099662541e-02 3.225925007857653737e-02
3.129659920940065093e-02 3.213916972528404331e-02
3.120967232246372666e-02 3.206502306482449105e-02
3.113201266109053358e-02 3.204383249564269481e-02
3.104834775510458347e-02 3.202513407214510610e-02
3.098462200448562701e-02 3.202827700492944657e-02
3.088426953574817044e-02 3.193005736962503671e-02
3.081682196548704220e-02 3.193951415290173512e-02
3.075787306853373232e-02 3.183682579811104169e-02
3.067766791558850653e-02 3.187759916829736861e-02
3.060953873620625085e-02 3.190778509566658677e-02
3.053072486865438320e-02 3.180743917739885934e-02
3.048301314445270652e-02 3.178180579797398875e-02
3.041620328074980811e-02 3.185721397445148706e-02
3.032526171128538395e-02 3.173064076066439698e-02
3.030602806612728642e-02 3.168241353328471455e-02
3.022162937761012358e-02 3.162289302426612991e-02
3.014557355734175104e-02 3.163118886305132244e-02
3.010406451782493206e-02 3.158793827096520457e-02
3.005123385114232687e-02 3.162261887608088656e-02
2.998666317605173243e-02 3.164955527005106073e-02
2.994386779747580316e-02 3.162149558228399132e-02
2.988466338172735687e-02 3.159172411608369979e-02
2.982140042240378694e-02 3.159572790765207556e-02
