1.449415364510494957e-02 3.322028918449836891e-04
7.420156267332049689e-05 8.523122446093347348e-06
2.318990566161613916e-06 3.629903750274167429e-07
1.282532494395706137e-07 3.099035905977131686e-08
1.168207039039281096e-08 2.773003838416762641e-09
1.230076085727393461e-09 3.765070452952540490e-10
2.181266733409199167e-10 1.049558737623106089e-10
7.748257984979279280e-11 5.086643837450582841e-11
4.271029797202365746e-11 3.220632872459894405e-11
2.884533239082960391e-11 2.318291586001420954e-11
2.157148431180338281e-11 1.796641310443317206e-11
1.713224024978268319e-11 1.459625965933589083e-11
1.415468828407990701e-11 1.225326158497853937e-11
1.202616500753458522e-11 1.053811947852160113e-11
1.043440324832610825e-11 9.230578452709670362e-12
9.201177033821612719e-12 8.200863598041238645e-12
8.218472255550799039e-12 7.370502385522801564e-12
7.418462065635202592e-12 6.687459151454511658e-12
6.754991312809921743e-12 6.116110301775775879e-12
6.196393146202886181e-12 5.631610394217878171e-12
5.719916266650159397e-12 5.216520068145744068e-12
5.308813253485601506e-12 4.856017052136965027e-12
4.950717971216831888e-12 4.540678374681952554e-12
4.636240535917124013e-12 4.262481998660104502e-12
4.357855036606076792e-12 4.015152524936259589e-12
4.109683051246512369e-12 3.793827194677271887e-12
3.887197099726325778e-12 3.594846985887136395e-12
3.686618894723513088e-12 3.414888269007909314e-12
3.504974736059871351e-12 3.251530841942905875e-12
3.339737810269971570e-12 3.102496886241335624e-12
3.188788213331521659e-12 2.966220319569801660e-12
3.050366483741811161e-12 2.840930836275132690e-12
2.923003209895610332e-12 2.725457748002359118e-12
2.805428649963645776e-12 2.618416526660248099e-12
2.696584538238416621e-12 2.519192452010219023e-12
2.595586698411061535e-12 2.426926478000230958e-12
2.501578705895125976e-12 2.341097964231418497e-12
2.413940348891851328e-12 2.260885810009706202e-12
2.332043152560401905e-12 2.185890841439561331e-12
2.255326504315964937e-12 2.115521132364245711e-12
2.183369082319317027e-12 2.049454389802820363e-12
2.115749978260976733e-12 1.987281691474157501e-12
2.052093158510736311e-12 1.928692260403502687e-12
1.992092967334140375e-12 1.873415755864773428e-12
1.935415261162371743e-12 1.821181958792567248e-12
1.881816658271150841e-12 1.771759954404925267e-12
1.831074423161230734e-12 1.724915004190261538e-12
1.782953355332790703e-12 1.680432338725066883e-12
1.737270922183410490e-12 1.638252152193595582e-12
1.693869011115715634e-12 1.598114389894949045e-12
