1.147378785857491590e-01 7.974242336220210836e-02
7.938785126103406475e-02 7.400946422583526418e-02
7.469681824644558432e-02 7.030899367398685262e-02
7.063226489921865803e-02 6.890754339595635269e-02
6.645690183329387712e-02 6.570113346808487131e-02
6.230494875282927697e-02 6.962346223493416641e-02
5.937370951703893618e-02 7.635033668743239355e-02
6.066785320049015301e-02 6.725751173992951248e-02
5.570880122808360979e-02 6.394064633382691432e-02
5.336265773720645644e-02 6.262950061096085597e-02
5.083013737027162332e-02 5.914775571889347577e-02
4.897678886328225845e-02 5.703218301965130854e-02
4.710271634205009939e-02 5.397390139599641395e-02
4.535308044178532755e-02 5.307453581028514361e-02
4.367204725257749220e-02 5.082027676204840111e-02
4.210648122357159295e-02 5.039121676236391068e-02
4.059942378435374422e-02 5.004841782566574193e-02
3.922454648645504194e-02 5.137718634472952794e-02
3.761667515173917897e-02 5.283796507865190506e-02
3.646252046450897122e-02 5.350617857442961645e-02
3.510249135126095044e-02 5.549805218146906804e-02
3.386961157543478401e-02 5.660793216278155876e-02
3.304211684120288844e-02 5.559832675175534200e-02
3.188678137371241117e-02 5.539290824284156395e-02
3.152726602842804288e-02 5.521654213468233513e-02
3.020061556168460865e-02 5.472076746324697899e-02
2.922338329783709041e-02 5.452180281281471252e-02
2.840754084764200021e-02 5.680554546415805817e-02
2.760449907509610057e-02 5.715196196817689395e-02
2.670316371548072873e-02 5.732977007412248110e-02
2.594253209294615156e-02 5.594666188375817251e-02
2.516090817587654516e-02 5.721550103690889455e-02
2.449863524473370677e-02 5.830264339844385552e-02
2.380017030745653836e-02 5.733648594468832016e-02
2.317347510493496590e-02 7.162415339714950369e-02
2.251374478474622853e-02 5.883861731530891370e-02
2.191104357579450393e-02 5.820262132005558919e-02
2.132290175063459789e-02 5.960487983086042857e-02
2.076181206649653846e-02 6.119949039485719777e-02
2.029026413527582409e-02 5.925009492784738541e-02
1.980471678742593694e-02 5.828255528791083384e-02
1.941581377030797070e-02 6.199166551232337952e-02
1.901968704026411883e-02 5.857028010197811579e-02
1.857582140785861424e-02 6.284165071944396164e-02
1.823984828282609535e-02 5.936052194899982953e-02
1.787409138803302058e-02 6.049880230178435875e-02
1.759523598333381442e-02 6.460665735519594000e-02
1.726997603366068126e-02 6.518644053075048350e-02
1.720194049426581467e-02 6.151394318375322245e-02
1.726501622843949757e-02 6.752904949502812337e-02
1.682874184230539333e-02 6.828512758430507756e-02
1.638459009345530001e-02 6.821274736689196538e-02
1.608166348887607455e-02 7.029539098342259262e-02
1.578003788585547601e-02 6.793539971113204956e-02
1.553251903917738860e-02 6.903638825234439946e-02
1.534282105214840840e-02 7.047637086361646652e-02
1.514519054827855732e-02 7.413908766789568949e-02
1.509718179543752432e-02 7.163847403393851232e-02
1.491834288576572402e-02 7.761386181745263957e-02
1.460590098754548267e-02 7.630532555696037389e-02
1.440315620194764640e-02 7.641648273501130961e-02
1.419996155915229097e-02 7.992217886365121648e-02
1.406894412414148171e-02 7.669056920955578949e-02
1.393200983804446236e-02 7.766485379801855993e-02
1.376426296911535500e-02 7.889776087055604126e-02
1.384575822323416867e-02 7.285307047681675863e-02
1.373143298565637251e-02 7.926322757783862971e-02
1.350140201194757056e-02 7.586356418000327062e-02
1.324180948024623189e-02 8.321096282452344894e-02
1.302226084036983526e-02 8.007718301895591639e-02
1.287529230135780675e-02 7.149571273475885391e-02
1.275121163171280721e-02 7.614197240521509980e-02
1.264971321163797444e-02 7.699372246861457825e-02
1.255377532019397342e-02 7.479103892627689265e-02
1.248035309431654201e-02 6.986575294286012650e-02
1.368012017621545243e-02 7.344646006822586060e-02
1.334802338610236588e-02 6.715936669045025065e-02
1.230108769238089789e-02 7.252327704595194768e-02
1.198212256180917513e-02 7.324566216104561045e-02
1.188709473034378281e-02 7.544233391268385935e-02
1.177570657337054065e-02 7.435567583888769150e-02
1.165085716023511221e-02 7.788673198471467163e-02
1.164057754321833928e-02 7.790470764868789866e-02
1.161551300452348320e-02 7.913540355447265529e-02
1.150688239254011973e-02 7.628430364032585953e-02
1.145705687531887139e-02 7.886671875086095906e-02
1.133182736793230012e-02 7.759045623242855072e-02
1.126042635244415765e-02 8.398300543841388799e-02
1.121024524935471979e-02 8.345890500479274943e-02
1.107034519254665277e-02 8.253219785789649154e-02
1.104494092022485253e-02 8.561117947101593018e-02
1.098757836261642952e-02 8.511303841239875601e-02
1.092561855744210789e-02 8.261025696992874146e-02
1.079922984886585134e-02 8.317746077146795369e-02
1.074691210912230056e-02 8.757640338606303976e-02
1.063210109276678181e-02 9.079290440099106740e-02
1.056677771484237048e-02 8.978976899137099121e-02
1.051593060762341311e-02 9.310376478566063929e-02
1.057129173373474139e-02 8.889984577480289363e-02
1.048386349885561779e-02 8.886764074365298416e-02
1.034765395965726170e-02 9.413549914542171382e-02
1.026919859376777648e-02 9.211200123859776545e-02
1.033626944079855080e-02 8.599164699100786402e-02
1.090018525984653118e-02 8.981926801304022934e-02
1.036594842328231875e-02 9.286130830231639766e-02
1.002848810387105272e-02 9.338950303693611954e-02
9.854193809499010165e-03 9.885921101603242778e-02
9.790464131302594256e-03 9.523359396391445353e-02
9.828028611732812780e-03 9.806038811802864075e-02
9.729384405612264905e-03 1.008338293888502712e-01
9.798558735420239210e-03 9.755479254656368449e-02
9.633573317191397589e-03 1.029742658138275146e-01
9.564028284086549883e-03 1.004033341175979976e-01
9.484698334131465292e-03 1.005857330229547320e-01
9.458737707662782587e-03 1.075886199250817299e-01
9.424049641612379860e-03 1.085035703662368956e-01
9.332276502746247870e-03 1.131095296392838206e-01
9.314313792146561299e-03 1.064507330043448358e-01
9.227775355892793227e-03 1.132413773900932674e-01
9.149055443519567982e-03 1.127809056391318593e-01
9.086065219357473965e-03 1.069811986138423238e-01
8.987670011531629505e-03 1.004094974034362431e-01
8.980960877634948727e-03 1.058970640103022304e-01
8.978733094290800021e-03 1.046226448896858396e-01
8.997131989912955652e-03 1.016328434149424281e-01
8.950071044008784879e-03 1.011812835931777954e-01
8.948287962461685952e-03 1.151764403200811748e-01
8.889432299557535958e-03 1.099778891851504597e-01
8.818211076058053363e-03 1.072356191774209294e-01
8.773626744741483408e-03 1.089168415508336429e-01
8.676143524845554914e-03 1.040504166028565769e-01
8.635462857300142334e-03 1.024136406679948125e-01
8.557581762396125266e-03 1.127922163448399906e-01
8.634392935659630786e-03 1.063469174421495800e-01
8.932280902205625220e-03 1.077238344069984255e-01
8.562294422029858784e-03 1.060210565725962367e-01
8.386437310643183110e-03 1.099556269538071451e-01
8.345061780864039200e-03 1.118461421380440440e-01
8.303798535555729360e-03 1.259519733074638548e-01
8.242223626173033474e-03 1.194612042357524190e-01
8.217138823167217249e-03 1.273645052893294105e-01
8.204171639782891282e-03 1.285013057705428896e-01
8.156891861112743058e-03 1.465498393194543114e-01
8.158424549510823187e-03 1.466615631555517607e-01
8.073902988950229856e-03 1.312536318889922504e-01
8.045901942735999776e-03 1.348953025622500190e-01
8.049726221313873581e-03 1.397278709337115288e-01
8.223548227716691653e-03 1.334916742311583748e-01
8.071589284591619909e-03 1.315860969738827935e-01
7.885068955753618894e-03 1.258667839898003349e-01
7.848536839417174366e-03 1.296401181154780979e-01
7.831604015891349690e-03 1.294767686890231362e-01
7.830408389483222223e-03 1.249839884953366370e-01
7.808229818559683441e-03 1.208472258100907054e-01
7.731396668946476092e-03 1.116981710203819866e-01
7.654020589623956525e-03 1.205289641188250632e-01
8.690740911969611557e-03 9.183136756635373876e-02
9.121125088734893457e-03 1.004221047171288128e-01
7.898669186492101799e-03 1.221422479591435795e-01
7.541336197021788687e-03 1.221341666662030812e-01
7.426793284324277773e-03 1.280527075545655480e-01
7.403945386820525582e-03 1.233171027981572743e-01
7.430877455612417380e-03 1.284308190354042645e-01
7.393828241818970956e-03 1.256730710673663320e-01
7.427534644304570159e-03 1.195496726367208662e-01
7.543360287152283544e-03 1.132995659071538153e-01
7.629534757172696385e-03 1.200642873429589863e-01
7.559827761606283114e-03 1.134010685814751535e-01
7.466911177488793315e-03 1.126939206280642147e-01
7.310494796748697247e-03 1.182100309265984445e-01
7.227677781462794708e-03 1.181333675566646757e-01
7.208881989628742985e-03 1.188361141830682755e-01
7.270297004933075000e-03 1.200458719912502470e-01
7.362773193673957488e-03 1.180573846730920973e-01
7.257892685784765076e-03 1.199951273285680409e-01
7.128010286615472403e-03 1.208511763769719305e-01
7.063858927751898859e-03 1.204891253469718843e-01
7.022371574844956700e-03 1.257521378704243298e-01
6.995595435444378757e-03 1.142434941397772880e-01
7.019516744741287687e-03 1.281310176062915029e-01
6.969623172353305550e-03 1.317005574496256104e-01
6.998271033512352968e-03 1.287126465597086544e-01
6.988784383837610623e-03 1.293798667482203846e-01
6.941676095347639429e-03 1.237986313386095910e-01
6.862091288532270843e-03 1.285941024414367084e-01
6.873324906691999359e-03 1.330888163712289629e-01
7.009808359134324894e-03 1.232304103258583250e-01
7.320978681247386315e-03 1.189151789165205364e-01
6.984634034875572030e-03 1.283153330700265160e-01
6.734591407362538508e-03 1.322880037542846499e-01
6.654799869532481045e-03 1.389668792900111971e-01
6.750721983979285530e-03 1.287178076389763060e-01
6.830256996920987429e-03 1.231811929287181945e-01
7.074587329679331814e-03 1.134056102277504058e-01
7.088513308293678192e-03 1.251277767328752288e-01
6.785081117177321763e-03 1.397467696418364935e-01
6.624400893716535579e-03 1.412546205230885144e-01
6.557261456469948638e-03 1.332991116990645819e-01
6.510398373371217330e-03 1.379257260511318750e-01
6.504088458668996764e-03 1.345368860703375635e-01
