1.113896465167494090e-02 9.797213133424520493e-03
1.068296731824464225e-02 9.604546241462230682e-03
1.047104047668143828e-02 9.424548130482435226e-03
1.031601692197798952e-02 9.279856458306312561e-03
1.019008272531919321e-02 9.164959192276000977e-03
1.009608282730346807e-02 9.081777650862932205e-03
1.001211491174905030e-02 9.002521168440580368e-03
9.933903342022038299e-03 8.921134751290082932e-03
9.869876391504233196e-03 8.859564550220966339e-03
9.816999493234949276e-03 8.800599258393049240e-03
9.765676836051591717e-03 8.737365249544382095e-03
9.717610729971855321e-03 8.680942002683877945e-03
9.675885652896107358e-03 8.629625663161277771e-03
9.632915105080096241e-03 8.561508730053901672e-03
9.596872671575443908e-03 8.518590591847896576e-03
9.561260387006147859e-03 8.472029119729995728e-03
9.527440583219796977e-03 8.439706638455390930e-03
9.495054811761691888e-03 8.415257092565298080e-03
9.465411830716198918e-03 8.393140044063329697e-03
9.435536450615561802e-03 8.365117479115724564e-03
9.406184292080380441e-03 8.329598233103752136e-03
9.378052305248452819e-03 8.295687846839427948e-03
9.351499588796642615e-03 8.261549752205610275e-03
9.324996485147715730e-03 8.234820328652858734e-03
9.300274382595246150e-03 8.216827176511287689e-03
9.274550421140724185e-03 8.187327999621629715e-03
9.250102195570744992e-03 8.162646554410457611e-03
9.225724032148718834e-03 8.143646176904439926e-03
9.202051072994746686e-03 8.123306091874837875e-03
9.178493612037017663e-03 8.105151820927858353e-03
9.153939735303382244e-03 8.084117434918880463e-03
9.130295438453464585e-03 8.068210445344448090e-03
9.107719145703879748e-03 8.049115538597106934e-03
9.083597030683716531e-03 8.027616888284683228e-03
9.063018363809622127e-03 8.017144165933132172e-03
9.038824450349570994e-03 7.990924641489982605e-03
9.017357108660223330e-03 7.979450747370719910e-03
8.998261229419036306e-03 7.965418510138988495e-03
8.975347718394293545e-03 7.942104712128639221e-03
8.955198506222719276e-03 7.923798169940710068e-03
8.934904781465486528e-03 7.910725660622119904e-03
8.916428806714532529e-03 7.890818174928426743e-03
8.894739304839565514e-03 7.866531610488891602e-03
8.877688395597676044e-03 7.853531278669834137e-03
8.855524338020875214e-03 7.829026784747838974e-03
8.838315394979605680e-03 7.808542111888527870e-03
8.817768797687277477e-03 7.800416089594364166e-03
8.798658214623063245e-03 7.775970036163926125e-03
8.782318590220244969e-03 7.770621450617909431e-03
8.764354739247299034e-03 7.743723224848508835e-03
8.746216259612814986e-03 7.739734137430787086e-03
8.731760301843012259e-03 7.731505669653415680e-03
8.713192489600127613e-03 7.719947025179862976e-03
8.702062108701594592e-03 7.697018096223473549e-03
8.689751091878861189e-03 7.688642246648669243e-03
8.674953567295721688e-03 7.669864920899271965e-03
8.668704025117998993e-03 7.655160268768668175e-03
8.661670119092777093e-03 7.639501243829727173e-03
8.653340463685552444e-03 7.643244229257106781e-03
8.638593882163305912e-03 7.607439067214727402e-03
8.619660290139840447e-03 7.586936233565211296e-03
8.607367157265998284e-03 7.580243051052093506e-03
8.588706150298892894e-03 7.543899351730942726e-03
8.573350361718728302e-03 7.551155285909771919e-03
8.559788977613717875e-03 7.545968750491738319e-03
8.548655415169621394e-03 7.529353722929954529e-03
8.536252928557010178e-03 7.513049757108092308e-03
8.518204027673274836e-03 7.516841171309351921e-03
8.499987077013385767e-03 7.529748836532235146e-03
8.488072136348886326e-03 7.513560121878981590e-03
8.468336921196611966e-03 7.501037092879414558e-03
8.457269557899363757e-03 7.493582786992192268e-03
8.453015176999586350e-03 7.494078017771244049e-03
8.444584806722292905e-03 7.475634105503559113e-03
8.437403216503741588e-03 7.482739165425300598e-03
8.439161039593561647e-03 7.472778903320431709e-03
8.436394669399483598e-03 7.448020856827497482e-03
8.436989663850242779e-03 7.437197957187891006e-03
8.439173778553106867e-03 7.433710852637887001e-03
8.436930622825989171e-03 7.408373057842254639e-03
8.430062820169529833e-03 7.404028205201029778e-03
8.418046909089132307e-03 7.429137360304594040e-03
8.400710450099191026e-03 7.435979787260293961e-03
8.380455606639749047e-03 7.404482923448085785e-03
8.362830387962209150e-03 7.396545028313994408e-03
8.352347394088056876e-03 7.378337206318974495e-03
8.338922205971689705e-03 7.359260926023125648e-03
8.327779419742888448e-03 7.356736110523343086e-03
8.310419383810878358e-03 7.344588404521346092e-03
8.298600502823275799e-03 7.337027462199330330e-03
8.282376440503157536e-03 7.317686220631003380e-03
8.265308791589810050e-03 7.303307764232158661e-03
8.254154126739084163e-03 7.281606551259756088e-03
8.240707482711025558e-03 7.269040681421756744e-03
8.230955565700352750e-03 7.250881753861904144e-03
8.219958024621918519e-03 7.244434207677841187e-03
8.210888490217125094e-03 7.236413424834609032e-03
8.205326582112053638e-03 7.238217163830995560e-03
8.199495740416572892e-03 7.216313155367970467e-03
8.198767755657615508e-03 7.218469167128205299e-03
