4.798289678263955027e-01 1.705065088139640084e-01
1.251584745307521007e-01 1.222577343384424892e-01
1.057915330932634596e-01 1.051439228985044660e-01
9.785005672857528813e-02 9.906818262404865072e-02
9.127843498093325680e-02 9.203990134927961253e-02
8.653077685342329406e-02 8.871591877606180288e-02
8.352108231586653775e-02 8.606723137199878693e-02
8.090771503019623945e-02 8.375830099814468577e-02
7.865624425069588088e-02 8.234355640080240346e-02
7.697913561743206790e-02 8.113828653262721013e-02
7.563129394519620130e-02 8.036515675485134125e-02
7.451386713400119655e-02 7.934648046890895035e-02
7.363140976011026129e-02 7.855328068965011790e-02
7.271711221646244561e-02 7.848420056204001571e-02
7.223494989206878658e-02 7.808496223555670690e-02
7.151760435776739755e-02 7.736877496871683024e-02
7.106120164347130841e-02 7.709966434372796107e-02
7.055279732931678260e-02 7.674681126243537710e-02
7.026608783479143527e-02 7.701972168352869130e-02
6.966245160778848644e-02 7.642822236650520518e-02
6.918432200100363416e-02 7.610359746548864268e-02
6.879895989124368283e-02 7.563793886866834737e-02
6.834287278172446189e-02 7.554160948428842448e-02
6.799389028967153803e-02 7.565662264823913574e-02
6.750620136082899347e-02 7.511187820798820303e-02
6.707299596107588191e-02 7.483663616908921290e-02
6.640564652568684001e-02 7.416781638231542684e-02
6.561145436291287991e-02 7.430113127662076045e-02
6.464915352351055522e-02 7.085315634806950424e-02
6.299826873057498555e-02 7.112182738880316879e-02
6.129379615914530566e-02 7.086193623642127182e-02
5.909150258478958195e-02 6.775155373745495035e-02
5.748020096613866425e-02 6.729089385933345602e-02
5.602073663754797428e-02 7.340410434537464335e-02
5.465162055930349733e-02 7.052160344190067098e-02
5.357912420181602797e-02 6.674350363512833451e-02
5.243665023093543182e-02 7.445610707832707453e-02
5.142375537217026837e-02 7.185331938995255519e-02
5.072526452017993293e-02 7.774870615038606547e-02
4.988238023503160923e-02 7.254644348803493403e-02
4.907604030946769585e-02 7.703382884048753931e-02
4.817079300651463253e-02 7.424167109032471512e-02
4.731612625281985535e-02 7.901945523917675018e-02
4.647921132514389736e-02 7.745981682091951370e-02
4.569385690251138304e-02 7.286898129516178324e-02
4.501560224765321222e-02 7.108790199789735698e-02
4.418391729818611779e-02 7.562515450020630692e-02
4.331238216879527980e-02 7.967575825750827789e-02
4.263481456877254994e-02 8.010596543964412786e-02
4.189607125093660484e-02 7.258612631509701874e-02
4.131971167900213432e-02 7.978846970945596695e-02
4.041706630960106850e-02 7.875775597575637721e-02
3.988116707016781809e-02 8.146785623911353968e-02
3.917440734576524419e-02 7.950239390548732854e-02
3.854918716157355180e-02 8.096950759904252004e-02
3.795747834871091714e-02 8.457623535974158335e-02
3.749768935689112154e-02 8.322722050878736400e-02
3.733004115113034566e-02 8.439028739101356313e-02
3.681727268210634868e-02 8.260444851799143839e-02
3.659354862416299564e-02 8.685020284934176493e-02
3.743298985518333372e-02 7.914246090998251770e-02
4.093944032608372308e-02 7.302151102986600972e-02
3.638590347566982713e-02 8.028861393945084524e-02
3.649437286686606219e-02 7.017819759332472040e-02
3.668235098125367799e-02 7.952817643268240977e-02
3.554692088694470786e-02 7.908912717054288055e-02
3.538143652968290392e-02 8.382585872378614522e-02
3.498323763743406423e-02 8.703787738664282847e-02
3.455217485883977507e-02 9.788832399580213450e-02
3.413055681555372811e-02 1.022695034949315934e-01
3.375534022726663780e-02 1.065691643291049595e-01
3.343979914377375601e-02 1.031856728303763571e-01
3.322445121934500950e-02 1.042544883158471880e-01
3.295052771615546161e-02 1.033671615231368246e-01
3.278322620090187711e-02 9.903817178888453532e-02
3.234811944364592712e-02 9.785507081283463526e-02
3.213716804322491044e-02 9.496542976962195348e-02
3.172154092547915111e-02 8.482823500202761602e-02
3.141817509014976917e-02 9.025595761421653651e-02
3.285186329470356908e-02 7.599117503397995188e-02
3.598909291279751843e-02 8.329994841996166133e-02
3.314790775908565967e-02 8.316507190465927124e-02
3.167079576495580862e-02 7.433335907343360804e-02
3.376351444550403785e-02 9.051296166661712550e-02
3.118573206976601314e-02 9.379970892849895381e-02
3.040411193832391612e-02 9.927072572625345037e-02
2.981117715286772316e-02 1.064714998420741854e-01
2.950130538765068436e-02 1.129875794673959460e-01
2.915439791636677616e-02 1.139832473256521816e-01
2.894169930368661880e-02 1.180663801108797345e-01
2.872053084031837844e-02 1.151348211699061985e-01
2.861072904453045018e-02 1.032521891304188366e-01
2.874650577900976500e-02 1.134184730342692737e-01
3.718848295350808686e-02 6.795459054410457611e-02
3.147523500956594944e-02 8.160697565310531809e-02
2.993164214918889524e-02 7.811705343839195348e-02
2.870880136061914126e-02 9.854608629312780477e-02
2.804767176304466883e-02 1.101919650617572966e-01
2.770109247507118733e-02 1.097651950808034987e-01
2.742271010604937012e-02 1.133276513881153469e-01
2.723347551257508659e-02 1.119702554618318829e-01
2.713763732008817736e-02 1.123854096771942229e-01
2.776978877600191561e-02 1.126359802567296620e-01
2.744255998603454400e-02 1.192708538017339115e-01
2.741116418775807126e-02 1.129026130462686267e-01
2.731162917845678106e-02 1.060719256185823078e-01
3.293381517230555694e-02 6.691631902423170186e-02
3.257183168401441703e-02 9.522716090497043706e-02
2.796828855260661412e-02 1.277838426952560835e-01
2.682714349385805289e-02 1.365386811602446737e-01
2.661299378974590207e-02 1.377371507179405985e-01
2.621336332976636346e-02 1.498776271732317200e-01
2.580170383358873845e-02 1.484367367294099627e-01
2.572332815517012691e-02 1.551101648559173041e-01
2.581616670529289850e-02 1.659263413813379107e-01
2.569187459217884065e-02 1.264953953731391134e-01
2.581560745176563962e-02 1.546192038804292679e-01
2.541799227161923441e-02 1.672316875515712509e-01
2.510456410918112183e-02 1.510173239641719456e-01
2.485179694414865748e-02 1.529694878392749424e-01
2.473455974718601069e-02 1.243101280803481784e-01
2.477534771215443229e-02 1.093198807082242374e-01
2.501747204649557368e-02 1.408752542403009234e-01
2.424125622094767951e-02 1.237947870459821520e-01
2.370157167201907000e-02 1.327184011331862812e-01
2.357187043171285121e-02 1.121897788511382194e-01
2.395561078517902120e-02 1.496895790720979280e-01
2.409487616884090425e-02 1.180395993093649593e-01
2.342356438180658723e-02 1.066879616636368933e-01
2.332958408699530028e-02 1.365795979897181101e-01
2.388429211270881938e-02 1.167673821457558270e-01
2.347440642827167828e-02 1.146980638926227841e-01
2.297918584833784708e-02 1.058555517552627473e-01
2.292612761758813095e-02 1.050104398487342744e-01
2.287029942906484287e-02 9.833079524752166845e-02
2.294601586352034220e-02 9.824204403493139171e-02
2.257935423403978348e-02 1.214894232236676808e-01
2.255144062247581641e-02 1.394966517885526114e-01
2.300451226850471972e-02 1.136881271377205849e-01
2.407154683932298533e-02 1.332748467102646828e-01
2.353403301023673788e-02 1.296723278032408944e-01
2.304570149721169026e-02 1.448491241575943222e-01
2.265972803664825438e-02 1.356487096183829899e-01
2.259481202515705237e-02 1.313240431870023317e-01
2.184082296245345306e-02 1.304404938386546364e-01
2.149697146151305707e-02 1.332007376477122307e-01
2.862663794785919730e-02 1.076491989402307420e-01
2.522361946360367202e-02 1.027547254020141215e-01
2.433277215104459254e-02 1.020038563551174254e-01
2.351376528442814667e-02 9.768338708413971949e-02
2.170519797676583734e-02 1.114052691393428440e-01
2.114072159250698565e-02 1.179082906908459072e-01
2.069958207401923975e-02 1.230158532659212794e-01
2.043669348832492447e-02 1.293140483192271595e-01
2.030429187253481038e-02 1.355371660449438687e-01
2.026000967612717057e-02 1.419734679576423464e-01
2.036128265828621164e-02 1.354878770394457588e-01
2.061902744718259461e-02 1.576764504942629042e-01
2.117238515170245805e-02 1.261417274880740347e-01
2.138340767336691442e-02 1.130790318258934612e-01
2.174557314436064911e-02 1.393910194229748545e-01
2.153900563262584750e-02 1.067909887060523033e-01
2.120697704461834907e-02 1.381814686788452873e-01
2.186118612611075845e-02 1.377137136231693926e-01
2.084720589606681856e-02 1.251324689429667292e-01
2.032403600197739760e-02 1.291296874276465778e-01
2.012378906990151470e-02 1.210788131381074634e-01
2.015737133532217312e-02 1.247115548079212460e-01
2.047637775653927961e-02 1.135260835289955139e-01
2.090711498678457514e-02 1.478872602391574087e-01
2.117920812878121631e-02 1.296839525716172448e-01
2.132997331323056855e-02 9.361742902547121048e-02
2.145162518363355128e-02 1.367276667927702360e-01
2.095538945641459497e-02 1.037051599058839979e-01
2.024664357304573059e-02 1.050970480880803470e-01
1.963516355991908741e-02 1.154444827180769739e-01
1.945352476521781254e-02 1.066549490723344984e-01
1.954931689131005415e-02 1.121946359570655527e-01
1.972376644361491585e-02 1.229211623883909588e-01
2.108161397868903511e-02 1.259311688029103871e-01
2.644811996554092756e-02 8.921347299797667552e-02
2.052729916985987155e-02 1.187940474806560426e-01
1.944785596939121661e-02 1.232604378213485036e-01
1.900761678428729978e-02 1.311787618324160576e-01
1.879026515341204739e-02 1.532966489386227427e-01
1.871236786246299744e-02 1.703803044640355702e-01
1.867527986604084270e-02 1.774680704499284334e-01
1.880324696099794357e-02 1.657404976172579536e-01
1.913082163508345382e-02 1.784182291270958176e-01
1.917396357464717579e-02 1.364639664275778541e-01
1.997014976719893933e-02 1.528980354778468609e-01
2.024054828826792399e-02 1.212154381598035541e-01
1.925032120765891169e-02 1.232383452976743426e-01
1.868116195177341524e-02 1.285153072741296587e-01
1.875366304614922014e-02 1.062903919050263019e-01
1.918076062234254711e-02 1.103189492391215415e-01
1.911167117267301846e-02 1.025430165852109637e-01
1.896029671585959531e-02 1.250793227098054294e-01
1.906003841062689844e-02 1.277623882310258141e-01
1.914547271912962756e-02 1.272396542545821962e-01
