8.169157221833834095e-03 3.773702956322166902e-01
8.156239231139785287e-03 3.804341136581367855e-01
8.153433592070075120e-03 3.811075890229808083e-01
8.146479004630592657e-03 3.831967345128456937e-01
8.153214079623178484e-03 3.817714392724964600e-01
8.141112454212838176e-03 3.801501147035095673e-01
8.133229710127613463e-03 3.790573320455021267e-01
8.124039116565411403e-03 3.788176220324304122e-01
8.121896367633670011e-03 3.819426306419902439e-01
8.117094407391892835e-03 3.800089996722009200e-01
8.111309051434168263e-03 3.826370276510715485e-01
8.096993216540573912e-03 3.841529008415009994e-01
8.087395686122430399e-03 3.859681170433759689e-01
8.076951665826505658e-03 3.862877740628189449e-01
8.071732328261999045e-03 3.857575611521800174e-01
8.058205356242180428e-03 3.844549666262335186e-01
8.048775969300328570e-03 3.879267399509747638e-01
8.036122721245103281e-03 3.885473559300104962e-01
8.025239089719677851e-03 3.900412763986322862e-01
8.015512873520848347e-03 3.920102117376195183e-01
8.003498356584913889e-03 3.932432888282669792e-01
7.996801643280267158e-03 3.941217327697409400e-01
7.983533201296246287e-03 3.937285300344228745e-01
7.975718675169912730e-03 3.948873266991641540e-01
7.971795705976190971e-03 3.943421387424071445e-01
7.968196239345139500e-03 3.955732664714257107e-01
7.956853447334341287e-03 3.971777345157331829e-01
7.948683571956324106e-03 3.971894826326105576e-01
7.939321788243676112e-03 3.968125594158967151e-01
7.936571713355256713e-03 3.966582264337275010e-01
7.934110251925431331e-03 3.952864313291178933e-01
7.944126081050986374e-03 3.999920849584870930e-01
7.943258761348792954e-03 4.011911220020717983e-01
7.944475451949983835e-03 3.970510198010338554e-01
7.947860339588327244e-03 3.983146535853545056e-01
7.940581512762369398e-03 4.016494819273551120e-01
7.938721068146661203e-03 3.980875894841220397e-01
7.934808374734640679e-03 3.988540514061848508e-01
7.924968618104552900e-03 3.996615165637599221e-01
7.916103240681766906e-03 4.000861907584799537e-01
7.904788193849437636e-03 4.010202127198378430e-01
7.890730135131446277e-03 4.008813082344002132e-01
7.873197232384415711e-03 4.022620502445433122e-01
7.870165638273536601e-03 4.023732112513648262e-01
7.867691531584302192e-03 4.020311880028910045e-01
7.871434570960246166e-03 4.025505779104100457e-01
7.873993774410337210e-03 4.025307875126600266e-01
7.883572009698738489e-03 4.013872225251462478e-01
7.896272898594871442e-03 3.997636261499590282e-01
7.906658357724820688e-03 3.977645869470304851e-01
7.920391924349909699e-03 3.991753874967495785e-01
7.908057640079499406e-03 3.983821763346592770e-01
7.894129036619077291e-03 4.003160124023755206e-01
7.874948367272026697e-03 4.034702763375308532e-01
7.857862130239061035e-03 4.082655875633160458e-01
7.840961142636200185e-03 4.123669103201892394e-01
7.821362300934950676e-03 4.148813798609707337e-01
7.808190835753410497e-03 4.140590650753842583e-01
7.789919334577351251e-03 4.150630686846044082e-01
7.773608680553279957e-03 4.151414641075664158e-01
7.761012649209034046e-03 4.167820074492030735e-01
7.744094985821171201e-03 4.177941336399979000e-01
7.724026486379798571e-03 4.212739600075615654e-01
7.710331786855510391e-03 4.237270353155003777e-01
7.694376494860413231e-03 4.261736114405923481e-01
7.687061854706305104e-03 4.268167846732669468e-01
7.673449866848475534e-03 4.296551607549190521e-01
7.677375338971614838e-03 4.290320281353261489e-01
7.673149651609270649e-03 4.313243335733811246e-01
7.667959334112976234e-03 4.285551599330372219e-01
7.670189073684103090e-03 4.280429124418232423e-01
7.661913770035181682e-03 4.280101180904441471e-01
7.656210941183040457e-03 4.280022463450829373e-01
7.641274844035051902e-03 4.268848978810840245e-01
7.637547395794038775e-03 4.275333523336384278e-01
7.636369683030174577e-03 4.261776674538850784e-01
7.628413380078244606e-03 4.273719243291351777e-01
7.632402977167923770e-03 4.303114316943619233e-01
7.630667896237133818e-03 4.330252363449997310e-01
7.618180248977207344e-03 4.348403240243594037e-01
7.613913157511866328e-03 4.374855462875630874e-01
7.599665601624221167e-03 4.394851757420433769e-01
7.609492691699415445e-03 4.434983376413583755e-01
7.602860270885795912e-03 4.391519905378420963e-01
7.578276537881210168e-03 4.414763129833672028e-01
7.561944771512616077e-03 4.408741256015168419e-01
7.549051976217547970e-03 4.438420142978429794e-01
7.544190876992282711e-03 4.418385637303193225e-01
7.538686441144019923e-03 4.406164677606688729e-01
7.542395879082926594e-03 4.420145634147856217e-01
7.547692391487610501e-03 4.421506524085998535e-01
7.539648186449506365e-03 4.465773910697963256e-01
7.531522960606508096e-03 4.470132444467809218e-01
7.512785651914139114e-03 4.474929997490512124e-01
7.505756470647345462e-03 4.509817130035824184e-01
7.490105028321012576e-03 4.511856594019466038e-01
7.471076958165390886e-03 4.544476821190781002e-01
7.469357451333142120e-03 4.506820287141535264e-01
7.460951677341832317e-03 4.514259799487060909e-01
7.459530494709658462e-03 4.507009742988480339e-01
