3.746634979346176730e-01 3.016063421964645386e-01
1.048943316563963890e-01 1.010914929211139679e-01
9.157603086403957870e-02 8.529807254672050476e-02
8.742079195543760173e-02 8.142985403537750244e-02
8.310924397736060842e-02 7.786298915743827820e-02
8.078002025623147453e-02 7.615515217185020447e-02
7.900655451344280877e-02 7.460157573223114014e-02
7.758013025017046482e-02 7.319179549813270569e-02
7.639882329669667183e-02 7.177225500345230103e-02
7.539267556332959752e-02 7.133952900767326355e-02
7.452250721796256638e-02 7.055634260177612305e-02
7.386467206041986977e-02 7.024388387799263000e-02
7.313321071972207765e-02 6.984745711088180542e-02
7.262988106870069127e-02 6.938951089978218079e-02
7.200092676936126201e-02 6.918963789939880371e-02
7.148970041151453403e-02 6.888156384229660034e-02
7.094743498033140305e-02 6.862226128578186035e-02
7.068317946864337287e-02 6.845255568623542786e-02
7.018920595235214610e-02 6.830484420061111450e-02
7.053003255732176457e-02 6.834899634122848511e-02
6.962324515348528031e-02 6.775801628828048706e-02
6.934946264344744871e-02 6.788514181971549988e-02
6.915399668420232904e-02 6.749895587563514709e-02
6.884542691362340039e-02 6.716943159699440002e-02
6.850775158623369221e-02 6.674905493855476379e-02
6.824026293143993505e-02 6.637325882911682129e-02
6.795975690843855666e-02 6.603464856743812561e-02
6.773159275876312890e-02 6.551878154277801514e-02
6.748207458635656353e-02 6.524494290351867676e-02
6.711783691695551168e-02 6.497868523001670837e-02
6.688536530951173786e-02 6.501381844282150269e-02
6.668227570267712401e-02 6.436563283205032349e-02
6.633843304362238569e-02 6.408325582742691040e-02
6.597819131594605258e-02 6.342717260122299194e-02
6.611989433990746179e-02 6.347947940230369568e-02
6.544030855250794476e-02 6.280441209673881531e-02
6.512793380676246136e-02 6.225725263357162476e-02
6.466459105836182275e-02 6.186407245695590973e-02
6.413819277431906385e-02 6.102492287755012512e-02
6.340150210279517362e-02 6.043364107608795166e-02
6.250315291307322052e-02 5.974881537258625031e-02
6.130643818164017295e-02 5.721831135451793671e-02
5.999900933309662565e-02 5.755063518881797791e-02
5.802606219970962015e-02 5.526428110897541046e-02
5.757080021927633157e-02 5.344659090042114258e-02
5.946910206410216393e-02 5.637646466493606567e-02
5.631552914884395411e-02 5.342804826796054840e-02
5.489261345029240735e-02 5.244637466967105865e-02
5.380156454516620002e-02 4.974118620157241821e-02
5.283322143254846892e-02 4.882185347378253937e-02
5.216189875926186686e-02 4.796736501157283783e-02
5.062046988935368919e-02 4.733576811850070953e-02
4.995486566160873415e-02 4.659228771924972534e-02
4.863794500053655878e-02 4.510783962905406952e-02
4.781981976702809334e-02 4.364833980798721313e-02
4.639779843344557508e-02 4.227521084249019623e-02
4.539225784289400989e-02 4.225617274641990662e-02
4.434223543489124869e-02 4.080926440656185150e-02
4.362722913303026390e-02 3.919250890612602234e-02
4.260426907368549537e-02 3.797641023993492126e-02
4.172666387905071134e-02 3.739954344928264618e-02
4.092961759874370192e-02 3.703320585191249847e-02
3.999613693392858188e-02 3.597866930067539215e-02
3.924046647621363959e-02 3.590123541653156281e-02
3.852777210314099060e-02 3.388342075049877167e-02
3.807150603203875161e-02 3.363826125860214233e-02
3.725476954813774361e-02 3.333880566060543060e-02
3.670983700217997359e-02 3.315190225839614868e-02
3.654557895823949687e-02 3.250588849186897278e-02
3.626064969817312938e-02 3.303837776184082031e-02
3.611638521911894606e-02 3.330739587545394897e-02
3.658907050721165594e-02 3.344745002686977386e-02
3.620326400893490726e-02 3.263384476304054260e-02
3.610008522277561444e-02 3.312695957720279694e-02
3.554642763238672482e-02 3.259645029902458191e-02
3.582579473306129331e-02 3.244266100227832794e-02
3.493704099389838280e-02 3.183790296316146851e-02
3.438714322088876757e-02 3.200233168900012970e-02
3.395115466583974173e-02 3.134948015213012695e-02
3.398724595402798782e-02 3.130279481410980225e-02
3.335940641941639168e-02 3.096290584653615952e-02
3.322191174119347445e-02 3.068454843014478683e-02
3.257969354574636461e-02 3.029558900743722916e-02
3.240553879678794574e-02 3.042932320386171341e-02
3.276659455718245600e-02 3.086916171014308929e-02
3.234911474353838190e-02 3.028533514589071274e-02
3.188044869727114233e-02 2.998751588165760040e-02
3.189558728893355372e-02 3.033342678099870682e-02
3.218625196846338493e-02 2.976707275956869125e-02
3.173406198393644018e-02 2.867885306477546692e-02
3.073045266678602061e-02 2.865754906088113785e-02
3.093175330517313956e-02 2.871739398688077927e-02
3.206838794029885642e-02 2.960421144962310791e-02
3.019489667083068499e-02 2.835762780159711838e-02
2.976345717225496387e-02 2.779699210077524185e-02
2.929821094816051005e-02 2.730566356331110001e-02
2.901156808862962247e-02 2.677825000137090683e-02
2.918343438494314449e-02 2.705744002014398575e-02
2.907771555843149600e-02 2.687149122357368469e-02
2.914106864027860705e-02 2.720651496201753616e-02
2.937299291398830572e-02 2.717468887567520142e-02
2.848613930570824751e-02 2.633882593363523483e-02
2.867932537593310960e-02 2.734632045030593872e-02
2.844259090062866910e-02 2.722014300525188446e-02
2.957304196273226674e-02 2.772305719554424286e-02
3.103383058091489441e-02 2.931613940745592117e-02
3.008415511945580420e-02 2.907867170870304108e-02
2.913125513530358951e-02 2.716356050223112106e-02
2.857903778416718069e-02 2.687520813196897507e-02
2.857837032117858250e-02 2.644922863692045212e-02
2.805615821853280067e-02 2.602575346827507019e-02
2.758350374926699447e-02 2.584233228117227554e-02
2.703949662561460146e-02 2.511503174901008606e-02
2.666270533553892486e-02 2.490821108222007751e-02
2.626375936925774701e-02 2.451328095048666000e-02
2.614533306076759211e-02 2.462438214570283890e-02
2.613314106583413537e-02 2.440781984478235245e-02
2.675617409006851577e-02 2.506482601165771484e-02
2.659856870475156912e-02 2.515366207808256149e-02
2.651759379588794485e-02 2.455753367394208908e-02
2.729270495360762439e-02 2.467017248272895813e-02
2.679711791527707512e-02 2.478206343948841095e-02
2.605191732347920258e-02 2.438702061772346497e-02
2.562071413664919473e-02 2.375942096114158630e-02
2.563340915367007256e-02 2.399327885359525681e-02
2.593965689288225268e-02 2.354273293167352676e-02
2.949963004623607984e-02 2.602427452802658081e-02
2.867822625060997485e-02 2.583829872310161591e-02
2.611756231067929174e-02 2.362742088735103607e-02
2.520638600945836194e-02 2.353867515921592712e-02
2.467681945687750372e-02 2.297989092767238617e-02
2.441493440533011594e-02 2.282661478966474533e-02
2.511676561609819253e-02 2.284303959459066391e-02
2.612837691359767150e-02 2.394609060138463974e-02
2.494295937486174647e-02 2.306432742625474930e-02
2.433687393417264047e-02 2.272482216358184814e-02
2.398101499917485238e-02 2.251739986240863800e-02
2.406426442491753706e-02 2.246415615081787109e-02
2.464183367697930782e-02 2.285321801900863647e-02
2.432100421453757891e-02 2.192327473312616348e-02
2.552943903861976116e-02 2.327920403331518173e-02
2.495460223020395246e-02 2.318304870277643204e-02
2.494902139893028642e-02 2.263472042977809906e-02
2.431153884816278712e-02 2.251527272164821625e-02
2.338796327026878771e-02 2.143201697617769241e-02
2.301306265588031960e-02 2.100723423063755035e-02
2.373522317900163270e-02 2.130481507629156113e-02
2.497957129508438651e-02 2.274265419691801071e-02
2.581190791480788421e-02 2.395094558596611023e-02
2.392988423703283629e-02 2.221816498786211014e-02
2.321084918136276723e-02 2.135352790355682373e-02
2.276696594113983632e-02 2.076985780149698257e-02
2.281796920862866687e-02 2.065303921699523926e-02
2.281179640260411548e-02 2.088960260152816772e-02
2.304164731375327874e-02 2.099643833935260773e-02
2.357961611663241322e-02 2.165839821100234985e-02
2.324610078003166644e-02 2.148767560720443726e-02
2.336961260951328501e-02 2.179231680929660797e-02
2.290590816154712550e-02 2.067116834223270416e-02
2.245703998884958363e-02 2.040788251906633377e-02
2.249800649517011419e-02 2.100606914609670639e-02
2.248601468348103427e-02 2.045547123998403549e-02
2.244523642925409443e-02 2.043057233095169067e-02
2.305048547980443827e-02 2.086742967367172241e-02
2.275017671650502588e-02 2.026236895471811295e-02
2.247347822980728244e-02 2.100467868149280548e-02
2.241296948660619417e-02 2.070019580423831940e-02
2.213633484661397394e-02 2.013137005269527435e-02
2.216986889905500635e-02 2.041284181177616119e-02
2.181435834116688538e-02 1.987414341419935226e-02
2.201459875966354021e-02 2.000313252210617065e-02
2.419919693251935608e-02 2.136773243546485901e-02
2.569523885300973448e-02 2.184279914945363998e-02
2.302259729788979498e-02 2.076316531747579575e-02
2.232269860985802365e-02 2.025869861245155334e-02
2.148434926937447739e-02 1.941186562180519104e-02
2.102234074278030301e-02 1.910224650055170059e-02
2.081607175400344498e-02 1.880467776209115982e-02
2.069262883103475253e-02 1.858181226998567581e-02
2.079985783685271358e-02 1.847024355083703995e-02
2.083390016426764010e-02 1.860995125025510788e-02
2.091640823452574349e-02 1.882135029882192612e-02
2.182372030802071095e-02 1.972930971533060074e-02
2.221099496819078922e-02 1.976056396961212158e-02
2.162649849338865726e-02 1.934403274208307266e-02
2.127248695029354542e-02 1.941482909023761749e-02
2.214201264333252525e-02 2.085719071328639984e-02
2.299631456276628877e-02 2.063858322799205780e-02
2.141347031745060095e-02 1.938029564917087555e-02
2.060360780621810564e-02 1.844489574432373047e-02
2.034949051874984996e-02 1.826708856970071793e-02
2.010607144727212525e-02 1.780621893703937531e-02
1.998119161282552528e-02 1.798147708177566528e-02
2.001289389573219363e-02 1.802091021090745926e-02
1.990919323388214493e-02 1.792318653315305710e-02
2.189540554678476303e-02 1.918816659599542618e-02
2.098609444617134667e-02 1.868118252605199814e-02
2.238798721284582932e-02 1.951233763247728348e-02
2.147150877295288945e-02 1.964772958308458328e-02
1.986343260263888008e-02 1.788850780576467514e-02
1.924954722181144301e-02 1.711787655949592590e-02
1.895559461582906405e-02 1.673820242285728455e-02
1.880590634693096383e-02 1.667927578091621399e-02
1.895514031781292408e-02 1.681643724441528320e-02
1.863917694767800934e-02 1.633116789162158966e-02
1.885507909989938419e-02 1.686768885701894760e-02
1.937775984520047345e-02 1.777218468487262726e-02
2.021969248904142286e-02 1.858298759907484055e-02
2.023216790133496729e-02 1.826565247029066086e-02
2.046779735672582881e-02 1.844933349639177322e-02
1.980958170280223973e-02 1.751031540334224701e-02
2.001865280269667785e-02 1.870918367058038712e-02
1.931445862212013975e-02 1.711497735232114792e-02
1.893576031278182761e-02 1.698907930403947830e-02
1.864227937625312359e-02 1.664230041205883026e-02
1.853703735850569662e-02 1.661006268113851547e-02
1.859055076748496182e-02 1.656785514205694199e-02
1.869316784119823965e-02 1.655221823602914810e-02
1.889667615135450299e-02 1.688840612769126892e-02
2.101088947866384601e-02 1.810021791607141495e-02
1.950896374608685271e-02 1.745607703924179077e-02
1.845451638602265548e-02 1.633600518107414246e-02
1.838776142131991545e-02 1.588106155395507812e-02
1.800571683305883519e-02 1.581014692783355713e-02
1.793132952936902363e-02 1.588697079569101334e-02
1.780828117483818085e-02 1.596788968890905380e-02
1.808051335080185923e-02 1.600229740142822266e-02
1.809349550479432550e-02 1.591359730809926987e-02
1.865628793858355172e-02 1.635852549225091934e-02
2.037744779457769870e-02 1.801734138280153275e-02
2.513826288078434626e-02 2.155754528939723969e-02
2.154456198828794480e-02 1.847824174910783768e-02
1.844988822391847166e-02 1.679145079106092453e-02
1.772998213745290152e-02 1.584618166089057922e-02
1.727503784591468208e-02 1.517745014280080795e-02
1.697889282424911578e-02 1.478983135893940926e-02
1.681657901272268565e-02 1.464056596159934998e-02
1.688402559517360180e-02 1.494951406493782997e-02
1.696187996294167694e-02 1.493439311161637306e-02
1.715980858042290974e-02 1.500554243102669716e-02
1.771538742681647363e-02 1.573473773896694183e-02
1.738360366590957148e-02 1.587957888841629028e-02
1.767943311687104543e-02 1.582298241555690765e-02
1.770321198841329907e-02 1.597957778722047806e-02
1.781483441477686724e-02 1.608338765799999237e-02
1.759668924028008619e-02 1.566229015588760376e-02
1.789327944265451525e-02 1.601500436663627625e-02
1.730195011818645365e-02 1.519207702949643135e-02
1.717448931914277235e-02 1.529405359178781509e-02
1.739794449176548449e-02 1.548156980425119400e-02
1.801301102812697189e-02 1.580930966883897781e-02
1.907519008623572224e-02 1.731669902801513672e-02
1.829974713917003823e-02 1.663737278431653976e-02
1.774568826232741578e-02 1.629897207021713257e-02
1.692643961244512732e-02 1.520249014720320702e-02
1.634770386182226101e-02 1.444805506616830826e-02
1.606263749857955725e-02 1.409761840477585793e-02
1.584391495519567664e-02 1.411394076421856880e-02
1.576393885288114929e-02 1.397624937817454338e-02
1.606121001390331537e-02 1.392825925722718239e-02
2.050682960259841633e-02 1.782818324863910675e-02
1.817562630990656250e-02 1.635634247213602066e-02
1.610160292205741611e-02 1.454320782795548439e-02
1.568725905324355047e-02 1.374470582231879234e-02
1.559294820138503075e-02 1.358185335993766785e-02
1.556705464268239546e-02 1.353481132537126541e-02
1.575348099761801623e-02 1.377668045461177826e-02
1.576988488469818067e-02 1.395391160622239113e-02
1.575022340161589748e-02 1.374060474336147308e-02
1.568896120993375221e-02 1.400200743228197098e-02
1.599172710316119558e-02 1.417299732565879822e-02
1.649827751751262173e-02 1.440621912479400635e-02
1.605873231253609340e-02 1.416253950446844101e-02
1.914833111847500866e-02 1.752599421888589859e-02
1.664674145782866002e-02 1.468987297266721725e-02
1.601792420487760035e-02 1.438441453501582146e-02
1.541255563838271093e-02 1.392839150503277779e-02
1.516803034876541313e-02 1.317782560363411903e-02
1.519475005021909443e-02 1.357696671038866043e-02
1.526446731068284782e-02 1.348577439785003662e-02
1.502049802916079028e-02 1.323704421520233154e-02
1.549527340954760281e-02 1.349708344787359238e-02
1.608856067504370324e-02 1.405340060591697693e-02
1.632896973183605577e-02 1.466412656009197235e-02
1.660662924405187368e-02 1.536392560228705406e-02
1.538206059656037870e-02 1.370508642867207527e-02
1.471990227085969750e-02 1.318905362859368324e-02
1.460347985337692722e-02 1.288630953058600426e-02
1.586200703480621782e-02 1.405790261924266815e-02
1.546655627387780174e-02 1.370934536680579185e-02
1.431267010331971692e-02 1.249147206544876099e-02
1.408753471687526973e-02 1.251286314800381660e-02
1.396900923388851197e-02 1.236388785764575005e-02
1.405522820153614315e-02 1.255526393651962280e-02
1.442386179583192603e-02 1.285695564001798630e-02
1.500903640408068895e-02 1.326887914910912514e-02
1.513606058604015890e-02 1.397820515558123589e-02
1.470977930556528410e-02 1.305173384025692940e-02
1.444139337541944408e-02 1.295678596943616867e-02
1.471588237597266403e-02 1.290135039016604424e-02
1.501619780617879582e-02 1.304267672821879387e-02
1.481426452718129921e-02 1.309180120006203651e-02
1.436346422074498939e-02 1.266958797350525856e-02
1.440510039058763743e-02 1.268494687974452972e-02
1.408934933644515053e-02 1.257341587916016579e-02
1.385065983333511400e-02 1.223812624812126160e-02
1.407504727973080301e-02 1.256813760846853256e-02
1.431833480757365926e-02 1.268433220684528351e-02
1.455387187746875859e-02 1.297301799058914185e-02
1.558969273209208362e-02 1.375971455127000809e-02
1.630755522708612903e-02 1.417444320395588875e-02
1.483898629752419297e-02 1.288108900189399719e-02
1.418200434503577058e-02 1.255517220124602318e-02
1.370069712809309642e-02 1.232732133939862251e-02
1.346385047384878429e-02 1.194095145910978317e-02
1.358482521879146067e-02 1.200480712577700615e-02
1.339703698631194290e-02 1.200190838426351547e-02
1.343954084497853835e-02 1.198774669319391251e-02
1.336729534186150217e-02 1.203066855669021606e-02
1.355898468300881926e-02 1.228325767442584038e-02
1.361585907331418037e-02 1.237279921770095825e-02
1.418855662241850710e-02 1.260423148050904274e-02
1.578633153595302915e-02 1.406494900584220886e-02
1.573523260062424309e-02 1.433003041893243790e-02
1.460801399165264670e-02 1.316968770697712898e-02
1.358044197748801279e-02 1.230211555957794189e-02
1.302883073846559762e-02 1.152680069208145142e-02
1.270625454078360382e-02 1.151211746037006378e-02
1.260560853179635080e-02 1.113583752885460854e-02
1.273552409838885069e-02 1.145038334652781487e-02
1.301510162685611677e-02 1.167706632986664772e-02
1.341389102020823336e-02 1.205155253410339355e-02
1.387833735462641604e-02 1.265114173293113708e-02
1.468143544284763145e-02 1.334199309349060059e-02
1.428955519378821357e-02 1.317494921386241913e-02
1.445941463476274093e-02 1.297535467892885208e-02
1.400832133651597547e-02 1.261780783534049988e-02
1.366355337724998315e-02 1.203120872378349304e-02
1.513919826858199993e-02 1.367925293743610382e-02
1.350174218745584138e-02 1.213899487629532814e-02
1.284172948983656852e-02 1.169832376763224602e-02
1.303276364839204247e-02 1.165957795456051826e-02
1.282035534713053815e-02 1.144326711073517799e-02
1.287222592864276441e-02 1.137901702895760536e-02
1.301137607817242844e-02 1.166261360049247742e-02
1.322346240588713646e-02 1.213782420381903648e-02
1.317560048092429256e-02 1.179476827383041382e-02
1.292492494997909101e-02 1.162685919553041458e-02
1.282583247506763856e-02 1.159237278625369072e-02
1.295441906706134780e-02 1.179860392585396767e-02
1.273300302521575451e-02 1.153602357953786850e-02
1.332683627005303018e-02 1.208120305091142654e-02
1.358360055516042407e-02 1.228425698354840279e-02
1.278564288201401201e-02 1.177338324487209320e-02
1.236032803894997374e-02 1.115921884775161743e-02
1.231735550639469386e-02 1.095323683694005013e-02
2.122766683843532037e-02 1.692527066916227341e-02
1.358764972992059644e-02 1.262501673772931099e-02
1.249974384824404684e-02 1.137973833829164505e-02
1.212713235375902955e-02 1.094456575810909271e-02
1.186865772313733594e-02 1.081738667562603951e-02
1.166579034747328679e-02 1.052017323672771454e-02
1.189111312567369891e-02 1.061586057767271996e-02
1.185743070900349347e-02 1.058887969702482224e-02
1.188165161520151822e-02 1.053384412080049515e-02
1.224606346747860591e-02 1.081965025514364243e-02
1.290907470861495272e-02 1.153755048289895058e-02
1.355090306890083598e-02 1.213962538167834282e-02
1.481413695302496655e-02 1.340423012152314186e-02
1.370560639912671470e-02 1.241216110065579414e-02
1.280902331501881583e-02 1.172770140692591667e-02
1.217820846600594330e-02 1.099987234920263290e-02
1.195043135184522057e-02 1.091697718948125839e-02
1.187656021381660286e-02 1.074760453775525093e-02
1.205462503258320633e-02 1.107974955812096596e-02
1.216041948646306992e-02 1.085426658391952515e-02
1.218099748181951554e-02 1.090754615142941475e-02
1.251405244409220172e-02 1.143808849155902863e-02
1.297243109552144273e-02 1.195719651877880096e-02
1.257300464345551157e-02 1.140359137207269669e-02
1.206612605999064954e-02 1.075927121564745903e-02
1.170308696299155252e-02 1.055821171030402184e-02
1.125491943732812722e-02 1.025029551237821579e-02
1.113154259283186467e-02 1.005111588165163994e-02
1.124734514131687721e-02 1.002986542880535126e-02
1.142865944392524799e-02 1.023089652881026268e-02
1.195254171460230844e-02 1.064573694020509720e-02
1.314252653874729490e-02 1.161551009863615036e-02
1.342223285947267628e-02 1.218500128015875816e-02
1.195822226837640889e-02 1.092119188979268074e-02
1.130422654209613069e-02 9.982027113437652588e-03
1.093820568242269246e-02 9.890261571854352951e-03
1.101180227621026929e-02 9.826962370425462723e-03
1.141326885000325600e-02 1.015006238594651222e-02
1.263689478893378210e-02 1.137846056371927261e-02
1.447029200257597160e-02 1.266116509214043617e-02
1.165529919174931352e-02 1.062941923737525940e-02
1.082831991143615516e-02 9.812314063310623169e-03
1.048237558954009246e-02 9.397383779287338257e-03
1.037763836850389559e-02 9.218709543347358704e-03
