Epoch:1/10, Step:0/2882, Loss:0.9158
Epoch:1/10, Step:10/2882, Loss:0.9014
Epoch:1/10, Step:20/2882, Loss:0.8755
Epoch:1/10, Step:30/2882, Loss:0.8542
Epoch:1/10, Step:40/2882, Loss:0.7794
Epoch:1/10, Step:50/2882, Loss:0.6510
Epoch:1/10, Step:60/2882, Loss:0.5565
Epoch:1/10, Step:70/2882, Loss:0.4854
Epoch:1/10, Step:80/2882, Loss:0.4328
Epoch:1/10, Step:90/2882, Loss:0.3910
Epoch:1/10, Step:100/2882, Loss:0.3567
Epoch:1/10, Step:110/2882, Loss:0.3288
Epoch:1/10, Step:120/2882, Loss:0.3058
Epoch:1/10, Step:130/2882, Loss:0.2857
Epoch:1/10, Step:140/2882, Loss:0.2685
Epoch:1/10, Step:150/2882, Loss:0.2537
Epoch:1/10, Step:160/2882, Loss:0.2405
Epoch:1/10, Step:170/2882, Loss:0.2286
Epoch:1/10, Step:180/2882, Loss:0.2184
Epoch:1/10, Step:190/2882, Loss:0.2094
Epoch:1/10, Step:200/2882, Loss:0.2009
Epoch:1/10, Step:210/2882, Loss:0.1934
Epoch:1/10, Step:220/2882, Loss:0.1865
Epoch:1/10, Step:230/2882, Loss:0.1800
Epoch:1/10, Step:240/2882, Loss:0.1742
Epoch:1/10, Step:250/2882, Loss:0.1688
Epoch:1/10, Step:260/2882, Loss:0.1638
Epoch:1/10, Step:270/2882, Loss:0.1593
Epoch:1/10, Step:280/2882, Loss:0.1550
Epoch:1/10, Step:290/2882, Loss:0.1510
Epoch:1/10, Step:300/2882, Loss:0.1472
Epoch:1/10, Step:310/2882, Loss:0.1433
Epoch:1/10, Step:320/2882, Loss:0.1396
Epoch:1/10, Step:330/2882, Loss:0.1364
Epoch:1/10, Step:340/2882, Loss:0.1333
Epoch:1/10, Step:350/2882, Loss:0.1304
Epoch:1/10, Step:360/2882, Loss:0.1276
Epoch:1/10, Step:370/2882, Loss:0.1249
Epoch:1/10, Step:380/2882, Loss:0.1224
Epoch:1/10, Step:390/2882, Loss:0.1201
Epoch:1/10, Step:400/2882, Loss:0.1180
Epoch:1/10, Step:410/2882, Loss:0.1159
Epoch:1/10, Step:420/2882, Loss:0.1140
Epoch:1/10, Step:430/2882, Loss:0.1119
Epoch:1/10, Step:440/2882, Loss:0.1100
Epoch:1/10, Step:450/2882, Loss:0.1082
Epoch:1/10, Step:460/2882, Loss:0.1065
Epoch:1/10, Step:470/2882, Loss:0.1047
Epoch:1/10, Step:480/2882, Loss:0.1030
Epoch:1/10, Step:490/2882, Loss:0.1013
Epoch:1/10, Step:500/2882, Loss:0.0998
Epoch:1/10, Step:510/2882, Loss:0.0983
Epoch:1/10, Step:520/2882, Loss:0.0969
Epoch:1/10, Step:530/2882, Loss:0.0956
Epoch:1/10, Step:540/2882, Loss:0.0943
Epoch:1/10, Step:550/2882, Loss:0.0930
Epoch:1/10, Step:560/2882, Loss:0.0918
Epoch:1/10, Step:570/2882, Loss:0.0907
Epoch:1/10, Step:580/2882, Loss:0.0894
Epoch:1/10, Step:590/2882, Loss:0.0882
Epoch:1/10, Step:600/2882, Loss:0.0871
Epoch:1/10, Step:610/2882, Loss:0.0861
Epoch:1/10, Step:620/2882, Loss:0.0852
Epoch:1/10, Step:630/2882, Loss:0.0842
Epoch:1/10, Step:640/2882, Loss:0.0833
Epoch:1/10, Step:650/2882, Loss:0.0824
Epoch:1/10, Step:660/2882, Loss:0.0815
Epoch:1/10, Step:670/2882, Loss:0.0807
Epoch:1/10, Step:680/2882, Loss:0.0798
Epoch:1/10, Step:690/2882, Loss:0.0790
Epoch:1/10, Step:700/2882, Loss:0.0782
Epoch:1/10, Step:710/2882, Loss:0.0774
Epoch:1/10, Step:720/2882, Loss:0.0766
Epoch:1/10, Step:730/2882, Loss:0.0759
Epoch:1/10, Step:740/2882, Loss:0.0752
Epoch:1/10, Step:750/2882, Loss:0.0746
Epoch:1/10, Step:760/2882, Loss:0.0739
Epoch:1/10, Step:770/2882, Loss:0.0733
Epoch:1/10, Step:780/2882, Loss:0.0727
Epoch:1/10, Step:790/2882, Loss:0.0720
Epoch:1/10, Step:800/2882, Loss:0.0714
Epoch:1/10, Step:810/2882, Loss:0.0708
Epoch:1/10, Step:820/2882, Loss:0.0702
Epoch:1/10, Step:830/2882, Loss:0.0696
Epoch:1/10, Step:840/2882, Loss:0.0691
Epoch:1/10, Step:850/2882, Loss:0.0686
Epoch:1/10, Step:860/2882, Loss:0.0680
Epoch:1/10, Step:870/2882, Loss:0.0675
Epoch:1/10, Step:880/2882, Loss:0.0670
Epoch:1/10, Step:890/2882, Loss:0.0665
Epoch:1/10, Step:900/2882, Loss:0.0660
Epoch:1/10, Step:910/2882, Loss:0.0655
Epoch:1/10, Step:920/2882, Loss:0.0651
Epoch:1/10, Step:930/2882, Loss:0.0646
Epoch:1/10, Step:940/2882, Loss:0.0642
Epoch:1/10, Step:950/2882, Loss:0.0637
Epoch:1/10, Step:960/2882, Loss:0.0633
Epoch:1/10, Step:970/2882, Loss:0.0629
Epoch:1/10, Step:980/2882, Loss:0.0625
Epoch:1/10, Step:990/2882, Loss:0.0621
Epoch:1/10, Step:1000/2882, Loss:0.0617
Epoch:1/10, Step:1010/2882, Loss:0.0613
Epoch:1/10, Step:1020/2882, Loss:0.0610
Epoch:1/10, Step:1030/2882, Loss:0.0606
Epoch:1/10, Step:1040/2882, Loss:0.0603
Epoch:1/10, Step:1050/2882, Loss:0.0599
Epoch:1/10, Step:1060/2882, Loss:0.0596
Epoch:1/10, Step:1070/2882, Loss:0.0593
Epoch:1/10, Step:1080/2882, Loss:0.0589
Epoch:1/10, Step:1090/2882, Loss:0.0586
Epoch:1/10, Step:1100/2882, Loss:0.0583
Epoch:1/10, Step:1110/2882, Loss:0.0580
Epoch:1/10, Step:1120/2882, Loss:0.0577
Epoch:1/10, Step:1130/2882, Loss:0.0574
Epoch:1/10, Step:1140/2882, Loss:0.0571
Epoch:1/10, Step:1150/2882, Loss:0.0568
Epoch:1/10, Step:1160/2882, Loss:0.0565
Epoch:1/10, Step:1170/2882, Loss:0.0562
Epoch:1/10, Step:1180/2882, Loss:0.0559
Epoch:1/10, Step:1190/2882, Loss:0.0556
Epoch:1/10, Step:1200/2882, Loss:0.0553
Epoch:1/10, Step:1210/2882, Loss:0.0550
Epoch:1/10, Step:1220/2882, Loss:0.0547
Epoch:1/10, Step:1230/2882, Loss:0.0544
Epoch:1/10, Step:1240/2882, Loss:0.0541
Epoch:1/10, Step:1250/2882, Loss:0.0538
Epoch:1/10, Step:1260/2882, Loss:0.0535
Epoch:1/10, Step:1270/2882, Loss:0.0532
Epoch:1/10, Step:1280/2882, Loss:0.0529
Epoch:1/10, Step:1290/2882, Loss:0.0527
Epoch:1/10, Step:1300/2882, Loss:0.0524
Epoch:1/10, Step:1310/2882, Loss:0.0522
Epoch:1/10, Step:1320/2882, Loss:0.0520
Epoch:1/10, Step:1330/2882, Loss:0.0517
Epoch:1/10, Step:1340/2882, Loss:0.0514
Epoch:1/10, Step:1350/2882, Loss:0.0511
Epoch:1/10, Step:1360/2882, Loss:0.0509
Epoch:1/10, Step:1370/2882, Loss:0.0507
Epoch:1/10, Step:1380/2882, Loss:0.0505
Epoch:1/10, Step:1390/2882, Loss:0.0503
Epoch:1/10, Step:1400/2882, Loss:0.0500
Epoch:1/10, Step:1410/2882, Loss:0.0498
Epoch:1/10, Step:1420/2882, Loss:0.0496
Epoch:1/10, Step:1430/2882, Loss:0.0494
Epoch:1/10, Step:1440/2882, Loss:0.0492
Epoch:1/10, Step:1450/2882, Loss:0.0490
Epoch:1/10, Step:1460/2882, Loss:0.0488
Epoch:1/10, Step:1470/2882, Loss:0.0486
Epoch:1/10, Step:1480/2882, Loss:0.0484
Epoch:1/10, Step:1490/2882, Loss:0.0482
Epoch:1/10, Step:1500/2882, Loss:0.0480
Epoch:1/10, Step:1510/2882, Loss:0.0478
Epoch:1/10, Step:1520/2882, Loss:0.0477
Epoch:1/10, Step:1530/2882, Loss:0.0475
Epoch:1/10, Step:1540/2882, Loss:0.0473
Epoch:1/10, Step:1550/2882, Loss:0.0471
Epoch:1/10, Step:1560/2882, Loss:0.0469
Epoch:1/10, Step:1570/2882, Loss:0.0468
Epoch:1/10, Step:1580/2882, Loss:0.0466
Epoch:1/10, Step:1590/2882, Loss:0.0464
Epoch:1/10, Step:1600/2882, Loss:0.0463
Epoch:1/10, Step:1610/2882, Loss:0.0461
Epoch:1/10, Step:1620/2882, Loss:0.0459
Epoch:1/10, Step:1630/2882, Loss:0.0458
Epoch:1/10, Step:1640/2882, Loss:0.0456
Epoch:1/10, Step:1650/2882, Loss:0.0455
Epoch:1/10, Step:1660/2882, Loss:0.0453
Epoch:1/10, Step:1670/2882, Loss:0.0452
Epoch:1/10, Step:1680/2882, Loss:0.0450
Epoch:1/10, Step:1690/2882, Loss:0.0449
Epoch:1/10, Step:1700/2882, Loss:0.0447
Epoch:1/10, Step:1710/2882, Loss:0.0446
Epoch:1/10, Step:1720/2882, Loss:0.0445
Epoch:1/10, Step:1730/2882, Loss:0.0443
Epoch:1/10, Step:1740/2882, Loss:0.0442
Epoch:1/10, Step:1750/2882, Loss:0.0440
Epoch:1/10, Step:1760/2882, Loss:0.0439
Epoch:1/10, Step:1770/2882, Loss:0.0437
Epoch:1/10, Step:1780/2882, Loss:0.0436
Epoch:1/10, Step:1790/2882, Loss:0.0435
Epoch:1/10, Step:1800/2882, Loss:0.0433
Epoch:1/10, Step:1810/2882, Loss:0.0432
Epoch:1/10, Step:1820/2882, Loss:0.0431
Epoch:1/10, Step:1830/2882, Loss:0.0429
Epoch:1/10, Step:1840/2882, Loss:0.0428
Epoch:1/10, Step:1850/2882, Loss:0.0427
Epoch:1/10, Step:1860/2882, Loss:0.0426
Epoch:1/10, Step:1870/2882, Loss:0.0424
Epoch:1/10, Step:1880/2882, Loss:0.0423
Epoch:1/10, Step:1890/2882, Loss:0.0422
Epoch:1/10, Step:1900/2882, Loss:0.0420
Epoch:1/10, Step:1910/2882, Loss:0.0419
Epoch:1/10, Step:1920/2882, Loss:0.0418
Epoch:1/10, Step:1930/2882, Loss:0.0417
Epoch:1/10, Step:1940/2882, Loss:0.0416
Epoch:1/10, Step:1950/2882, Loss:0.0415
Epoch:1/10, Step:1960/2882, Loss:0.0414
Epoch:1/10, Step:1970/2882, Loss:0.0413
Epoch:1/10, Step:1980/2882, Loss:0.0411
Epoch:1/10, Step:1990/2882, Loss:0.0410
Epoch:1/10, Step:2000/2882, Loss:0.0409
Epoch:1/10, Step:2010/2882, Loss:0.0408
Epoch:1/10, Step:2020/2882, Loss:0.0407
Epoch:1/10, Step:2030/2882, Loss:0.0406
Epoch:1/10, Step:2040/2882, Loss:0.0405
Epoch:1/10, Step:2050/2882, Loss:0.0405
Epoch:1/10, Step:2060/2882, Loss:0.0403
Epoch:1/10, Step:2070/2882, Loss:0.0402
Epoch:1/10, Step:2080/2882, Loss:0.0401
Epoch:1/10, Step:2090/2882, Loss:0.0400
Epoch:1/10, Step:2100/2882, Loss:0.0399
Epoch:1/10, Step:2110/2882, Loss:0.0398
Epoch:1/10, Step:2120/2882, Loss:0.0397
Epoch:1/10, Step:2130/2882, Loss:0.0397
Epoch:1/10, Step:2140/2882, Loss:0.0396
Epoch:1/10, Step:2150/2882, Loss:0.0395
Epoch:1/10, Step:2160/2882, Loss:0.0394
Epoch:1/10, Step:2170/2882, Loss:0.0393
Epoch:1/10, Step:2180/2882, Loss:0.0393
Epoch:1/10, Step:2190/2882, Loss:0.0392
Epoch:1/10, Step:2200/2882, Loss:0.0391
Epoch:1/10, Step:2210/2882, Loss:0.0390
Epoch:1/10, Step:2220/2882, Loss:0.0389
Epoch:1/10, Step:2230/2882, Loss:0.0388
Epoch:1/10, Step:2240/2882, Loss:0.0387
Epoch:1/10, Step:2250/2882, Loss:0.0386
Epoch:1/10, Step:2260/2882, Loss:0.0385
Epoch:1/10, Step:2270/2882, Loss:0.0385
Epoch:1/10, Step:2280/2882, Loss:0.0384
Epoch:1/10, Step:2290/2882, Loss:0.0383
Epoch:1/10, Step:2300/2882, Loss:0.0382
Epoch:1/10, Step:2310/2882, Loss:0.0381
Epoch:1/10, Step:2320/2882, Loss:0.0381
Epoch:1/10, Step:2330/2882, Loss:0.0380
Epoch:1/10, Step:2340/2882, Loss:0.0379
Epoch:1/10, Step:2350/2882, Loss:0.0378
Epoch:1/10, Step:2360/2882, Loss:0.0377
Epoch:1/10, Step:2370/2882, Loss:0.0377
Epoch:1/10, Step:2380/2882, Loss:0.0376
Epoch:1/10, Step:2390/2882, Loss:0.0375
Epoch:1/10, Step:2400/2882, Loss:0.0374
Epoch:1/10, Step:2410/2882, Loss:0.0374
Epoch:1/10, Step:2420/2882, Loss:0.0373
Epoch:1/10, Step:2430/2882, Loss:0.0372
Epoch:1/10, Step:2440/2882, Loss:0.0371
Epoch:1/10, Step:2450/2882, Loss:0.0371
Epoch:1/10, Step:2460/2882, Loss:0.0370
Epoch:1/10, Step:2470/2882, Loss:0.0369
Epoch:1/10, Step:2480/2882, Loss:0.0368
Epoch:1/10, Step:2490/2882, Loss:0.0368
Epoch:1/10, Step:2500/2882, Loss:0.0367
Epoch:1/10, Step:2510/2882, Loss:0.0366
Epoch:1/10, Step:2520/2882, Loss:0.0366
Epoch:1/10, Step:2530/2882, Loss:0.0365
Epoch:1/10, Step:2540/2882, Loss:0.0364
Epoch:1/10, Step:2550/2882, Loss:0.0364
Epoch:1/10, Step:2560/2882, Loss:0.0363
Epoch:1/10, Step:2570/2882, Loss:0.0362
Epoch:1/10, Step:2580/2882, Loss:0.0361
Epoch:1/10, Step:2590/2882, Loss:0.0361
Epoch:1/10, Step:2600/2882, Loss:0.0360
Epoch:1/10, Step:2610/2882, Loss:0.0360
Epoch:1/10, Step:2620/2882, Loss:0.0359
Epoch:1/10, Step:2630/2882, Loss:0.0358
Epoch:1/10, Step:2640/2882, Loss:0.0358
Epoch:1/10, Step:2650/2882, Loss:0.0357
Epoch:1/10, Step:2660/2882, Loss:0.0357
Epoch:1/10, Step:2670/2882, Loss:0.0356
Epoch:1/10, Step:2680/2882, Loss:0.0356
Epoch:1/10, Step:2690/2882, Loss:0.0355
Epoch:1/10, Step:2700/2882, Loss:0.0354
Epoch:1/10, Step:2710/2882, Loss:0.0354
Epoch:1/10, Step:2720/2882, Loss:0.0353
Epoch:1/10, Step:2730/2882, Loss:0.0352
Epoch:1/10, Step:2740/2882, Loss:0.0352
Epoch:1/10, Step:2750/2882, Loss:0.0351
Epoch:1/10, Step:2760/2882, Loss:0.0351
Epoch:1/10, Step:2770/2882, Loss:0.0350
Epoch:1/10, Step:2780/2882, Loss:0.0350
Epoch:1/10, Step:2790/2882, Loss:0.0349
Epoch:1/10, Step:2800/2882, Loss:0.0348
Epoch:1/10, Step:2810/2882, Loss:0.0348
Epoch:1/10, Step:2820/2882, Loss:0.0347
Epoch:1/10, Step:2830/2882, Loss:0.0347
Epoch:1/10, Step:2840/2882, Loss:0.0346
Epoch:1/10, Step:2850/2882, Loss:0.0346
Epoch:1/10, Step:2860/2882, Loss:0.0345
Epoch:1/10, Step:2870/2882, Loss:0.0344
Epoch:1/10, Step:2880/2882, Loss:0.0344
Epoch:1/10, Step:2881/2882, Loss:0.0344
Traceback (most recent call last):
  File "autoencoder_train.py", line 81, in <module>
    lr=args.lr)
  File "autoencoder_train.py", line 54, in train_as_autoencoder
    test_losses = np.zeros(len(test_loader))
TypeError: object of type 'NoneType' has no len()
