2.460553281897202571e-01 1.015699633086721149e-01
9.380179262438485821e-02 8.804898305485646393e-02
8.490364493932141265e-02 8.258226824303467606e-02
7.995443028766055504e-02 7.885264760504166748e-02
7.658957213509914874e-02 7.710296753793954849e-02
7.376561383175295195e-02 7.465473127861817215e-02
6.947117117991627455e-02 7.221187402804692124e-02
6.367701040797454914e-02 7.401843679447968338e-02
5.993705241789305110e-02 7.453093056877453659e-02
5.750001772566763758e-02 7.688816916197538376e-02
5.483554526730332473e-02 7.644824590533971786e-02
5.235496920880016586e-02 7.470075879245996475e-02
5.011258603528488675e-02 7.419766020029783249e-02
4.812038063374889790e-02 7.602173089981079102e-02
4.620991566564974090e-02 8.164223252485196258e-02
4.461528908807870647e-02 8.541483618319034576e-02
4.331777128932434717e-02 1.070178713028629575e-01
4.275883687118631205e-02 1.117160658662517819e-01
4.169085445315685173e-02 1.056232374782363620e-01
4.112490665080935359e-02 9.907256408284108307e-02
4.047394820034157237e-02 9.826552184919516708e-02
3.835422988591152826e-02 8.019161596894264221e-02
3.751769178915162484e-02 1.053808427726228986e-01
3.706655766121869783e-02 1.209667967632412910e-01
3.646357465795306563e-02 1.103565962985157967e-01
3.582093546838434339e-02 1.062576804930965152e-01
3.530181908633473614e-02 1.098416835690538135e-01
3.599081367936505377e-02 1.152486745268106461e-01
3.422966940046916207e-02 9.932458959519863129e-02
3.351254846229283213e-02 1.125422110781073570e-01
3.319823327149416109e-02 1.110178514694174084e-01
3.351686287368105949e-02 1.360997492447495461e-01
3.272559733920579056e-02 1.419248081122835570e-01
3.298909055220699410e-02 1.553238855364421911e-01
3.237831016980804999e-02 1.280354205518960953e-01
3.217321664073266585e-02 1.341062082598606653e-01
3.214364250861974359e-02 1.352036154518524713e-01
3.317643743452378113e-02 9.612889215350151062e-02
3.102087004781635751e-02 1.105413067465027127e-01
3.015401649429614445e-02 1.403950527310371399e-01
2.993445616583664814e-02 9.453957838316758011e-02
2.922916902110067258e-02 1.297568042452136583e-01
2.826477245557620227e-02 1.202134856333335194e-01
2.799504260305141906e-02 1.055943245689074245e-01
2.764674551449283063e-02 1.223045693089564595e-01
2.801844965244188607e-02 1.135428582007686343e-01
2.770483062256040921e-02 1.350845927372574806e-01
2.867591789068090966e-02 1.007215295297404084e-01
2.852082554370078196e-02 1.144144148565828800e-01
2.760249794579955687e-02 1.098387662010888305e-01
2.743126236194701542e-02 1.066781980916857719e-01
2.750951995759076327e-02 1.620602180870870657e-01
2.743565095426124881e-02 1.049358251815040860e-01
2.626070589487722318e-02 1.400244124233722687e-01
2.574005232701554596e-02 1.446575877877573080e-01
2.599673000770772596e-02 1.306382942323883467e-01
2.812696108594536781e-02 9.408875430623690750e-02
2.546943642664700747e-02 8.451903580377499725e-02
2.460163021135295530e-02 1.297607741629084044e-01
2.538016933384676377e-02 7.410456007346510887e-02
2.531317717850554982e-02 9.848596155643463135e-02
2.453601302925583968e-02 1.330193889637788229e-01
2.395060820082679093e-02 1.055474996877213273e-01
2.361366650912650675e-02 1.320495308997730322e-01
2.394645919395220826e-02 1.312326748544971056e-01
2.482488877843892078e-02 8.490669851501782273e-02
2.453652375951669365e-02 1.052982760593295097e-01
2.292896712978565246e-02 1.730424881291886263e-01
2.236790708428638627e-02 1.002404747220377174e-01
2.338861195955338826e-02 1.061884489220877442e-01
2.298779042199427386e-02 1.095684180036187172e-01
2.186202386199215253e-02 1.037312716556092057e-01
2.133500208904923548e-02 1.204991037957370281e-01
2.195450584106363803e-02 1.347627673919002123e-01
2.186608358102222482e-02 1.488689274216691560e-01
2.151476955826416015e-02 9.142370599632461403e-02
2.116997641657457352e-02 1.590050302135447569e-01
2.073170081983038981e-02 1.667282250709831715e-01
2.034128137030313810e-02 2.304493809739748544e-01
2.133679569720528871e-02 7.776612384865681793e-02
2.214571692017015467e-02 1.312643306640287333e-01
2.256292646999882509e-02 1.177251776680350304e-01
2.146837529915839732e-02 1.342890469046930380e-01
2.037755196892418116e-02 1.253342508959273405e-01
1.989609101478573630e-02 9.335001107926170494e-02
1.980417026179777731e-02 1.119997423763076511e-01
1.885256954728690634e-02 1.322949302072326250e-01
1.917449890386832903e-02 1.130712642334401608e-01
1.920165263148847570e-02 1.154248973665138039e-01
1.916127059836113949e-02 1.080668768845498562e-01
1.928752498988191982e-02 8.983001625165343285e-02
1.923506439603908311e-02 1.229019978394110951e-01
1.894669772158268442e-02 1.505224144396682673e-01
1.863853633403778076e-02 2.044218064596255713e-01
1.923805360308696727e-02 1.599596086889505386e-01
1.890336365715145767e-02 1.453652149066329002e-01
1.865957723795111378e-02 1.808171967665354318e-01
1.822706193901425104e-02 9.833514566222827102e-02
1.773979318284884393e-02 1.050494879794617448e-01
1.744834788219440033e-02 1.439621290192008018e-01
1.812139095272868872e-02 1.150467895592252460e-01
1.834843523507980953e-02 1.202680512020985332e-01
1.942366743081271052e-02 1.160048812938233170e-01
1.843317238435279032e-02 1.307310668441156454e-01
1.727261616805091798e-02 1.618060888722538948e-01
1.685232432223423421e-02 1.001749867573380470e-01
1.693088354591583411e-02 1.863221715514858656e-01
1.615513472406323453e-02 1.481950295468171530e-01
1.650062689508939584e-02 2.209342156226436205e-01
1.691299809419095218e-02 1.062777509602407661e-01
1.665796413151330799e-02 1.451797176462908678e-01
1.631628262653383662e-02 1.149862501770257950e-01
1.624197253502558669e-02 1.381571019689241953e-01
1.618460413517950128e-02 1.595935362080732889e-01
1.627268088808240046e-02 1.729879234917461872e-01
1.747715281631234338e-02 1.355609106831252575e-01
1.650713535626743833e-02 1.746145018065969057e-01
1.599498680078012894e-02 1.869530890447398119e-01
1.582203143503690262e-02 1.060389390525718484e-01
1.615687646107141773e-02 1.795375752262771130e-01
1.575108754670594136e-02 1.822259837451080389e-01
1.610995684804524680e-02 1.752260681241750717e-01
1.607162250222118546e-02 1.470054695382714272e-01
1.637457114601031244e-02 1.372594737137357301e-01
1.645296319999710322e-02 1.446402762085199356e-01
1.638138246570908577e-02 1.474314170579115457e-01
1.667576131064358105e-02 1.346062608063220978e-01
1.590999813349701017e-02 1.938365370345612460e-01
1.472373283062086875e-02 1.754649102998276644e-01
1.399472014583257387e-02 1.691916158112386770e-01
1.392931206731212387e-02 2.121129088724652834e-01
1.421123808439344466e-02 2.024609443421165056e-01
1.470183558642950902e-02 1.483638922994335585e-01
1.503276681056419511e-02 1.333945544126133032e-01
1.447525012934970309e-02 1.796538463483254022e-01
1.460462951826927910e-02 1.589340406159559793e-01
1.473802945787780136e-02 1.734674456529319286e-01
1.461902471140113721e-02 1.417065840214490891e-01
1.481349496604051665e-02 1.771532168301443166e-01
1.481821480190901284e-02 1.882778417008618421e-01
1.503081290798564951e-02 1.514865043573081493e-01
1.442705451776165292e-02 1.677152804719904966e-01
1.354100484926210220e-02 1.603395380079746246e-01
1.341235585007166838e-02 1.625442584045231342e-01
1.356149573951179882e-02 2.092889049090445042e-01
1.399753903726462349e-02 1.134288983109096732e-01
1.434179464068133757e-02 1.793102441976467676e-01
1.377815579275362343e-02 2.158759987602631158e-01
1.361918912626543070e-02 1.768502111857136183e-01
1.332702330140353615e-02 1.791329959717889719e-01
1.319897694778520390e-02 2.197552798315882683e-01
1.337595905453443229e-02 2.178121370573838644e-01
1.361168380745491659e-02 2.368726421458025866e-01
1.353020780736060615e-02 2.367116509315868311e-01
1.346085094142878552e-02 2.659926274791359901e-01
1.404180821724409362e-02 1.615615622140467167e-01
1.408886951989992385e-02 1.254398329183459282e-01
1.368722931324872598e-02 1.790170247356096811e-01
1.290743578588156824e-02 1.872795158997178078e-01
1.251983086491913373e-02 2.089727142204841071e-01
1.266203255820369696e-02 1.705796793103218079e-01
1.305571087733517488e-02 1.509970389306545258e-01
1.324980374869652242e-02 2.342533857251206941e-01
1.335554823501382098e-02 2.260350727786620550e-01
1.351563608392986407e-02 2.121779423517485552e-01
1.308677331571532140e-02 2.095047770999372005e-01
1.294733087808370292e-02 2.015094875047604150e-01
1.264955108947402214e-02 1.836408541227380342e-01
1.244164813380298565e-02 1.840810570865869522e-01
1.282462580698044176e-02 1.937021925114095211e-01
1.268007784816544727e-02 2.253067255951464176e-01
1.279117302768755481e-02 2.116535720415413380e-01
1.312519878495571266e-02 1.426024953834712505e-01
1.358890837751502295e-02 1.809769803658127785e-01
1.249446257201651533e-02 2.237158371135592461e-01
1.200538010710070630e-02 2.256807956534127302e-01
1.203376533691013356e-02 2.272154955814282007e-01
1.208843953290217842e-02 2.431826535612344742e-01
1.231565036632250622e-02 2.136328274694581919e-01
1.243884654967439274e-02 1.743650692515075207e-01
1.261900710537596469e-02 2.553630635763208256e-01
1.228061981558756406e-02 2.065678754200538092e-01
1.205139196894759734e-02 2.282222635112702847e-01
1.232658392143284182e-02 2.009725865597526140e-01
1.263311809283507864e-02 1.809419870066145963e-01
1.255351129843485132e-02 1.657905317842960358e-01
1.187660683861522203e-02 2.074223845265805721e-01
1.168180223037272245e-02 1.708236968455215388e-01
1.191111164557379261e-02 2.235133439923326082e-01
1.170097273465809003e-02 2.337936498224735260e-01
1.164461481980546241e-02 2.017662868214150362e-01
1.171902871587811833e-02 2.030391856096684933e-01
1.158279697424298947e-02 1.829821408415834016e-01
1.165434949473629495e-02 1.904784068465232849e-01
1.143422601460262686e-02 1.983097856864333153e-01
1.162803446708875199e-02 1.501013101078569889e-01
1.200605995227517833e-02 1.922616361019512110e-01
1.144276283069535320e-02 2.041823288115362234e-01
1.120165186909807126e-02 2.204964766278862953e-01
1.145952606917532285e-02 2.027980963078638010e-01
