1.903385238202158769e-01 9.099310108770926331e-02
8.626096271151720285e-02 7.851915682355563308e-02
7.682259315841419300e-02 7.268518240501482819e-02
7.186837445641326705e-02 7.085434378435213898e-02
6.872878063383490443e-02 6.880197580903768539e-02
6.662228845363092622e-02 6.695035596688587998e-02
6.429779828461103242e-02 6.429916558166344498e-02
6.296708271297257742e-02 6.407579158743222092e-02
6.067065367756714622e-02 6.215458394338687492e-02
5.913339157285558284e-02 6.318398440877597000e-02
5.741541464488173624e-02 6.323924381285905838e-02
5.536725001712871491e-02 6.244744453579187393e-02
5.349388444622935057e-02 6.274805155893166397e-02
5.156547550740109981e-02 6.246844368676344322e-02
4.931581999868327876e-02 6.293953582644462585e-02
4.926586561554739674e-02 6.377833988517522812e-02
4.776396949472295345e-02 6.328416212151448395e-02
4.607455856383366882e-02 6.362418488909800385e-02
4.445740933053542177e-02 6.195176610102256370e-02
4.310894015699971715e-02 6.365322570006053116e-02
4.237957904656786123e-02 6.449340004473924637e-02
4.166167514766891400e-02 6.963908268759648468e-02
3.987048105553312599e-02 6.610174818585316803e-02
3.904468408071024715e-02 7.301846115539471771e-02
3.832159173772345384e-02 7.691920797030131485e-02
3.708548221986220778e-02 7.382832917695243691e-02
3.668029043487771451e-02 8.453162138660748337e-02
3.630536720752283036e-02 8.394590237488348816e-02
3.598719387488483190e-02 8.198817602048318054e-02
3.643537563715823491e-02 7.026399734119574692e-02
3.544503608772660991e-02 7.230056139330069687e-02
3.428616398284861644e-02 8.436506769309441711e-02
3.409647536572328608e-02 7.495577804123361443e-02
3.272846606451758344e-02 6.889660206312935020e-02
3.255663362743203143e-02 6.970327254384756088e-02
3.331954204639809430e-02 7.892006340747077797e-02
3.244677079614078502e-02 7.055803248658776283e-02
3.145459620011320512e-02 7.393235495934884216e-02
3.161962772178095182e-02 5.885527220865090919e-02
3.112803741769735316e-02 7.136935306092102860e-02
3.110650888384254922e-02 6.917832621062795784e-02
2.984378560240445385e-02 7.946327670166890289e-02
2.924830245319753885e-02 7.831009244546294212e-02
2.890633499022399883e-02 7.269377463186781074e-02
2.875529157084434628e-02 8.543643572678168152e-02
2.858893717585001687e-02 7.478593414028485153e-02
3.143551466217654050e-02 6.136035018910964561e-02
3.044916309827808837e-02 7.840263828014333580e-02
2.907348548192097842e-02 6.901559435452024605e-02
2.795598075757626047e-02 7.929834087068836357e-02
2.953607322334117144e-02 8.004842527831594612e-02
2.859864198483613382e-02 6.742260418832302094e-02
2.750692854711222698e-02 6.795938421661655571e-02
2.724315013010921230e-02 7.142937757695715095e-02
2.680253492787393679e-02 6.692129901299874450e-02
2.644199270993297796e-02 8.746139503394563530e-02
2.698726968319956759e-02 7.323025865480303764e-02
2.682120581482385496e-02 7.195409775401155617e-02
2.585495307196884751e-02 7.769244754066069458e-02
2.514900570074746211e-02 7.066739955917000771e-02
2.576022900012863229e-02 6.911019204805295135e-02
2.591631439416994254e-02 7.868553992981712486e-02
2.565799918307294647e-02 7.592787779867649078e-02
2.453736524465818802e-02 8.011509726444880630e-02
2.444362014445454478e-02 6.885725942750771378e-02
2.460847284948063443e-02 9.194133616983890533e-02
2.389086144272411366e-02 8.104927123834688996e-02
2.428542533185506364e-02 9.787126847853262757e-02
2.343634849814914614e-02 9.816704581802089546e-02
2.314797626147696574e-02 7.405594782903790474e-02
2.324358945669129789e-02 6.707909858475129272e-02
2.355216208812889109e-02 6.966791860759258270e-02
2.340914569199518264e-02 8.734915855651100014e-02
2.296817463248708099e-02 8.489320411657293175e-02
2.189510375759455910e-02 8.088393493865926598e-02
2.218387205002092868e-02 7.074625239086647366e-02
2.198631220042358836e-02 6.612794892862439156e-02
2.260333708714867135e-02 6.850201946993668412e-02
2.163859390447912465e-02 8.867847733199596405e-02
2.124961420113957375e-02 8.130765318249662255e-02
2.136856468318593452e-02 9.197861002758145332e-02
2.106961123320425650e-02 8.152266467610995437e-02
2.131283437822360793e-02 6.795165361836552620e-02
2.060340112887409578e-02 7.165717907870809700e-02
1.989290057031740944e-02 8.367475649962823059e-02
1.984839670652480473e-02 9.865556890144944191e-02
2.143041329420453112e-02 6.488746730610728264e-02
2.295463561177860101e-02 8.249291436125834320e-02
2.002471972116117577e-02 8.619626673559348251e-02
1.932280315465272069e-02 9.888473572209477425e-02
1.929812863479953011e-02 9.287162652860085632e-02
1.916842280648822089e-02 7.938953132058183815e-02
1.927914968042006294e-02 9.246077497179309990e-02
1.931703683844399402e-02 6.833350053057074547e-02
1.939200748808595290e-02 6.067135526488224434e-02
1.974741091172016114e-02 7.166267465800046921e-02
1.887982478365302086e-02 7.089313181738059189e-02
1.788012136374925176e-02 8.265349144736926223e-02
1.753090160931352129e-02 8.370733695725600387e-02
1.790935033796961506e-02 1.062359954230487347e-01
1.871087206906617284e-02 9.631583001464605331e-02
1.846605428862710396e-02 7.757162333776553009e-02
1.787199498544079015e-02 8.426444760213296081e-02
1.712027167749785930e-02 9.078581165522336960e-02
1.698751185295107116e-02 1.070846151560544968e-01
1.730787097124469529e-02 1.334583230006197996e-01
1.709203525895772527e-02 9.744061840077240799e-02
1.828853422261471351e-02 7.885130463788907196e-02
1.811231333941091398e-02 1.042515458539128304e-01
1.681728476014118095e-02 1.011564301637311730e-01
1.666160694832458794e-02 1.000262480229139328e-01
1.716606563152095477e-02 7.376677651579181816e-02
1.738737676384707193e-02 1.058792336843907833e-01
1.637419435428455472e-02 8.925204010059435700e-02
1.615792322026695510e-02 9.717388652885954048e-02
1.613530577945544719e-02 9.510219981893897057e-02
1.604127131407907109e-02 8.771875221282243729e-02
1.615619033217690140e-02 8.829847412804762985e-02
1.607200678784486900e-02 1.033736341632902622e-01
1.568401129212403794e-02 7.957898251091440056e-02
1.600194454523409804e-02 7.968939747661352158e-02
1.554107073515783623e-02 8.096950765078265999e-02
1.608123342901858141e-02 9.598624318217237328e-02
1.555402683592293188e-02 1.027216187988718304e-01
1.497361082637812570e-02 9.764448630933959816e-02
1.483654602414516931e-02 9.184857908015449379e-02
1.452320610541243950e-02 9.189323196187615395e-02
1.462785874190198829e-02 8.826000802218914032e-02
1.487739259637025843e-02 9.947028476744890213e-02
1.530274054506620268e-02 8.077884636198480461e-02
1.510567151194135149e-02 8.433630208795268868e-02
1.491909258089266568e-02 7.846822884554664757e-02
1.468501676437120040e-02 8.122715804105003212e-02
1.473343467101628085e-02 7.691309290627638962e-02
1.573012516763451149e-02 1.001356655421356406e-01
1.419654955849224826e-02 9.348937186102072860e-02
1.357447929398784836e-02 9.003584288681547310e-02
1.350812608143314719e-02 8.114701043814420700e-02
1.391805654397060971e-02 9.737579338252544403e-02
1.391515523184437379e-02 1.256873242867489748e-01
1.372327126270203417e-02 1.355811818502843380e-01
1.382205875585029026e-02 8.942492337276537751e-02
1.381267472657613307e-02 8.857790644591052864e-02
1.332633519750954856e-02 8.635796358187992905e-02
1.351915379352651089e-02 9.480992456277211045e-02
1.367299098976302967e-02 7.488673211385805939e-02
1.355186794196840301e-02 8.603608856598536636e-02
1.357891872866339063e-02 1.033232314512133598e-01
1.295950847845741064e-02 9.377379482612013817e-02
1.309902981860389809e-02 1.034158944773177352e-01
1.304670414064339375e-02 8.664030814543366432e-02
1.274365614991375233e-02 8.277210593223571777e-02
1.269940427385357271e-02 9.490492412199576233e-02
1.261218844474358211e-02 1.233853784700234685e-01
1.282642301724313920e-02 1.268198639154434204e-01
1.258247283417298322e-02 9.260281020154555176e-02
1.297816171088840738e-02 1.105916473704079833e-01
1.309651848020811776e-02 8.358842988188068535e-02
1.221758161324921002e-02 9.478351753205060959e-02
1.185608733456235304e-02 1.017766941028336730e-01
1.150272715549786016e-02 1.143354295442501750e-01
1.174996859464404533e-02 9.918277990072965622e-02
1.223346478099999676e-02 9.664636105298995972e-02
1.277789164491560832e-02 1.128442771732807159e-01
1.298957905017359381e-02 1.009415082323054519e-01
1.203851341567717045e-02 9.700033751626808975e-02
1.169424850580304091e-02 1.135422399577995095e-01
1.131440418756155496e-02 1.045533011977871213e-01
1.134717957452372784e-02 9.101109206676483154e-02
1.171402677048950618e-02 1.204742047314842496e-01
1.138962332300062080e-02 1.216801889240741730e-01
1.234607112344874268e-02 1.130381755841275010e-01
1.165150716186089640e-02 1.022228800381223407e-01
1.087847886996906772e-02 1.293309483056267195e-01
1.081947913409622188e-02 1.112305354326963425e-01
1.121312971253944288e-02 1.014686537285645757e-01
1.137410187119141519e-02 1.190194327694674287e-01
1.140653848821340625e-02 1.125487238168716431e-01
1.158841463823824351e-02 1.309479835132757730e-01
1.143860122524635071e-02 1.177760527158776965e-01
1.115970201871552790e-02 9.869628958404064178e-02
1.097601657424685136e-02 9.552321598554651405e-02
1.083092624592313195e-02 1.244577045241991725e-01
1.105658573147212664e-02 1.053769603992501941e-01
1.139717455141159644e-02 1.212651326010624614e-01
1.129043405621074289e-02 1.049009148652354922e-01
1.094961492615470315e-02 1.019587715466817174e-01
1.067388421506620944e-02 1.100048193087180409e-01
1.061722395270196448e-02 1.127537991851568222e-01
1.040582230915640394e-02 1.029792958870530128e-01
1.040980498696309105e-02 1.230973098427057266e-01
1.070230211426373944e-02 1.033138496180375371e-01
1.083835277592676630e-02 1.130009793365995135e-01
1.104514154153442805e-02 1.090410597001512799e-01
1.098082414259700899e-02 9.611532728498180245e-02
1.057343315441421246e-02 1.075029061175882816e-01
1.013571746189818705e-02 1.004158350018163476e-01
9.948070284905085464e-03 1.238702133608361039e-01
1.007835608081307337e-02 1.040541056233147826e-01
1.057749521528738960e-02 1.042558375435570922e-01
