5.636247651465237096e-02 3.910105582138123648e-02
4.894656929373741167e-02 2.628708328214673928e-02
3.902671777643263590e-02 1.975030082688941993e-02
3.249521056015509946e-02 1.340626651489059025e-02
2.814266549563035347e-02 1.149472654966810989e-02
2.481241414098379547e-02 9.771830151456139743e-03
2.250772796930479089e-02 9.510488127054728819e-03
2.065419896040111836e-02 5.885599966977274333e-03
1.935212077946683873e-02 5.448283089797563428e-03
7.354492387734353973e-03 4.480387166195250875e-03
7.844957744819112261e-03 3.814550914318203499e-03
7.574567078612744718e-03 4.089453689420434641e-03
7.423189591034315415e-03 3.800342909141956552e-03
7.464194240281358562e-03 3.476254610254745844e-03
7.236721815036920545e-03 3.418699519168858815e-03
7.181824649384777569e-03 3.556871645303743678e-03
7.052903112547938107e-03 3.084333974934102499e-03
6.990257135881857570e-03 3.011130187491959775e-03
6.177654952043667297e-03 2.996237101027733173e-03
6.656151334987953083e-03 2.782618895750200733e-03
6.468752407468855020e-03 2.915704557977615366e-03
6.372529944463167437e-03 2.856258713488390739e-03
6.453443317674100246e-03 2.603748348560233541e-03
6.285325722691292687e-03 3.024777266052742532e-03
6.275578850215035066e-03 2.954043754622027139e-03
6.203314190730452836e-03 2.691367387603758616e-03
6.181005699941317412e-03 2.887116308984000613e-03
5.752839395776390870e-03 2.717138117151054501e-03
6.243091590818949412e-03 2.736653193578935783e-03
6.070510187108690836e-03 2.813506389628513387e-03
5.992254787939600529e-03 2.692904533318591417e-03
6.083459432702511237e-03 2.573473009797895301e-03
5.930240972704874797e-03 2.854353038149085465e-03
5.934684292147202229e-03 2.742319047809043623e-03
5.876802633429179315e-03 2.812998366920628143e-03
5.864406930955740407e-03 2.820063495429620329e-03
5.516780326608568090e-03 2.671404865557758766e-03
5.999455563724041297e-03 2.643639279435424597e-03
5.854343565646558806e-03 2.588716153268582742e-03
5.791860235272906429e-03 2.686979234302727323e-03
5.887722022226080099e-03 2.691702567677669439e-03
5.739272258283260354e-03 2.824192897303888419e-03
5.747087964804709764e-03 2.880023029809728255e-03
5.693645372739411167e-03 2.741222333092679063e-03
5.685624144107078934e-03 2.800478429039483103e-03
5.414749996503815180e-03 2.859369083063187898e-03
5.891358709079213066e-03 2.796562452653167385e-03
5.731485906988382541e-03 2.721393888689335131e-03
5.662359015273977884e-03 2.577248123468056391e-03
5.756769373908173643e-03 2.498048221101411160e-03
5.614544707224316394e-03 2.718099639596660653e-03
5.626214800410837477e-03 2.751844383707611075e-03
5.575896892834861923e-03 2.563099973102860116e-03
5.568045882762845226e-03 2.746061740246571233e-03
5.309410371817648369e-03 2.683174043164097272e-03
5.787474830460269046e-03 2.664489700058442125e-03
5.634616868065980486e-03 2.758541308566814666e-03
5.573465230932925230e-03 2.706639223614460549e-03
5.671219783672131441e-03 2.482439663957192524e-03
5.529324854374862916e-03 2.778305001660563191e-03
5.541559828561731099e-03 2.698278759287690148e-03
5.496294161494006195e-03 2.650371913751964174e-03
5.489471755357567401e-03 2.637455746440051183e-03
5.248378342948853935e-03 2.580378411153565980e-03
5.712946798361371800e-03 2.760320839170825411e-03
5.567283325479365809e-03 2.700047863194052385e-03
5.507001663034315903e-03 2.568608555439760594e-03
5.602193093486130399e-03 2.316645932576368548e-03
5.459147827777391035e-03 2.620330754343961135e-03
5.470773006456770837e-03 2.760087191440077376e-03
5.427616358254454439e-03 2.459658794110355148e-03
5.421136193648365582e-03 2.699565750421618632e-03
5.190497168106958555e-03 2.621828763640150339e-03
5.660454619268420924e-03 2.392596807429234022e-03
5.515504670484612341e-03 2.525271130897182789e-03
5.456387398939114425e-03 2.544548166175217459e-03
5.549941650475375028e-03 2.422574879173877618e-03
5.411298608329767786e-03 2.806099560940689998e-03
5.424696424177714339e-03 2.556958935632505300e-03
5.381326036658719975e-03 2.554773877012267262e-03
5.376557450103742163e-03 2.498705493657296401e-03
5.146084853215143057e-03 2.547355021195964967e-03
5.617962521326262323e-03 2.313712026182984487e-03
5.477620784814158858e-03 2.580815430147679820e-03
5.413778066402301359e-03 2.445971050244560158e-03
5.513006311235949322e-03 2.453726294510790579e-03
5.374180297949351058e-03 2.694684390582168746e-03
5.386346977686376492e-03 2.625919958871839998e-03
5.345018341176910499e-03 2.511562985540810589e-03
5.339967556873032213e-03 2.445214134126667046e-03
5.100314688286744329e-03 2.558053154098897507e-03
5.577045384328812791e-03 2.311568625233261388e-03
5.433970470757534289e-03 2.545204020508514287e-03
5.372761033984716286e-03 2.400798804315442368e-03
5.468311877164524180e-03 2.310459717020848461e-03
5.328828490523543522e-03 2.618932028317320741e-03
5.342710741171946380e-03 2.349695292061575614e-03
5.300564304976432793e-03 2.433430052884719488e-03
5.296626031010442937e-03 2.521399206015623520e-03
5.078194438479840395e-03 2.434431855996405190e-03
5.546429970767348741e-03 2.297683414057658836e-03
5.407024204187716072e-03 2.461888668814774146e-03
5.348890525259776020e-03 2.416837387006571559e-03
5.446967454743571399e-03 2.251819131194461934e-03
5.306104996901315693e-03 2.654863754905965791e-03
5.318818708166613354e-03 2.427884980456819844e-03
5.278604465333046510e-03 2.435154450950915202e-03
5.272788378332553261e-03 2.380720816143417837e-03
5.045299688586964842e-03 2.358467456110425846e-03
5.522975895553827556e-03 2.249205683307700567e-03
5.382752616695749351e-03 2.312036620895213234e-03
5.323515027106623387e-03 2.277710876678096068e-03
5.419671401672531211e-03 2.205917704773846435e-03
5.282781539805000461e-03 2.444797105030750446e-03
5.297014876027658463e-03 2.399477678232567884e-03
5.255872285189980113e-03 2.428960000145482991e-03
5.251770991006261650e-03 2.367741511606207081e-03
5.024101783055812467e-03 2.349785166796224036e-03
5.492257345409598014e-03 2.266062069627709091e-03
5.350056996491427304e-03 2.474788092528064538e-03
5.293804731918498943e-03 2.276113094458086065e-03
5.391109430301002994e-03 2.301159600974348081e-03
5.253900345492486766e-03 2.464707257421823883e-03
5.271341026095407653e-03 2.454635547471080773e-03
5.231322159772389818e-03 2.407150635144532716e-03
5.225962889493168152e-03 2.276146620553720114e-03
5.006515319691971257e-03 2.287734565411685822e-03
5.473244658263865664e-03 2.287581774293254849e-03
5.337657838749388511e-03 2.377864527810051240e-03
5.278852475428721241e-03 2.290574863311143575e-03
5.372839355864561690e-03 2.213709728563956463e-03
5.235618447865514682e-03 2.404931274169409307e-03
5.247476246623721495e-03 2.391114392159822584e-03
5.207871480597532458e-03 2.220599293046718586e-03
5.203282154486663959e-03 2.295761359285827981e-03
4.991311316611245046e-03 2.343804052267256608e-03
5.460942305799108137e-03 2.276574872887899940e-03
5.321275657042861401e-03 2.326859543201332571e-03
5.259328914151410565e-03 2.216612333007065248e-03
5.356616150692571077e-03 2.241210788056543623e-03
5.219418175450603672e-03 2.395605736589794671e-03
5.234156546573753496e-03 2.304111748620601887e-03
5.192855649154807726e-03 2.330817301229287392e-03
5.189531409784149153e-03 2.342812278783297768e-03
4.963170904084109047e-03 2.395913686576442783e-03
5.443106465740129261e-03 2.244232154877498931e-03
5.306205181987024878e-03 2.348908524103542929e-03
5.245115725207142449e-03 2.238347752156209184e-03
5.340815272089093936e-03 2.078957571600340611e-03
5.203679109302659922e-03 2.327754800592036263e-03
5.215094820712693098e-03 2.304528452566639244e-03
5.178453675602213459e-03 2.308561171530859168e-03
5.173751998376628636e-03 2.279623767823171082e-03
4.957338321488350200e-03 2.248653160681031611e-03
5.423028576245996976e-03 2.137939001384416612e-03
5.287186814239248217e-03 2.256502162907621494e-03
5.226778744719922515e-03 2.148177510233235683e-03
5.322039004764519271e-03 2.163128975792604110e-03
5.183961281999169626e-03 2.394701431148123661e-03
5.195193549185725401e-03 2.330928781448754136e-03
5.157854842327651984e-03 2.308837264473526628e-03
5.154698815319834308e-03 2.274511451606128689e-03
4.938841386232525367e-03 2.222085987595484938e-03
5.405845726781990761e-03 2.089860468891591595e-03
5.267371529713273104e-03 2.256688006506923656e-03
5.205509967796387825e-03 2.185114034314155403e-03
5.303014721313957340e-03 2.159287298038938333e-03
5.167736936156870804e-03 2.240489153926112764e-03
5.180565781134646372e-03 2.270656728222476047e-03
5.142889606890094049e-03 2.218734865376244172e-03
5.136766848455796147e-03 2.223392784106969274e-03
4.929121006513014804e-03 2.353983142140777477e-03
5.399006260908208697e-03 2.016845745433250032e-03
5.255546360160224389e-03 2.242199125108667191e-03
5.198144923779182518e-03 2.162050021475210061e-03
5.293291847500949943e-03 2.183558964807971736e-03
5.158496620288739905e-03 2.468642087125168683e-03
5.170793228782713177e-03 2.338285495741302452e-03
5.132270414542290660e-03 2.334359198674226636e-03
5.128749488381191546e-03 2.258098317227851242e-03
4.917216166271828198e-03 2.343444125991345911e-03
5.386112160573247598e-03 2.175010975296156560e-03
5.245252791132467424e-03 2.217292813172395353e-03
5.184270133555401484e-03 2.246194123166758445e-03
5.282496297103352577e-03 2.063394133170061862e-03
5.147651334739444980e-03 2.366484510054838071e-03
5.162094488241044700e-03 2.270964758377215943e-03
5.124070148216560219e-03 2.212082723579567554e-03
5.119213967368863027e-03 2.287406229591025519e-03
4.909588272101245501e-03 2.266217732186611312e-03
5.367426489014178771e-03 2.096994243807188442e-03
5.225292747335818534e-03 2.261148904515515156e-03
5.166554895535227857e-03 2.187560381777730809e-03
5.264430860558059339e-03 2.234234214211396324e-03
5.129863056946002732e-03 2.380468544479778271e-03
5.143856781642950488e-03 2.329560527441903572e-03
5.106415263137023021e-03 2.168800301476558803e-03
5.100474827903796540e-03 2.354717191735514279e-03
4.890968035440892286e-03 2.449352489243523424e-03
5.354283064953051230e-03 2.065981812177740580e-03
5.220096737534428953e-03 2.375321598077355118e-03
5.161126734587014736e-03 2.167408378264086295e-03
5.256182927393820460e-03 2.074762038635688359e-03
5.121326655896458503e-03 2.276223859321307216e-03
5.132344527494362048e-03 2.300067437730323166e-03
5.097742503574409327e-03 2.348423183265614580e-03
5.093947222029732852e-03 2.315395615641678301e-03
4.879189905244857295e-03 2.329363625418033861e-03
5.335609803325496239e-03 2.103654013502789539e-03
5.199458517677461346e-03 2.255043509104152476e-03
5.144316815480123872e-03 2.131275139934748868e-03
5.242580109345727074e-03 2.132754938304377065e-03
5.108511926897335402e-03 2.379474251423015132e-03
5.122717623582242856e-03 2.280759534099010069e-03
5.088170448594610609e-03 2.234562225751168894e-03
5.083097510389915190e-03 2.316857652191019797e-03
4.878710889839567126e-03 2.211714473549231553e-03
5.339003331202548178e-03 2.171801339021553132e-03
5.200219006432841087e-03 2.156176857501461430e-03
5.142362394850352215e-03 2.177371145728603224e-03
5.237023104133550246e-03 2.166471874427030458e-03
5.100891967042116282e-03 2.392650397213648330e-03
5.112515000435190714e-03 2.228746607178904143e-03
5.074548045166011462e-03 2.281033591040210282e-03
5.071306376695344439e-03 2.289078700723694727e-03
4.854663533740677037e-03 2.259413844579170969e-03
5.318889643065631383e-03 2.127054488906275891e-03
5.182496122162168380e-03 2.280315766506922810e-03
5.127115613708156140e-03 2.157027657804322460e-03
5.221622356667648956e-03 2.074700275211343366e-03
5.088589198295570201e-03 2.344109742347361136e-03
5.100399271743039781e-03 2.262869340410387196e-03
5.064648629231669093e-03 2.200757876509396981e-03
5.059500045605330905e-03 2.226372394575393526e-03
4.837047595879994354e-03 2.195900401238023037e-03
5.314161669113672860e-03 2.128356122875445580e-03
5.176576515620884972e-03 2.256946174155916810e-03
5.118474714283365555e-03 2.218353216758333236e-03
5.217676992132328634e-03 2.191288657045168276e-03
5.083825538322950602e-03 2.313487057403005448e-03
5.094379113571319458e-03 2.232843097437197614e-03
5.057156280570780302e-03 2.267256488207951975e-03
5.053899294910390097e-03 2.289113138921003779e-03
4.854458143468945788e-03 2.330424858094923453e-03
5.314791616692673623e-03 2.111274481273580673e-03
5.178877770396259940e-03 2.210570773740062282e-03
5.121200037348899378e-03 2.169351080789674781e-03
5.213374712702352649e-03 2.145565120880477822e-03
5.078570008675645404e-03 2.335869721615963131e-03
5.089172374315759258e-03 2.320318953072848106e-03
5.053234665429045397e-03 2.251811106962049291e-03
5.048936480506361658e-03 2.181412512919609324e-03
4.829484289861284488e-03 2.211541107171502603e-03
5.289887296559755113e-03 2.222788376111051005e-03
5.152748963252330727e-03 2.204834200243412697e-03
5.099887372431112856e-03 2.162164553428664714e-03
5.196107984497212208e-03 2.167202331407230235e-03
5.060652972800502164e-03 2.309877253799140235e-03
5.075628948048688596e-03 2.245429931488924797e-03
5.039061059083906231e-03 2.282707484328020103e-03
5.034325951660148339e-03 2.258258121544617653e-03
4.827300850767642613e-03 2.302153690569413644e-03
5.285299956856760739e-03 2.149980677625089841e-03
5.146612801162215624e-03 2.168990201923005640e-03
5.089287747730849958e-03 2.174147029444085163e-03
5.186234316683840245e-03 2.244381601765501298e-03
5.051454557678274580e-03 2.272229665315447008e-03
5.062695008311753064e-03 2.181486024452714435e-03
5.028374068446282881e-03 2.212140354201073012e-03
5.023629769921884869e-03 2.230284842578854256e-03
4.827668203972280275e-03 2.320745482743055092e-03
5.288662499573546991e-03 2.088643111205359861e-03
5.149383015426185935e-03 2.084226882259473598e-03
5.087906311091501196e-03 2.162916551161225571e-03
5.182103364798240630e-03 2.114791327198780636e-03
5.046877930639312101e-03 2.353545628720305274e-03
5.058830134154829877e-03 2.252343183661776292e-03
5.019577805200242313e-03 2.223124278279569026e-03
5.016048018661738335e-03 2.268308629678903333e-03
4.801694545429199650e-03 2.222777579031811213e-03
5.272333382745273550e-03 2.109326960959401805e-03
5.134948014592130745e-03 2.155596463111401732e-03
5.079130692422040988e-03 2.156414176969103595e-03
5.174398679973091913e-03 2.128796951820190447e-03
5.041909240972018182e-03 2.358338263058193038e-03
5.053986885643098684e-03 2.261465922392634324e-03
5.017337042205327093e-03 2.199544521292100523e-03
5.012744890809380655e-03 2.197889359176549359e-03
4.800742552266455861e-03 2.327580740023145293e-03
5.268748452654108821e-03 2.089158278240832532e-03
5.130024588356415192e-03 2.196246982847980308e-03
5.073273937639896820e-03 2.203188572784269255e-03
5.168213645520154317e-03 2.134132888747227244e-03
5.033346649424250661e-03 2.327115454655404730e-03
5.044358227260610159e-03 2.240156461412265258e-03
5.007185356887930601e-03 2.228291341467588012e-03
5.003879960585736961e-03 2.153931935615922399e-03
4.781941587571054801e-03 2.158949737585416639e-03
5.242266789311542975e-03 2.090226196727422263e-03
5.111749761505052225e-03 2.175892460536303988e-03
5.055544822389492800e-03 2.179359238520420065e-03
5.153906201943754886e-03 2.219901700550784736e-03
5.023069044769120500e-03 2.395872957606800992e-03
5.038771684264897396e-03 2.228131835141053483e-03
5.001607118727406306e-03 2.180645840081314561e-03
4.998179699770387632e-03 2.266366686842824930e-03
4.780643688398413145e-03 2.186602868613064018e-03
5.244598208169918424e-03 2.099649694383305502e-03
5.112432709933879132e-03 2.215299524286378201e-03
5.058579681368428373e-03 2.145652498621356940e-03
5.151817725237924778e-03 2.155017012504362086e-03
5.015748140896903080e-03 2.346296982517676044e-03
5.028199864942247722e-03 2.320860111287056070e-03
4.993126450564887124e-03 2.260881601857551385e-03
4.991202795961553751e-03 2.297893214262908702e-03
4.794143093749880964e-03 2.321513245104451801e-03
5.249097907275426973e-03 2.087079126353428519e-03
5.110206506137425324e-03 2.170242902558619166e-03
5.051817732412019167e-03 2.231584014402262367e-03
5.146183368482160937e-03 2.083375703871932685e-03
5.011470976489362968e-03 2.339075525905861749e-03
5.022926001551760930e-03 2.288666903689364190e-03
4.986895284986530771e-03 2.313022956101630240e-03
4.982489386514402617e-03 2.269507078668347912e-03
4.785609237966127402e-03 2.175516606688401508e-03
5.241814620327204556e-03 2.082391770703620124e-03
5.100205267624309015e-03 2.239385341196429170e-03
5.043284012717776793e-03 2.095539077367258429e-03
5.140077067620586922e-03 2.121737016415480796e-03
5.007682984510514190e-03 2.353058015206085842e-03
5.019818832790146415e-03 2.334808288349464380e-03
4.983851967532246241e-03 2.189078884824817266e-03
4.979803073905166369e-03 2.198906306516490178e-03
4.773700806079432014e-03 2.232863415298447837e-03
5.226736411568708857e-03 2.214852357054645626e-03
5.094940183140958187e-03 2.165188231485540554e-03
5.036786257231142330e-03 2.172201406461048319e-03
5.131008978607133099e-03 2.133842887737937358e-03
4.998125962621997702e-03 2.328076061383450510e-03
5.010225622681900928e-03 2.210362838993135386e-03
4.972953039366984941e-03 2.225876121994094844e-03
4.969402942395512689e-03 2.227608870930176781e-03
4.772978239227086694e-03 2.270922047666486948e-03
5.220404667605180009e-03 2.213359005534893970e-03
5.086444951593875607e-03 2.143627513307386993e-03
5.028211559489136756e-03 2.122372113487439038e-03
5.124006448057480401e-03 2.119314504723933835e-03
4.991536301812933563e-03 2.378563507981334285e-03
5.004559691646136635e-03 2.232963673723060549e-03
4.969015798982581722e-03 2.167493913052033223e-03
4.965639218021675357e-03 2.261427599761865054e-03
4.761577957076951889e-03 2.206272971815182588e-03
5.217855591792613587e-03 2.133443154138230016e-03
5.086560366946893397e-03 2.061365695723506048e-03
5.029043229777016392e-03 2.146282846157331493e-03
5.127236219390761060e-03 2.211723331158635744e-03
4.990898113494040243e-03 2.306137064357310917e-03
5.002549487956068144e-03 2.308257690617067197e-03
4.967572003362875042e-03 2.127370518505095152e-03
4.964028696127015076e-03 2.293997967934098201e-03
4.748821177985518976e-03 2.183492949042989580e-03
5.210186840209644378e-03 2.160906387414775805e-03
5.071111925838825418e-03 2.215747986712209450e-03
5.013174920328310538e-03 2.169701787617212344e-03
5.112013745296280741e-03 2.179512346378665970e-03
4.979525135917356633e-03 2.361622855172945765e-03
4.996010916448930146e-03 2.250645375509038263e-03
4.960678901559731867e-03 2.253297456712904934e-03
4.958347608017154087e-03 2.272187879932728409e-03
4.752645855071023322e-03 2.230920922936096857e-03
5.216240280773490855e-03 2.209099824393030362e-03
5.081970892342117622e-03 2.177743440292924729e-03
5.026902382989646700e-03 2.141320314099856743e-03
5.120730790030210942e-03 2.165966369863269424e-03
4.987109307723585315e-03 2.287734382614297485e-03
5.001022664198120048e-03 2.305984573453138779e-03
4.965620100469095299e-03 2.200373807206899672e-03
4.962280360281604366e-03 2.284570036892899850e-03
4.743319087196141114e-03 2.296100157918809243e-03
5.196443308319430993e-03 2.105894264930515975e-03
5.061521093632715546e-03 2.165110925614182561e-03
5.005696118896594410e-03 2.114583648126647578e-03
5.102125728083774583e-03 2.162673722350261143e-03
4.969036170882948876e-03 2.305301736584517824e-03
4.980904970101879443e-03 2.218073578259194961e-03
4.946255893184570672e-03 2.199936358975472604e-03
4.942113140214367609e-03 2.343814875563509335e-03
4.732151011703536123e-03 2.319895950194800650e-03
5.185087230522185224e-03 2.101800485923796882e-03
5.050496736424975493e-03 2.161349642390610667e-03
4.996120190306101334e-03 2.112424641175747811e-03
5.094595358031801628e-03 2.145531639618882165e-03
4.962471323165421923e-03 2.251744759802236286e-03
4.974986684525252272e-03 2.323064737299175390e-03
4.941776635925634355e-03 2.199415921068397905e-03
4.939996318549379033e-03 2.235365971125288266e-03
4.733013442368246525e-03 2.246645388471152187e-03
5.190889610559679818e-03 2.067323627210432280e-03
5.055933384612823663e-03 2.150116517691734626e-03
4.997418988641584396e-03 2.159681238989564350e-03
5.094821456167846797e-03 2.141489225220211297e-03
4.960591594009505084e-03 2.315425826699085352e-03
4.973032030543046017e-03 2.262626753606021123e-03
4.939045359249575814e-03 2.254033236056099485e-03
4.935284023257961381e-03 2.286066901831188079e-03
4.730066890711896385e-03 2.359581252823721512e-03
5.192034514911938493e-03 2.138571812642119964e-03
5.055933359777555272e-03 2.264651988482391329e-03
4.998762038929271609e-03 2.137392122293883898e-03
5.093875596590805716e-03 2.201772997009559391e-03
4.963365602995812101e-03 2.283211750947980716e-03
4.973557245227441630e-03 2.308123302663655889e-03
4.939847520545299388e-03 2.216530102372866236e-03
4.936533596767627395e-03 2.195608297756826942e-03
4.723633983405307359e-03 2.251184792353876345e-03
5.181265650491696101e-03 2.107618134105290579e-03
5.043325987877324626e-03 2.195510793930232664e-03
4.990311304252827672e-03 2.136739027993480276e-03
5.084227994969114234e-03 2.099525151978838891e-03
4.952237954324421529e-03 2.355801415716760744e-03
4.963505254160346415e-03 2.265244410369146675e-03
4.927663259528344657e-03 2.159207229954845757e-03
4.924539925758834522e-03 2.202060126887680526e-03
4.726699760649353405e-03 2.238580478138011386e-03
5.180664407846051825e-03 2.087070607252796989e-03
5.048668321144456593e-03 2.297385428833722317e-03
4.991578449727967527e-03 2.210152959208940091e-03
5.085115402564406584e-03 2.088166783290546814e-03
4.947992661754445527e-03 2.281402203130445273e-03
4.960659509075672317e-03 2.284430039441283627e-03
4.925882298426585877e-03 2.215738622746232268e-03
4.921003824083480457e-03 2.193498584814888245e-03
4.712683687452226718e-03 2.226418026877677574e-03
5.178557075560093204e-03 2.129315668138485190e-03
5.044161915468673221e-03 2.147445683207891733e-03
4.987297316096373813e-03 2.198765571365252514e-03
5.080693254631478070e-03 2.227589748122871683e-03
4.947009705191400541e-03 2.274787191944696585e-03
4.957770689847945493e-03 2.252985560668086494e-03
4.923404174121969595e-03 2.309209073551785323e-03
4.919425476685803517e-03 2.267598849379548042e-03
4.711497718701138787e-03 2.244664388235685735e-03
5.175660807173698870e-03 2.133117514737384139e-03
5.038883621183534375e-03 2.127171252575619891e-03
4.982644598014303490e-03 2.148755178157016939e-03
5.081547815457452058e-03 2.223861388651689978e-03
4.947202303107284434e-03 2.307061379183194833e-03
4.959047208914334030e-03 2.218480768522435465e-03
4.925136641300923920e-03 2.250620992964997170e-03
4.920974112902551725e-03 2.300938404940406929e-03
