4.369307563344879686e-01 1.404450639254516964e-01
1.125592615727971230e-01 1.050047017633914948e-01
9.699733041953749468e-02 9.778241606222258520e-02
9.306846132002226379e-02 9.525349943174256373e-02
9.064127334461706542e-02 9.351286912957827713e-02
8.887330147369605637e-02 9.197661156455676223e-02
8.749671882336459983e-02 9.090043894118732259e-02
8.644772682157231269e-02 9.003016456133788870e-02
8.567910471067922973e-02 8.939095151921112870e-02
8.429316899216757197e-02 8.648333843383523845e-02
8.179040916445778908e-02 8.464941216839684535e-02
8.080530757220780180e-02 8.309523988929060079e-02
8.067338716057015358e-02 8.274844640658961248e-02
7.820149440681789521e-02 8.090915717184543610e-02
7.656473582383335752e-02 7.987629642917050410e-02
7.568110462005545047e-02 7.947078657646973465e-02
7.440527519438325244e-02 7.905001007020473480e-02
7.403882913200593441e-02 7.843110813862746999e-02
7.337366548798433807e-02 7.820223809944258642e-02
7.299753919062090812e-02 7.809035769767230795e-02
7.265450759995274732e-02 7.805859069857332133e-02
7.236110407677365242e-02 7.773763293193446111e-02
7.205755290825192894e-02 7.774987858202722646e-02
7.180571356197683330e-02 7.764003736277420853e-02
7.154060595827858859e-02 7.753798055152098800e-02
7.130549909410680010e-02 7.749818368918365286e-02
7.108856946593378190e-02 7.734500264955891657e-02
7.087860685750478618e-02 7.733743968937131785e-02
7.068228340003548937e-02 7.706056721508502960e-02
7.045303957491386160e-02 7.715468563967281534e-02
7.025885591056288404e-02 7.681190657118956711e-02
6.998081248617027406e-02 7.676497908929984237e-02
6.974131525380582175e-02 7.669386102093590785e-02
6.946579791696333439e-02 7.682009951935873937e-02
6.921827663644784800e-02 7.659226593871910904e-02
6.889438520117503739e-02 7.686105163560973119e-02
6.861160968135042448e-02 7.694648951292037964e-02
6.830803886419389848e-02 7.679285750620895579e-02
6.798383523142192963e-02 7.662364861203564692e-02
6.764884352138857138e-02 7.656419049534532451e-02
6.732702789055865222e-02 7.636667456891801931e-02
6.693025979372423107e-02 7.644331248270140600e-02
6.656238247027121413e-02 7.633229552043808985e-02
6.620986087293159739e-02 7.597743367983235407e-02
6.579347394361365065e-02 7.612667915721733902e-02
6.549722131159974037e-02 7.611689716577529907e-02
6.515394253429115934e-02 7.614846610360676005e-02
6.478501013593702951e-02 7.628226590653260086e-02
6.446146673136730898e-02 7.670933629075686599e-02
6.412879994320797028e-02 7.680954039096832275e-02
6.389157225309712029e-02 7.635975070297718048e-02
6.343977465635029789e-02 7.648402866390016652e-02
6.315144235495387393e-02 7.714641176991993143e-02
6.268737931940250585e-02 7.680709867013825465e-02
6.254039936494536212e-02 7.761234686606460764e-02
6.203982256716344262e-02 7.712791487574577332e-02
6.193554228762301189e-02 7.692818447119659231e-02
6.145414502200920170e-02 7.655630860891607381e-02
6.119795952264855260e-02 7.765888050198554993e-02
6.077064554456893669e-02 7.641030330624845601e-02
6.067693723002221678e-02 7.884543285601669504e-02
6.040644125513187218e-02 7.740271629558669042e-02
6.010506689412201120e-02 7.651810699866877508e-02
6.066607713426758891e-02 7.840376471479733322e-02
6.005262247309452184e-02 7.611516221529907034e-02
5.966513513064965885e-02 7.812114660110738851e-02
5.935656432652982456e-02 7.903815868000189926e-02
5.913899416421971450e-02 8.028180752363470174e-02
5.901651461495131812e-02 7.828134567373329356e-02
6.046206271275877953e-02 7.662358817954857682e-02
5.922204624043732324e-02 7.939388126962715342e-02
5.825920150865141617e-02 7.756470495627985906e-02
5.745936834775820096e-02 8.048529943658246089e-02
5.687422925470078661e-02 8.041007361478275106e-02
5.618134755414069814e-02 8.149913594954544260e-02
5.581879982633924930e-02 8.009192657967408036e-02
5.536292225304173531e-02 8.109323494136333466e-02
5.489219998849964588e-02 8.075267945726712082e-02
5.447837114106954259e-02 8.074199925694200419e-02
5.400641009256970659e-02 7.777880318462848663e-02
5.366794107390976398e-02 7.857894380059507466e-02
5.315381368031588810e-02 8.157174102962017059e-02
5.212258043267378044e-02 8.141536927885478780e-02
5.143738259765796850e-02 8.027292374107572459e-02
5.063171317891740353e-02 8.301257859501573466e-02
4.923435891183411406e-02 8.956641310618983221e-02
4.802059808109954836e-02 8.238460227019256399e-02
4.587531945009420270e-02 1.184236187901761828e-01
4.433512861454268900e-02 1.039438235263029781e-01
4.397997277130077237e-02 9.982472947902149008e-02
4.289238877231028174e-02 1.214456677229868026e-01
4.188346016652336884e-02 9.133218632390101288e-02
4.114047297072119524e-02 1.053745450658930688e-01
4.167351517372015063e-02 1.004533718029658046e-01
4.195782850019452032e-02 1.133508860237068538e-01
4.108251605137455686e-02 9.823306629227267217e-02
3.956933525141056313e-02 1.101044134961234183e-01
3.992700540437930934e-02 1.011637186424599738e-01
3.898015793231202064e-02 1.205370341324144001e-01
3.815579339407566134e-02 1.305874197019470939e-01
3.723417455330491066e-02 1.383386846217844190e-01
3.608979999155896567e-02 1.271266427098048934e-01
3.550635599644809404e-02 1.217153866050971894e-01
3.455723974308589491e-02 1.274720057845115662e-01
3.411013368380869104e-02 1.223552336709366889e-01
3.407965485778886860e-02 1.043915275691284089e-01
3.345441964182366973e-02 9.822871432536178782e-02
3.388497635449578410e-02 1.117692530776063647e-01
3.363835111987299731e-02 1.250642199690143175e-01
3.653419350569204332e-02 1.090648652364810262e-01
3.472068425404226111e-02 1.136874284388290496e-01
3.210787797096844448e-02 1.235047252848744392e-01
3.166875320418578721e-02 1.208947891783383188e-01
3.154341949195396677e-02 1.155543157623873801e-01
3.686192481801277288e-02 1.018898555388053212e-01
3.345650909241379423e-02 1.152005416030685153e-01
3.211698363103517723e-02 1.025925858153237252e-01
3.195144175892559307e-02 1.101040661128030868e-01
3.112267864663608233e-02 1.152500326020850091e-01
3.144278915076539199e-02 9.151502098474237346e-02
3.619566961850335246e-02 8.994107186380359553e-02
3.142057336503412818e-02 1.010361558033360391e-01
3.096844499544581381e-02 9.648883156478404999e-02
3.147610663663505393e-02 1.202879476671417508e-01
3.021185754275903385e-02 1.214190146161450296e-01
2.942098059305330721e-02 1.326501923095848856e-01
2.910447530675588576e-02 1.384074665192100706e-01
2.897257137498477492e-02 1.317414686911635990e-01
2.989713750529761696e-02 1.690709260809752645e-01
2.941462482757321167e-02 1.667015174817707834e-01
2.913616895221355502e-02 1.719532524132066365e-01
2.906772868548769886e-02 1.873979125585820971e-01
2.922756601374868965e-02 1.508297402825620470e-01
2.929440988568452961e-02 1.700210096314549446e-01
3.079305003147299671e-02 1.688830375464426270e-01
3.013599999021829637e-02 1.214637694259484563e-01
2.979161068456383579e-02 1.545291989006929989e-01
2.951306064908460966e-02 1.583415966274009934e-01
2.948215570323532708e-02 1.757225611557563238e-01
2.939733128608545271e-02 1.674897752495275727e-01
2.939197255820944626e-02 1.418721008424957686e-01
2.989853142260959912e-02 1.614306045489178887e-01
3.068211703084227499e-02 1.352171501558687983e-01
2.974495824948861916e-02 1.606237840735250111e-01
2.894316616513561979e-02 1.896466363428367385e-01
2.841987796468524105e-02 1.288430866681867237e-01
2.759817389135317198e-02 1.297061962799893609e-01
2.723699170959795537e-02 1.213124934583902359e-01
3.274545671486454868e-02 1.245849279479847999e-01
2.878602930321925990e-02 1.566014488538106375e-01
2.741193102967993608e-02 1.740149168504608879e-01
2.702105057811955008e-02 1.847417096917828017e-01
2.709663553140694014e-02 1.728511955589056015e-01
2.711652394770303759e-02 1.730915431140197525e-01
2.671896738409087341e-02 1.731278220605519114e-01
2.637147445731410217e-02 1.908356479058662958e-01
2.671733327641537953e-02 1.662177359685301781e-01
3.131724137063252034e-02 1.464736003221737137e-01
2.828875122160264682e-02 1.639508151759704047e-01
2.664623871195788765e-02 2.125728436642222996e-01
2.622719123255370585e-02 1.936550073118673554e-01
2.619974167517772484e-02 2.095812802306479816e-01
2.612095118341286118e-02 1.782383069189058533e-01
2.608814207473542784e-02 1.365481052133772077e-01
2.850100535490527470e-02 1.812589814265569144e-01
2.602028429349203045e-02 1.854372187000181971e-01
2.575381293824714757e-02 1.880311832452813692e-01
2.590087885832096162e-02 1.779442746192216873e-01
2.700593608158935802e-02 1.876782943598098163e-01
2.705325773440119680e-02 1.800876013520691099e-01
2.607728421074769973e-02 1.792399079228440828e-01
2.587429837255579568e-02 1.537417237543397541e-01
2.716518076500151063e-02 1.616678521451022921e-01
2.692833388928414853e-02 1.618816146834028968e-01
2.702505696882925509e-02 1.593122828958762893e-01
2.646561436037101270e-02 1.718100542202591896e-01
2.506643121993941403e-02 2.045955984956688289e-01
2.484140935830953661e-02 2.157536843377682867e-01
2.523010711344640319e-02 2.115241787913772764e-01
2.498989822570143668e-02 2.085954387568765278e-01
2.573834675954790943e-02 2.379951839231782551e-01
2.655606419870221169e-02 1.427828280462158927e-01
2.779254861880184682e-02 1.816571762578355065e-01
2.555602303388096810e-02 1.615500050700373058e-01
2.591015313320407104e-02 2.038134537223312559e-01
2.535535930088016893e-02 2.335360478609800339e-01
2.463430544452333004e-02 2.501175001056658020e-01
2.702260371184021792e-02 1.812117505404684248e-01
2.707358384959217962e-02 1.916091026117404394e-01
2.534024209556419785e-02 1.905806467144025573e-01
2.457915703629756990e-02 2.133407781107558021e-01
2.401790623098793570e-02 2.320746425539255142e-01
2.401187660445163949e-02 2.161269657727744875e-01
2.381607864006626829e-02 2.392441920108265285e-01
2.454772785237831212e-02 1.790644300894604912e-01
2.648283263509411747e-02 2.087076815466085977e-01
2.533105432010460123e-02 2.151628889971309300e-01
2.530478354452586620e-02 1.748744194499320392e-01
2.535064148194179218e-02 1.436185693989197321e-01
2.503076036142684938e-02 1.323671752793921241e-01
