3.686891383514171450e-01 1.451437311867872781e-01
1.130317551560881678e-01 1.039448471532927604e-01
9.269918476390402728e-02 9.221195636524094630e-02
8.510778301463621520e-02 8.672643121745851613e-02
8.235814585918332931e-02 8.412568312552240468e-02
8.050295094982153066e-02 8.273743237886163615e-02
7.898040781388195042e-02 8.177769660121864126e-02
7.749084960214974727e-02 8.099180915289455607e-02
7.598149944551108037e-02 8.013314857251113699e-02
7.511036581836821879e-02 7.949499868684345438e-02
7.392250487535464987e-02 7.830652698046630666e-02
7.276871105338014734e-02 7.723945689698059891e-02
7.190648911566269175e-02 7.661070095168219518e-02
7.155369247150857037e-02 7.646702643897798635e-02
7.077847237176285167e-02 7.602805540793472483e-02
7.026158277763099036e-02 7.583952405386501505e-02
6.991478375999665706e-02 7.642330808771981288e-02
6.947047233854125592e-02 7.582345025406943273e-02
6.899186416824416856e-02 7.629726702968279983e-02
6.860079441401290001e-02 7.565960039695103501e-02
6.843659615643866989e-02 7.655033614072534465e-02
6.791259009936233271e-02 7.642803299758169078e-02
6.742689481413946528e-02 7.599906416402922582e-02
6.697248723130763692e-02 7.486711670127180196e-02
6.649060272498101554e-02 7.487210445106029510e-02
6.613829814851647504e-02 7.431299363573391770e-02
6.571871697584666383e-02 7.417788894640074682e-02
6.512690401386196648e-02 7.386551880174213602e-02
6.479031516511629674e-02 7.385445758700370789e-02
6.416498659542058114e-02 7.310247255696190882e-02
6.354655458296580572e-02 7.241409706572692062e-02
6.271409564765124955e-02 7.188171831270058487e-02
6.188479904085397720e-02 7.171537934078110743e-02
6.095027929262780697e-02 6.951637069384257461e-02
6.001632942295655887e-02 6.717147533264425374e-02
5.929570362289867530e-02 6.534706118206183578e-02
5.749789484572119524e-02 6.446397614975769852e-02
5.725404683773110265e-02 6.519850943651464559e-02
5.523543294928059261e-02 6.503749204178650711e-02
5.419712895300329847e-02 6.357955353127585363e-02
5.300803115682267697e-02 6.487917403380076553e-02
5.273323460686497877e-02 6.642838029397858668e-02
5.165346256434553973e-02 6.258998873333136703e-02
5.026866283222305998e-02 6.133466669254832720e-02
4.890069519964659883e-02 6.072517546514669823e-02
4.800891361721768696e-02 6.059991340670320414e-02
4.699722496883534939e-02 6.052886911978324486e-02
4.580000560821556599e-02 6.101879187756114459e-02
4.473651273221504465e-02 6.227998156100511551e-02
4.368364078378895315e-02 6.344524874455398367e-02
4.257529630984475261e-02 6.388376477277940557e-02
4.139050334782862217e-02 6.501690743284092855e-02
4.063157570298488869e-02 6.734282399217288162e-02
3.945708061318572296e-02 6.783544882718059443e-02
3.862393478204200620e-02 6.960985882000790548e-02
3.783664128902118617e-02 7.163119978374904440e-02
3.697443468405342548e-02 7.508446193403667257e-02
3.645517080795110387e-02 7.921449974593189336e-02
3.576175343790432420e-02 8.298205429067213867e-02
3.640439716826488620e-02 8.323117759492662526e-02
3.743739925870081392e-02 7.867473663969172526e-02
3.781526193885904885e-02 7.746198959648609161e-02
3.541289853704411572e-02 8.465869052128659200e-02
3.460958502368956247e-02 8.871508482843637466e-02
3.417752106196996625e-02 8.905335174252589081e-02
3.385524516470912043e-02 8.530156542029646016e-02
3.344286865804616676e-02 9.324936837785774424e-02
3.503781823986550775e-02 8.928996955768929433e-02
3.532060722979467327e-02 9.355125503821505595e-02
3.332653697352946920e-02 9.215886135482126429e-02
3.348958337815796660e-02 8.530837400919860647e-02
3.280850000702208169e-02 7.801175345149305440e-02
3.218186762547347451e-02 8.008492934621042059e-02
3.154495778130140399e-02 8.917541201743814372e-02
3.086866152745376332e-02 9.635111513651078985e-02
3.021628365329489391e-02 9.585623111989763356e-02
3.004141178027522341e-02 1.011232767874995914e-01
2.951730903033621470e-02 9.351633126950925634e-02
2.940904558068368341e-02 9.376842000832159851e-02
2.950726218930468242e-02 8.443941910647684290e-02
2.928220253528618366e-02 8.879834982670015142e-02
2.921886943144405904e-02 8.932493823683923528e-02
2.966887229576525148e-02 8.947706108705864858e-02
2.898903690255814902e-02 8.182293124910858251e-02
2.901437458945665265e-02 7.922334875911474228e-02
2.874925975097207195e-02 7.257544746001561020e-02
2.914871594573302874e-02 9.815271157357427501e-02
3.223493999642569607e-02 9.140724109278784704e-02
2.894642940018235175e-02 1.015675473544332685e-01
2.833344461396336555e-02 9.808646525359815405e-02
2.789484000787502416e-02 1.023196885362267494e-01
2.742241879516258557e-02 9.928302239212724589e-02
2.730398094167978129e-02 7.946004759934213735e-02
2.789807992578461487e-02 1.061313668679859934e-01
2.703254995299730207e-02 9.789864511953459691e-02
2.677437933956886354e-02 9.788118188993798208e-02
2.690386983406979973e-02 9.095515962690114975e-02
2.698200997305897839e-02 1.090698395338323412e-01
2.621745213684512424e-02 1.026327489978737240e-01
2.581390251814410369e-02 1.034652861869997387e-01
2.561150240234848913e-02 1.171366242277953329e-01
2.580359009117251523e-02 9.630205120063489721e-02
2.915541349524041620e-02 8.827884060641129349e-02
2.719495394380717912e-02 1.196621562250786419e-01
2.566925594128850047e-02 1.345042618405487833e-01
2.483339528780339686e-02 1.406990851586063795e-01
2.458954788744449615e-02 1.347133855645855360e-01
2.442624080335585243e-02 1.534444271690315609e-01
2.441193081052383390e-02 1.387211562444766455e-01
2.539551430154682668e-02 1.127296120135320573e-01
2.612222959401040712e-02 1.502372315153479576e-01
2.506306751563054658e-02 1.483737591447101822e-01
2.631046447516759840e-02 1.867024934747152920e-01
2.421666638039779440e-02 1.675396694077385673e-01
2.401833639979907703e-02 1.751395892351865768e-01
2.346108008244233989e-02 1.906018918380141258e-01
2.324871880729205767e-02 1.978577786228722935e-01
2.320398620284366831e-02 1.817133747455146608e-01
2.389917254629658414e-02 1.608730179982053032e-01
2.337046503657248114e-02 1.425146983108586674e-01
2.314395888526810455e-02 1.404987794036666460e-01
2.406183755161558566e-02 1.055960676943262372e-01
2.667910013370579370e-02 1.177796555889977365e-01
2.378996285019306309e-02 1.130028555376662164e-01
2.286236922869958402e-02 1.370118770541416398e-01
2.270720853106823062e-02 1.576069213656915435e-01
2.219052021618841616e-02 1.638598450356059666e-01
2.204019201510563214e-02 1.556710704333252315e-01
2.178568870578779029e-02 1.531231826585200129e-01
2.166858448919544919e-02 1.767070409324434099e-01
2.199877324945679474e-02 1.811942660974131813e-01
2.256166397752921646e-02 1.472586262971162796e-01
2.311653536517263921e-02 1.302590639226966496e-01
2.264961311820803611e-02 1.122842097861899285e-01
2.234606374418589975e-02 1.045960462134745417e-01
2.200233537658322081e-02 1.198441580765777226e-01
2.137370565451863352e-02 1.372700833405057497e-01
2.117186173137913449e-02 1.419378080301814671e-01
2.093932816259017754e-02 1.483027702197432518e-01
2.109254970465128040e-02 1.671247223599089393e-01
2.129290754929548390e-02 1.530298711732029915e-01
2.094875570818236638e-02 1.293071474259098463e-01
2.094597314348126474e-02 1.420719409361481667e-01
2.052037423567437679e-02 1.569657856598496437e-01
2.049626750167368380e-02 1.443745590125521117e-01
2.038713251581279404e-02 1.781555207239257088e-01
2.069213829662014739e-02 1.535415307929118567e-01
2.105636176335193635e-02 1.316227287881904240e-01
2.168342831158420053e-02 1.214640944575269971e-01
2.389664432351909160e-02 1.159833005319039073e-01
2.236777266328473027e-02 1.017815580384598823e-01
2.107740099905285741e-02 1.228332621976733208e-01
1.999081043163087462e-02 1.271191189686457224e-01
1.985926714316919167e-02 1.256892923265695572e-01
1.956155027331012153e-02 1.329500892510016852e-01
1.937886530806015237e-02 1.376372401913007193e-01
1.933181021794131565e-02 1.473888237443235216e-01
1.939757427813984872e-02 1.362940891542368527e-01
2.070580516010522842e-02 1.366157438606023788e-01
1.970433400057983175e-02 1.393678788509633837e-01
1.948790993291612053e-02 1.424187013051576023e-01
1.970696505499867565e-02 1.346338389234410515e-01
2.012188680379128902e-02 1.280878097232845125e-01
2.044786324883561199e-02 1.434071320626470747e-01
2.128983599633523655e-02 1.286388310707277660e-01
2.127297394113933024e-02 1.041530897426936331e-01
1.981028210280871837e-02 9.431176404986116313e-02
2.181562002770966180e-02 1.213253718904322986e-01
1.953173721799763077e-02 1.246683906453351226e-01
1.889176785991322771e-02 1.287734500235981350e-01
1.829067156536549887e-02 1.386509899877839680e-01
1.809755728648203277e-02 1.393759789773159619e-01
1.803904338512660535e-02 1.611649319529533386e-01
1.860771323099914137e-02 1.331521727972560520e-01
1.835704969651088397e-02 1.441260840122898512e-01
1.812545856937947814e-02 1.460966971806353931e-01
2.131351312940440654e-02 1.105503958339492526e-01
1.902413617524250158e-02 1.069838319284220490e-01
1.821097974074868328e-02 1.189343285643392201e-01
1.789623806139499507e-02 1.188878134513894763e-01
1.766941936618489362e-02 1.246952968132164774e-01
1.760713350050514825e-02 1.254272386431694031e-01
1.795224307627394517e-02 1.233137374122937474e-01
1.807714581330556805e-02 1.284329465900858336e-01
1.797179314989323998e-02 1.526307981047365370e-01
1.816010698335381382e-02 1.415838199771112804e-01
1.809980185339000319e-02 1.395439074064294405e-01
1.903581989520206769e-02 1.111440377102957816e-01
1.885453061336969313e-02 1.142757625008622852e-01
1.796723546732853158e-02 1.128341545247369404e-01
1.744579390917972914e-02 1.156687094416055384e-01
1.742511195210149494e-02 1.123750996258523760e-01
1.802033648780751451e-02 1.342889576529463225e-01
1.760401200821123599e-02 1.436699194212754660e-01
1.771955922950150045e-02 1.148056481033563614e-01
1.726751580902534389e-02 1.273177551726500101e-01
1.685490332566565164e-02 1.536217580238977976e-01
1.664794811399698815e-02 1.506497233899103394e-01
1.651267159911917401e-02 1.526230326336291132e-01
1.686508119356159782e-02 1.461319219734933672e-01
