4.281928833664917500e-01 1.740053999755117597e-01
1.504065522515192210e-01 1.327350346578491935e-01
1.185018957433540687e-01 1.126819575826327052e-01
1.040362586926032867e-01 1.033430327143934069e-01
9.560877436817419306e-02 9.672002659903632116e-02
8.963606086355156710e-02 9.410289550820986892e-02
8.524542915203221771e-02 9.200555789801809214e-02
8.160352368452926386e-02 8.368157284955184128e-02
7.907315234585506059e-02 8.238328393134805583e-02
7.739762362183594258e-02 8.103726286855009175e-02
7.612981999338400141e-02 8.028057196901904058e-02
7.551591184626264830e-02 8.004982666009002878e-02
7.482962616969172920e-02 7.890701521601942159e-02
7.421063415978740307e-02 7.869826919502681539e-02
7.342155538953659688e-02 7.746120107670624588e-02
7.271205568004672493e-02 7.725658516089121963e-02
7.192298504183204655e-02 7.702464982867240906e-02
7.150342769739104209e-02 7.719490946167045786e-02
7.094313261076444499e-02 7.613028378950224828e-02
7.047742434845465087e-02 7.583602704107761383e-02
7.012396387574149070e-02 7.541002664301130198e-02
6.958886974195881148e-02 7.492441787487930105e-02
6.935305018886560313e-02 7.543023613591988419e-02
6.834953598587251156e-02 7.348043988976213359e-02
6.751079911865838501e-02 7.227483640114466812e-02
6.642598935925378423e-02 7.068569254544046498e-02
6.511901228166208644e-02 6.931204059057766154e-02
6.425059586763381958e-02 6.813578907814291097e-02
6.282414424392145091e-02 6.759730353951454163e-02
6.175540186601077841e-02 6.727011274132463359e-02
6.090826321983846409e-02 6.697655365698867991e-02
5.989672926186424828e-02 6.712288388775454473e-02
5.886063824703053476e-02 6.656368614898787450e-02
5.824210344836479314e-02 6.613014990256892156e-02
5.754978766255989392e-02 6.513236670030488062e-02
5.649701675127555972e-02 6.428430477778117325e-02
5.607203749667217380e-02 6.335261070893870305e-02
5.523328369528782145e-02 6.327553590138752793e-02
5.430811915046921540e-02 6.324631927741898585e-02
5.388734758854275830e-02 6.355735100805759430e-02
5.243925609421438983e-02 6.372352172103193380e-02
5.167073959757278317e-02 6.379863899201154709e-02
5.089802994597249219e-02 6.341889997323353623e-02
5.008187316494380759e-02 6.238856011380752159e-02
4.945435406776463316e-02 6.303666480299499608e-02
4.864640490765251984e-02 6.154819940113358950e-02
4.802592548473579026e-02 6.102207033998436475e-02
4.727217500529638100e-02 6.084979956762658071e-02
4.646898781108420307e-02 6.016631672779718804e-02
4.585443784641783649e-02 6.007351374460591364e-02
4.503068958250124043e-02 5.956270638853311539e-02
4.441848213261947315e-02 6.001351628866460897e-02
4.376391883621492257e-02 5.967235637621746969e-02
4.315120085119837634e-02 6.112216402673058963e-02
4.257599045181783420e-02 6.117457182457049919e-02
4.200955873309838995e-02 6.198463940785990667e-02
4.132326674170610364e-02 6.210683751851320267e-02
4.091165543011412303e-02 6.405312133332093094e-02
4.025210487860732267e-02 6.392276494039429713e-02
3.955995676493862662e-02 6.466590230249696925e-02
3.903163688984222224e-02 6.432931828829976939e-02
3.843911837150410654e-02 6.648281516714228678e-02
3.783551965862876065e-02 6.833160409910811472e-02
3.725284132425014244e-02 7.063190980503956939e-02
3.661048594044476190e-02 7.242055464949873067e-02
3.661009523926711529e-02 7.260855308009518672e-02
3.649694997272113356e-02 7.726927391356891439e-02
3.581818907589810752e-02 8.007271318799918935e-02
3.514924046878770830e-02 8.300310642355018809e-02
3.467031717073262853e-02 9.069235312441985275e-02
3.427235568623717560e-02 9.506009167267216731e-02
3.401567363293796220e-02 8.773858886626031972e-02
3.389505275366146153e-02 9.348879071573416855e-02
3.372231014527198728e-02 9.135337008370293665e-02
3.363165054924604352e-02 9.092899163564045761e-02
3.425231173907111043e-02 8.712571217781966970e-02
3.358771556579485257e-02 9.183882135483953379e-02
3.388160663634175174e-02 9.189285255140727804e-02
3.334348179717979560e-02 9.553952546169360016e-02
3.370346475347149595e-02 8.466999491469727468e-02
3.407092705914160219e-02 8.470075505061282206e-02
3.474659746421909778e-02 8.431651898556286051e-02
3.385758518082339352e-02 8.105224298520220805e-02
3.239048734625301490e-02 7.895253174420860387e-02
3.193982248762395476e-02 7.580458424571487330e-02
3.129471887311920802e-02 8.116754992968505666e-02
3.079309061215054766e-02 8.766853995621204376e-02
3.019077780588370896e-02 9.840202145278453827e-02
3.011300074640752347e-02 9.508514662997590017e-02
3.012008507304438781e-02 9.632494041903151560e-02
3.004096807889276854e-02 1.072257326708899589e-01
3.249884480837642031e-02 9.748084056708547496e-02
3.077414124727067407e-02 9.120682223389546539e-02
3.012132157980487029e-02 1.003181220342715535e-01
2.959467245765575599e-02 1.032207798626687822e-01
2.922159094340735785e-02 1.021661194455292521e-01
2.928424138780228933e-02 1.077507662897308621e-01
2.845206878307025497e-02 1.063262249032656398e-01
2.800629683770239353e-02 1.079161978430218105e-01
2.788939125972186503e-02 1.070017096483045216e-01
2.773145198958312449e-02 1.089458964351150694e-01
2.780785625119034862e-02 1.011927255118886676e-01
2.838310321633953984e-02 1.037589489585823421e-01
2.811494117557275518e-02 8.959588294641838979e-02
2.870420066117331664e-02 8.750320764051543188e-02
3.041139220046560829e-02 1.133800634286469822e-01
2.814369331250285086e-02 1.045879563316702843e-01
2.717464838585838954e-02 1.034984554474552426e-01
2.669456932784580738e-02 1.034239589547117505e-01
2.627354375904471240e-02 1.169508015736937523e-01
2.599455700710234102e-02 1.152465915721323786e-01
2.583366255389481225e-02 1.288551994495921726e-01
2.570983660748092300e-02 1.118824241889847665e-01
2.592383164390012901e-02 1.198092321347859202e-01
2.655296574528442574e-02 1.121144978743460474e-01
2.641602398305222671e-02 1.281415722850296202e-01
2.777620628135414951e-02 1.111532139281431880e-01
2.959558674384181118e-02 8.687009424385097600e-02
2.707292348509881402e-02 1.077720168977975845e-01
2.558417940830312251e-02 1.192988230743342037e-01
2.502670851195367210e-02 1.363363656111889477e-01
2.473732717789527830e-02 1.270967918551630382e-01
2.468236025263805325e-02 1.406113645061850548e-01
2.439860371509339904e-02 1.418811776157882509e-01
2.433046542403356424e-02 1.328625851828190985e-01
2.436191528444973595e-02 1.400451402490337782e-01
2.476017855153214708e-02 1.199439522913760547e-01
2.503306814469397068e-02 1.350554961504207840e-01
2.518051266443075212e-02 1.183201565096775737e-01
2.561583609615520826e-02 1.109280181634757223e-01
2.520460607597559133e-02 1.344008816199170342e-01
2.456620449154842123e-02 1.397868178577886811e-01
2.418952858325366592e-02 1.514206683884064264e-01
2.411968613656737329e-02 1.529030626018842154e-01
2.389666963391369470e-02 1.503618426827920684e-01
2.382080788474257374e-02 1.654031864470905666e-01
2.351164641767376773e-02 1.566787364168299446e-01
2.316971367406772328e-02 1.764830531966355143e-01
2.305823323180581155e-02 1.415490685030817986e-01
2.262499267462550132e-02 1.425656098872423172e-01
2.224332365071083131e-02 1.526869425757063636e-01
2.184894345360012882e-02 1.406821018705765314e-01
2.214493197616098849e-02 1.570229208510783014e-01
2.227254912666067760e-02 1.338393292907211485e-01
2.274681285886866189e-02 1.672376922021309442e-01
2.231672531697989972e-02 1.547411306657724972e-01
2.269236113103787963e-02 1.685925509987605819e-01
2.261085369874064541e-02 1.515998067334294319e-01
2.277859990348721567e-02 1.254547731950879097e-01
2.284580693443919244e-02 1.996831003990438280e-01
2.290135364207189148e-02 1.373261267112361184e-01
2.233942595832958539e-02 1.270294203940365019e-01
2.165501726018946235e-02 1.158871376473042669e-01
2.176642796115541012e-02 1.247834749519824982e-01
2.147706774086123593e-02 1.373073232049743242e-01
2.180778644070392736e-02 1.164006313516034036e-01
2.289013394790633329e-02 1.339479120862152872e-01
2.184469299390912056e-02 1.000251733801431064e-01
2.192380783579698372e-02 1.163533924975329037e-01
2.135110719174873606e-02 1.282705310732126236e-01
2.098814982398435752e-02 1.213775122952130137e-01
2.076066839054408614e-02 1.360082761901948156e-01
2.077720961079183165e-02 1.277642870942751474e-01
2.096245600274059678e-02 1.217225468200114069e-01
2.225347483394349637e-02 1.045749299228191376e-01
2.273312360389021999e-02 1.089475777828031178e-01
2.074419213572471776e-02 1.155806652580698285e-01
1.984284400213055452e-02 1.174010520593987555e-01
1.944279762143950527e-02 1.482276446703407469e-01
1.928450892929260349e-02 1.478791779114140281e-01
1.924177293847428513e-02 1.191814910206529798e-01
1.991584539845040608e-02 1.279801021640499525e-01
1.907864115882392311e-02 1.300023143283194904e-01
1.881696602397757434e-02 1.204760800012283917e-01
1.873633994652730561e-02 1.267433257566558114e-01
1.895032589687261487e-02 1.277900033940871649e-01
1.892940567738217450e-02 1.290403099523650399e-01
1.901215385850064596e-02 1.343130619368619327e-01
1.933896790894611487e-02 9.492383183290560578e-02
1.984758583101920923e-02 2.043342480642927894e-01
2.142180934003213438e-02 1.422733541371093979e-01
2.084338658761869176e-02 1.218540249392390251e-01
1.884941815216912078e-02 1.310823660136924973e-01
1.798554165743109640e-02 1.318659523708952674e-01
1.760617653816574923e-02 1.421194511155287332e-01
1.744917672831656011e-02 1.540819379604524975e-01
1.749754262088638879e-02 1.356757991015911102e-01
1.783062054537145821e-02 1.382114630606439409e-01
1.813177445267395368e-02 1.514545775329073363e-01
1.881266555112854830e-02 1.186471334141161738e-01
1.874645742610460408e-02 1.179806331379546075e-01
1.800876861529016049e-02 1.350557402086754732e-01
1.772055684634279982e-02 1.195737404438356605e-01
1.767539295436042213e-02 1.077892944837609973e-01
1.814102290039200718e-02 1.276117594291766577e-01
1.797130533562200927e-02 1.355035352106723490e-01
1.792348091058978271e-02 1.241978837384117990e-01
1.847147566220927462e-02 2.038910003999868936e-01
2.091492123606546530e-02 1.108252374041411581e-01
1.887622137167831865e-02 1.072287083499961491e-01
