4.195609041376084924e-01 1.396171169148551217e-01
1.299853040496023737e-01 1.153690550062391462e-01
1.083084909109080646e-01 1.002774186846282778e-01
9.518102079448176323e-02 9.656234354608589365e-02
8.941292083572323357e-02 9.300103328294223592e-02
8.571058600323229471e-02 8.979812533491188242e-02
8.259912805132023361e-02 8.862251850465933944e-02
8.087177061271376421e-02 8.590740337967872620e-02
7.938831956012219748e-02 8.443392109539774038e-02
7.811426262303096391e-02 8.262843638658523560e-02
7.958599831908941269e-02 8.215648536052969075e-02
7.616641140747361371e-02 8.070481444398562576e-02
7.517609917899457928e-02 7.982967338628238485e-02
7.430016933145319746e-02 7.890878183146317337e-02
7.372387169246993888e-02 7.835347060528066732e-02
7.319462283446294404e-02 7.784159667789936066e-02
7.277604256097863766e-02 7.758382707834243774e-02
7.241005947949682997e-02 7.664246319068802882e-02
7.216951862068438084e-02 7.681970277594195318e-02
7.191963509724634551e-02 7.640077194405926753e-02
7.142650767615656149e-02 7.615897183616955612e-02
7.115079212661196140e-02 7.558874206410513830e-02
7.096536543856306334e-02 7.533905427489015483e-02
7.072434522120690792e-02 7.581472169193956279e-02
7.063325349150634258e-02 7.557171272734801437e-02
7.040894231418283467e-02 7.494574578271971654e-02
7.026737258292553578e-02 7.484724041488435842e-02
7.000743393309233342e-02 7.475819480088022329e-02
6.991226410084380727e-02 7.471654026044739771e-02
6.974606240940529889e-02 7.446293594936530258e-02
6.971059185339183173e-02 7.449932292931610300e-02
6.948379842882476676e-02 7.436317722830507182e-02
6.936771234088554006e-02 7.446477479404872701e-02
6.931857280887482320e-02 7.386284280154439830e-02
6.915964760885733031e-02 7.389372152586777542e-02
6.903718991159665808e-02 7.362655343280898046e-02
6.884356685800523123e-02 7.344545775817500066e-02
6.868049525087926988e-02 7.347316274212466192e-02
6.861246920122605897e-02 7.368249570329983567e-02
6.853659823536872864e-02 7.320125504500335500e-02
6.832024316507868955e-02 7.323810996280775976e-02
6.823954431385528818e-02 7.334813744657570078e-02
6.813486506480996574e-02 7.308991087807549525e-02
6.793960760824563350e-02 7.317087964879141759e-02
6.787591161796958927e-02 7.266912091937330342e-02
6.770022717736116913e-02 7.278212635881370351e-02
6.754174217490888088e-02 7.277598107854525711e-02
6.752715541458712001e-02 7.248965981933805369e-02
6.738553187105714160e-02 7.247230369183751963e-02
6.723266628729861194e-02 7.234690027932326462e-02
6.715571684989987689e-02 7.213322673406866170e-02
6.702999109629451113e-02 7.197146821353170298e-02
6.697713324754703268e-02 7.211077275375525619e-02
6.677523325765277740e-02 7.164845263792408991e-02
6.663387343741772328e-02 7.190130319860246755e-02
6.656959539324772135e-02 7.164115686383512593e-02
6.640853528387663518e-02 7.150308063460721064e-02
6.618715113982921727e-02 7.131208168963591720e-02
6.598384244503771590e-02 7.104661543336179830e-02
6.574643028491153340e-02 7.059827964338991069e-02
6.551052171100930910e-02 7.040333727167712163e-02
6.528597961111766435e-02 6.966173131432798482e-02
6.500694825791003550e-02 6.956499608026610326e-02
6.472359311471624632e-02 6.909918826487329579e-02
6.523595734431249238e-02 7.370923376745647237e-02
6.499974322846023556e-02 6.927348238726456497e-02
6.404268380436228814e-02 6.854580653210480545e-02
6.380800530314445496e-02 6.829335499140951060e-02
6.353132599374143596e-02 6.804967443976137065e-02
6.325141649420668033e-02 6.812812222374810267e-02
6.307640982928072737e-02 6.795865318013562251e-02
6.306755024848914593e-02 6.818352991508112859e-02
6.258818836564697397e-02 6.796737098031574442e-02
6.238333058611648940e-02 6.770073312024275924e-02
6.210597961141568757e-02 6.807117929889096308e-02
6.200636980101102702e-02 6.786776313351260137e-02
6.300879825224600661e-02 6.824875622987747192e-02
6.191980278846330454e-02 6.797290821042326070e-02
6.153573929445772805e-02 6.793925704227553319e-02
6.140336372730571812e-02 6.779235911866028641e-02
6.114188414748485817e-02 6.763212796714571096e-02
6.081718685696037990e-02 6.718168055845631648e-02
6.054652547009471003e-02 6.722064150704278040e-02
6.044422401251589583e-02 6.727544715007145737e-02
6.028402734138980229e-02 6.729052567647562932e-02
5.993417980967134795e-02 6.691135341922442581e-02
5.964958079431841725e-02 6.751399280296431493e-02
5.951444474162488618e-02 6.732828294237454270e-02
5.937128315293570963e-02 6.725982721481058024e-02
5.917293572707510441e-02 6.685488360623519088e-02
5.894845912641868274e-02 6.690572533342573069e-02
5.894561494677895419e-02 6.710688976777924586e-02
5.893766364400706420e-02 6.771902243296305801e-02
5.852124290313662214e-02 6.670374319785171702e-02
5.837722814346595762e-02 6.667777668270799540e-02
5.809418609502112196e-02 6.734079205327564432e-02
5.802276320528329534e-02 6.696732590595881607e-02
5.783621358071885238e-02 6.660981476306915283e-02
5.756817911410840732e-02 6.652894719607299612e-02
5.744911222605079970e-02 6.753819560011227463e-02
5.734160862772202938e-02 6.650892148415248062e-02
5.699039233575870639e-02 6.636755582359102346e-02
5.685375754653317071e-02 6.718873563739988231e-02
5.671944958725717162e-02 6.630535154706901357e-02
5.655410006733202488e-02 6.647948568893803645e-02
5.641593069701296426e-02 6.614131459759341192e-02
5.626378839880954996e-02 6.628322539230187271e-02
5.619980916153730077e-02 6.624586052364772604e-02
5.615987092619988824e-02 6.640975467032855795e-02
5.599857663463165408e-02 6.641025199658340261e-02
5.623960708517853485e-02 6.662873592641618825e-02
5.572174431574417053e-02 6.634654642807112646e-02
5.553531760304439291e-02 6.571548908121055410e-02
5.529422551484369786e-02 6.661303755309846975e-02
5.511895058358588090e-02 6.633642108903990697e-02
5.508236115707493274e-02 6.630399781796667003e-02
5.478110423357021586e-02 6.541863001055187032e-02
5.457720628417119663e-02 6.641189960969819117e-02
5.426656552476853690e-02 6.563466621769799281e-02
5.417114555290559325e-02 6.575978919863700867e-02
5.417971135821283979e-02 6.521562342014577962e-02
5.378330396715461093e-02 6.537869655423694804e-02
5.352898944941598958e-02 6.532968580722808838e-02
5.332871962611267919e-02 6.522506765193408773e-02
5.309481300958773103e-02 6.480203237798479177e-02
5.290322527062238378e-02 6.486772580279244471e-02
5.265252164951184782e-02 6.520845389200581599e-02
5.612418822171848232e-02 6.482788941098584223e-02
5.335181925400364622e-02 6.505360992418394994e-02
5.260224040688538105e-02 6.505094323721197225e-02
5.234850675049351754e-02 6.479928145805995132e-02
5.202448540707913655e-02 6.487385038700368978e-02
5.171537490152731259e-02 6.488492753770616628e-02
5.151128540633291564e-02 6.514087960951858713e-02
5.136968770132559203e-02 6.509501135183705378e-02
5.117920775920516141e-02 6.507112686004903890e-02
5.095165814613786953e-02 6.506150650481383468e-02
5.075208755300902874e-02 6.533845534755124140e-02
5.050681973239633943e-02 6.535317148599359416e-02
5.035653836434570568e-02 6.565884914663103200e-02
5.007463482367556507e-02 6.569714678658379603e-02
4.979277319252127521e-02 6.610066174632972524e-02
4.959207165577426274e-02 6.700887344777584076e-02
4.931346428148993682e-02 6.728124577138158702e-02
4.909368599878578820e-02 6.755519265102015447e-02
4.879222631954201889e-02 6.729415535098975942e-02
4.868588431897323543e-02 6.669362468851937342e-02
4.872330834680214245e-02 6.636538522111044835e-02
4.834152311768110527e-02 6.667910992271369741e-02
4.808483810005027836e-02 6.692329607903957367e-02
4.793714501372561138e-02 6.716384469634956167e-02
4.766443866963793879e-02 6.708841522534687851e-02
4.754962541571840923e-02 6.786219899853070114e-02
4.727939181256948786e-02 6.752441181904739187e-02
4.710817745909458287e-02 6.854776044686634873e-02
4.691258981460478400e-02 6.617274487184153509e-02
4.707173444330692291e-02 6.736909204887019109e-02
4.651346300705903880e-02 6.865508709516790486e-02
4.627038076201953759e-02 6.901641645365291788e-02
4.608461895685007220e-02 6.919193723135524943e-02
4.588683561717227938e-02 6.883849534723493480e-02
4.574380152881508954e-02 7.077317953937584116e-02
4.548788286472966319e-02 7.199510683616001938e-02
4.539845906561467553e-02 6.927030864689084910e-02
4.531975256324541346e-02 7.164876432054573252e-02
4.486651967347758674e-02 7.290438810984294082e-02
4.454905579502626417e-02 7.289942188395394373e-02
4.446794988769220414e-02 7.402089796960353851e-02
4.400784104335599134e-02 7.572618416614002035e-02
4.394104497552644983e-02 7.297514565289020538e-02
4.377848224532676635e-02 7.583448870314492274e-02
4.343447983037770910e-02 7.543592589596907760e-02
4.324857934900536854e-02 7.628560397360059642e-02
4.316063854479935263e-02 7.755126576456758403e-02
4.313948448383953665e-02 7.995762800176937912e-02
4.279550879330533408e-02 7.871375936600896739e-02
4.268020224507625832e-02 8.208443058861626673e-02
4.242412283698596825e-02 8.124430684579743434e-02
4.239974383310210482e-02 8.083411451015207194e-02
4.211004704191553816e-02 8.336910501950317576e-02
4.189646761955284626e-02 7.967928279605177022e-02
4.182442168637019730e-02 8.519591494566863821e-02
4.149425275078633818e-02 8.964703666667143966e-02
4.124176070639273134e-02 9.032040668858422328e-02
4.132840999333960152e-02 8.682771192656622838e-02
4.130590734321896301e-02 8.777633537020948507e-02
4.095174007617482376e-02 8.960034263630707596e-02
4.058794454648727290e-02 9.197332999772495077e-02
4.041459660113948249e-02 9.614702810843785141e-02
4.040574721946585401e-02 9.393644436366027639e-02
4.032801109843137805e-02 8.484816592600610829e-02
4.017171591929182689e-02 8.629260067310598470e-02
4.030309406268160755e-02 8.510299296014839365e-02
4.052798727118387540e-02 8.751095769306023453e-02
4.032429451940626464e-02 8.433313253853055858e-02
4.052682359498448184e-02 8.345641651087337687e-02
4.009847316845524534e-02 8.188927008046044398e-02
4.041962512973241994e-02 8.137152840693791245e-02
4.022073408407045303e-02 7.799269590112897776e-02
4.025995836979368719e-02 7.893954962491989136e-02
