6.212829676305138271e-01 3.044809065759181976e-01
1.876220520542458137e-01 1.638196483254432678e-01
1.433517839543001493e-01 1.460582005480925150e-01
1.300785786710506320e-01 1.321250858406225748e-01
1.172737271503307144e-01 1.179299404223759923e-01
1.050834782464906275e-01 1.069316516319910731e-01
9.809968447269395986e-02 1.023345484087864604e-01
9.443718792740689316e-02 9.878444733719031479e-02
9.158479793776952427e-02 9.595510022093851898e-02
8.913607344161285362e-02 9.357754451533158158e-02
8.699164160548947256e-02 9.161324209223191406e-02
8.505455914581584731e-02 8.989681210368871689e-02
8.362066146895982821e-02 8.873984869569540024e-02
8.253272121425631047e-02 8.775726736833651398e-02
8.164558899697176020e-02 8.703310477236907150e-02
8.089051292776021362e-02 8.637502634276945923e-02
8.019833083719361821e-02 8.575377551217873429e-02
7.958782455602357586e-02 8.525698694090048935e-02
7.903391552742483617e-02 8.472938214739163254e-02
7.852585567161440849e-02 8.424227715780337189e-02
7.806412271375573475e-02 8.383839732656876709e-02
7.763629121879159212e-02 8.347699884325265884e-02
7.723378139916201035e-02 8.309147631128628586e-02
7.682450554268650811e-02 8.258113358169794083e-02
7.639498380554277102e-02 8.211405420054991577e-02
7.600571328860729337e-02 8.175744861364364624e-02
7.563322145751742720e-02 8.139677594105403091e-02
7.529016915535510779e-02 8.104596411188443039e-02
7.495206835961272518e-02 8.074336343755324219e-02
7.466470049477594295e-02 8.048631312946478988e-02
7.440746322187573314e-02 8.029327572633822296e-02
7.419239724228202104e-02 8.010838304956753586e-02
7.398665361756155689e-02 7.992770274480183457e-02
7.380048947971920570e-02 7.976593884329001571e-02
7.362529125367832383e-02 7.961904319624106552e-02
7.346049217550559840e-02 7.943361159414052963e-02
7.327427758380423983e-02 7.931449450552463531e-02
7.308781722040716411e-02 7.914407365024089813e-02
7.293149849486559033e-02 7.898352916042010452e-02
7.279076400147967141e-02 7.884402852505445480e-02
7.265305669631721974e-02 7.872593247642119263e-02
7.251691450040008424e-02 7.859586334476868774e-02
7.239229992291955351e-02 7.847082459678252075e-02
7.227472960948944092e-02 7.835291170825560425e-02
7.214609240073451002e-02 7.821703422814607620e-02
7.200399605384052992e-02 7.808404415845870972e-02
7.188082173423365751e-02 7.799062598496675491e-02
7.175590598219355742e-02 7.785478855172793533e-02
7.159383063269562919e-02 7.766051776707172394e-02
7.144037161975405614e-02 7.751682618012030457e-02
7.134473118064708907e-02 7.742223950723807480e-02
7.121774619228618541e-02 7.728668736914794113e-02
7.114387367483834823e-02 7.722103968262672424e-02
7.102821234527022243e-02 7.712389870236317779e-02
7.094301269281395872e-02 7.703573939700920914e-02
7.081209821626543999e-02 7.694770768284797668e-02
7.072404996210406025e-02 7.684201591958601807e-02
7.061944710264025926e-02 7.677009950081507828e-02
7.053224655777909358e-02 7.669977191835641861e-02
7.042789314115463495e-02 7.661620310197274353e-02
7.036748715827978451e-02 7.654823083430528641e-02
7.023890726918051441e-02 7.645079245169957016e-02
7.019240038772654733e-02 7.636271448185046051e-02
7.005818531480292877e-02 7.626710645854473114e-02
7.000481480256069700e-02 7.618817066152890061e-02
6.988861122666749359e-02 7.610442272077004577e-02
6.983357468663259349e-02 7.601810588190953399e-02
6.972959502275254129e-02 7.592938312639792298e-02
6.963765877840477625e-02 7.585283586134512757e-02
6.960440695632336139e-02 7.575574858735005523e-02
6.947054103190122842e-02 7.568266397962968017e-02
6.944149996825428606e-02 7.562329154461622238e-02
6.931806182445482412e-02 7.557190954685211182e-02
6.928505729017563064e-02 7.548737060278654099e-02
6.920465183725883762e-02 7.544040835152070190e-02
6.910356407075426977e-02 7.536677550524473190e-02
6.907906831610341469e-02 7.529584877192974091e-02
6.896869666051379244e-02 7.523045813043911789e-02
6.895121326670050621e-02 7.516364287585020065e-02
6.882556717366326848e-02 7.511239529897768830e-02
6.882268803324116668e-02 7.504458508143822815e-02
6.871050799828629096e-02 7.498284149914979935e-02
6.868613208102625212e-02 7.492766343057155609e-02
6.857571035060425202e-02 7.487739467372496460e-02
6.855039577931165695e-02 7.483032035330931808e-02
6.846086015968128047e-02 7.476170143733422424e-02
6.842944880427662135e-02 7.470555851856867935e-02
6.833773459372825820e-02 7.463827915489673615e-02
6.831547169577936729e-02 7.458745657155911590e-02
6.821456262408646942e-02 7.452825860430796479e-02
6.819443072214029233e-02 7.446531734118859436e-02
6.810109099633125662e-02 7.441812101751565933e-02
6.805576162066223622e-02 7.434583082795143127e-02
6.799071994718423884e-02 7.430687732994556427e-02
6.792343000686446031e-02 7.422018920381863449e-02
6.787294189467332761e-02 7.415940426290035248e-02
6.782313891101715564e-02 7.409666789074738358e-02
6.773787533301253716e-02 7.404617934177319671e-02
6.769775421640207569e-02 7.398553937673568726e-02
6.762077582480255367e-02 7.394216395914554596e-02
6.757479401435269317e-02 7.387050551672776078e-02
6.751054981290253998e-02 7.384119865794976090e-02
6.745886311021655202e-02 7.375296608855326508e-02
6.738878604631091951e-02 7.370969715217749740e-02
6.734664399220152697e-02 7.363375990341107513e-02
6.727144627853534620e-02 7.358046621084213257e-02
6.721869006016573111e-02 7.350385189056396484e-02
6.715181728738338351e-02 7.344213283310334350e-02
6.712758079777624010e-02 7.335435288647811081e-02
6.702447852639611958e-02 7.331492224087317322e-02
6.698057899078310728e-02 7.325815626730521057e-02
6.690770721192969284e-02 7.321069544802109863e-02
6.688227936582163968e-02 7.312402408570051193e-02
6.678169542317126395e-02 7.307903623829285766e-02
6.672565733234203655e-02 7.302711252123117447e-02
6.666140233404761750e-02 7.296646852046251297e-02
6.659759481459162633e-02 7.290666860838730667e-02
6.654164457130570809e-02 7.285268759975831177e-02
6.647276482003372511e-02 7.279071894784767960e-02
6.642104775190006694e-02 7.272786771257717942e-02
6.634128103465881943e-02 7.266501865039269592e-02
6.628116328529147505e-02 7.260999362915754318e-02
6.621199602607724666e-02 7.255823879192273285e-02
6.614814802657725812e-02 7.249065736929576065e-02
6.607346981763839722e-02 7.241008648027975891e-02
6.600633583053253095e-02 7.235291103521983291e-02
6.594094167311870258e-02 7.228615103910367157e-02
6.586475582620085478e-02 7.218961914380390976e-02
6.579800945338468154e-02 7.211986215164263581e-02
6.572869343163315059e-02 7.204750242332617904e-02
6.565570755493502220e-02 7.196873426437377930e-02
6.557270966816780566e-02 7.187344071765740250e-02
6.550166966003734270e-02 7.183106460918982361e-02
6.542625023745173019e-02 7.172463772197563980e-02
6.533900366792845527e-02 7.163837117453415726e-02
6.526639541004632117e-02 7.157646926740805771e-02
6.519647226344015001e-02 7.149816025048494339e-02
6.511040353541110159e-02 7.139705400913953781e-02
6.502670874862476191e-02 7.135835724572341110e-02
6.494577574478678506e-02 7.124480574081341888e-02
6.487025610756042004e-02 7.116222474724054337e-02
6.477878998618485928e-02 7.108091997603575851e-02
6.472170924724535146e-02 7.096629279355208542e-02
6.461563444328169425e-02 7.088104169815778732e-02
6.455128388695938191e-02 7.079347254087527130e-02
6.446070074601921440e-02 7.072564493864774704e-02
6.439528395530096094e-02 7.060823558519284393e-02
6.428033273753731847e-02 7.054227404296398163e-02
6.422316545057435433e-02 7.065173859397570755e-02
6.414362658248391746e-02 7.056412970026333664e-02
6.404779397687593301e-02 7.042589442183573578e-02
6.396689747871700527e-02 7.034641069670517777e-02
6.386932360311579904e-02 7.035011611878871918e-02
6.377986783898154100e-02 7.010347644488017227e-02
6.367059707165111104e-02 7.009946523855130340e-02
6.356302528577141564e-02 6.986490978548924591e-02
6.346469866328460774e-02 6.990495820840199326e-02
6.337089641669461926e-02 6.975442512581746246e-02
6.326342639405020674e-02 6.970518579085667465e-02
6.316071211598640878e-02 6.947164734204609726e-02
6.303810275181434553e-02 6.932579353451728821e-02
6.291954584289775887e-02 6.924110185354948044e-02
6.280393023477044701e-02 6.911381489286820556e-02
6.269013854068551661e-02 6.896440343310435150e-02
6.256224121898412704e-02 6.885874364525079727e-02
6.244148316165042817e-02 6.876534037292003632e-02
6.232127649601289232e-02 6.850296507279078628e-02
6.217886616345928014e-02 6.835991330444812775e-02
6.206149817444384098e-02 6.817286399503548477e-02
6.190636180081339479e-02 6.804374139755964279e-02
6.177018614767422477e-02 6.791949706772963669e-02
6.163158449669216971e-02 6.773476706196863983e-02
6.148709619937594434e-02 6.757667288184165955e-02
6.133714146089068453e-02 6.739056389778852463e-02
6.118044286403198639e-02 6.724923693885405396e-02
6.102365455157015423e-02 6.709021516144275665e-02
6.086299214295522869e-02 6.694203025350968506e-02
6.071141439078505536e-02 6.681055016815662384e-02
6.055962637088499467e-02 6.665914878249168396e-02
6.039464392504373391e-02 6.656544779737789963e-02
6.022739623196769754e-02 6.639918033033609390e-02
6.006251462345379988e-02 6.625734735280275345e-02
5.988455641754837633e-02 6.609523420532543991e-02
5.973475180609628260e-02 6.600344677766163681e-02
5.955478664335989852e-02 6.581412100543578003e-02
5.938005233508383135e-02 6.576563262691099976e-02
5.920345765581831038e-02 6.560528154174487259e-02
5.903701327719487746e-02 6.556473486125469208e-02
5.886292676874544522e-02 6.538497377187013626e-02
5.869601394028164942e-02 6.534838800628979538e-02
5.852821678313058218e-02 6.520174505809943344e-02
5.836221008279988964e-02 6.516158425559599732e-02
5.820734113411501348e-02 6.501911487430334091e-02
5.804469246893774470e-02 6.487522553652524948e-02
5.787521529249673585e-02 6.486975774168968201e-02
5.773289380919967989e-02 6.472605094313621521e-02
5.756453745781855286e-02 6.464381174494822357e-02
5.741980141245348751e-02 6.459612119942903519e-02
5.725604422433778345e-02 6.449381665637095307e-02
5.709997120010124744e-02 6.439344678074121475e-02
