2.418879616117581288e-01 1.098215884218613353e-01
9.175520591697720885e-02 8.834809064865112305e-02
8.005217072922130028e-02 8.156006007144848968e-02
7.609196576874616147e-02 7.982944728185732697e-02
7.375032158005376259e-02 7.761902424196402694e-02
7.279768416138235332e-02 7.777553672591845657e-02
7.178653535151550968e-02 7.733154452095429565e-02
7.125354169456418751e-02 7.649399247020483017e-02
7.037851279384868541e-02 7.598756067454814911e-02
6.970357387001778482e-02 7.583729115625222061e-02
6.925145959546573360e-02 7.530581640700499679e-02
6.871168103697168628e-02 7.428334311892588471e-02
6.809431110876937310e-02 7.362392762054999207e-02
6.742466991594017744e-02 7.326719940950472687e-02
6.679196787868128815e-02 7.204251953711111878e-02
6.610649604307011762e-02 7.187145358572404052e-02
6.514560048425094285e-02 7.089538561801116134e-02
6.414077732018953759e-02 7.075917907059192657e-02
6.356954324968852599e-02 7.019811713447172974e-02
6.181391519169474741e-02 6.789751847585041855e-02
5.925635233803024093e-02 6.599833816289901733e-02
5.733316596380846203e-02 6.537647203852732514e-02
5.625230002455239992e-02 6.410839129239320755e-02
5.522926257879928053e-02 6.419209111481904984e-02
5.308316958266808688e-02 6.244986318051815033e-02
5.209867434771081607e-02 6.117274829496940208e-02
5.090484220729490916e-02 6.105422507971525192e-02
4.989065384752182364e-02 6.037757825106382370e-02
4.908234288179597060e-02 5.794678752621015144e-02
4.814226784050291280e-02 5.695368753125270439e-02
4.715695421666253606e-02 5.699622134367624687e-02
4.622541201777409514e-02 5.570011166855692863e-02
4.519710191633811991e-02 5.485427907357613014e-02
4.423764193170638681e-02 5.500726650158564018e-02
4.323959806500825981e-02 5.513128638267517090e-02
4.232972454777810672e-02 5.449241461853186058e-02
4.129211417789202532e-02 5.616559041664004326e-02
4.040489248866432209e-02 5.548201625545819832e-02
3.956145954015122951e-02 5.616404333462318016e-02
3.886384814219592809e-02 5.436525462816158699e-02
3.797662498559369743e-02 5.491014073292414116e-02
3.730042435250482957e-02 5.771127467354138924e-02
3.696477588071206410e-02 5.532822726915279793e-02
3.886465749941592912e-02 5.492910866936048103e-02
3.663851922854434451e-02 5.764119668553272652e-02
3.598130791621326208e-02 6.024067755788564682e-02
3.559216358265731434e-02 5.523586490501960350e-02
3.525683513929157853e-02 6.345890834927558899e-02
3.506501721283204059e-02 5.805402481928467751e-02
3.432414514489125212e-02 6.450220228483279084e-02
3.395040965162564317e-02 6.106644139314690994e-02
3.367988984533693692e-02 5.702447767059008049e-02
3.444052157317136625e-02 6.172951466093460487e-02
3.332431915995860000e-02 5.882255267351865768e-02
3.295704630355155568e-02 6.981189409270882607e-02
3.255824202151839236e-02 7.507862880205114220e-02
3.202300657366597553e-02 6.395744889353711937e-02
3.230783541221171618e-02 7.158333559830983017e-02
3.217357039982236128e-02 5.971163744106888771e-02
3.202213183705976407e-02 5.568814650177955627e-02
3.217438030392364562e-02 6.557095299164454605e-02
3.145406676488820413e-02 8.078296172122161056e-02
3.087471787774458826e-02 7.177077621842424537e-02
3.037727601165601810e-02 7.224106835201382637e-02
3.064160375736740480e-02 6.582818552851676941e-02
3.028509225479738762e-02 5.976226832717657089e-02
3.062966573701868256e-02 6.545841647312045097e-02
3.091574391772494018e-02 6.579420389607548714e-02
3.037847185691515406e-02 6.014871488635738922e-02
2.965852947158435782e-02 6.650432944297790527e-02
2.975730500779612958e-02 6.150289609407385422e-02
2.987830300523011337e-02 5.557933806752165390e-02
2.999531662600591481e-02 6.001387350261211395e-02
2.963632050100280940e-02 6.529266651098926399e-02
2.915719747651628405e-02 6.810472641761104728e-02
2.908929233265997519e-02 6.072261510416865349e-02
2.925400549091052016e-02 6.792908643061916496e-02
2.879727277417428941e-02 6.359234033152461052e-02
2.831170461844479541e-02 6.850052081669370796e-02
2.813227811752450416e-02 7.350627301881711151e-02
2.807431433588093023e-02 7.030468496183554794e-02
2.808104904617594530e-02 8.195267276217539643e-02
2.747422238259554506e-02 6.307930064698059891e-02
2.715374417548869351e-02 8.120336616411805153e-02
2.721500347455053925e-02 6.693047409256298874e-02
2.706051378803284516e-02 6.716519516582290794e-02
2.724875549536718081e-02 7.074877837051947449e-02
2.699532857717036605e-02 7.441608856121699478e-02
2.637473872570364128e-02 7.294654473662376404e-02
2.587729872496755471e-02 7.101703248918056488e-02
2.564081041207320541e-02 6.158633421485622955e-02
2.546884967988833487e-02 6.392908220489819382e-02
2.568096463124506026e-02 6.916333502158522606e-02
2.649843061429470181e-02 6.983927621816594933e-02
2.620968552100537072e-02 6.759072638427217339e-02
2.592176330535737525e-02 7.624079411228497360e-02
2.557055453964790503e-02 7.796707004308700562e-02
2.543114567294630160e-02 7.076085777953267097e-02
2.535136281458531121e-02 6.872620806097984314e-02
2.505132223771841873e-02 8.437704636404912140e-02
2.492103093780230483e-02 6.260165292769670486e-02
2.485024000160656124e-02 7.585279239962498810e-02
2.419578194412467728e-02 6.880968529731035233e-02
2.396731150098318358e-02 7.807579372699062492e-02
2.390008816917881668e-02 7.261189849426348542e-02
2.379467932312467893e-02 1.049801825235287395e-01
2.366477760302206079e-02 7.625460950657725334e-02
2.386158877756273250e-02 9.385420319934685562e-02
2.369968683816232533e-02 9.653869628285367821e-02
2.359895839973158091e-02 5.607580983390410972e-02
2.357998479504224906e-02 6.883643800392746925e-02
2.293778722564321707e-02 8.092469892775018547e-02
2.267419704409359346e-02 8.576832214991252090e-02
2.343595065555513501e-02 1.096056066453456879e-01
2.313467836126598468e-02 7.995045324787497520e-02
2.279308376303159148e-02 8.492333395406603813e-02
2.320363530672566940e-02 5.619716970250010490e-02
2.335051056214196633e-02 7.566529605537652969e-02
2.192823531452653060e-02 9.285525123899181221e-02
2.185206954789802730e-02 9.349129892264802788e-02
2.213196524386402617e-02 6.247554176176587509e-02
2.239068725341281096e-02 8.810400093595187332e-02
2.177898961574185888e-02 8.524060373504956101e-02
2.170863274625654121e-02 6.539065794398386811e-02
2.189553419106401652e-02 6.181970409428080154e-02
2.160519569689884484e-02 6.739427180339892243e-02
2.164791662754967511e-02 7.293418344731132652e-02
2.170629367546373159e-02 9.082429592187206413e-02
2.171774831503023306e-02 6.501698835442464020e-02
2.108519116882234812e-02 7.215575392668445442e-02
2.096635636570321967e-02 7.093688286840915680e-02
2.084796965598713359e-02 8.024266098315517570e-02
2.040470913756465415e-02 8.424791445334751938e-02
2.076467043222036610e-02 7.468313553060094978e-02
2.080889772840363930e-02 6.684117391705513000e-02
2.016906996208871206e-02 7.370298526560266350e-02
1.998305688530943244e-02 7.597757037729024887e-02
2.007890373555033803e-02 8.381462966402371262e-02
1.993817890463613421e-02 8.269181645785768364e-02
1.973432347552071114e-02 6.597871100530028343e-02
1.940800342573459347e-02 7.762202930947144364e-02
1.943751995527553608e-02 6.239153506855169701e-02
1.973556600467756689e-02 7.881599680210153724e-02
1.938491573605989615e-02 8.316789350161950256e-02
1.923740961924628318e-02 7.684340902293722297e-02
1.917772730649990390e-02 7.486670060704152252e-02
1.909021569177681704e-02 6.719177185247342254e-02
1.894673770889206826e-02 7.615996586779753830e-02
1.873540711524181515e-02 7.917372308050592278e-02
1.889167101593514780e-02 9.840746534367401932e-02
1.914887034150143663e-02 8.857584930956363678e-02
1.869260388301945477e-02 8.104668495555718277e-02
1.869673795353751083e-02 6.772862328216433525e-02
1.856491383203023871e-02 6.417829714094598625e-02
1.868230753258780241e-02 7.862458145245909691e-02
1.840387499176485489e-02 8.240222216894228791e-02
1.811552327396998008e-02 9.170314995571970940e-02
1.787129317025848776e-02 8.639625708262126114e-02
1.777502967905643036e-02 9.509059010694424774e-02
1.815327887591191083e-02 9.553876022497813369e-02
1.826612000775978267e-02 1.152819786220788956e-01
1.868944181140165528e-02 8.247725696613390778e-02
1.852769481537993451e-02 7.790927604461710121e-02
1.808562237487802704e-02 7.868502475321292877e-02
1.819664649909015497e-02 8.967009776582320069e-02
1.833403724391922951e-02 7.413885199154417183e-02
1.887840027433581799e-02 5.852315373097857071e-02
1.772649582545814465e-02 8.363327058032155037e-02
1.723532698544955055e-02 1.010067546740174294e-01
1.713423277549229115e-02 8.535318511227767135e-02
1.755394970965680132e-02 8.255479205399751663e-02
1.742318201117044191e-02 8.077353176971276139e-02
1.692640044737260541e-02 9.194135029489795830e-02
1.664995334549742093e-02 1.059842991332213130e-01
1.699834951838521610e-02 8.389185462146997452e-02
1.726219552666555246e-02 1.046774759888648987e-01
1.747848426240907957e-02 9.094268657887975837e-02
1.760986534104314397e-02 1.048042611218988895e-01
1.748325073615063230e-02 8.296342675263683464e-02
1.725943224520834138e-02 1.018935668592651639e-01
1.713185522537461966e-02 8.141279065360625122e-02
1.676674320113433550e-02 8.423230579743783142e-02
1.685743451356714467e-02 6.472046207636594772e-02
1.703612613058540573e-02 7.884753805895645951e-02
1.701813526884761105e-02 9.851486344511310722e-02
1.683813870781599581e-02 9.222098548586170341e-02
1.708453856029569506e-02 8.079406199976801872e-02
1.705341873051555504e-02 7.519951354091365670e-02
1.650622002726290921e-02 8.211971679702401161e-02
1.635784134783153931e-02 7.591575911889474060e-02
1.674485388807519376e-02 6.567850491652886535e-02
1.699035525251569798e-02 8.253058511763811111e-02
1.719191632109022885e-02 8.062976241732637550e-02
1.699591035748896847e-02 8.356603452314932678e-02
1.590682202029626569e-02 8.032986257846157219e-02
1.548050086387584706e-02 7.980327525486548279e-02
1.550839141520216763e-02 9.070182824507355690e-02
1.552734733153091247e-02 1.096784924156963825e-01
1.532154231532585099e-02 1.119246183273692880e-01
1.539801075773010453e-02 9.842333368336160515e-02
