2.487002971993629297e-01 9.906341694295406342e-02
9.323942477186751565e-02 8.699431022008259629e-02
8.312125676203259428e-02 7.861026997367541458e-02
7.721748853882037800e-02 7.485665474086999893e-02
7.334920968643801609e-02 7.175843386600415374e-02
6.982056498744113049e-02 7.201900705695152283e-02
6.746622256198248069e-02 7.663155440241098404e-02
6.525500544325210650e-02 8.498536360760529373e-02
6.342239164595686596e-02 8.481665638585884903e-02
6.182109249950668017e-02 8.472159473846356537e-02
6.024592172700998088e-02 7.690961565822362900e-02
5.865283896280235748e-02 7.254401749620835449e-02
5.706199145940846901e-02 6.882869762678940628e-02
5.554621256238152782e-02 6.782712601125240326e-02
5.394164329329722424e-02 6.669727526605129242e-02
5.252473358996212482e-02 6.815743446350097656e-02
5.115724983625113964e-02 6.748072182138760422e-02
5.007370504507318437e-02 6.756954391797383164e-02
4.860371892708678643e-02 7.085637561976909637e-02
4.757307244594707191e-02 7.237629995991785858e-02
4.664077425678802430e-02 7.473579607903957367e-02
4.561797476936738094e-02 7.355656164387862350e-02
4.523893257299827636e-02 6.898724691321451996e-02
4.496641047732081314e-02 7.626358699053525925e-02
4.392946867250599463e-02 8.862001821398735046e-02
4.330955623908964991e-02 8.512979621688525345e-02
4.198299470184327364e-02 7.950954698026180267e-02
4.114202488495340149e-02 8.324891173591215943e-02
4.112465578932748139e-02 7.947663776576519012e-02
4.373598952647731603e-02 6.972371445347864960e-02
4.125133632725581229e-02 6.808325741440057755e-02
4.024923034012317657e-02 7.321113332485158776e-02
3.898837850537410776e-02 7.699756758908431198e-02
3.780683142750328879e-02 8.072685155396659706e-02
3.734351486389980018e-02 8.735501393675804138e-02
3.650349323356220921e-02 9.649508477499087189e-02
3.633630292241050302e-02 9.122275141999125481e-02
3.678021606512714425e-02 1.025815589043001380e-01
3.650110588831350505e-02 1.260446867284675532e-01
3.633565337635403375e-02 9.621509909629821777e-02
3.625125513780255715e-02 7.397394472112257813e-02
3.563238874207749068e-02 7.305495720356702805e-02
3.531787362556124826e-02 8.087949423740307953e-02
3.477307390638215839e-02 7.508405329038699005e-02
3.509629496134990950e-02 9.955045363555352356e-02
3.512725900035611193e-02 1.157572488300502300e-01
3.442910970405264198e-02 9.740270643184582855e-02
3.420092973067576786e-02 9.580325226609905098e-02
3.340547650695106785e-02 1.155193735224505219e-01
3.330245099387803276e-02 1.267363568767905235e-01
3.322511520453317463e-02 9.063471434637904167e-02
3.298969880060487886e-02 9.913219123457868431e-02
3.273846769737902979e-02 1.421738277810315199e-01
3.327930559469170074e-02 9.045817609876394272e-02
3.293858504540091853e-02 9.464289341121912003e-02
3.232760487265105148e-02 1.072184693378706727e-01
3.224355871735010842e-02 7.604163543631632660e-02
3.221819422283578316e-02 1.060317447409033775e-01
3.154536250837926964e-02 9.973446031411488388e-02
3.034234375877002676e-02 1.259304451135297709e-01
3.016228375274168302e-02 1.072979772773881707e-01
3.038202887021958232e-02 1.088478953267137256e-01
2.960974376020563195e-02 1.440353275587161475e-01
2.927855293396427333e-02 1.384756142894426889e-01
2.925955500930201014e-02 1.052238089032471180e-01
2.981242253499235412e-02 1.686796741560101509e-01
2.972033474496890704e-02 1.281272008394201689e-01
3.047973261388061891e-02 1.521383660535017557e-01
3.052712279523528069e-02 1.199729610234498978e-01
2.919415818516511718e-02 1.162978711848457608e-01
2.858369438475820770e-02 1.455073785036802292e-01
2.902502438519150019e-02 1.364340813209613257e-01
2.877003667865295211e-02 8.965462849785883759e-02
2.837527902569448451e-02 9.810938903441031311e-02
2.797318297860667408e-02 1.192884567814568725e-01
2.803802594466698120e-02 1.308510629460215569e-01
2.742711215572388520e-02 1.078793420456349850e-01
2.735291473935683171e-02 1.127305496484041214e-01
2.778129522190537701e-02 1.127962896910806451e-01
2.752763968838248948e-02 1.214358371992905888e-01
2.814604976853398929e-02 7.153157098218798637e-02
2.810548353929419318e-02 1.275451079321404391e-01
2.618085735932339231e-02 1.653377295782168799e-01
2.573677578800206284e-02 1.770969633944332600e-01
2.551418253177300394e-02 1.808699819569786482e-01
2.908960160756007135e-02 1.209841344195107665e-01
3.200790171814692914e-02 7.820367347449064255e-02
2.683724225011415929e-02 1.204890610339740958e-01
2.543599068371275862e-02 1.341865851233402795e-01
2.530385880882657021e-02 1.269851136021316051e-01
2.687177696092011084e-02 1.326847653836011887e-01
2.717538367480386297e-02 1.195824379101395607e-01
2.637394040086588065e-02 1.164888955342272964e-01
2.635671617463231087e-02 1.427048253826797009e-01
2.517370908618579706e-02 1.112421629950404167e-01
2.396334153545890550e-02 1.156745883636176586e-01
2.374128872923942854e-02 1.402637438538173742e-01
2.512621358686754902e-02 8.095886372029781342e-02
2.538400989697249879e-02 1.532189774637421065e-01
2.401597552586260190e-02 1.806851543175677366e-01
2.392873062947115104e-02 1.448937471335133009e-01
2.410638978065879692e-02 8.866204988832275535e-02
2.516010812440410555e-02 1.179157776447633948e-01
2.530468455624095350e-02 1.357092865121861391e-01
2.479353534371786863e-02 1.279713894861439771e-01
2.347596262874038567e-02 1.268500553754468851e-01
2.291477831665339818e-02 1.346980780363082886e-01
2.258048169883401096e-02 1.329028522595763206e-01
2.279750120468697697e-02 1.278088091251750880e-01
2.335727237554830263e-02 1.174450861290097237e-01
2.612247068413295001e-02 8.696759274850289489e-02
2.728652601877530615e-02 1.064618091719845977e-01
2.390534642455709527e-02 1.313961441628634930e-01
2.275916422598150621e-02 1.180245896490911689e-01
2.199926957769622604e-02 1.307489288349946432e-01
2.168642283623041858e-02 1.412789616733789444e-01
2.377054155641776870e-02 8.806172960127393867e-02
2.570676971172784070e-02 1.551800079954167300e-01
2.278352785194942554e-02 1.434202701784670353e-01
2.209871784691850444e-02 1.438989038579165936e-01
2.233560583662501722e-02 1.566733840542534895e-01
2.332042944400982906e-02 8.239566426103313301e-02
2.318457476144959728e-02 1.088220970705151558e-01
2.205345605981947829e-02 1.431113719008862972e-01
2.149575888341682603e-02 1.382300769910216331e-01
2.132350553319854389e-02 1.472440427169203758e-01
2.213048730262143562e-02 7.361024028311173584e-02
2.311469410372854819e-02 1.364740352146327496e-01
2.132200101542091816e-02 1.435874014471968108e-01
2.100562118806031595e-02 1.366681599368651800e-01
2.108561652874963929e-02 1.797013883478939533e-01
2.098643100214039187e-02 1.162122827954590321e-01
2.087627759414486736e-02 1.324891195011635714e-01
2.060879050716107885e-02 1.165339811705052853e-01
2.137792749373718798e-02 1.019462541056175980e-01
2.115921660185639958e-02 1.313651306554675102e-01
2.097757577051430344e-02 1.341886554534236498e-01
2.229720652428304056e-02 7.638611691072583199e-02
2.326239627612711539e-02 1.435231046440700597e-01
2.098042043846447269e-02 1.294090047789116793e-01
2.017548936960655501e-02 1.682418774192531996e-01
1.979352140983263453e-02 1.598497053297857351e-01
1.994572658644079566e-02 1.671486003324389458e-01
2.041281897542175303e-02 1.083022505044937134e-01
2.155839108190564166e-02 1.743629962826768465e-01
2.085444694899325768e-02 1.680279588326811790e-01
2.012449621932234367e-02 1.643886861080924577e-01
2.009696120986454934e-02 1.321203984941045351e-01
1.980567250947662741e-02 1.234382633119821548e-01
2.061758563328577529e-02 1.534818836177388734e-01
2.151761898570585599e-02 9.322035281608502533e-02
2.172623309008993656e-02 1.144043765962123871e-01
2.071700659228575478e-02 1.227597603574395180e-01
1.983164035617698828e-02 1.416028086096048355e-01
1.940145293321070621e-02 1.438722927123308182e-01
1.966275363554095129e-02 1.695060697384178638e-01
1.956290774437230776e-02 1.353635283497472697e-01
1.932513902131684572e-02 1.133745474119981084e-01
1.933269656999686559e-02 1.269744178280234337e-01
1.907177239272006899e-02 1.913257876100639410e-01
1.965256313641750366e-02 1.656441857727865286e-01
2.002132617662725697e-02 1.062838775105774403e-01
2.001506026271124283e-02 1.229560452823837552e-01
1.929269197023322086e-02 1.297568948939442635e-01
1.854819033787650714e-02 1.733592996994654245e-01
1.845117571742035598e-02 1.449967073276638985e-01
1.919240667213967244e-02 1.163880862295627594e-01
2.117416622160479128e-02 1.847756789065897465e-01
1.923802071981954923e-02 1.616199884253243513e-01
1.817131511390555898e-02 1.533980957853297300e-01
1.798701523613661230e-02 1.859039844324191504e-01
1.807690806399901012e-02 1.722615597148736410e-01
1.819961802860678782e-02 1.902624047361314297e-01
1.906445532425328493e-02 1.143243017916878018e-01
1.901422590044392000e-02 1.793675914717217379e-01
1.874368543043559293e-02 1.801588900076846189e-01
1.848801274697274566e-02 1.722500653316577368e-01
1.844143616116800458e-02 1.889235374207297868e-01
1.832927110994797895e-02 1.886362495521704263e-01
1.878088977875534693e-02 1.919832611456513405e-01
1.974731133736366828e-02 1.661325242991248674e-01
1.984368351715898315e-02 1.399745227148135596e-01
1.835878274463073959e-02 1.363205354039867812e-01
1.770227937417668054e-02 1.138907649243871417e-01
1.725020995742619634e-02 1.600938228269418173e-01
1.654557362307123095e-02 1.839379022518793649e-01
1.663095616670541912e-02 2.053711665794253349e-01
1.679668396435201466e-02 1.963599428224066801e-01
1.699856528606222619e-02 1.766582836086551256e-01
1.690445759950942248e-02 1.901216465048491955e-01
1.720631506488939921e-02 1.707199510807792253e-01
1.749785918184707662e-02 1.632220333752532893e-01
1.780715614264874111e-02 1.511728855160375529e-01
1.793269540026220729e-02 1.141782191892464909e-01
1.736151620063411047e-02 1.654293329144517488e-01
1.664277263321415484e-02 2.042516212289532118e-01
1.641521518806342284e-02 1.507095977043112212e-01
1.620956064136915356e-02 1.764233208571871214e-01
1.622051292987063825e-02 1.527043888345360756e-01
1.627442128089971393e-02 1.466387001176675253e-01
