3.948189814279718934e-01 1.302748744686444693e-01
1.100710265611003075e-01 1.106326886349254246e-01
9.636920967661752324e-02 1.000663033790058498e-01
8.953552913465877283e-02 9.287749003205034160e-02
8.506813425025562536e-02 8.921988556782405044e-02
8.112653633352459592e-02 8.524850466185146525e-02
7.656993723769740801e-02 8.142893078426520492e-02
7.298257251883424890e-02 7.678935055931408737e-02
7.027756054772109351e-02 7.427358979152308416e-02
6.767782587103726710e-02 7.227555910746256973e-02
6.537053268402814865e-02 7.098615335093604040e-02
6.338103744769241210e-02 6.995261357062393381e-02
6.154629601756247265e-02 6.918238475918769836e-02
6.000242047239004450e-02 6.851945983039008092e-02
5.859198789225845971e-02 6.795173262556393479e-02
5.711052972232786434e-02 6.763324451943238114e-02
5.583782948371840416e-02 6.738738467295964096e-02
5.459213694103243891e-02 6.745601259171962738e-02
5.335075358246884475e-02 6.724106882595354273e-02
5.205442113574684782e-02 6.693528261449602224e-02
5.097317922769523113e-02 6.739292086826430273e-02
5.005102642107664423e-02 6.719109778188997462e-02
4.930365000419863891e-02 6.634139197154177714e-02
4.831723134010666720e-02 6.704620489229758118e-02
4.750647910348162334e-02 6.978471328814823960e-02
4.658860325949584769e-02 7.201989812569485616e-02
4.578207049337101875e-02 7.199297545270787191e-02
4.475845541895889790e-02 7.179022559689150762e-02
4.386566909847826323e-02 7.442030517591370631e-02
4.299174048142825888e-02 7.574907524718178797e-02
4.228696580294791924e-02 7.609501532796356105e-02
4.163850712158331108e-02 7.464240750090943288e-02
4.088804305235787390e-02 7.377144890940851019e-02
4.032126121313833744e-02 7.524328202837043955e-02
3.977233864276147335e-02 8.214375024868382502e-02
3.927014774938181879e-02 8.288482100599342539e-02
3.942320620777403639e-02 8.658114789674679901e-02
3.967009213321456146e-02 8.742564937306775141e-02
4.032931162226127686e-02 8.679042559944921686e-02
3.922552950453103704e-02 8.897870654861132766e-02
3.959506041393047460e-02 8.323511626157495402e-02
3.799436862648623847e-02 8.855892355657285497e-02
3.721737058651519714e-02 8.524902227024237777e-02
3.636524437290684225e-02 8.296728237635558889e-02
3.559695831613569894e-02 8.804670969645182754e-02
3.529176127347277703e-02 8.579943960325585317e-02
3.520096444365818089e-02 8.654183687435255956e-02
3.477422389905990285e-02 8.773239867554770421e-02
3.621453536310937499e-02 8.413139803128109884e-02
3.632091079475131129e-02 7.535999578734238480e-02
3.489979548470639736e-02 9.546151374363237574e-02
3.437912597025676725e-02 9.812608920037746429e-02
3.453511889546927865e-02 9.657368012186554052e-02
3.582268424627439024e-02 8.314499155514770701e-02
3.444238069535392188e-02 9.667027379489606664e-02
3.489410521735141629e-02 9.771753537158171798e-02
3.486709996898908204e-02 8.373102804438935232e-02
3.581130493250561653e-02 1.007770834904578028e-01
3.371204225709888841e-02 1.169314357555574779e-01
3.327373759934633413e-02 1.073974486854341326e-01
3.417653262774210388e-02 9.056577314105299092e-02
3.243883696339297518e-02 8.881923504587677098e-02
3.153582155227479394e-02 8.883506939229038335e-02
3.108006712367258548e-02 9.143469099783235743e-02
3.069473358961503570e-02 9.832138009369373322e-02
3.036753586834160454e-02 9.928482005165682744e-02
3.029672297217497062e-02 9.944608414338694524e-02
2.999502491410367330e-02 9.897952557851870392e-02
2.979804475496454844e-02 1.086400981164640789e-01
3.006556350737810135e-02 1.037596200282375064e-01
3.014825069254672973e-02 1.079799894036518187e-01
3.039654742403909843e-02 9.581981050885385320e-02
2.940019010566174984e-02 1.046602148562669754e-01
2.863325529004924139e-02 1.223406375696261678e-01
2.799732794008422121e-02 1.238546572211715879e-01
2.797212539717736784e-02 1.088378183129760923e-01
2.805489100084253978e-02 1.385607353101173944e-01
2.865716257337026437e-02 1.306262715823120479e-01
3.374788318419965488e-02 7.935219423638449621e-02
3.257812741326122918e-02 1.067768927249643507e-01
2.933146524038620154e-02 1.092639147407478695e-01
2.840248728170990944e-02 1.181826753955748377e-01
2.827410419789574622e-02 1.238369352908598037e-01
2.790142002333773422e-02 1.194341387599706650e-01
2.787926626141841793e-02 1.121579992274443355e-01
2.797642894225512919e-02 1.083380701020359993e-01
2.835617151406661859e-02 1.192512290759219079e-01
2.879353486024206765e-02 1.064944068590800014e-01
2.852939965385125828e-02 1.345609552744362059e-01
2.811913693709889445e-02 1.172757415721813884e-01
2.752205445544748941e-02 1.106239074013299351e-01
2.705483151622480043e-02 1.837034994322392645e-01
2.713186552793514505e-02 1.180383295027746110e-01
2.749353422351726722e-02 1.631932573186026803e-01
2.803307969872726249e-02 1.041150522521800403e-01
3.506809615007624309e-02 9.186150764839516591e-02
2.808533928629647000e-02 1.089761634874674978e-01
2.634783148220399412e-02 1.217242120247748194e-01
2.582565871657939785e-02 1.235449601792626972e-01
2.565188586098573684e-02 1.362514563111795196e-01
2.578195697264518832e-02 1.325262082326743307e-01
2.572892254740908463e-02 1.415094659767217045e-01
2.610223448449155298e-02 1.508396973626481286e-01
2.634287632933658696e-02 1.880207645396391458e-01
2.825575674566008569e-02 1.274178397531310625e-01
3.283840379246124458e-02 7.929123161981503631e-02
2.984977691298032823e-02 1.055039076341523080e-01
2.786004942523815156e-02 1.109053902328014374e-01
2.685317953639641125e-02 1.133349955909782047e-01
2.602488723038354906e-02 1.217700866982340813e-01
2.524074270935138670e-02 1.370902658543652897e-01
2.476572365749899959e-02 1.480935266655352411e-01
2.435403021915656663e-02 1.617361887668569975e-01
2.406247140180955632e-02 1.722074112751417752e-01
2.416958798449940840e-02 1.519794625540574484e-01
2.525527085881771119e-02 1.780635049152705374e-01
2.506120675584165222e-02 1.547461608424782753e-01
2.538203041455367598e-02 1.500864553575714522e-01
2.504577810830641016e-02 1.447585308924317360e-01
2.577534867109866970e-02 1.357946469345026608e-01
2.674209578076332250e-02 1.373298813899358206e-01
2.651192375640498353e-02 1.391339753237035570e-01
2.566163285589981302e-02 1.595388015525208703e-01
2.484856546493020152e-02 1.580709351433647880e-01
2.461706377315993691e-02 1.527862937914000740e-01
2.438077119338076179e-02 1.528271219382683344e-01
2.479890917382407411e-02 1.199745514119664874e-01
2.543384212682523252e-02 1.320409725109736032e-01
2.421297299357630731e-02 1.674264060954252786e-01
2.328843635893085989e-02 1.710194615233275595e-01
2.304645476681066799e-02 2.032673654870854607e-01
2.330625312766287233e-02 1.442973096337583361e-01
2.365407697492983435e-02 1.683213325838247842e-01
2.375667248625399144e-02 1.685775804022947855e-01
2.362541037770669525e-02 1.500315673442350617e-01
2.416108044364103508e-02 1.280411085527804194e-01
2.526463345033911831e-02 1.637761523533198538e-01
2.430386093967571576e-02 1.326571554980344181e-01
2.387775996381916524e-02 1.370361875742673874e-01
2.360585802121133170e-02 1.470008800841040020e-01
2.254624938501453846e-02 1.785343681565589313e-01
2.201760979369282722e-02 1.484695976186129751e-01
2.251685376097334670e-02 1.491364479685823030e-01
2.476537299751326721e-02 1.349964440903729801e-01
2.620985942733724053e-02 1.457885701416267166e-01
2.266826030298522282e-02 1.578154158261087237e-01
2.157505099071053631e-02 1.620347163536482449e-01
2.077826242553206318e-02 1.654030753092633477e-01
2.038833922309028768e-02 1.823272964813643093e-01
2.005978157777884435e-02 1.986183719709515572e-01
2.021448366718775480e-02 1.999656459730532465e-01
2.103132525708798981e-02 1.825868439757161732e-01
2.181695093877795283e-02 2.300997941444317407e-01
2.255555767020801100e-02 1.488246736634108724e-01
2.223974532197888279e-02 1.352049106111129217e-01
2.259912136828572116e-02 2.388684290150801248e-01
2.391613777954040496e-02 1.702376436442136765e-01
2.285274352719325955e-02 1.641210893996887799e-01
2.168775234575860342e-02 1.645786324515938759e-01
2.096663771492497316e-02 1.669358454851640472e-01
2.088501043731301465e-02 1.780655187451177235e-01
2.075261904903483168e-02 1.859151837933394613e-01
2.082496594705778026e-02 1.845711642462346258e-01
2.088496664243682036e-02 1.934591043326589765e-01
2.123840526882104715e-02 1.915774086697233924e-01
2.277052144678990905e-02 1.291706424413455734e-01
2.241218567644132423e-02 1.875411785311169033e-01
2.083238384618264771e-02 1.685868447853459129e-01
2.037412194228481119e-02 1.871373771379391260e-01
2.002572198966291045e-02 1.535130875806013651e-01
1.978265669015122699e-02 1.713201945854557762e-01
2.021137246771192997e-02 1.886034905910491943e-01
2.130565667956522274e-02 1.645019951586922102e-01
2.277635918680305863e-02 1.720815980806946754e-01
2.031883372493633461e-02 1.663805872408880004e-01
1.952326224503539084e-02 1.737078430338038215e-01
1.956187325484323725e-02 1.960549534608920508e-01
1.918219716469870759e-02 2.158990627568629084e-01
1.970717697347536962e-02 1.822871498556600800e-01
2.065752990112253856e-02 1.970573007646534147e-01
2.237365035362905152e-02 1.273842372207177887e-01
2.168300260062806448e-02 1.625814432692196665e-01
2.019391339499412505e-02 1.544189654911557741e-01
1.937486881549220150e-02 2.151178871798846426e-01
1.876213533588026380e-02 2.067523258220818339e-01
1.880457436540959246e-02 2.161930512843860397e-01
1.893889509345881780e-02 1.925703678280115128e-01
1.916181130857184250e-02 2.278069306371940383e-01
1.881607354436887550e-02 2.039210140291187467e-01
1.884632732537461566e-02 2.179631780212124281e-01
1.938822802167567555e-02 2.367990427753991489e-01
1.989867493919119518e-02 2.036203154259257908e-01
1.914314094862741567e-02 2.222328092902898788e-01
1.968302997397031878e-02 2.005479200225737391e-01
2.010979973597497306e-02 1.962370301286379404e-01
2.034438716065956401e-02 1.706005597694052467e-01
2.514552899704473876e-02 8.610155868033568527e-02
2.331854707970306556e-02 1.147465529955095653e-01
1.963247914753127321e-02 1.410182729984323091e-01
1.840081113027181720e-02 1.671276644079221496e-01
