3.383170771526127218e-01 1.322529514630635672e-01
1.089647240119009514e-01 1.058481196976370220e-01
9.331237638323772177e-02 9.582573009861840296e-02
8.597440152179176842e-02 9.024293161928653717e-02
8.129928606312449013e-02 8.687507319781515025e-02
7.822409442557794190e-02 8.463758292297522690e-02
7.624175853845549522e-02 8.333183804319964361e-02
7.466924272295905052e-02 8.178430443836583186e-02
7.359898605997242105e-02 8.192485984828737355e-02
7.308517425979782489e-02 7.978931917912429617e-02
7.178937575620848721e-02 7.901261746883392334e-02
7.095837886104496006e-02 7.926093766258822393e-02
7.038614287881589382e-02 7.938569225370883942e-02
6.965373944854591493e-02 7.777999941673544027e-02
6.897593228282725142e-02 7.758525241580274678e-02
6.883619827922524137e-02 7.754269159502452657e-02
6.807374489698105047e-02 7.671786244544717692e-02
6.748484037589372320e-02 7.656261469754907512e-02
6.708283581566519549e-02 7.688233628869056702e-02
6.657226283739252348e-02 7.642126745647853658e-02
6.613924325920822467e-02 7.698706268436378286e-02
6.578171879007685408e-02 7.669234669042958308e-02
6.532922163378537816e-02 7.647557101315921591e-02
6.526516004261083415e-02 7.630713325407770253e-02
6.484902064066107308e-02 7.573794863290256307e-02
6.426865102087216119e-02 7.600926069749726344e-02
6.374482556087214535e-02 7.627113949921396352e-02
6.323871452633927914e-02 7.827696928547488164e-02
6.271757618183405880e-02 7.685690994064013626e-02
6.230117363582660800e-02 7.841730262670251750e-02
5.859822953665038553e-02 7.339087873697280884e-02
5.388021534990247025e-02 7.661573154230912064e-02
4.995460099563366063e-02 8.034656610753801442e-02
4.783466023324829675e-02 7.811423360059659149e-02
4.599014846835194903e-02 8.494112744099563406e-02
4.441371159173729960e-02 8.355786961813767288e-02
4.192201723912503813e-02 9.274993743747472763e-02
4.026981575482684039e-02 8.003272975070609141e-02
3.903600363424274827e-02 9.872651131202776764e-02
3.765058364128557461e-02 1.060474170371890068e-01
3.691553215428096391e-02 9.432278376900488093e-02
3.624899694468916578e-02 1.016431921679112615e-01
3.550372840609491987e-02 1.000223915196127300e-01
3.492841539086728730e-02 9.597065113484859467e-02
3.470487951119316516e-02 9.370549478464657023e-02
3.457215978627706243e-02 9.639283041987153910e-02
3.433997491261035762e-02 9.684317383087343023e-02
3.448024225739262233e-02 9.008985602607329224e-02
3.473517003968903255e-02 9.860102170043522074e-02
3.506951221469335744e-02 9.290413506742981053e-02
3.440524191913626323e-02 1.130764602373043742e-01
3.471267482311260477e-02 1.118123232283526058e-01
3.316044615490770786e-02 1.231916122552421389e-01
3.262058009461658858e-02 1.167563309686051459e-01
3.207559837028384209e-02 1.110365645339091573e-01
3.150718035630700048e-02 1.064443733129236402e-01
3.080273010745281093e-02 1.079267785987920170e-01
2.997205961245770836e-02 1.106766484056909833e-01
2.934081959765313594e-02 1.073559769946667852e-01
2.892432159676057435e-02 1.228046612814068794e-01
2.873282593379660257e-02 1.198630756181147394e-01
2.861295741551169586e-02 1.268940661102533340e-01
2.928435032982833544e-02 1.279772905011971884e-01
2.887801870862703388e-02 1.473998238022128648e-01
2.970325065458693028e-02 1.097800304285354023e-01
3.058240279305453682e-02 1.070513987085885410e-01
3.079496950433566888e-02 1.186391642938057628e-01
3.010743481629505475e-02 1.142519565506113915e-01
2.977752064854451847e-02 1.257811344953047028e-01
2.893387654046641541e-02 1.280842533128129235e-01
2.864078936598649788e-02 1.188404173072841463e-01
2.842271483003547955e-02 1.137011956630481629e-01
2.836918549203291257e-02 1.240364525260196776e-01
2.718619409971302636e-02 1.362500499106115703e-01
2.685790111469786232e-02 1.486189379874202909e-01
2.739928605988985189e-02 1.598068471584055128e-01
2.690123687157543533e-02 1.980050371752845040e-01
2.662751733938731671e-02 2.095300378277897835e-01
2.694454005487808418e-02 2.205549494052926607e-01
2.747008484992675623e-02 2.262990433308813276e-01
2.718492899453494455e-02 2.224994680533806390e-01
3.295302056571150495e-02 1.006323432342873664e-01
3.140002718513331542e-02 1.371110740842090836e-01
2.729146966778832339e-02 1.561447899374696913e-01
2.639240091212275569e-02 1.678638448938727379e-01
2.579771096977155273e-02 1.734562429289022989e-01
2.507695887328648121e-02 1.873979757850368910e-01
2.458664224619363722e-02 1.972427181899547577e-01
2.430177225572307045e-02 2.094217985868453979e-01
2.403837035228384780e-02 2.061700185553895226e-01
2.428085005433276017e-02 1.949830637830826940e-01
2.606831037825563940e-02 1.994814708208044463e-01
2.879854038971044541e-02 1.084815192346771512e-01
2.899895749827165539e-02 1.178463342496090527e-01
2.611069415877686692e-02 1.167473680236273403e-01
2.530159953436473402e-02 1.101526257892449651e-01
2.462040001481044516e-02 1.404405047910081139e-01
2.402076598756560516e-02 1.729577530382407913e-01
2.370682958990517203e-02 1.875194023466772442e-01
2.348079869705365849e-02 1.767753140173024540e-01
2.318950662979992264e-02 1.724899671971797943e-01
2.293871033073562049e-02 1.595423528924584389e-01
2.323348469827778498e-02 1.863771763940652304e-01
2.334802845356668058e-02 1.734234244666165714e-01
2.301305802198263042e-02 1.598517106225093298e-01
2.383973923648094115e-02 1.615465356864863034e-01
2.394541331975743453e-02 1.572230488268865356e-01
2.359898070373186302e-02 1.829101194938023978e-01
2.386032788809843222e-02 1.482073856103751364e-01
2.417812075057044346e-02 1.558955420429507799e-01
2.448711659554846445e-02 1.861293419367737179e-01
2.534910591841652711e-02 1.473052311274740400e-01
2.612079162059760540e-02 1.205975310876965523e-01
2.569279936710145568e-02 1.290894669170180864e-01
2.469927087289894643e-02 1.105319845179716792e-01
2.386417453427140331e-02 1.527600911342435475e-01
2.307685909270331542e-02 1.606125245905584698e-01
2.316109343182022953e-02 1.402025172072980108e-01
2.317761630955629190e-02 1.265096185314986410e-01
2.258153875619627396e-02 1.315408183468712577e-01
2.204380132167077511e-02 1.261223247274756432e-01
2.204572697306369719e-02 1.392414222160975046e-01
2.158884884698725193e-02 1.552194605271021433e-01
2.101608749660776806e-02 1.684803338721394539e-01
2.104356454503608989e-02 1.543908729735347929e-01
2.193327493420461211e-02 1.891383023725615731e-01
2.505302251452897963e-02 1.399670704785320463e-01
2.547206392897883448e-02 1.707176816546254750e-01
2.206785612308034134e-02 1.940479732842909089e-01
2.129359254840670554e-02 2.113375445413920584e-01
2.099060220075998212e-02 2.384089963096711340e-01
2.153043867452297117e-02 2.103684116154909134e-01
2.292408944652756658e-02 2.091463464829656782e-01
2.292070699083368843e-02 2.072113487455579939e-01
2.204773637534278297e-02 2.259342539020710583e-01
2.238836447231289800e-02 2.110950641541017303e-01
2.287870453579760044e-02 1.904945392161607742e-01
2.227620486306344447e-02 1.463996691422330132e-01
2.200108960770615768e-02 1.555133899673819542e-01
2.122660956300068125e-02 2.218696934481461935e-01
2.058961798675449165e-02 2.308578713693552609e-01
2.013785305160393016e-02 2.420485669540034523e-01
2.020192326319108708e-02 2.275078897881838980e-01
2.001298624999457709e-02 2.267902586609125137e-01
2.017511040108596262e-02 2.209499622177746592e-01
2.041356115624672063e-02 2.172404697371853599e-01
2.089424803285155202e-02 2.539586570734779225e-01
2.187234831110733413e-02 2.038855746181474915e-01
2.077475894333385975e-02 1.673192452225420179e-01
2.102634800234582518e-02 1.636464264657762346e-01
2.094398158965859319e-02 2.171688540321257410e-01
1.989802451826995500e-02 2.100176898141702109e-01
1.920181775476965252e-02 2.195869292029076214e-01
1.897744501361668668e-02 2.233449520750178108e-01
1.903342522067449569e-02 2.072679014462563696e-01
1.921942148346272167e-02 2.074181843135091963e-01
2.011734455051581924e-02 2.216401620664530392e-01
2.206465432692955239e-02 2.209535298041171436e-01
2.170091167251329486e-02 1.624089850940638180e-01
2.081683922627168559e-02 1.448141045661436310e-01
2.047173280223477110e-02 1.430128346093826885e-01
2.058055299538664659e-02 1.928970770289500647e-01
2.081246469056279025e-02 1.959671568539407549e-01
2.058514858959469701e-02 1.900717330475648337e-01
2.035257160073010094e-02 1.656721401959657669e-01
2.043163451286623272e-02 1.729692753611339340e-01
1.877246192576954159e-02 1.891146079740590458e-01
1.806015660986304283e-02 2.169251986261871157e-01
1.777375149029511436e-02 2.323906340946753912e-01
1.798041153517438220e-02 2.542289188131690025e-01
1.839474174932281478e-02 2.490641433331701460e-01
1.922069715120170927e-02 2.397198160696360769e-01
1.930051522397595309e-02 1.921413942343658809e-01
2.452601662768823243e-02 1.155576756637957392e-01
2.340758321579636606e-02 1.914201496789852686e-01
1.941594206614465079e-02 2.039874337820543060e-01
1.843018946521801996e-02 2.207581395697262583e-01
1.812948263250291348e-02 2.262988821085956392e-01
1.799361217801073026e-02 2.229348885723286267e-01
1.826583529629449351e-02 2.376004298114114399e-01
1.822886778405163194e-02 2.321547465398907661e-01
1.989832815214446354e-02 2.462460217583510580e-01
1.941771402091878318e-02 2.691321510614620438e-01
1.823592669523616330e-02 2.935724567828906784e-01
1.807338335528606288e-02 2.726077462236086713e-01
1.812351468053260278e-02 2.549419432050651912e-01
1.829301055645706289e-02 2.283857258864575024e-01
1.880276159996666432e-02 2.139657326042652130e-01
1.947415710949316342e-02 2.061020771248472938e-01
2.003842938929887088e-02 1.698212170352538519e-01
2.040288413636295525e-02 1.945251330940259704e-01
2.038342247876088684e-02 1.742167305201292038e-01
1.939814163246987230e-02 1.727139626940091544e-01
1.890700345677210140e-02 1.663162750709387960e-01
1.842612665850760015e-02 1.864863524420393714e-01
1.836835092683209228e-02 1.920847308097614059e-01
1.891273717543609859e-02 1.941533078336053486e-01
1.990986731834709644e-02 1.926829623472359476e-01
1.917304819813225175e-02 1.842162069968051319e-01
1.847693217327682144e-02 2.204792152883278122e-01
