3.349000214167484613e-01 1.091667008068826494e-01
9.482743036819667182e-02 9.369562545584307622e-02
8.485700049233145525e-02 8.745537636180718277e-02
8.082782840583382922e-02 8.454316461251841497e-02
7.871161530748373159e-02 8.306111084918181564e-02
7.726499408756087872e-02 8.185659431748920634e-02
7.618215770983113866e-02 8.119052338103453781e-02
7.524459563740869272e-02 8.036672386030356552e-02
7.455874820489709343e-02 7.998657495611244395e-02
7.399942437413989382e-02 7.938964271710978460e-02
7.348479573592180125e-02 7.935256552365091420e-02
7.305392679735654704e-02 7.906800777547889902e-02
7.264589445620048269e-02 7.867881841957569122e-02
7.225969772240738165e-02 7.867704497443304967e-02
7.189326553900794725e-02 7.851688832872444346e-02
7.153708780774982456e-02 7.822851195103591726e-02
7.120042303349913282e-02 7.829281439383824204e-02
7.086714659249637727e-02 7.807599753141403198e-02
7.054150379376440683e-02 7.806264091697004415e-02
7.022021197509474566e-02 7.745314699908097122e-02
