5.233198981277826789e-01 2.498305588960647583e-01
1.359253660207841441e-01 1.085835182004504795e-01
9.519290517470459234e-02 9.289557424684365128e-02
8.367043317908920419e-02 8.750699833035469055e-02
7.843945606997827780e-02 8.439472938577334549e-02
7.549486704534147385e-02 8.232415633069144201e-02
7.314176255519069803e-02 8.017283222741550253e-02
7.036952626686997225e-02 7.695101346406671428e-02
6.655180647333221178e-02 7.364330026838514232e-02
6.323714820077507015e-02 7.007283324168787908e-02
6.023064225048917197e-02 6.651142715579932974e-02
5.787860921288772581e-02 6.595950739251242589e-02
5.617370601834320576e-02 6.606589692334334518e-02
5.460402137804322431e-02 6.635770512123902176e-02
5.321817968903881646e-02 6.664720860620339249e-02
5.180872385049375278e-02 6.671430439584785654e-02
5.049324849983904268e-02 6.728300245271788549e-02
4.929177071217719780e-02 6.433473858568403148e-02
4.770766772193515970e-02 6.517324348290760849e-02
4.675592569543457477e-02 6.431583035737276077e-02
4.571653531137399862e-02 6.587894736892646597e-02
4.432996515775235874e-02 6.500901043828991033e-02
4.307861869200700633e-02 6.653635597063435603e-02
4.229043074315640832e-02 6.666243769642379857e-02
4.168394061441465376e-02 6.752591818157169246e-02
4.087926388332029787e-02 6.520841322425338649e-02
4.039445523990363440e-02 6.438148394227027893e-02
3.989490095480549559e-02 6.941407473964823771e-02
3.994294576256013363e-02 6.440231297165155411e-02
3.917599896468767356e-02 6.048194546666410543e-02
3.767844120313117856e-02 6.239447411563661672e-02
3.732237704211800733e-02 6.335542092306746531e-02
3.511277250036960729e-02 6.497885886993673421e-02
3.437379089456687326e-02 6.868035004784663056e-02
3.387355419988857808e-02 7.223573813421858836e-02
3.307871126410800999e-02 7.134744338691234589e-02
3.277299645720276738e-02 7.852594316419628240e-02
3.245908684074515216e-02 8.395977514899438665e-02
3.162948987105997783e-02 8.113574019322793152e-02
3.146308517401538024e-02 8.673472060925430105e-02
3.110081959152367209e-02 9.418357556892766047e-02
3.103005370443187236e-02 9.796543605625629425e-02
3.097465183449591222e-02 1.009395471256640253e-01
3.323505311727342065e-02 8.390108785695499227e-02
3.179751334303036053e-02 1.022311873320076170e-01
3.130631451494991779e-02 9.315011350231038045e-02
3.141425420507425181e-02 7.505422313180235006e-02
3.065770721948909983e-02 9.446183529992897843e-02
2.989447191811916288e-02 1.000899753222862926e-01
2.927940130438201269e-02 1.012548037494222369e-01
2.907105203627086132e-02 9.008584461278384969e-02
2.871858021357982793e-02 8.291705573598544265e-02
2.845830916109063149e-02 8.282636064622136973e-02
2.802723174255977376e-02 7.665789054913653422e-02
2.769738138744198830e-02 8.268288885139757349e-02
2.710664015058882395e-02 8.354440879904562189e-02
2.693341871746247895e-02 8.932879277401500895e-02
2.660288911585400803e-02 8.665571734309196472e-02
2.636388236679500230e-02 7.989586351646317530e-02
2.608270923856918430e-02 9.347648618535862874e-02
2.607301540286621061e-02 9.457553022851546143e-02
2.649822731207056650e-02 8.135439610729615356e-02
2.829712820693668779e-02 8.611434729148943756e-02
2.664755295575937238e-02 8.199310923616091873e-02
2.806574175497743989e-02 7.504794575894872810e-02
2.910066746379725774e-02 9.484940746592150640e-02
2.930951996411128649e-02 8.199263260596328928e-02
2.625113359947757116e-02 7.740235111365716125e-02
2.491870783723709043e-02 7.290454984953005646e-02
2.433311859168475755e-02 7.655899578498469304e-02
2.422930795994655481e-02 8.069375064224004745e-02
2.478025434538722038e-02 9.645313635054561519e-02
2.360785206234673056e-02 9.279071125719282054e-02
2.314438843509046204e-02 9.066100873880916788e-02
2.297120550420226129e-02 9.514734454246030759e-02
2.287583785108858458e-02 8.856739300406640814e-02
2.308973619464512253e-02 9.856018796563148499e-02
2.793403974416234017e-02 1.131225869887405033e-01
2.481394060092364726e-02 1.028138473629951477e-01
2.465747439347934500e-02 8.856335541026459646e-02
2.446196080617061425e-02 8.633094643139177515e-02
2.346464181773182806e-02 1.083148630956808772e-01
2.263102211376152514e-02 1.170842652726504507e-01
2.229776746797852358e-02 1.375930639397766886e-01
2.210355655108465003e-02 1.580165125843551455e-01
2.216884146853372733e-02 2.068790168397956486e-01
2.247338153694461091e-02 1.974732100756632081e-01
2.333122140886943405e-02 2.000258924025628271e-01
2.472376617852871036e-02 1.184262057973278909e-01
2.354543166030652682e-02 1.243237929625643640e-01
2.221978998106972567e-02 1.337822055858042536e-01
2.192306280613127295e-02 1.458987933066156206e-01
2.171580280495307921e-02 1.408081256474057741e-01
2.311786023400178719e-02 9.331786653233899165e-02
2.222403362620531050e-02 1.129517453826135998e-01
2.133000082699808980e-02 1.008642892249756451e-01
2.339403538555815537e-02 1.029499668834937959e-01
2.121372423248320260e-02 9.738955232832166575e-02
2.054834535072852866e-02 9.619398099473780439e-02
2.039883813321045208e-02 1.036846248639954476e-01
2.027879268067275462e-02 1.025806829954187122e-01
2.038792961436073845e-02 1.024954813636011486e-01
2.075880459259922886e-02 1.306630025307337351e-01
2.148580991254165490e-02 1.296961896328462371e-01
2.118612604965342330e-02 1.619118938429487953e-01
2.111994434806813495e-02 1.734071374974316959e-01
2.094544402164657051e-02 1.650354398621453056e-01
2.054181949394505088e-02 1.351446911899579773e-01
1.977875817385388660e-02 1.270116368929544992e-01
1.921369894066961639e-02 1.098803231078717413e-01
1.908081919011637290e-02 1.090124710462987423e-01
1.896068748518279362e-02 1.048791111550397281e-01
1.904403948418159978e-02 1.062612667576306458e-01
1.905150709832768505e-02 1.012581017178793702e-01
1.858240171767226029e-02 9.453998542287284090e-02
1.872301134621588356e-02 1.037434065300557318e-01
1.916494419820970185e-02 1.057967318014966102e-01
1.887917487382343579e-02 9.802505342910687591e-02
1.833851395243006610e-02 1.125630000606179237e-01
1.808666627536096097e-02 1.203661797982123194e-01
1.777702845099222995e-02 1.180773720973067875e-01
1.869610130287161637e-02 1.384828350403242703e-01
2.020598085392720858e-02 9.876610069639152334e-02
1.804667883893338806e-02 1.124820825126436052e-01
1.734820021623064215e-02 1.154483725420302753e-01
1.716796854488188140e-02 1.207473459136154947e-01
1.667854532020211777e-02 1.108241092103223052e-01
1.627958999242542712e-02 1.096903342339727583e-01
1.655613527655964978e-02 1.075735704766379447e-01
1.637500752524541012e-02 1.151697479395402818e-01
1.662158495860129037e-02 1.190240796551936264e-01
1.657829936536982934e-02 1.136264685127470198e-01
1.659906862542124065e-02 1.324690214047829218e-01
1.707223256504753622e-02 1.313223976434932938e-01
1.776561747225591931e-02 1.181172583666112719e-01
1.914266036914252789e-02 8.314884650624460027e-02
1.895687454834398683e-02 1.135904213620556741e-01
1.746054327047270871e-02 1.511582635963956422e-01
1.662149240842043796e-02 1.537666010359922952e-01
1.571628371560264761e-02 1.748654158372018042e-01
1.561412304957828824e-02 1.701320257658759660e-01
1.528490520729796839e-02 1.756384474121862049e-01
1.542887587679504617e-02 1.515052713867690859e-01
1.539716500754854250e-02 1.463724992548426085e-01
1.542240993699013456e-02 1.494756241639455252e-01
1.623973057026088795e-02 1.225964599806401434e-01
1.557765990529754591e-02 1.183646259208520207e-01
1.540841818389641731e-02 1.215082224872377215e-01
1.556122552024245993e-02 1.114589746317101865e-01
1.583829883304311084e-02 1.369597488600346746e-01
1.657942636222465085e-02 1.218084739521145821e-01
1.665928536776180649e-02 9.867408447381523229e-02
1.640178763205412532e-02 1.042479514661762419e-01
1.630562517178676604e-02 9.477155976411369420e-02
1.635186957399837812e-02 9.333385827226771403e-02
1.584935619598027562e-02 8.542973465389674947e-02
1.583923907700653458e-02 9.793971737639771413e-02
1.523092991627025827e-02 1.243176817273100171e-01
1.501594128643684960e-02 1.449982907830013046e-01
1.522937960775069301e-02 1.546454806294706164e-01
1.509950049335091575e-02 1.635630714396635599e-01
1.585163313770530588e-02 1.295214622384971981e-01
1.539188657217182080e-02 1.263602030360036488e-01
1.466692178282977613e-02 1.377540175906485920e-01
1.455356515432912334e-02 1.370123861771490870e-01
1.420581609964734204e-02 1.774362197352780113e-01
1.433287319307011143e-02 1.782331894048386212e-01
1.449530200305871805e-02 1.634315796610381899e-01
1.440217415802180767e-02 1.441863784566521645e-01
1.462943664263570420e-02 1.476721634260482197e-01
1.426262606400996447e-02 1.384208665953742257e-01
1.387376458350023795e-02 1.508957519092493649e-01
1.359887469116961844e-02 1.452609578975372906e-01
1.397816471687359126e-02 1.135715827242367859e-01
1.398284198920719465e-02 1.014148999626437869e-01
1.483886631307896296e-02 9.722443597598208476e-02
1.521477225895334975e-02 1.134042291798525448e-01
1.483535833327417723e-02 1.245257841009232702e-01
1.400521513438079436e-02 1.133913057338860331e-01
1.343587581522581037e-02 1.159739410504698753e-01
1.317226438124368890e-02 1.084070471632811727e-01
1.293454420889114491e-02 9.630363506989346456e-02
1.291483795417972501e-02 1.056368775251838865e-01
1.299223460813575363e-02 1.247475005479322524e-01
1.341006235026459201e-02 1.250735279172658920e-01
1.339207822456955910e-02 1.412017284375098047e-01
1.332065424734226768e-02 1.539332406181428137e-01
1.349562447711189286e-02 1.560592444406615487e-01
1.319525389159779787e-02 1.836041535975204697e-01
1.308140234749128120e-02 1.557930404734280405e-01
1.311441898209656128e-02 2.018494879206021719e-01
1.339040711953690815e-02 1.735463958854476518e-01
1.316903936165589317e-02 1.846682275128033457e-01
1.351252735717358398e-02 1.529998961422178450e-01
1.410217701298434496e-02 1.230539142464597974e-01
1.374501277544967238e-02 1.453591327493389540e-01
1.325962124903481976e-02 1.143102937171028705e-01
1.286163233311437941e-02 1.209240026461581435e-01
1.268031126138095474e-02 1.340207577579551335e-01
1.241075387792434613e-02 1.144842118438747225e-01
