1.736010778392475806e-01 1.011036827608391142e-01
8.846629838027604553e-02 9.122506046184787609e-02
8.024289549093663321e-02 8.520927307782349969e-02
7.523851644444634612e-02 8.146491163858661511e-02
7.260569263385927008e-02 7.823008326468644524e-02
7.001211694479594905e-02 7.412557352196287586e-02
6.526653403491992911e-02 7.211507291153625154e-02
6.162995195046552105e-02 7.130560727307090618e-02
5.867043600940122922e-02 7.159380656149652578e-02
5.621370853008172269e-02 7.149917466772927332e-02
5.409640703365448805e-02 7.158183582403042367e-02
5.160625442499067878e-02 7.727497436658099794e-02
4.900203605856352784e-02 7.527613005152454517e-02
4.676818576209792327e-02 8.510596401713511894e-02
4.441631412913462501e-02 9.273353370803373574e-02
4.244790384659498372e-02 1.145750676730164785e-01
4.108369691350414327e-02 1.397555053096126709e-01
3.956939697046044785e-02 1.322478616127261419e-01
3.821833427177696862e-02 1.319015242021392975e-01
3.762916065525354070e-02 1.222464974141783123e-01
3.723530462806726171e-02 9.079622529033157252e-02
3.629883324416974949e-02 9.440657199808845379e-02
3.604230919390977173e-02 1.044926679934616437e-01
3.469287080508542953e-02 1.067368388175964355e-01
3.363559186852317640e-02 1.113994799692321763e-01
3.346397945225784015e-02 1.076107941636884613e-01
3.339225008924741334e-02 8.839829817966178560e-02
3.272520256895056906e-02 1.035481550627284641e-01
3.172000235787070244e-02 9.344889682338193559e-02
3.085316615406332938e-02 8.294152872016032074e-02
3.066498585560215040e-02 9.282394388207683422e-02
3.068280897701416640e-02 8.271057927912031649e-02
3.065524989648199528e-02 1.097730134993239737e-01
2.945324146696101306e-02 1.131286801839316292e-01
2.910402880383397908e-02 1.178324092869405398e-01
2.939606367845118418e-02 1.263498175820266800e-01
2.842740338803003905e-02 1.036032149223265891e-01
2.795984559859020571e-02 9.527216082507813932e-02
2.747753753735706489e-02 9.975185003821496199e-02
2.698808727498219415e-02 1.022386343942748160e-01
2.686027366652842321e-02 1.012222761702206431e-01
2.677943099032693841e-02 8.178937214392202615e-02
2.543678248445011350e-02 9.760221973475483037e-02
2.480290121989460819e-02 1.049846084788441658e-01
2.453062266709540515e-02 8.372963547568630649e-02
2.479200234931961885e-02 9.163528670453363612e-02
2.391161473006070751e-02 9.035407196454427192e-02
2.323809867096322812e-02 9.381843234101931717e-02
2.299670707169405165e-02 9.992616330445916462e-02
2.357717474157793383e-02 1.006438810792234240e-01
2.279106365721218427e-02 1.205628384594564090e-01
2.200146800955772586e-02 1.108972768609722409e-01
2.180812640751643786e-02 1.024509514164593516e-01
2.156144743633827549e-02 9.660841610834554338e-02
2.143238185019027964e-02 1.253827751648646793e-01
2.084644698174443339e-02 1.071799458177001424e-01
2.135983866268420517e-02 1.111699205098880677e-01
2.091363270774604724e-02 1.178715883374766016e-01
2.067337198394948727e-02 1.117830220264969115e-01
2.039347599427087168e-02 1.244012065300786896e-01
2.015726244251236227e-02 1.552070121936224012e-01
2.000736999060443583e-02 1.164511808849595237e-01
1.967333425101407823e-02 1.457791946552417783e-01
1.923033679225974110e-02 1.098712994199660120e-01
1.890782342572522312e-02 1.016592093294969301e-01
1.888789907779271984e-02 9.444155630276158953e-02
1.849698152192452011e-02 1.078766539899839311e-01
1.843117815215231450e-02 1.161924614743502088e-01
1.823058212649198220e-02 8.540770007918278839e-02
1.785867552867356073e-02 1.129887310305127401e-01
1.760705150152760967e-02 1.385893333289358320e-01
1.729823122315896078e-02 1.287273347584737548e-01
1.729862488582881858e-02 1.259246909714959173e-01
1.746055001593611183e-02 1.327546014002075891e-01
1.714539382989117150e-02 1.288570073536700611e-01
1.668846504800627559e-02 1.215497116661733989e-01
1.638388963287499417e-02 1.180523707427912350e-01
1.671569321467351876e-02 1.580685867962461910e-01
1.698266966287349453e-02 9.577207398359421919e-02
1.677152582035377343e-02 1.273482492607500849e-01
1.587820702754869778e-02 1.399381397361004753e-01
1.597148947307945946e-02 1.108790544310101767e-01
1.592318169163100747e-02 1.291948281642463503e-01
1.575469832519084401e-02 1.246840401587110958e-01
1.610619953466291623e-02 1.016481027558997774e-01
1.595924520388063844e-02 1.135686886393361683e-01
1.578514158491015063e-02 1.197378393607558961e-01
1.553323622262938256e-02 1.154198307819940400e-01
1.525834485191882202e-02 1.404448284388140344e-01
1.508560029759518570e-02 1.381154447035105037e-01
1.500093617487880532e-02 1.033409652817580404e-01
1.511586413007017481e-02 1.096945318427902660e-01
1.533737276563405805e-02 1.360846576798293295e-01
1.502853265785559188e-02 1.272172994083828335e-01
1.434005328881879891e-02 1.327818978094944258e-01
1.452250138674749183e-02 1.072966773062944412e-01
1.489545410589837408e-02 1.213133483435268750e-01
1.446477384722935459e-02 9.811120607924682380e-02
1.433983721062389617e-02 1.464652150386461515e-01
1.433347879503891510e-02 1.480060644378816681e-01
1.455191827314807410e-02 1.512737140680352754e-01
1.437637852258768188e-02 1.251644974367486229e-01
1.442647116482106452e-02 1.460052629656813650e-01
1.459305134423955451e-02 1.089680402160242700e-01
1.409110744063538090e-02 1.119210131949296694e-01
1.356257137092875195e-02 1.363837431288427715e-01
1.380688533171769115e-02 9.147720635627154540e-02
1.387068431737370836e-02 1.263572612984312782e-01
1.334817486160200066e-02 1.163419721717083855e-01
1.318220974029443195e-02 1.764951140654307804e-01
1.362084405973735396e-02 1.177155716965595927e-01
1.345430897090705256e-02 1.325079387881689663e-01
1.325974268535894118e-02 1.258445620812751742e-01
1.345140627979081287e-02 1.099239336326718330e-01
1.373780317456893031e-02 1.493572989409720497e-01
1.316019207167219533e-02 1.329657047711036710e-01
1.264828677304331329e-02 1.193270228665184035e-01
1.243428565747278780e-02 1.252138633625926867e-01
1.295245084267987977e-02 1.068875927960983019e-01
1.289747457864232408e-02 1.163066503833289494e-01
1.267268505454729674e-02 1.195865960239812231e-01
1.266838082138872952e-02 1.161502575225852180e-01
1.241378725423076222e-02 1.117281734046560726e-01
1.246054240358554326e-02 1.348917678136516418e-01
1.279217256157378843e-02 1.107273470196458998e-01
1.255792827057705154e-02 1.457074301110373726e-01
1.246513443908131742e-02 1.258315206677825260e-01
1.201153394663933595e-02 1.310768635529610815e-01
1.198430459878248484e-02 1.188147314306762514e-01
1.217629576037539477e-02 1.206680211342043285e-01
1.255300782367253960e-02 1.274113929313090143e-01
1.232617964771220292e-02 1.557983312479875593e-01
1.217856687849493483e-02 1.328115769903417120e-01
1.228262327054924392e-02 1.256999467258100023e-01
1.228274400838143439e-02 1.191889430154804835e-01
1.203287327169948011e-02 1.335380231892621117e-01
1.132913315536196799e-02 1.155280640210818305e-01
1.133282206445266130e-02 1.110092963402469907e-01
1.131738496402929714e-02 1.257668027171382208e-01
1.141324815457701869e-02 1.267507541234846602e-01
1.157769108024554565e-02 1.831006344959691667e-01
1.140175015870027384e-02 1.430828501642854023e-01
1.117998678464351622e-02 1.523069026707499218e-01
1.125408394869825864e-02 1.299770915259917670e-01
1.108633029289785889e-02 1.584939554471660461e-01
1.127241519033696758e-02 1.530744119512814083e-01
1.095708419769487497e-02 1.471047453858234377e-01
1.081309638959090588e-02 1.367647874134558239e-01
1.102305658926384761e-02 1.242460680228692493e-01
1.120072840315448730e-02 1.480424076801648836e-01
1.224979472145953062e-02 1.454226462929337216e-01
1.173577431354641369e-02 1.396274897097437573e-01
1.072920944704484902e-02 1.525909854444088831e-01
1.041906850120976474e-02 1.293536786127973404e-01
1.027731864326974186e-02 1.386001085931504173e-01
1.010173020696994439e-02 1.362661263319077387e-01
1.036593146911799629e-02 1.494608445575943689e-01
1.088263198915051175e-02 1.372878333829619379e-01
1.064646177417863729e-02 1.313012966679202309e-01
1.075544422426132248e-02 1.483522870198444032e-01
1.076915181654588757e-02 1.289474937581905623e-01
1.095322487928821267e-02 1.427249497285595636e-01
1.035087669033526829e-02 1.297244323693491908e-01
1.009279492593226531e-02 1.199623860280822768e-01
1.022803032159335865e-02 1.432724967598915100e-01
1.023009254472193909e-02 1.424344704244975557e-01
1.014969118480850765e-02 1.310898814419353409e-01
1.006035377059464990e-02 1.303356727240262136e-01
1.013073910499082478e-02 1.657960425579437513e-01
1.006227099702019720e-02 1.451543460220650339e-01
9.797173930801511554e-03 1.483330104362081681e-01
9.511314587557793965e-03 1.541347057317142000e-01
9.615337046438722501e-03 1.468049577885755796e-01
9.855280011774956994e-03 1.404512594281523419e-01
1.008809991445907238e-02 1.358065798326774931e-01
9.659708482289036321e-03 1.253061589819413624e-01
9.506080799823157443e-03 1.343872149095491075e-01
9.301065696342810524e-03 1.291991337719890776e-01
9.253010796894115680e-03 1.599159657058340511e-01
9.405015885443767862e-03 1.230990920836726871e-01
9.623249221831650657e-03 1.483521144837141037e-01
9.761410625272892369e-03 1.195624659044875054e-01
9.400790252029986305e-03 1.492087353296853991e-01
9.377554462223155335e-03 1.280259069883161183e-01
9.079962882224651421e-03 1.545355820131522617e-01
9.291279016108048433e-03 1.385212511996980200e-01
9.597584652067048944e-03 1.208940508464972224e-01
9.548001271498397086e-03 1.381768608741738291e-01
9.283146705493574083e-03 1.270568361850800410e-01
8.735069791157918512e-03 1.594918415778213139e-01
8.593050117994377804e-03 1.330892231867269182e-01
8.921952348399332308e-03 1.695539245588911781e-01
9.252515612018666000e-03 1.502399404912635184e-01
8.802223406879730941e-03 1.376981422029159574e-01
8.337303993246721751e-03 1.600335194487814416e-01
8.572012043607277892e-03 1.529135997924539747e-01
8.853662134871280801e-03 1.446821077002419242e-01
8.968857821167968911e-03 1.460786913694054889e-01
9.132089561354974142e-03 1.291696899053123293e-01
8.749766469785444020e-03 1.278942054896443081e-01
