2.978158548656033577e-01 1.318342143462764016e-01
9.619397531467967222e-02 9.100305847823619843e-02
8.424153869471899536e-02 8.832500419682925985e-02
7.982160414500934220e-02 8.224336078597439814e-02
7.664428964802404154e-02 7.941797251502673294e-02
7.334189112411766687e-02 7.569469428724712179e-02
7.089681055669377896e-02 7.371661729282802389e-02
6.924556954423101429e-02 7.233789894315931224e-02
6.758017738054437895e-02 7.136920591195423935e-02
6.642978179563836794e-02 7.061259841753377009e-02
6.517684889003270976e-02 6.969821742839282797e-02
6.380903836703155640e-02 6.949311701787842799e-02
6.232462776824831963e-02 6.929663630823294784e-02
6.082313380590299162e-02 6.815934740006923676e-02
5.954105686396360397e-02 6.649980942408244278e-02
5.839109844414562545e-02 6.514855287969112396e-02
5.725222013936173693e-02 6.427677079207366750e-02
5.605655099924018031e-02 6.350360790060625982e-02
5.491948641109757612e-02 6.272744884093602036e-02
5.393028899845553337e-02 6.206279972361193609e-02
5.290299551788626986e-02 6.162762869563367940e-02
5.171678002878296598e-02 6.178476992580625438e-02
5.072032000369778443e-02 6.113609112799167633e-02
4.956425912678241730e-02 6.106209216846360255e-02
4.863519201100599543e-02 6.141523996161089849e-02
4.736038197467967031e-02 6.110131678481896950e-02
4.647703886758990099e-02 6.179121343625916529e-02
4.511715215062949563e-02 6.258731863150994446e-02
4.422629344072646906e-02 6.263705229179726552e-02
4.330409417019748242e-02 6.261347761998574402e-02
4.237421545222765096e-02 6.144960297064648580e-02
4.148043224179163296e-02 6.216333371897538734e-02
4.078089828580254428e-02 6.405724150439102982e-02
3.992681475583373385e-02 6.596888115422593069e-02
3.902855132729178556e-02 6.666815104997819708e-02
3.846600039566799162e-02 7.048825040045711421e-02
3.760807777800392881e-02 7.051808149036434270e-02
3.702781987717238682e-02 6.634305438233746577e-02
3.703393173267746641e-02 6.522138727207978104e-02
3.638195989812474662e-02 7.328358954853481100e-02
3.551830209382787068e-02 7.435412425547838211e-02
3.558754137285598945e-02 6.563387873272101547e-02
3.638005514470178670e-02 6.679966518034537171e-02
3.628901595522354001e-02 6.009544463207324577e-02
3.704181520222890600e-02 6.038595135841104411e-02
3.747068365990388616e-02 5.706715263012382411e-02
3.630412962264949195e-02 6.154644230587615061e-02
3.515497152125689889e-02 6.224046533720360708e-02
3.354251536358965335e-02 6.207439655231104803e-02
3.216094303898876794e-02 6.332226076887713384e-02
3.139003240162643177e-02 6.639380970348914002e-02
3.093119975883604558e-02 6.975919846445322037e-02
3.137517401880425549e-02 7.020580230487717677e-02
3.020291982741072495e-02 7.317719298104445602e-02
2.970426895928273900e-02 7.522568820665280487e-02
2.965569721602993869e-02 7.753571754114495229e-02
2.963617388954068246e-02 7.805846321086089279e-02
3.026086914284926987e-02 7.145348387873834417e-02
2.887973445467650890e-02 7.750015136682325556e-02
2.771642157330927309e-02 7.709121331572532654e-02
2.736260729455729929e-02 8.182505300889413025e-02
2.699253137405143929e-02 7.989699010633760645e-02
2.706010969037689687e-02 8.514441094464725301e-02
2.670757324298525873e-02 8.972839804159270238e-02
2.820990443025238673e-02 7.986787199560138606e-02
2.753540109729439578e-02 7.778491017719109391e-02
2.674757063434254900e-02 7.018013474427992060e-02
2.684517296758003393e-02 7.424751348379585170e-02
2.607267492496204153e-02 7.075723446905612946e-02
2.599147419308925691e-02 7.488733033339182998e-02
2.530047216838816199e-02 7.216966493676106598e-02
2.748209861016309707e-02 6.841543627281983231e-02
2.556481519032542324e-02 7.400678387946552084e-02
2.451324096040391476e-02 7.293194770399066829e-02
2.426041814884761366e-02 8.003463482277260732e-02
2.542037501499602031e-02 8.117127904875411082e-02
2.354713215878823790e-02 8.928266943742831085e-02
2.316205091093008137e-02 9.234190587368276693e-02
2.283183674941339017e-02 8.394280852129061554e-02
2.296679062632525983e-02 9.144257723043362762e-02
2.296395458440046375e-02 8.608418475422593974e-02
2.865194805852341875e-02 7.179186565594540548e-02
2.651376114794757460e-02 7.232139031920167827e-02
2.307907651496551513e-02 7.833843616147835587e-02
2.211768599227070808e-02 7.871852359837955282e-02
2.167625542979960060e-02 8.033485327743822291e-02
2.109903352698538209e-02 8.802400550080670405e-02
2.068194758896602439e-02 9.354213366491927195e-02
2.054436222036800860e-02 9.606175735178920649e-02
2.065897106601879279e-02 8.789817223118411016e-02
2.077842312978535333e-02 8.376584709104564763e-02
2.112730160332852714e-02 9.846874098810884379e-02
2.163572970596028613e-02 9.062658084763421107e-02
2.171415042291145389e-02 8.819258575224214747e-02
2.128288186745854252e-02 9.515876529945267726e-02
2.179618661360042953e-02 1.006437015409270969e-01
2.239876777705986435e-02 1.024216281043158622e-01
2.308848833597106076e-02 8.464684358073605586e-02
2.296301635640968578e-02 9.792347842206557129e-02
2.111365300853077984e-02 9.963646013703611470e-02
2.036885217559046904e-02 1.019871796791752133e-01
1.960445891089010462e-02 1.126183736034565563e-01
1.896417679310571924e-02 1.169699843352039609e-01
1.854238745177209935e-02 1.252037687227129936e-01
1.849333690081882142e-02 1.216391876546873002e-01
1.894168830022397582e-02 1.307524367132120724e-01
1.938558140451588155e-02 1.092646346530980472e-01
1.947856127716055680e-02 1.066426922463708515e-01
1.951373760906479835e-02 9.631220416890250158e-02
1.991524716566612022e-02 1.009273239307933445e-01
1.944509196299605211e-02 1.063195879881580624e-01
1.921809817346312524e-02 1.092446729437344666e-01
1.868427589126839955e-02 1.150420616484350567e-01
2.034159973490892379e-02 9.676885987735456274e-02
1.857025806349134334e-02 9.463465917441579722e-02
1.776834316665261426e-02 8.854412421998050786e-02
1.809771396162942331e-02 9.423321754568153574e-02
1.732258291676549641e-02 9.185523601869742538e-02
1.697295657699791557e-02 9.681022539734840393e-02
1.688731236883053016e-02 1.089549036696553230e-01
1.728584529071046719e-02 9.057807922363281250e-02
1.890675880855358093e-02 1.120366872184806462e-01
1.913816963390606307e-02 9.694352063039939071e-02
1.768778696678942330e-02 1.041221596921483722e-01
1.707103175519988220e-02 1.208092628253830819e-01
1.686392826164459166e-02 1.192661393433809280e-01
1.993641390169902453e-02 1.077683619740936460e-01
1.786118861083395640e-02 1.171438011030356136e-01
1.692020170754048730e-02 1.279145613726642428e-01
1.656675898390481266e-02 1.437750178285771008e-01
1.658647793356510941e-02 1.372698269163568907e-01
1.696515232949267690e-02 1.281605994121896019e-01
1.846484573012808356e-02 1.277406100804606981e-01
1.989505660901890946e-02 1.009883082782228741e-01
1.782719382062190883e-02 9.990651315699021484e-02
1.746350067395080821e-02 1.034991969871852102e-01
1.711864043140738645e-02 1.038708224271734509e-01
1.692246038625698154e-02 9.613603808813625529e-02
1.762791616251556046e-02 1.261961906113558407e-01
1.749334517559717958e-02 1.060723286742965427e-01
1.683491936362371127e-02 1.144193131476640701e-01
1.664795974133218351e-02 1.200502386523617654e-01
1.677986870451671220e-02 1.133967246860265732e-01
1.643746476563647668e-02 1.019772573684652600e-01
1.639192956556543429e-02 1.074306153588824864e-01
1.578461416576784626e-02 1.134572771067420688e-01
1.578256966284953197e-02 1.181339459079835119e-01
1.646664456986799557e-02 8.867672054717938568e-02
2.517932562566384952e-02 7.512186736696296885e-02
2.003239512034669240e-02 1.001241124338573818e-01
1.651631942779825321e-02 1.126572713255882263e-01
1.566410505371849601e-02 1.217752659900320916e-01
1.541578530038638893e-02 1.257500855459107170e-01
1.500685863117346731e-02 1.336245317425992785e-01
1.473604983695578352e-02 1.366336389134327478e-01
1.465367243863733085e-02 1.422923147264454069e-01
1.479282002986931181e-02 1.375040331234534674e-01
1.492220878021837012e-02 1.363888813389672050e-01
1.546815854622187424e-02 1.283625065245562191e-01
1.585128133344214027e-02 1.224537245515320005e-01
1.575672827808686019e-02 1.264012118594514122e-01
1.616372894666089424e-02 1.343747929980357581e-01
1.594928864151148526e-02 1.421598388502995081e-01
1.565873674571332391e-02 1.380453403625223341e-01
1.570600843079751618e-02 1.204675209398071017e-01
1.590689766027669413e-02 1.262438063406282063e-01
1.554404809877912505e-02 1.313042391298545608e-01
1.635063932243189383e-02 1.267530175132883796e-01
1.645053972819502178e-02 1.103146535654862676e-01
1.534551991967529790e-02 1.112629434921675320e-01
1.492562793229320478e-02 1.243668599054217339e-01
1.535825789962872584e-02 1.150371300884419079e-01
1.560087139979459206e-02 1.602036562851733570e-01
1.589999990764914481e-02 1.318363276206784840e-01
1.592917151453836569e-02 1.440245717143019133e-01
1.785511405650162808e-02 1.473313250268498964e-01
1.525975303531329139e-02 1.355631374236610232e-01
1.423453766193876965e-02 1.577913044020533562e-01
1.378419242299547959e-02 1.564867102230588503e-01
1.364649356649507046e-02 1.614182369990481147e-01
1.369417290964231905e-02 1.569360161407126197e-01
1.386420159010080290e-02 1.794428830035030842e-01
1.467886905572036473e-02 1.697778831649985609e-01
1.477062814619119549e-02 1.417296287707156544e-01
1.566991505281227492e-02 1.415188016576899299e-01
1.418436776914792745e-02 1.489119918809996834e-01
1.427793482931830581e-02 1.777531302844484740e-01
1.418397111375248321e-02 1.610668371948930921e-01
1.392942994673986197e-02 1.513035144242975416e-01
1.382343407731684987e-02 1.423466111429863568e-01
1.510156739628078747e-02 1.432594923923412866e-01
1.499202461322633219e-02 1.334422227616111345e-01
1.408673299010843039e-02 1.429088869028621311e-01
1.378343783023699108e-02 1.509334988271196776e-01
1.368626753413459095e-02 1.280408845179610844e-01
1.357195696157471355e-02 1.339533143780297642e-01
1.414537249791731136e-02 1.356356956271661529e-01
1.467529709859773795e-02 1.562973820707864170e-01
1.455727611418540859e-02 1.579486428656511898e-01
1.408616321093243869e-02 1.344697590296467238e-01
