2.292632593629442550e-01 9.940494300314674236e-02
9.084540898570926670e-02 7.832902249086785840e-02
7.291887258368778824e-02 6.850857777452026842e-02
6.555106711187740076e-02 6.670013428838164615e-02
6.262347920290459169e-02 6.809621373260463240e-02
6.021923471121042037e-02 6.743229787658762409e-02
5.809999776746684053e-02 6.918933194268632458e-02
5.620996036180635896e-02 7.022187693251503993e-02
5.464931197343318725e-02 7.258515011657167004e-02
5.317203871663508247e-02 7.610809858198519517e-02
5.164306636566553393e-02 7.954712391451553011e-02
5.025592700737278873e-02 7.981711460484398890e-02
4.919731175163533782e-02 7.643811625462991477e-02
4.816140938641094715e-02 7.670698777117111733e-02
4.711196394788661618e-02 7.159562705567588947e-02
4.582904290968203842e-02 6.996871092943129922e-02
4.478814820493987742e-02 7.678457221913116693e-02
4.378296901297763083e-02 7.458366205294926499e-02
4.332538528133153544e-02 7.919375643272090481e-02
4.253562145328861066e-02 7.360342793442585518e-02
4.167292544966548495e-02 7.578626547560647631e-02
4.055697869176302234e-02 7.384463244428236817e-02
3.976208390478741528e-02 8.063416438246215345e-02
3.894492343628430664e-02 7.565397410481064511e-02
3.907646444186992085e-02 8.237286001719811013e-02
3.856079779921205847e-02 8.055074030050525524e-02
3.795637087934324722e-02 8.075822765628497268e-02
3.736907442107918059e-02 9.646853062979600379e-02
3.686185961596789157e-02 8.112826312167777110e-02
3.683703464486189766e-02 7.975827878410066130e-02
3.715446923397541790e-02 7.759744601531161357e-02
3.669990192364325915e-02 8.333447706644181441e-02
3.565594268493293972e-02 9.553774125460121058e-02
3.589854358952886126e-02 7.626042984150073478e-02
3.545656245451692806e-02 8.533532769177798460e-02
3.453288114122379793e-02 9.722772816678991459e-02
3.415067593483784442e-02 8.763302086542050506e-02
3.341395560485439786e-02 1.102536143045182576e-01
3.315499410358810350e-02 1.088542451875077338e-01
3.292062915331585293e-02 9.751777944189531089e-02
3.299201555868110786e-02 7.330119385625477602e-02
3.235786804565932845e-02 8.996508787903520488e-02
3.272493796544224953e-02 8.191823166001725720e-02
3.146653106186266674e-02 9.931789493809144165e-02
3.108617715817701965e-02 9.748078323900699615e-02
3.192317441704008857e-02 9.296785395040556288e-02
3.094281271153046312e-02 9.029427329423250770e-02
3.034410484672743491e-02 9.944064735814377165e-02
2.982573698244504398e-02 9.697688360595041468e-02
2.936091223292476918e-02 9.153710195311794140e-02
2.888738868069055249e-02 8.682021350358370970e-02
2.866977100010688687e-02 9.047282287092120456e-02
2.899195613316828124e-02 8.538682727764050628e-02
2.912122206156694815e-02 1.102111764873067584e-01
2.858260910905049620e-02 9.849175269267072819e-02
2.858075996239979946e-02 9.512614986548821594e-02
2.764804930448895581e-02 8.913810789171192073e-02
2.766681362390215407e-02 9.299034873644511368e-02
2.860923152136790604e-02 9.864391638310970878e-02
2.741891006954256735e-02 9.580218160731925059e-02
2.665271365076182439e-02 1.279219425179892178e-01
2.722311468900946024e-02 9.351589744565663720e-02
2.704929512531716040e-02 8.799347188323736191e-02
2.618023210462576411e-02 8.700632197023541736e-02
2.588541024341815822e-02 9.980444109964149713e-02
2.556991101265317090e-02 1.044150773711778474e-01
2.570027282946114530e-02 1.016941634869134026e-01
2.564349740259046564e-02 1.071846404078382053e-01
2.553488960777356223e-02 1.067036189897744708e-01
2.475258648372823111e-02 1.258482461174329214e-01
2.492495836705211840e-02 1.339656814104980831e-01
2.525435910537475459e-02 1.094041937548253240e-01
2.458095025437755446e-02 1.094981701009803410e-01
2.416299013193787606e-02 9.909889640079604101e-02
2.367621716641919380e-02 1.187292241180936542e-01
2.353265609713347042e-02 1.099054231480867810e-01
2.386155658083536149e-02 1.254071776789647541e-01
2.395604949300669459e-02 1.007394636118853493e-01
2.345253487980765439e-02 1.145384620737146392e-01
2.336548568067572593e-02 1.166312960838830071e-01
2.348383144112076854e-02 1.095636346273952122e-01
2.322971366716897190e-02 1.142737833714043694e-01
2.255041976042879148e-02 1.096886981761565905e-01
2.259225480833916208e-02 1.047868604806286297e-01
2.257761440610861481e-02 1.094543619633272791e-01
2.234285970112475511e-02 1.230391083561159921e-01
2.208084498089170344e-02 1.142607662412855329e-01
2.198095522760375869e-02 1.226501764936579614e-01
2.209577996026330926e-02 9.692274306521371507e-02
2.176295486335620005e-02 1.221398441465916390e-01
2.177938508869307899e-02 1.049157594916997199e-01
2.136947379572453135e-02 1.157729339061511903e-01
2.157129461752114660e-02 1.059391809351466346e-01
2.134831536303812005e-02 1.230411090094734178e-01
2.107276401304586724e-02 1.136218214545536981e-01
2.139698448912732628e-02 9.349739658473818493e-02
2.094183112513576736e-02 1.018542228956465373e-01
2.026874649648864948e-02 1.002838720602017841e-01
2.026056006316065417e-02 1.063992361434631939e-01
2.021379583719663461e-02 1.249833464001615796e-01
2.039751951957530229e-02 9.725988507960681151e-02
2.103269292700399654e-02 1.135757301278688264e-01
2.020577760981168841e-02 1.187636938842910328e-01
1.995944942071337450e-02 1.205095732929529900e-01
1.994910172557806671e-02 1.268689030505440740e-01
2.000056897532346417e-02 1.189050051142220149e-01
1.988627705666259210e-02 1.023912303563621340e-01
1.963690311905390284e-02 1.121929856707100520e-01
1.904313917729882552e-02 1.178919808525178137e-01
1.934473630707195940e-02 1.141408765343604331e-01
1.913805973500285959e-02 1.175419191519419398e-01
1.958146192534728283e-02 1.142247744525472369e-01
1.972693658710222495e-02 1.311853054083055858e-01
1.871745578369231680e-02 1.246703758628831954e-01
1.868380211498133978e-02 1.038692838822801862e-01
1.876443187607739968e-02 1.039856049680599470e-01
1.907100428058576547e-02 1.133729827900727544e-01
1.962208113258295805e-02 1.096931962572314095e-01
1.871257901051634476e-02 1.158986582455259762e-01
1.842422692608694165e-02 1.162448065631367516e-01
1.822607546980394358e-02 1.136576232189933505e-01
1.818559684116786979e-02 1.162857746843386636e-01
1.881839783495004373e-02 1.108906122131480126e-01
1.847238904925260078e-02 1.166991337581917143e-01
1.836576742097371928e-02 1.390255633051748763e-01
1.821977239692719810e-02 1.191836454802089329e-01
1.807827902844220958e-02 1.315190766903537312e-01
1.787384908184469837e-02 1.101362772492898850e-01
1.733747081229145351e-02 1.249380471460797143e-01
1.744382553620309195e-02 1.225599139169962354e-01
1.787238113385269250e-02 1.121075128860495734e-01
1.764844766083529387e-02 1.142452656877813583e-01
1.735903608340133922e-02 1.215701546451007919e-01
1.745790717044345616e-02 1.208516070964159722e-01
1.712641713107231761e-02 1.167879774821577316e-01
1.670696689913852076e-02 1.193882248329895535e-01
1.705371191236758344e-02 1.116675041546976166e-01
1.703304582184589355e-02 1.135128437782879224e-01
1.677043505705802171e-02 1.120661391911131344e-01
1.681566241053425101e-02 1.206122860312461853e-01
1.654366792153142904e-02 1.236323077162658768e-01
1.697341518711328878e-02 1.071725708122054782e-01
1.727583060396941164e-02 1.028935748876796813e-01
1.658068935394408153e-02 1.151684783744039292e-01
1.624025791841824176e-02 1.164163095462653341e-01
1.639759714612964298e-02 1.168553787111132197e-01
1.604694654460905520e-02 1.184468890229860988e-01
1.599402098852111334e-02 1.205384001756707874e-01
1.614299934164325698e-02 1.147443392072562823e-01
1.568403917107337453e-02 1.135199733630374574e-01
1.560893976432460584e-02 1.265842959767690401e-01
1.564973772492078002e-02 1.120041708496433697e-01
1.565236132118729903e-02 1.144193226678503900e-01
1.602723367977887392e-02 1.036866389008031936e-01
1.583459531335629569e-02 1.174863157448945289e-01
1.558632415159022337e-02 1.222794665092671318e-01
1.547411833492266624e-02 1.324996223535250817e-01
1.552096033483985928e-02 1.153621612185681267e-01
1.543674962708681091e-02 1.235943369015499449e-01
1.553075380407546377e-02 1.226534224632713499e-01
1.582643654428392277e-02 1.282001969714959555e-01
1.583300162356619453e-02 1.169462133612897692e-01
1.508449447981074359e-02 1.166573613882064819e-01
1.487927575457492942e-02 1.262884469081958227e-01
1.488031616256519328e-02 1.238500815988690801e-01
1.479039308936827384e-02 1.368422455119865933e-01
1.519263651585433562e-02 1.253139651897880735e-01
1.501918821103446870e-02 1.118788680889540310e-01
1.495029708480356476e-02 1.166693300905602970e-01
1.494734722087386926e-02 1.236110517962111383e-01
1.495014565307798381e-02 1.160369301559748406e-01
1.510379575590444119e-02 1.165011264383792877e-01
1.495489019643121698e-02 1.239846262873874755e-01
1.459499820215036901e-02 1.265307660042135907e-01
1.451950642891697632e-02 1.169049327986107917e-01
1.439761306628645383e-02 1.327704091866811209e-01
1.420811672763126580e-02 1.355641540139913559e-01
1.442660740008804877e-02 1.344631535035592518e-01
1.420873260822116783e-02 1.358786286027343082e-01
1.421143682966977996e-02 1.311432558146339855e-01
1.416147576751020792e-02 1.416523497620666427e-01
1.415787320735493321e-02 1.342665626219025354e-01
1.441872938407388199e-02 1.285724361875542898e-01
1.459456912177516455e-02 1.282300549662775402e-01
1.441152116124768019e-02 1.289989680603698396e-01
1.408094623054158105e-02 1.244860410138412810e-01
1.366989467031799396e-02 1.235851962119340897e-01
1.352513331079446650e-02 1.329618691708202849e-01
1.360809242606496154e-02 1.318066354358085890e-01
1.411649875051334407e-02 1.310988508716777468e-01
1.414574702399048339e-02 1.330742987079752693e-01
1.359732146138264812e-02 1.332125737573261748e-01
1.345977510753413285e-02 1.352349958141092767e-01
1.341753974519064273e-02 1.292179759108909864e-01
1.419401824392938632e-02 1.423677549249044161e-01
1.380656043548379210e-02 1.270630404491115417e-01
1.338815042792584724e-02 1.254378261251581916e-01
1.297609339377320432e-02 1.345393156149873037e-01
1.306356509818082205e-02 1.393065590894332628e-01
1.320254232174133784e-02 1.413400191123838912e-01
