2.601033404196907983e-01 1.237301629864507313e-01
9.799415754472337592e-02 8.567675209983631468e-02
7.585429451693363745e-02 7.740588651763068151e-02
7.000304245942734482e-02 7.195767580910965300e-02
6.489707272106069735e-02 7.459277045671586226e-02
6.176104142171580380e-02 7.338340394198894501e-02
5.928771056583136134e-02 7.656590868201521016e-02
5.712011317926936338e-02 8.110636086375624942e-02
5.508809749839630593e-02 8.170310511357253835e-02
5.313185333251589648e-02 8.721110804213418055e-02
5.127727698413579727e-02 8.997302033283093026e-02
4.966286966213729476e-02 8.188256745537121628e-02
4.787184566077662407e-02 7.968559509350194026e-02
4.616143396578547414e-02 8.528429704407851364e-02
4.479909017379206382e-02 7.302108910624627303e-02
4.308168493907868490e-02 7.604545865345883893e-02
4.178741168442780263e-02 8.326840493828058243e-02
4.077235418674725331e-02 8.822796245416004990e-02
3.986978029256792871e-02 8.543519096242056798e-02
3.912603809702687452e-02 8.056864925418738554e-02
3.828440057454494255e-02 8.108070668660932734e-02
3.741462929439314661e-02 8.330395600448052551e-02
3.714181273812201117e-02 8.235407486144039058e-02
3.585781985174531228e-02 9.598151891043892048e-02
3.542662468148258942e-02 9.150293414239529799e-02
3.426533021653691696e-02 8.928234050809233380e-02
3.343023887335708905e-02 1.064262298039264087e-01
3.349153491350390782e-02 1.007177183335578041e-01
3.272250799341051841e-02 1.050426940675135007e-01
3.293908357324942110e-02 9.422119917279039858e-02
3.204220051430468896e-02 9.701217252209230757e-02
3.114816002222156599e-02 1.125501967207701154e-01
3.056679049703648482e-02 1.077657658606767654e-01
3.040406547630645009e-02 9.816756823824511480e-02
3.007125806979592600e-02 1.090540742087695303e-01
3.002569233105192512e-02 1.126908271194056177e-01
2.929548765116227194e-02 1.085470226351861606e-01
2.939820214462413386e-02 1.288898480297238636e-01
2.872580253307109588e-02 1.172833655167509065e-01
2.860251456930688191e-02 1.032856588286382160e-01
2.835397787838871489e-02 1.049932512558168773e-01
2.845780815686878990e-02 9.950407318494937370e-02
2.766836407344515705e-02 9.352172214399885608e-02
2.674766381960210632e-02 1.040057315387659664e-01
2.574889604910844676e-02 1.169103148427826366e-01
2.634542444304419084e-02 9.247117865554711769e-02
2.645961770492537626e-02 1.015103175822231474e-01
2.600830022957387883e-02 1.144753459289118147e-01
2.535841962496742513e-02 1.195340855392040963e-01
2.483014623081781017e-02 1.083699315441427474e-01
2.486119537833866161e-02 1.075926243706985808e-01
2.459553356388417128e-02 1.261692910834595061e-01
2.498453950539715820e-02 1.140708842625220570e-01
2.461531573936827713e-02 1.243115169237609258e-01
2.380416886994569936e-02 1.274311952292919159e-01
2.339985466001903713e-02 1.026260046012423682e-01
2.337486407250105244e-02 1.239149012016477341e-01
2.305367176337697749e-02 1.129599561293919835e-01
2.283397927781854672e-02 1.269229981979286270e-01
2.272657441482614157e-02 1.253142226487398148e-01
2.332024687212112118e-02 1.187387875591715131e-01
2.283732897632308537e-02 1.154077406282778134e-01
2.287638299659318711e-02 1.233014869676144071e-01
2.283291444485265054e-02 1.287222979590296745e-01
2.204906841365211756e-02 1.318980005604249439e-01
2.205491627422653464e-02 1.127408841555869179e-01
2.203133881065570329e-02 9.230474258462588455e-02
2.186059867168163237e-02 1.246334891421375518e-01
2.179250384423488118e-02 1.360332168362758665e-01
2.172594779261910469e-02 1.323236788588541546e-01
2.169966780981881851e-02 1.238428439117140178e-01
2.096059772837149948e-02 1.267901828029641409e-01
2.109800988043529849e-02 1.140101774837131848e-01
2.071869724555077188e-02 1.447080923589291468e-01
2.109217311244276222e-02 1.076879736243022828e-01
2.138147665740452660e-02 1.311654823107851753e-01
2.040562394824696826e-02 1.304525642966230803e-01
2.003240545575575224e-02 1.138461941370257635e-01
1.971260201738677872e-02 1.368978739957566748e-01
1.949879714397607586e-02 1.145325618347635965e-01
1.953811217875530207e-02 1.201050732008836913e-01
1.972863313882058933e-02 1.233387351794927173e-01
1.915872341676850069e-02 1.273817133365405807e-01
1.922688415137733045e-02 1.514091360624189864e-01
1.906369679145575660e-02 1.066896162789176955e-01
1.918757926176748937e-02 1.510293612049685708e-01
1.932145642945769931e-02 1.020678975791842885e-01
1.922588433968130256e-02 1.394656031840929289e-01
1.885995481397986784e-02 1.440674224523482427e-01
1.840039782559241624e-02 1.285312105384137926e-01
1.879509660032979007e-02 1.387525200498876676e-01
1.847533361865131771e-02 1.294218963357033625e-01
1.860165112269512172e-02 1.516901491278851433e-01
1.813827251269656271e-02 1.462347902426565094e-01
1.796589061576206806e-02 1.154475594974226360e-01
1.768523814985755588e-02 1.218108614147813268e-01
1.815370992356078392e-02 1.439920454803440275e-01
1.799214083977740061e-02 1.301286809008430634e-01
1.756393964349375544e-02 1.825951635837554932e-01
1.838398744764821111e-02 1.619728871241763735e-01
1.815254387646398487e-02 1.278743936369816370e-01
1.733182856578349695e-02 1.527788999179998941e-01
1.704736213707100032e-02 1.086873500780374951e-01
1.736599833011718066e-02 1.335994427057879963e-01
1.724562699134211605e-02 1.315825752982938690e-01
1.688049753041316950e-02 1.437990152863440618e-01
1.682416146064585893e-02 1.269350955952648630e-01
1.672385332962058810e-02 1.373182986345556078e-01
1.682455983387715071e-02 1.552446482151194906e-01
1.711590709997628731e-02 1.664339622344683800e-01
1.716722130143212219e-02 1.397634118243500090e-01
1.694789629172140100e-02 1.395179909412507524e-01
1.655120826969907685e-02 1.424248710412669983e-01
1.641982267478223415e-02 1.404994712383658695e-01
1.633593303954031933e-02 1.430640917064415207e-01
1.631167280767870098e-02 1.438377472675508861e-01
1.648687700479768356e-02 1.323308873990619583e-01
1.637767913478721873e-02 1.389646716415882111e-01
1.599972139536668184e-02 1.302711027156975565e-01
1.598176355776566304e-02 1.227373097229886995e-01
1.605378341580915302e-02 1.328028178325405817e-01
1.577595557934203391e-02 1.358852051198482513e-01
1.550905871379181650e-02 1.523902440374648171e-01
1.568025999089203357e-02 1.514442577199251461e-01
1.641971687029108312e-02 1.396886891581946011e-01
1.600879390167481153e-02 1.476249953524934044e-01
1.542865518457824103e-02 1.632223948836326599e-01
1.512085524580736653e-02 1.796875969265346040e-01
1.495261208203477361e-02 1.385469007547255049e-01
1.503638433182718018e-02 1.651306457610594025e-01
1.504773501121264845e-02 1.413017617262623815e-01
1.502316105898802816e-02 1.397541636877037974e-01
1.497796970718669012e-02 1.266830165835994282e-01
1.523213390624377807e-02 1.377819882084926062e-01
1.446271276506557422e-02 1.471297106257191400e-01
1.415401722808042918e-02 1.812815343340238028e-01
1.433859646937438864e-02 1.392784235930001335e-01
1.473250054958753427e-02 1.824070544982397957e-01
1.472193062328165658e-02 1.588620550378605223e-01
1.449511429991542748e-02 1.732860375195741653e-01
1.443424306022442379e-02 1.768859395136435919e-01
1.432684428584799809e-02 1.505617079221540089e-01
1.424648583113268842e-02 1.588645329422972707e-01
1.442536181813802547e-02 1.414229237577981357e-01
1.441224901728725694e-02 1.340747414915650082e-01
1.398070172096292120e-02 1.391731451644941664e-01
1.360264701041869959e-02 1.383493136338613538e-01
1.355533377547574192e-02 1.412455202942645149e-01
1.384495024292964512e-02 1.421386691293230753e-01
1.378151799298489751e-02 1.499753537139406900e-01
1.414782046794709619e-02 1.495940923966743441e-01
1.375282371163035096e-02 1.397335321332017488e-01
1.341502376211186308e-02 1.426520469012083903e-01
1.343134094249245035e-02 1.492605395615100861e-01
1.356972870890172343e-02 1.518780202777297306e-01
1.309435587088630427e-02 1.592893815012993708e-01
1.343650375852527973e-02 1.335720793102626314e-01
1.380781219927669848e-02 1.480299037087846603e-01
1.335129247433165280e-02 1.494776253347043504e-01
1.290045052622937165e-02 1.608883740587366828e-01
1.283193703852518117e-02 1.435571911710279980e-01
1.299075902594874245e-02 1.647375946243604117e-01
1.272062808029141533e-02 1.630124322104233303e-01
1.284050618627721914e-02 1.672587043571251431e-01
1.310462611292042071e-02 1.426381953405561342e-01
1.312745578882352528e-02 1.384111417250500908e-01
1.283922859247985972e-02 1.397074712785305872e-01
1.299320609683579826e-02 1.328366571968352394e-01
1.298238132508638260e-02 1.549027931910973988e-01
1.325933441682529412e-02 1.472201648133772411e-01
1.280594400766237560e-02 1.603868601636754265e-01
1.233685903376104641e-02 1.642149432941719389e-01
1.221286092422963106e-02 1.655155654168791179e-01
1.196406246730830590e-02 1.595090033693445930e-01
1.222633293591348855e-02 1.320973729921711692e-01
1.231202661869971668e-02 1.430978666025179424e-01
1.200603635326724476e-02 1.621229030467845889e-01
1.208866354006122960e-02 1.559284850265141020e-01
1.211777737182451534e-02 1.543609415767369375e-01
1.285833019263497162e-02 1.482890111014798784e-01
1.292730933074211046e-02 1.457407704244057245e-01
1.203664067216459778e-02 1.540444978961238165e-01
1.135207553502035928e-02 1.550901541141448126e-01
1.139265492774273539e-02 1.667713973395250349e-01
1.172322554209049954e-02 1.628190906787360115e-01
1.231634985405679131e-02 1.601437836609504728e-01
1.184426391557828230e-02 1.399315346584275865e-01
1.125605328896317654e-02 1.460761079495703774e-01
1.130375760934898728e-02 1.484285045277189408e-01
1.168174103775054123e-02 1.638867621206575032e-01
1.163345463933589813e-02 1.579138420660186615e-01
1.141196690079551712e-02 1.554549624108605976e-01
1.142210375500570321e-02 1.654372278738904800e-01
1.148885946978277228e-02 1.706397719681262970e-01
1.146474530365757145e-02 1.649962338032545939e-01
1.163321727795935297e-02 1.687244933650449419e-01
1.131360335332318862e-02 1.547311342976711301e-01
1.095152074448400847e-02 1.500528980460431872e-01
1.085834724287222317e-02 1.683014740270596943e-01
1.151123330871597211e-02 1.871622800827026367e-01
