1.844647915246404313e-01 9.661247836494887831e-02
8.646122254128378593e-02 8.433589042612800457e-02
7.880770528643596395e-02 7.936691975703945301e-02
7.385092616323532533e-02 7.528727984538784168e-02
6.904088447582189259e-02 7.133714371809253552e-02
6.502125232775764208e-02 6.963791505054191255e-02
6.237022527985698617e-02 6.960588638429288100e-02
6.051756158031947053e-02 6.884261724297646712e-02
5.856017700994644443e-02 6.941809912246686698e-02
5.671607490962114057e-02 6.988677948161407805e-02
5.482781272214966306e-02 7.167378592270391702e-02
5.233463325454452281e-02 7.087812358858408546e-02
5.023956498343164212e-02 7.115768855092702294e-02
4.817842328693808240e-02 7.427968691896509601e-02
4.652031411878704281e-02 7.834217959532031872e-02
4.483668940384092499e-02 8.124296912164599704e-02
4.332505374753135852e-02 8.225945652359062388e-02
4.157627723747637366e-02 8.557342027348500968e-02
4.013341688361715676e-02 8.714566428076338245e-02
3.908754902611660809e-02 8.625374610225360061e-02
3.823745075037809221e-02 8.706534274474338198e-02
3.727737309153729417e-02 9.595190326648729562e-02
3.695513487498208044e-02 8.884451731487556791e-02
3.610901917118912452e-02 9.330257766500667238e-02
3.529427158154123390e-02 9.460596343571389677e-02
3.450951273023052102e-02 9.495530146415587236e-02
3.403188805739448125e-02 8.986319632579882477e-02
3.391674167393305545e-02 1.038522456462184634e-01
3.317232736636225449e-02 1.016731011439804683e-01
3.248003491283795591e-02 8.680653744549662876e-02
3.228815320720214432e-02 9.770255108122471999e-02
3.213933857188113613e-02 8.918870516397335579e-02
3.146936415459930525e-02 8.906922210007905960e-02
3.118445984148458111e-02 8.768408014266579342e-02
3.095424769832411799e-02 9.314980944273648644e-02
3.058551278578617097e-02 1.136475758351109672e-01
3.035576852242939314e-02 1.241278068886862845e-01
3.050711812693777253e-02 9.776714426913747646e-02
3.016958932384727551e-02 1.516037023522787686e-01
2.882715717442636480e-02 1.285384794421217947e-01
2.815887061651886972e-02 1.396869911156870814e-01
2.791339559177678786e-02 8.555045168570897529e-02
2.898676490706459871e-02 7.232196922241537762e-02
2.894638211473943637e-02 1.222182169073709745e-01
2.815906740573605876e-02 7.799093232110694551e-02
2.735480403421613332e-02 8.088898858814327908e-02
2.681267492064252217e-02 1.530472954252251883e-01
2.668797888043450070e-02 9.504629840591440060e-02
2.623624730347920778e-02 1.232663436137415719e-01
2.580536438182480866e-02 7.079482133741732408e-02
2.567485987769091427e-02 1.186403120626454005e-01
2.692796199627947584e-02 6.949476328574949457e-02
2.700972815453097503e-02 1.067964040708762608e-01
2.557102271272399668e-02 1.062015079789691563e-01
2.468100056521655219e-02 9.514063524289263774e-02
2.453015973730906379e-02 7.734754764371448710e-02
2.403659230794727431e-02 1.115406399109849234e-01
2.360596244480854533e-02 1.080079300467062936e-01
2.335114143902390638e-02 8.415204045121316145e-02
2.340235394932995913e-02 1.097545514090193658e-01
2.319599718150750986e-02 8.938789819539696979e-02
2.311689519830714343e-02 1.009209159485719848e-01
2.249777702637380250e-02 1.027360616113852515e-01
2.236676650553396511e-02 9.757724664760408784e-02
2.214320704371221596e-02 1.089564163444770722e-01
2.188604696733286586e-02 1.019426475934408355e-01
2.174386390242574046e-02 9.860883366868451738e-02
2.156396268495941460e-02 1.003692022835214887e-01
2.129290799034865359e-02 1.031072943436878719e-01
2.120327840207099357e-02 9.340621641388645313e-02
2.130210014983890607e-02 1.034275554120540619e-01
2.124235967393752617e-02 1.100685801701965089e-01
2.157373495998118548e-02 1.305662357696780462e-01
2.132151886911654026e-02 1.092054170245925632e-01
2.073861850895048278e-02 1.131267079876528830e-01
2.090346920531152217e-02 8.319200271809543135e-02
2.053742302956468313e-02 1.002222234900626840e-01
1.980626491008220455e-02 9.461213210252700234e-02
1.961474508573338854e-02 1.004169666104846592e-01
1.975363999892904357e-02 8.887239293781695748e-02
1.965342915704004420e-02 1.231922410704471421e-01
1.996677943478845571e-02 1.209242851300923877e-01
1.967998308118251022e-02 9.006543050485628366e-02
1.946533227630898449e-02 9.640514474638083031e-02
1.872361025477691301e-02 1.107134883188539143e-01
1.853792623207881768e-02 9.748389816808479547e-02
1.838903089822459258e-02 1.097938765737193623e-01
1.797011874737293805e-02 1.422584239324485855e-01
1.786833618695628234e-02 1.142320889565679731e-01
1.807724216449399859e-02 1.111082194235037818e-01
1.782752662741889441e-02 1.058077775631789813e-01
1.771492415062356218e-02 1.085842312141149096e-01
1.783097761009282134e-02 1.086550750597207599e-01
1.792026280398987745e-02 1.179106436600839691e-01
1.760264648866604817e-02 9.184199271516667318e-02
1.760246334654256423e-02 9.903606524070103501e-02
1.691654801361141755e-02 1.095776263003547940e-01
1.676746652219292949e-02 9.782709198555460117e-02
1.720912403302131063e-02 1.058312034303391380e-01
1.692490930937805976e-02 9.484123731790869427e-02
1.705154685144562657e-02 9.580825769376975776e-02
1.711241606285992395e-02 1.262952427690227919e-01
1.693993753269011984e-02 1.116857837920111618e-01
1.623233190521870470e-02 1.281831027525994482e-01
1.587673250635010525e-02 1.119018074607959490e-01
1.621683966463083326e-02 1.125254046033929839e-01
1.578540921805623304e-02 1.112616152537089786e-01
1.606368612993993097e-02 1.156198873908983321e-01
1.609746114884662294e-02 1.262487585276917124e-01
1.565488409610631820e-02 1.197124897260908732e-01
1.534228533983412329e-02 1.303001986126657019e-01
1.526302301960929218e-02 1.092074907005385065e-01
1.507716416097359610e-02 1.228469253552180729e-01
1.480162504121539969e-02 1.217188468133961754e-01
1.506032708396271881e-02 1.083471137271435208e-01
1.562455173854420884e-02 1.154748341758494029e-01
1.516680685969872162e-02 1.174616822283025136e-01
1.523823076310166190e-02 1.355304700425929432e-01
1.485972570887638018e-02 1.202347608697083292e-01
1.470189518579168367e-02 1.141436059648791995e-01
1.497286945350498506e-02 1.171495191476963210e-01
1.418981760668348684e-02 1.143224751921715493e-01
1.426436168016729546e-02 1.440986049947915182e-01
1.448824761408888488e-02 1.299412469379603863e-01
1.453586085226265569e-02 1.269157531636732616e-01
1.441989711114788526e-02 1.104352771890936141e-01
1.420994002440171926e-02 1.322811093457319231e-01
1.445703317574036084e-02 1.119366249207545266e-01
1.579999490082642510e-02 1.200894346391713219e-01
1.422663329536382956e-02 1.162209470445911136e-01
1.331457173890941530e-02 1.215453909158154822e-01
1.316075434347962862e-02 1.290526402493318014e-01
1.333966091032919889e-02 1.274877280617753572e-01
1.347429596400645524e-02 1.095401584688160124e-01
1.363352037269652435e-02 1.385985959528220901e-01
1.419402123050294770e-02 1.207412885226033378e-01
1.499877956116617457e-02 1.221955334767699242e-01
1.327633399732138300e-02 1.157956196478119593e-01
1.257552593147639661e-02 1.311417966046267147e-01
1.275895637927607247e-02 1.291956229618302088e-01
1.268504474953770916e-02 1.226128465323536448e-01
1.277014352494805320e-02 1.321112421444720630e-01
1.290767570026218891e-02 1.234296980417436962e-01
1.303498000919258576e-02 1.248359347659128704e-01
1.263968225585569358e-02 1.249341845374416365e-01
1.271007615009065242e-02 1.271685132480881719e-01
1.307493580620720797e-02 1.416590165139900437e-01
1.328439069902372961e-02 1.164384938224598265e-01
1.263549465712583871e-02 1.349596320134070215e-01
1.234109552455990230e-02 1.375589967808789615e-01
1.208042518502646517e-02 1.414407843861866798e-01
1.198928726352448300e-02 1.291449210709995632e-01
1.248613839620739407e-02 1.385109874730308943e-01
1.228710702843812709e-02 1.464597600063791971e-01
1.241389754071180532e-02 1.260703391981897459e-01
1.261586430567748253e-02 1.401118510575206089e-01
1.205356427131417524e-02 1.466935703323947182e-01
1.206155997848637994e-02 1.464930963530032826e-01
1.223180769626581142e-02 1.349085266874344158e-01
1.213836709436831758e-02 1.411307039498179150e-01
1.210316697919241492e-02 1.313946347994109087e-01
1.204153125806582854e-02 1.155003480337284255e-01
1.173527285738704302e-02 1.401706152009191408e-01
1.136847314845043644e-02 1.433781208815398112e-01
1.187105276678666194e-02 1.421351465224116040e-01
1.288018076078648218e-02 1.367600513967099085e-01
1.185474295417089131e-02 1.292658137433506937e-01
1.118377749230788434e-02 1.486029287938166465e-01
1.110028541633647191e-02 1.365140990733548498e-01
1.124980841522915144e-02 1.196797004452458124e-01
1.206398550260100351e-02 1.163331416814967489e-01
1.209869787827649000e-02 1.198536780559354420e-01
1.171582029343060279e-02 1.325500709591088400e-01
1.111281521446109456e-02 1.372852621048137045e-01
1.094371978452853174e-02 1.361720150474596824e-01
1.121744325969413654e-02 1.413567059638875523e-01
1.078583130223025391e-02 1.272583068520934391e-01
1.076713998942083195e-02 1.414591131938828239e-01
1.072735536646673288e-02 1.249622142425289850e-01
1.113898299607955604e-02 1.564858361940693054e-01
1.219088974365267926e-02 1.203700113627645674e-01
1.123535616334709469e-02 1.331725146414505234e-01
1.070057374058003621e-02 1.496332212592716704e-01
1.036490444936297335e-02 1.615200211397475605e-01
1.050857964541566242e-02 1.639437909686455030e-01
1.085975549630517796e-02 1.445677312849848462e-01
1.155200828864367917e-02 1.347757276423551531e-01
1.142849822148180906e-02 1.365231429744097891e-01
1.094316914999418459e-02 1.264402352066503754e-01
1.058362411832951787e-02 1.508309382048469982e-01
1.057880382125485526e-02 1.416159293579834499e-01
1.054430317003052751e-02 1.424903178725529518e-01
1.068979282475387114e-02 1.526104459470069008e-01
1.051575962995459149e-02 1.363159313590990296e-01
1.029637738744296725e-02 1.386273239428798265e-01
1.022394734947768002e-02 1.355362093007123070e-01
1.016920372537087440e-02 1.729384462728544569e-01
1.033226500134687940e-02 1.348181599406180486e-01
1.086544803565186318e-02 1.329441170587583876e-01
1.008463887605679822e-02 1.338642381338609466e-01
