3.532202064809275566e-01 1.390352857609589987e-01
1.228205651135706317e-01 1.052204101449913387e-01
1.000784191007657725e-01 9.290039891170130681e-02
8.743191285558589432e-02 8.340718783438205719e-02
7.986172947396592836e-02 7.743454145060645055e-02
7.406190623779122795e-02 7.413644881712065648e-02
7.011569775186660136e-02 7.107257139351633168e-02
6.708674373604901764e-02 7.022052858438757039e-02
6.456759213129194264e-02 6.693723942670556926e-02
6.278660809394062681e-02 6.634409084088271902e-02
6.063423651020701660e-02 6.511337434252102707e-02
5.917399343693765384e-02 6.468338415854507639e-02
5.690877258823048845e-02 6.410786530209912348e-02
5.541519972881892714e-02 6.398170689741770889e-02
5.390176458693132083e-02 6.462870062225395396e-02
5.247373880091600606e-02 6.457720386485259201e-02
5.132589858343324790e-02 6.399225091768635798e-02
5.024052568052599782e-02 6.593369651171895884e-02
4.897313972753358779e-02 6.526940129697322845e-02
4.762653407936052324e-02 6.506010186341074086e-02
4.635490812134088201e-02 6.621046861012776230e-02
4.548740297237911095e-02 6.826250565548737381e-02
4.455893877439382617e-02 6.925204272071520950e-02
4.411610495299100876e-02 6.980028055194351100e-02
4.356327975486836562e-02 6.865420740925604060e-02
