2.837932270656271516e-01 1.102667074236604872e-01
9.831023704624031190e-02 9.646722632977697276e-02
8.793060960838706974e-02 8.856316469609737396e-02
8.149520119243278127e-02 8.177650078303283498e-02
7.523770007963587192e-02 7.576654520299699880e-02
7.029105343560619612e-02 7.233073251942793991e-02
6.595817342309689968e-02 7.162624473373095657e-02
6.262445838258760833e-02 6.921361034942997981e-02
5.967614153490924389e-02 6.715462522374258947e-02
5.743002940378174465e-02 6.593014693094624568e-02
5.523036312448179053e-02 6.484019176827536535e-02
5.295373790147828164e-02 6.450957949790689372e-02
5.133180972188711166e-02 6.295948103070259094e-02
4.970618076168182436e-02 6.453845380908912466e-02
4.868245638180070112e-02 6.423402805295255757e-02
4.742275043277115187e-02 6.308401106960243032e-02
4.618347554308611935e-02 6.587841175496578217e-02
4.503002930886861738e-02 6.660861025253932144e-02
4.338513203419563230e-02 6.705651773760716583e-02
4.222244550133260471e-02 6.707376810825532720e-02
4.128711094807197696e-02 6.701718829572200775e-02
4.110095314908682185e-02 6.837137871318393900e-02
4.041038770455776530e-02 7.195794044269455958e-02
3.925127205552488008e-02 6.930792010906669520e-02
3.881431372109346578e-02 6.858143727812501811e-02
